ASxxxx Assembler V02.00 + NoICE + SDCC mods  (Zilog Z80 / Hitachi HD64180), page 1.
Hexadecimal [16-Bits]



                              1 ;;----------------------------------LICENSE NOTICE-----------------------------------------------------
                              2 ;;Slimy is a challenging videogame made for Amstrad CPC
                              3 ;;    Copyright (C) 2020  Maria del Rosario Fernandez Garcia // David Llopis Romero // Jessica Hernandez Gomez
                              4 ;;
                              5 ;;    This program is free software: you can redistribute it and/or modify
                              6 ;;    it under the terms of the GNU General Public License as published by
                              7 ;;    the Free Software Foundation, either version 3 of the License, or
                              8 ;;    (at your option) any later version.
                              9 ;;
                             10 ;;    This program is distributed in the hope that it will be useful,
                             11 ;;    but WITHOUT ANY WARRANTY; without even the implied warranty of
                             12 ;;    MERCHANTABILITY or FITNESS FOR A PARTICULAR PURPOSE.  See the
                             13 ;;    GNU General Public License for more details.
                             14 ;;
                             15 ;;    You should have received a copy of the GNU General Public License
                             16 ;;    along with this program.  If not, see <https://www.gnu.org/licenses/>.
                             17 ;;------------------------------------------------------------------------------------------------------
                             18 .globl man_game_init
                             19 .globl man_game_restart
                             20 .globl man_game_init_lvl_123
                             21 .globl man_game_check_level
                             22 .globl man_game_init_lvl
                             23 .globl _juego_pausado
                             24 .globl init_game
                             25 .globl _level_seconds
                             26 .globl level_obstacles
                             27 .globl level
                             28 
                             29 .globl man_game_controller_lvl_1
                             30 .globl man_game_controller_lvl_2
                             31 .globl man_game_controller_lvl_3
                             32 .globl man_game_controller_lvl_4
                             33 .globl man_game_controller_lvl_5
                             34 .globl man_game_controller_lvl_6
                             35 .globl man_game_controller_lvl_7
                             36 .globl man_game_controller_lvl_8
                             37 .globl man_game_controller_lvl_9
                             38 .globl man_game_controller_lvl_10
                             39 .globl man_game_controller_lvl_11
                             40 .globl man_game_controller_lvl_12
                             41 .globl man_game_controller_lvl_13
                             42 .globl man_game_controller_lvl_14
                             43 .globl man_game_controller_lvl_15
                             44 .globl man_game_controller_lvl_16
                             45 .globl man_game_controller_lvl_17
                             46 .globl man_game_controller_lvl_18
                             47 .globl man_game_controller_lvl_19
                             48 .globl man_game_controller_lvl_20
                             49 .globl man_game_controller_lvl_21
                             50 .globl man_game_controller_lvl_22
                             51 .globl man_game_controller_lvl_23
                             52 .globl man_game_controller_lvl_24
                             53 .globl man_game_controller_lvl_25
                             54 .globl man_game_controller_lvl_26
                             55 .globl man_game_controller_lvl_27
ASxxxx Assembler V02.00 + NoICE + SDCC mods  (Zilog Z80 / Hitachi HD64180), page 2.
Hexadecimal [16-Bits]



                             56 .globl man_game_controller_lvl_28
                             57 .globl man_game_controller_lvl_29
                             58 .globl man_game_controller_lvl_30
