ASxxxx Assembler V02.00 + NoICE + SDCC mods  (Zilog Z80 / Hitachi HD64180), page 1.
Hexadecimal [16-Bits]



                              1 ;;----------------------------------LICENSE NOTICE-----------------------------------------------------
                              2 ;;Slimy is a challenging videogame made for Amstrad CPC
                              3 ;;    Copyright (C) 2020  Maria del Rosario Fernandez Garcia // David Llopis Romero // Jessica Hernandez Gomez
                              4 ;;
                              5 ;;    This program is free software: you can redistribute it and/or modify
                              6 ;;    it under the terms of the GNU General Public License as published by
                              7 ;;    the Free Software Foundation, either version 3 of the License, or
                              8 ;;    (at your option) any later version.
                              9 ;;
                             10 ;;    This program is distributed in the hope that it will be useful,
                             11 ;;    but WITHOUT ANY WARRANTY; without even the implied warranty of
                             12 ;;    MERCHANTABILITY or FITNESS FOR A PARTICULAR PURPOSE.  See the
                             13 ;;    GNU General Public License for more details.
                             14 ;;
                             15 ;;    You should have received a copy of the GNU General Public License
                             16 ;;    along with this program.  If not, see <https://www.gnu.org/licenses/>.
                             17 ;;------------------------------------------------------------------------------------------------------
ASxxxx Assembler V02.00 + NoICE + SDCC mods  (Zilog Z80 / Hitachi HD64180), page 2.
Hexadecimal [16-Bits]



                             18 .include "game.h.s"
                              1 ;;----------------------------------LICENSE NOTICE-----------------------------------------------------
                              2 ;;Slimy is a challenging videogame made for Amstrad CPC
                              3 ;;    Copyright (C) 2020  Maria del Rosario Fernandez Garcia // David Llopis Romero // Jessica Hernandez Gomez
                              4 ;;
                              5 ;;    This program is free software: you can redistribute it and/or modify
                              6 ;;    it under the terms of the GNU General Public License as published by
                              7 ;;    the Free Software Foundation, either version 3 of the License, or
                              8 ;;    (at your option) any later version.
                              9 ;;
                             10 ;;    This program is distributed in the hope that it will be useful,
                             11 ;;    but WITHOUT ANY WARRANTY; without even the implied warranty of
                             12 ;;    MERCHANTABILITY or FITNESS FOR A PARTICULAR PURPOSE.  See the
                             13 ;;    GNU General Public License for more details.
                             14 ;;
                             15 ;;    You should have received a copy of the GNU General Public License
                             16 ;;    along with this program.  If not, see <https://www.gnu.org/licenses/>.
                             17 ;;------------------------------------------------------------------------------------------------------
                             18 .globl man_game_init
                             19 .globl man_game_restart
                             20 .globl man_game_init_lvl_123
                             21 .globl man_game_check_level
                             22 .globl man_game_init_lvl
                             23 .globl _juego_pausado
                             24 .globl init_game
                             25 .globl _level_seconds
                             26 .globl level_obstacles
                             27 .globl level
                             28 
                             29 .globl man_game_controller_lvl_1
                             30 .globl man_game_controller_lvl_2
                             31 .globl man_game_controller_lvl_3
                             32 .globl man_game_controller_lvl_4
                             33 .globl man_game_controller_lvl_5
                             34 .globl man_game_controller_lvl_6
                             35 .globl man_game_controller_lvl_7
                             36 .globl man_game_controller_lvl_8
                             37 .globl man_game_controller_lvl_9
                             38 .globl man_game_controller_lvl_10
                             39 .globl man_game_controller_lvl_11
                             40 .globl man_game_controller_lvl_12
                             41 .globl man_game_controller_lvl_13
                             42 .globl man_game_controller_lvl_14
                             43 .globl man_game_controller_lvl_15
                             44 .globl man_game_controller_lvl_16
                             45 .globl man_game_controller_lvl_17
                             46 .globl man_game_controller_lvl_18
                             47 .globl man_game_controller_lvl_19
                             48 .globl man_game_controller_lvl_20
                             49 .globl man_game_controller_lvl_21
                             50 .globl man_game_controller_lvl_22
                             51 .globl man_game_controller_lvl_23
                             52 .globl man_game_controller_lvl_24
                             53 .globl man_game_controller_lvl_25
                             54 .globl man_game_controller_lvl_26
ASxxxx Assembler V02.00 + NoICE + SDCC mods  (Zilog Z80 / Hitachi HD64180), page 3.
Hexadecimal [16-Bits]



                             55 .globl man_game_controller_lvl_27
                             56 .globl man_game_controller_lvl_28
                             57 .globl man_game_controller_lvl_29
                             58 .globl man_game_controller_lvl_30
ASxxxx Assembler V02.00 + NoICE + SDCC mods  (Zilog Z80 / Hitachi HD64180), page 4.
Hexadecimal [16-Bits]



                             19 .include "obstacles.h.s"
                              1 ;;----------------------------------LICENSE NOTICE-----------------------------------------------------
                              2 ;;Slimy is a challenging videogame made for Amstrad CPC
                              3 ;;    Copyright (C) 2020  Maria del Rosario Fernandez Garcia // David Llopis Romero // Jessica Hernandez Gomez
                              4 ;;
                              5 ;;    This program is free software: you can redistribute it and/or modify
                              6 ;;    it under the terms of the GNU General Public License as published by
                              7 ;;    the Free Software Foundation, either version 3 of the License, or
                              8 ;;    (at your option) any later version.
                              9 ;;
                             10 ;;    This program is distributed in the hope that it will be useful,
                             11 ;;    but WITHOUT ANY WARRANTY; without even the implied warranty of
                             12 ;;    MERCHANTABILITY or FITNESS FOR A PARTICULAR PURPOSE.  See the
                             13 ;;    GNU General Public License for more details.
                             14 ;;
                             15 ;;    You should have received a copy of the GNU General Public License
                             16 ;;    along with this program.  If not, see <https://www.gnu.org/licenses/>.
                             17 ;;------------------------------------------------------------------------------------------------------
                             18 .globl obstacle_update
                             19 .globl obstacle_init
                             20 .globl obstacle_getIYPtr
                             21 .globl obstacle_getIXPtr
                             22 .globl _obstacle_sp_0
                             23 .globl _obstacle_sp_1
                             24 .globl obstacle_size
                             25 .globl max_obstacles
                             26 .globl obstacle_array_size
                             27 .globl generar1entidad
                             28 .globl generar1entidadWave
                             29 .globl obs_doForAll
                             30 .globl get_lastObsPtr
                             31 .globl set_y_last_obstacle
                             32 .globl set_x_last_obstacle
                             33 .globl set_y_wave
                             34 .globl obs_getObstacleArray_IX
                             35 .globl obs_getObstacleArray_IX
                             36 .globl obs_getNumObstacles_A
                             37 .globl obs_destroy
                             38 .globl num_obstacles_marcados
                             39 .globl last_obs_ptr
                             40 .globl obstacle_array
                             41 .globl obs_destroy_all
                             42 .globl generar1entidadGhost
                             43 .globl set_y_ghost
                             44 .globl position_update
                             45 .globl generar1entidadBig
                             46 .globl set_y_bigobstacle
                             47 ;;.globl obstacle_restart
                             48 ;;.globl set_y_obstacles
                             49 ;;.globl obs_destroy_all
                             50 ;;;;;;;;;;;;;;;;;;;;;;
                             51 ;;                  ;;
                             52 ;;    CONSTANTES    ;;
                             53 ;;                  ;;
                             54 ;;;;;;;;;;;;;;;;;;;;;;
ASxxxx Assembler V02.00 + NoICE + SDCC mods  (Zilog Z80 / Hitachi HD64180), page 5.
Hexadecimal [16-Bits]



                     000A    55 obstacle_size  == 10
                     0014    56 max_obstacles == 20
                     00C8    57 obstacle_array_size == obstacle_size*max_obstacles
ASxxxx Assembler V02.00 + NoICE + SDCC mods  (Zilog Z80 / Hitachi HD64180), page 6.
Hexadecimal [16-Bits]



                             20 
                             21 ;;;;;;;;;;;;;;;;;;;;;;;;;;;;;;;;;;;;;;;;;;;;;;;;;;;;;;;;;;;;;;;;;;;;;;;;;;;;;;;;;;;;;;;;;;;;
                             22 ;;
                             23 ;;
                             24 ;;  NIVEL 11 (HALLOWEEN)
                             25 ;;
                             26 ;;
                             27 ;;;;;;;;;;;;;;;;;;;;;;;;;;;;;;;;;;;;;;;;;;;;;;;;;;;;;;;;;;;;;;;;;;;;;;;;;;;;;;;;;;;;;;;;;;;;
   0000                      28 man_game_controller_lvl_11::
   0000 3A 00 00      [13]   29     ld a, (_level_seconds)  
   0003 FE 04         [ 7]   30     cp #0x04                      
   0005 28 1D         [12]   31     jr z, comprobarEntidades1lvl11
   0007 FE 08         [ 7]   32     cp #0x08 
   0009 28 28         [12]   33     jr z, comprobarEntidades2lvl11
   000B FE 0C         [ 7]   34     cp #0x0C
   000D 28 33         [12]   35     jr z, comprobarEntidades3lvl11
   000F FE 0E         [ 7]   36     cp #0x0E
   0011 28 3E         [12]   37     jr z, comprobarEntidades4lvl11
   0013 FE 12         [ 7]   38     cp #0x12
   0015 28 49         [12]   39     jr z, comprobarEntidades5lvl11
   0017 FE 14         [ 7]   40     cp #0x14
   0019 28 54         [12]   41     jr z, comprobarEntidades6lvl11
   001B FE 17         [ 7]   42     cp #0x17
   001D 28 5F         [12]   43     jr z, comprobarEntidades7lvl11
   001F FE 19         [ 7]   44     cp #0x19
   0021 28 6A         [12]   45     jr z, comprobarEntidades8lvl11
   0023 C9            [10]   46     ret
                             47     
   0024                      48     comprobarEntidades1lvl11:
   0024 3A 00 00      [13]   49     ld a, (level_obstacles)
   0027 FE 01         [ 7]   50     cp #0x01                ;; Si ya tengo 1 entidades no compruebo ninguna mas
   0029 C8            [11]   51     ret z
   002A 3E 76         [ 7]   52         ld a, #0x76
   002C CD 00 00      [17]   53         call set_y_ghost
   002F CD 00 00      [17]   54         call  generar1entidadGhost
   0032 C9            [10]   55         ret
                             56     
   0033                      57     comprobarEntidades2lvl11:
   0033 3A 00 00      [13]   58     ld a, (level_obstacles)
   0036 FE 02         [ 7]   59     cp #0x02                ;; Si ya tengo 2 entidades no compruebo ninguna mas
   0038 C8            [11]   60     ret z
   0039 3E B4         [ 7]   61         ld a, #0xB4
   003B CD 00 00      [17]   62         call set_y_last_obstacle   
   003E CD 00 00      [17]   63         call generar1entidad
   0041 C9            [10]   64         ret  
                             65     
   0042                      66     comprobarEntidades3lvl11:
   0042 3A 00 00      [13]   67     ld a, (level_obstacles)
   0045 FE 03         [ 7]   68     cp #0x03                ;; Si ya tengo 3 entidades no compruebo ninguna mas
   0047 C8            [11]   69     ret z
   0048 3E 76         [ 7]   70         ld a, #0x76
   004A CD 00 00      [17]   71         call set_y_last_obstacle
   004D CD 00 00      [17]   72         call generar1entidad
   0050 C9            [10]   73         ret 
                             74     
ASxxxx Assembler V02.00 + NoICE + SDCC mods  (Zilog Z80 / Hitachi HD64180), page 7.
Hexadecimal [16-Bits]



   0051                      75     comprobarEntidades4lvl11:
   0051 3A 00 00      [13]   76     ld a, (level_obstacles)
   0054 FE 04         [ 7]   77     cp #0x04                ;; Si ya tengo 4 entidades no compruebo ninguna mas
   0056 C8            [11]   78     ret z
   0057 3E B4         [ 7]   79         ld a, #0xB4
   0059 CD 00 00      [17]   80         call set_y_last_obstacle  
   005C CD 00 00      [17]   81         call generar1entidad
   005F C9            [10]   82         ret 
                             83 
   0060                      84     comprobarEntidades5lvl11:
   0060 3A 00 00      [13]   85     ld a, (level_obstacles)
   0063 FE 05         [ 7]   86     cp #0x05                ;; Si ya tengo 5 entidades no compruebo ninguna mas
   0065 C8            [11]   87     ret z
   0066 3E 76         [ 7]   88         ld a, #0x76
   0068 CD 00 00      [17]   89         call set_y_last_obstacle
   006B CD 00 00      [17]   90         call generar1entidad
   006E C9            [10]   91         ret
                             92 
   006F                      93     comprobarEntidades6lvl11:
   006F 3A 00 00      [13]   94     ld a, (level_obstacles)
   0072 FE 06         [ 7]   95     cp #0x06                ;; Si ya tengo 6 entidades no compruebo ninguna mas
   0074 C8            [11]   96     ret z
   0075 3E B4         [ 7]   97         ld a, #0xB4
   0077 CD 00 00      [17]   98         call set_y_ghost
   007A CD 00 00      [17]   99         call  generar1entidadGhost
   007D C9            [10]  100         ret
                            101     
   007E                     102     comprobarEntidades7lvl11:
   007E 3A 00 00      [13]  103     ld a, (level_obstacles)
   0081 FE 07         [ 7]  104     cp #0x07                ;; Si ya tengo 7 entidades no compruebo ninguna mas
   0083 C8            [11]  105     ret z
   0084 3E 76         [ 7]  106         ld a, #0x76
   0086 CD 00 00      [17]  107         call set_y_ghost
   0089 CD 00 00      [17]  108         call  generar1entidadGhost
   008C C9            [10]  109         ret
                            110     
   008D                     111     comprobarEntidades8lvl11:
   008D 3A 00 00      [13]  112     ld a, (level_obstacles)
   0090 FE 08         [ 7]  113     cp #0x08                ;; Si ya tengo 8 entidades no compruebo ninguna mas
   0092 C8            [11]  114     ret z
   0093 3E B4         [ 7]  115         ld a, #0xB4
   0095 CD 00 00      [17]  116         call set_y_last_obstacle
   0098 CD 00 00      [17]  117         call generar1entidad
   009B C9            [10]  118         ret
                            119     
                            120 ;;;;;;;;;;;;;;;;;;;;;;;;;;;;;;;;;;;;;;;;;;;;;;;;;;;;;;;;;;;;;;;;;;;;;;;;;;;;;;;;;;;;;;;;;;;;
                            121 ;;
                            122 ;;
                            123 ;;  NIVEL 12 (HALLOWEEN)
                            124 ;;
                            125 ;;
                            126 ;;;;;;;;;;;;;;;;;;;;;;;;;;;;;;;;;;;;;;;;;;;;;;;;;;;;;;;;;;;;;;;;;;;;;;;;;;;;;;;;;;;;;;;;;;;;
   009C                     127 man_game_controller_lvl_12::
   009C 3A 00 00      [13]  128     ld a, (_level_seconds)  
   009F FE 03         [ 7]  129     cp #0x03                      
ASxxxx Assembler V02.00 + NoICE + SDCC mods  (Zilog Z80 / Hitachi HD64180), page 8.
Hexadecimal [16-Bits]



   00A1 28 15         [12]  130     jr z, comprobarEntidades1lvl12
   00A3 FE 07         [ 7]  131     cp #0x07
   00A5 28 20         [12]  132     jr z, comprobarEntidades2lvl12
   00A7 FE 0C         [ 7]  133     cp #0x0C
   00A9 28 2B         [12]  134     jr z, comprobarEntidades3lvl12
   00AB FE 13         [ 7]  135     cp #0x13
   00AD 28 3E         [12]  136     jr z, comprobarEntidades4lvl12
   00AF FE 15         [ 7]  137     cp #0x15
   00B1 28 49         [12]  138     jr z, comprobarEntidades5lvl12
   00B3 FE 1A         [ 7]  139     cp #0x1A
   00B5 28 54         [12]  140     jr z, comprobarEntidades6lvl12
   00B7 C9            [10]  141     ret
                            142 
   00B8                     143     comprobarEntidades1lvl12:
   00B8 3A 00 00      [13]  144     ld a, (level_obstacles)
   00BB FE 01         [ 7]  145     cp #0x01                ;; Si ya tengo 1 entidades no compruebo ninguna mas
   00BD C8            [11]  146     ret z
   00BE 3E B4         [ 7]  147         ld a, #0xB4
   00C0 CD 00 00      [17]  148         call set_y_ghost
   00C3 CD 00 00      [17]  149         call  generar1entidadGhost
   00C6 C9            [10]  150         ret
                            151     
   00C7                     152     comprobarEntidades2lvl12:
   00C7 3A 00 00      [13]  153     ld a, (level_obstacles)
   00CA FE 02         [ 7]  154     cp #0x02                ;; Si ya tengo 2 entidades no compruebo ninguna mas
   00CC C8            [11]  155     ret z
   00CD 3E 76         [ 7]  156         ld a, #0x76
   00CF CD 00 00      [17]  157         call set_y_last_obstacle   
   00D2 CD 00 00      [17]  158         call generar1entidad
   00D5 C9            [10]  159         ret
                            160     
   00D6                     161     comprobarEntidades3lvl12:
   00D6 3A 00 00      [13]  162     ld a, (level_obstacles)
   00D9 FE 04         [ 7]  163     cp #0x04                ;; Si ya tengo 4 entidades no compruebo ninguna mas
   00DB C8            [11]  164     ret z
   00DC 3E 76         [ 7]  165         ld a, #0x76
   00DE CD 00 00      [17]  166         call set_y_last_obstacle
   00E1 CD 00 00      [17]  167         call generar1entidad
                            168         
   00E4 3E B4         [ 7]  169         ld a, #0xB4
   00E6 CD 00 00      [17]  170         call set_y_last_obstacle
   00E9 CD 00 00      [17]  171         call generar1entidad    
   00EC C9            [10]  172         ret
                            173     
   00ED                     174     comprobarEntidades4lvl12:
   00ED 3A 00 00      [13]  175     ld a, (level_obstacles)
   00F0 FE 05         [ 7]  176     cp #0x05                ;; Si ya tengo 5 entidades no compruebo ninguna mas
   00F2 C8            [11]  177     ret z
   00F3 3E B4         [ 7]  178         ld a, #0xB4
   00F5 CD 00 00      [17]  179         call set_y_ghost
   00F8 CD 00 00      [17]  180         call  generar1entidadGhost
   00FB C9            [10]  181         ret 
                            182     
   00FC                     183     comprobarEntidades5lvl12:
   00FC 3A 00 00      [13]  184     ld a, (level_obstacles)
ASxxxx Assembler V02.00 + NoICE + SDCC mods  (Zilog Z80 / Hitachi HD64180), page 9.
Hexadecimal [16-Bits]



   00FF FE 06         [ 7]  185     cp #0x06                ;; Si ya tengo 6 entidades no compruebo ninguna mas
   0101 C8            [11]  186     ret z
   0102 3E 76         [ 7]  187         ld a, #0x76
   0104 CD 00 00      [17]  188         call set_y_last_obstacle
   0107 CD 00 00      [17]  189         call generar1entidad
   010A C9            [10]  190         ret
                            191     
   010B                     192     comprobarEntidades6lvl12:
   010B 3A 00 00      [13]  193     ld a, (level_obstacles)
   010E FE 08         [ 7]  194     cp #0x08                ;; Si ya tengo 8 entidades no compruebo ninguna mas
   0110 C8            [11]  195     ret z
   0111 3E 76         [ 7]  196         ld a, #0x76
   0113 CD 00 00      [17]  197         call set_y_last_obstacle
   0116 CD 00 00      [17]  198         call generar1entidad
                            199         
   0119 3E B4         [ 7]  200         ld a, #0xB4
   011B CD 00 00      [17]  201         call set_y_last_obstacle
   011E CD 00 00      [17]  202         call generar1entidad    
   0121 C9            [10]  203         ret    
                            204 
                            205 ;;;;;;;;;;;;;;;;;;;;;;;;;;;;;;;;;;;;;;;;;;;;;;;;;;;;;;;;;;;;;;;;;;;;;;;;;;;;;;;;;;;;;;;;;;;;
                            206 ;;
                            207 ;;
                            208 ;;  NIVEL 13 (HALLOWEEN)
                            209 ;;
                            210 ;;
                            211 ;;;;;;;;;;;;;;;;;;;;;;;;;;;;;;;;;;;;;;;;;;;;;;;;;;;;;;;;;;;;;;;;;;;;;;;;;;;;;;;;;;;;;;;;;;;;
                            212 
   0122                     213 man_game_controller_lvl_13::
   0122 3A 00 00      [13]  214     ld a, (_level_seconds)  
   0125 FE 02         [ 7]  215     cp #0x02                      
   0127 28 27         [12]  216     jr z, comprobarEntidades1lvl13
   0129 FE 04         [ 7]  217     cp #0x04
   012B 28 32         [12]  218     jr z, comprobarEntidades2lvl13
   012D FE 05         [ 7]  219     cp #0x05
   012F 28 3D         [12]  220     jr z, comprobarEntidades3lvl13
   0131 FE 08         [ 7]  221     cp #0x08
   0133 28 48         [12]  222     jr z, comprobarEntidades4lvl13
   0135 FE 0C         [ 7]  223     cp #0x0C
   0137 28 53         [12]  224     jr z, comprobarEntidades5lvl13
   0139 FE 0E         [ 7]  225     cp #0x0E
   013B 28 5E         [12]  226     jr z, comprobarEntidades6lvl13
   013D FE 0F         [ 7]  227     cp #0x0F
   013F 28 69         [12]  228     jr z, comprobarEntidades7lvl13
   0141 FE 11         [ 7]  229     cp #0x11
   0143 28 74         [12]  230     jr z, comprobarEntidades8lvl13
   0145 FE 14         [ 7]  231     cp #0x14
   0147 CA C8 01      [10]  232     jp z, comprobarEntidades9lvl13
   014A FE 18         [ 7]  233     cp #0x18
   014C CA D7 01      [10]  234     jp z, comprobarEntidades10lvl13
   014F C9            [10]  235     ret
                            236     
   0150                     237     comprobarEntidades1lvl13:
   0150 3A 00 00      [13]  238     ld a, (level_obstacles)
   0153 FE 01         [ 7]  239     cp #0x01                ;; Si ya tengo 1 entidades no compruebo ninguna mas
ASxxxx Assembler V02.00 + NoICE + SDCC mods  (Zilog Z80 / Hitachi HD64180), page 10.
Hexadecimal [16-Bits]



   0155 C8            [11]  240     ret z
   0156 3E B4         [ 7]  241         ld a, #0xB4
   0158 CD 00 00      [17]  242         call set_y_last_obstacle
   015B CD 00 00      [17]  243         call generar1entidad
   015E C9            [10]  244         ret
                            245     
   015F                     246     comprobarEntidades2lvl13:
   015F 3A 00 00      [13]  247     ld a, (level_obstacles)
   0162 FE 02         [ 7]  248     cp #0x02                ;; Si ya tengo 2 entidades no compruebo ninguna mas
   0164 C8            [11]  249     ret z
   0165 3E 76         [ 7]  250         ld a, #0x76
   0167 CD 00 00      [17]  251         call set_y_last_obstacle
   016A CD 00 00      [17]  252         call generar1entidad
   016D C9            [10]  253         ret
                            254     
   016E                     255     comprobarEntidades3lvl13:
   016E 3A 00 00      [13]  256     ld a, (level_obstacles)
   0171 FE 03         [ 7]  257     cp #0x03                ;; Si ya tengo 3 entidades no compruebo ninguna mas
   0173 C8            [11]  258     ret z
   0174 3E 76         [ 7]  259         ld a, #0x76
   0176 CD 00 00      [17]  260         call set_y_last_obstacle
   0179 CD 00 00      [17]  261         call generar1entidad
   017C C9            [10]  262         ret
                            263     
   017D                     264     comprobarEntidades4lvl13:
   017D 3A 00 00      [13]  265     ld a, (level_obstacles)
   0180 FE 04         [ 7]  266     cp #0x04                ;; Si ya tengo 4 entidades no compruebo ninguna mas
   0182 C8            [11]  267     ret z
   0183 3E 76         [ 7]  268         ld a, #0x76
   0185 CD 00 00      [17]  269         call set_y_ghost
   0188 CD 00 00      [17]  270         call  generar1entidadGhost    
   018B C9            [10]  271         ret 
                            272     
   018C                     273     comprobarEntidades5lvl13:
   018C 3A 00 00      [13]  274     ld a, (level_obstacles)
   018F FE 05         [ 7]  275     cp #0x05                ;; Si ya tengo 5 entidades no compruebo ninguna mas
   0191 C8            [11]  276     ret z
   0192 3E B4         [ 7]  277         ld a, #0xB4
   0194 CD 00 00      [17]  278         call set_y_last_obstacle
   0197 CD 00 00      [17]  279         call generar1entidad
   019A C9            [10]  280         ret
                            281     
   019B                     282     comprobarEntidades6lvl13:
   019B 3A 00 00      [13]  283     ld a, (level_obstacles)
   019E FE 06         [ 7]  284     cp #0x06                ;; Si ya tengo 6 entidades no compruebo ninguna mas
   01A0 C8            [11]  285     ret z
   01A1 3E 76         [ 7]  286         ld a, #0x76
   01A3 CD 00 00      [17]  287         call set_y_last_obstacle
   01A6 CD 00 00      [17]  288         call generar1entidad
   01A9 C9            [10]  289         ret  
                            290     
   01AA                     291     comprobarEntidades7lvl13:
   01AA 3A 00 00      [13]  292     ld a, (level_obstacles)
   01AD FE 07         [ 7]  293     cp #0x07                ;; Si ya tengo 7 entidades no compruebo ninguna mas
   01AF C8            [11]  294     ret z
ASxxxx Assembler V02.00 + NoICE + SDCC mods  (Zilog Z80 / Hitachi HD64180), page 11.
Hexadecimal [16-Bits]



   01B0 3E 76         [ 7]  295         ld a, #0x76
   01B2 CD 00 00      [17]  296         call set_y_last_obstacle
   01B5 CD 00 00      [17]  297         call generar1entidad
   01B8 C9            [10]  298         ret 
                            299     
   01B9                     300     comprobarEntidades8lvl13:
   01B9 3A 00 00      [13]  301     ld a, (level_obstacles)
   01BC FE 08         [ 7]  302     cp #0x08                ;; Si ya tengo 8 entidades no compruebo ninguna mas
   01BE C8            [11]  303     ret z
   01BF 3E B4         [ 7]  304         ld a, #0xB4
   01C1 CD 00 00      [17]  305         call set_y_last_obstacle
   01C4 CD 00 00      [17]  306         call generar1entidad
   01C7 C9            [10]  307         ret
                            308     
   01C8                     309     comprobarEntidades9lvl13:
   01C8 3A 00 00      [13]  310     ld a, (level_obstacles)
   01CB FE 09         [ 7]  311     cp #0x09                ;; Si ya tengo 9 entidades no compruebo ninguna mas
   01CD C8            [11]  312     ret z
   01CE 3E 76         [ 7]  313         ld a, #0x76
   01D0 CD 00 00      [17]  314         call set_y_ghost
   01D3 CD 00 00      [17]  315         call  generar1entidadGhost  
   01D6 C9            [10]  316         ret
                            317 
   01D7                     318     comprobarEntidades10lvl13:
   01D7 3A 00 00      [13]  319     ld a, (level_obstacles)
   01DA FE 0B         [ 7]  320     cp #0x0B                ;; Si ya tengo 11 entidades no compruebo ninguna mas
   01DC C8            [11]  321     ret z
   01DD 3E 76         [ 7]  322         ld a, #0x76
   01DF CD 00 00      [17]  323         call set_y_last_obstacle
   01E2 CD 00 00      [17]  324         call generar1entidad
                            325 
   01E5 3E B4         [ 7]  326         ld a, #0xB4
   01E7 CD 00 00      [17]  327         call set_y_last_obstacle
   01EA CD 00 00      [17]  328         call generar1entidad   
   01ED C9            [10]  329         ret 
                            330 
                            331 ;;;;;;;;;;;;;;;;;;;;;;;;;;;;;;;;;;;;;;;;;;;;;;;;;;;;;;;;;;;;;;;;;;;;;;;;;;;;;;;;;;;;;;;;;;;;
                            332 ;;
                            333 ;;
                            334 ;;  NIVEL 14 (HALLOWEEN)
                            335 ;;
                            336 ;;
                            337 ;;;;;;;;;;;;;;;;;;;;;;;;;;;;;;;;;;;;;;;;;;;;;;;;;;;;;;;;;;;;;;;;;;;;;;;;;;;;;;;;;;;;;;;;;;;;
                            338 
   01EE                     339 man_game_controller_lvl_14::
   01EE 3A 00 00      [13]  340     ld a, (_level_seconds)  
   01F1 FE 02         [ 7]  341     cp #0x02                      
   01F3 28 22         [12]  342     jr z, comprobarEntidades1lvl14
   01F5 FE 03         [ 7]  343     cp #0x03
   01F7 28 2D         [12]  344     jr z, comprobarEntidades2lvl14
   01F9 FE 06         [ 7]  345     cp #0x06
   01FB 28 38         [12]  346     jr z, comprobarEntidades3lvl14
   01FD FE 09         [ 7]  347     cp #0x09
   01FF 28 43         [12]  348     jr z, comprobarEntidades4lvl14
   0201 FE 0C         [ 7]  349     cp #0x0C
ASxxxx Assembler V02.00 + NoICE + SDCC mods  (Zilog Z80 / Hitachi HD64180), page 12.
Hexadecimal [16-Bits]



   0203 28 4E         [12]  350     jr z, comprobarEntidades5lvl14
   0205 FE 0F         [ 7]  351     cp #0x0F
   0207 28 61         [12]  352     jr z, comprobarEntidades6lvl14
   0209 FE 12         [ 7]  353     cp #0x12
   020B 28 6C         [12]  354     jr z, comprobarEntidades7lvl14
   020D FE 16         [ 7]  355     cp #0x16
   020F 28 77         [12]  356     jr z, comprobarEntidades8lvl14
   0211 FE 19         [ 7]  357     cp #0x19
   0213 CA 9F 02      [10]  358     jp z, comprobarEntidades9lvl14
   0216 C9            [10]  359     ret
                            360 
   0217                     361     comprobarEntidades1lvl14:
   0217 3A 00 00      [13]  362     ld a, (level_obstacles)
   021A FE 01         [ 7]  363     cp #0x01                ;; Si ya tengo 1 entidades no compruebo ninguna mas
   021C C8            [11]  364     ret z
   021D 3E 76         [ 7]  365         ld a, #0x76
   021F CD 00 00      [17]  366         call set_y_ghost
   0222 CD 00 00      [17]  367         call  generar1entidadGhost
   0225 C9            [10]  368         ret
                            369 
   0226                     370     comprobarEntidades2lvl14:
   0226 3A 00 00      [13]  371     ld a, (level_obstacles)
   0229 FE 02         [ 7]  372     cp #0x02                ;; Si ya tengo 2 entidades no compruebo ninguna mas
   022B C8            [11]  373     ret z
   022C 3E B4         [ 7]  374         ld a, #0xB4
   022E CD 00 00      [17]  375         call set_y_last_obstacle
   0231 CD 00 00      [17]  376         call generar1entidad        
   0234 C9            [10]  377         ret
                            378 
   0235                     379     comprobarEntidades3lvl14:
   0235 3A 00 00      [13]  380     ld a, (level_obstacles)
   0238 FE 03         [ 7]  381     cp #0x03                ;; Si ya tengo 3 entidades no compruebo ninguna mas
   023A C8            [11]  382     ret z
   023B 3E 76         [ 7]  383         ld a, #0x76
   023D CD 00 00      [17]  384         call set_y_last_obstacle
   0240 CD 00 00      [17]  385         call generar1entidad        
   0243 C9            [10]  386         ret
                            387         
   0244                     388     comprobarEntidades4lvl14:
   0244 3A 00 00      [13]  389     ld a, (level_obstacles)
   0247 FE 04         [ 7]  390     cp #0x04                ;; Si ya tengo 4 entidades no compruebo ninguna mas
   0249 C8            [11]  391     ret z
   024A 3E B4         [ 7]  392         ld a, #0xB4
   024C CD 00 00      [17]  393         call set_y_ghost
   024F CD 00 00      [17]  394         call  generar1entidadGhost
   0252 C9            [10]  395         ret
                            396     
   0253                     397     comprobarEntidades5lvl14:
   0253 3A 00 00      [13]  398     ld a, (level_obstacles)
   0256 FE 06         [ 7]  399     cp #0x06                ;; Si ya tengo 6 entidades no compruebo ninguna mas
   0258 C8            [11]  400     ret z
   0259 3E 76         [ 7]  401         ld a, #0x76
   025B CD 00 00      [17]  402         call set_y_last_obstacle
   025E CD 00 00      [17]  403         call generar1entidad
                            404         
ASxxxx Assembler V02.00 + NoICE + SDCC mods  (Zilog Z80 / Hitachi HD64180), page 13.
Hexadecimal [16-Bits]



   0261 3E B4         [ 7]  405         ld a, #0xB4
   0263 CD 00 00      [17]  406         call set_y_last_obstacle
   0266 CD 00 00      [17]  407         call generar1entidad
   0269 C9            [10]  408         ret
                            409 
   026A                     410     comprobarEntidades6lvl14:
   026A 3A 00 00      [13]  411     ld a, (level_obstacles)
   026D FE 07         [ 7]  412     cp #0x07                ;; Si ya tengo 7 entidades no compruebo ninguna mas
   026F C8            [11]  413     ret z
   0270 3E 76         [ 7]  414         ld a, #0x76
   0272 CD 00 00      [17]  415         call set_y_ghost
   0275 CD 00 00      [17]  416         call  generar1entidadGhost
   0278 C9            [10]  417         ret
                            418 
   0279                     419     comprobarEntidades7lvl14:
   0279 3A 00 00      [13]  420     ld a, (level_obstacles)
   027C FE 08         [ 7]  421     cp #0x08                ;; Si ya tengo 8 entidades no compruebo ninguna mas
   027E C8            [11]  422     ret z
   027F 3E B4         [ 7]  423         ld a, #0xB4
   0281 CD 00 00      [17]  424         call set_y_ghost
   0284 CD 00 00      [17]  425         call  generar1entidadGhost
   0287 C9            [10]  426         ret 
                            427 
   0288                     428     comprobarEntidades8lvl14:
   0288 3A 00 00      [13]  429     ld a, (level_obstacles)
   028B FE 0A         [ 7]  430     cp #0x0A                ;; Si ya tengo 10 entidades no compruebo ninguna mas
   028D C8            [11]  431     ret z
   028E 3E 76         [ 7]  432         ld a, #0x76
   0290 CD 00 00      [17]  433         call set_y_last_obstacle
   0293 CD 00 00      [17]  434         call generar1entidad
                            435         
   0296 3E B4         [ 7]  436         ld a, #0xB4
   0298 CD 00 00      [17]  437         call set_y_last_obstacle
   029B CD 00 00      [17]  438         call generar1entidad
   029E C9            [10]  439         ret
                            440 
   029F                     441     comprobarEntidades9lvl14:
   029F 3A 00 00      [13]  442     ld a, (level_obstacles)
   02A2 FE 0B         [ 7]  443     cp #0x0B                ;; Si ya tengo 11 entidades no compruebo ninguna mas
   02A4 C8            [11]  444     ret z
   02A5 3E B4         [ 7]  445         ld a, #0xB4
   02A7 CD 00 00      [17]  446         call set_y_last_obstacle
   02AA CD 00 00      [17]  447         call generar1entidad
   02AD C9            [10]  448         ret
                            449         
                            450 ;;;;;;;;;;;;;;;;;;;;;;;;;;;;;;;;;;;;;;;;;;;;;;;;;;;;;;;;;;;;;;;;;;;;;;;;;;;;;;;;;;;;;;;;;;;;
                            451 ;;
                            452 ;;
                            453 ;;  NIVEL 15 (HALLOWEEN)
                            454 ;;
                            455 ;;
                            456 ;;;;;;;;;;;;;;;;;;;;;;;;;;;;;;;;;;;;;;;;;;;;;;;;;;;;;;;;;;;;;;;;;;;;;;;;;;;;;;;;;;;;;;;;;;;;
   02AE                     457 man_game_controller_lvl_15::
   02AE 3A 00 00      [13]  458     ld a, (_level_seconds)  
   02B1 FE 03         [ 7]  459     cp #0x03                      
ASxxxx Assembler V02.00 + NoICE + SDCC mods  (Zilog Z80 / Hitachi HD64180), page 14.
Hexadecimal [16-Bits]



   02B3 28 27         [12]  460     jr z, comprobarEntidades1lvl15
   02B5 FE 04         [ 7]  461     cp #0x04
   02B7 28 32         [12]  462     jr z, comprobarEntidades2lvl15
   02B9 FE 05         [ 7]  463     cp #0x05
   02BB 28 3D         [12]  464     jr z, comprobarEntidades3lvl15
   02BD FE 0A         [ 7]  465     cp #0x0A
   02BF 28 48         [12]  466     jr z, comprobarEntidades4lvl15
   02C1 FE 0B         [ 7]  467     cp #0x0B
   02C3 28 53         [12]  468     jr z, comprobarEntidades5lvl15
   02C5 FE 0C         [ 7]  469     cp #0x0C
   02C7 28 5E         [12]  470     jr z, comprobarEntidades6lvl15
   02C9 FE 10         [ 7]  471     cp #0x10
   02CB 28 69         [12]  472     jr z, comprobarEntidades7lvl15
   02CD FE 13         [ 7]  473     cp #0x13
   02CF 28 74         [12]  474     jr z, comprobarEntidades8lvl15
   02D1 FE 17         [ 7]  475     cp #0x17
   02D3 CA 54 03      [10]  476     jp z, comprobarEntidades9lvl15
   02D6 FE 1A         [ 7]  477     cp #0x1A
   02D8 CA 6B 03      [10]  478     jp z, comprobarEntidades10lvl15
   02DB C9            [10]  479     ret
                            480 
   02DC                     481     comprobarEntidades1lvl15:
   02DC 3A 00 00      [13]  482     ld a, (level_obstacles)
   02DF FE 01         [ 7]  483     cp #0x01                ;; Si ya tengo 1 entidades no compruebo ninguna mas
   02E1 C8            [11]  484     ret z
   02E2 3E 76         [ 7]  485         ld a, #0x76
   02E4 CD 00 00      [17]  486         call set_y_last_obstacle
   02E7 CD 00 00      [17]  487         call generar1entidad
   02EA C9            [10]  488         ret
                            489     
   02EB                     490     comprobarEntidades2lvl15:
   02EB 3A 00 00      [13]  491     ld a, (level_obstacles)
   02EE FE 02         [ 7]  492     cp #0x02                ;; Si ya tengo 2 entidades no compruebo ninguna mas
   02F0 C8            [11]  493     ret z
   02F1 3E 95         [ 7]  494         ld a, #0x95
   02F3 CD 00 00      [17]  495         call set_y_last_obstacle
   02F6 CD 00 00      [17]  496         call generar1entidad
   02F9 C9            [10]  497         ret  
                            498     
   02FA                     499     comprobarEntidades3lvl15:
   02FA 3A 00 00      [13]  500     ld a, (level_obstacles)
   02FD FE 03         [ 7]  501     cp #0x03                ;; Si ya tengo 3 entidades no compruebo ninguna mas
   02FF C8            [11]  502     ret z
   0300 3E B4         [ 7]  503         ld a, #0xB4
   0302 CD 00 00      [17]  504         call set_y_last_obstacle
   0305 CD 00 00      [17]  505         call generar1entidad
   0308 C9            [10]  506         ret
                            507 
   0309                     508     comprobarEntidades4lvl15:
   0309 3A 00 00      [13]  509     ld a, (level_obstacles)
   030C FE 04         [ 7]  510     cp #0x04                ;; Si ya tengo 4 entidades no compruebo ninguna mas
   030E C8            [11]  511     ret z
   030F 3E B4         [ 7]  512         ld a, #0xB4
   0311 CD 00 00      [17]  513         call set_y_last_obstacle
   0314 CD 00 00      [17]  514         call generar1entidad
ASxxxx Assembler V02.00 + NoICE + SDCC mods  (Zilog Z80 / Hitachi HD64180), page 15.
Hexadecimal [16-Bits]



   0317 C9            [10]  515         ret
                            516          
   0318                     517     comprobarEntidades5lvl15:
   0318 3A 00 00      [13]  518     ld a, (level_obstacles)
   031B FE 05         [ 7]  519     cp #0x05                ;; Si ya tengo 5 entidades no compruebo ninguna mas
   031D C8            [11]  520     ret z
   031E 3E 95         [ 7]  521         ld a, #0x95
   0320 CD 00 00      [17]  522         call set_y_last_obstacle
   0323 CD 00 00      [17]  523         call generar1entidad
   0326 C9            [10]  524         ret 
                            525 
   0327                     526     comprobarEntidades6lvl15:
   0327 3A 00 00      [13]  527     ld a, (level_obstacles)
   032A FE 06         [ 7]  528     cp #0x06                ;; Si ya tengo 6 entidades no compruebo ninguna mas
   032C C8            [11]  529     ret z
   032D 3E 76         [ 7]  530         ld a, #0x76
   032F CD 00 00      [17]  531         call set_y_last_obstacle
   0332 CD 00 00      [17]  532         call generar1entidad
   0335 C9            [10]  533         ret  
                            534 
   0336                     535     comprobarEntidades7lvl15:
   0336 3A 00 00      [13]  536     ld a, (level_obstacles)
   0339 FE 07         [ 7]  537     cp #0x07                ;; Si ya tengo 7 entidades no compruebo ninguna mas
   033B C8            [11]  538     ret z
   033C 3E B4         [ 7]  539         ld a, #0xB4
   033E CD 00 00      [17]  540         call set_y_ghost
   0341 CD 00 00      [17]  541         call  generar1entidadGhost
   0344 C9            [10]  542         ret 
                            543     
   0345                     544     comprobarEntidades8lvl15:
   0345 3A 00 00      [13]  545     ld a, (level_obstacles)
   0348 FE 08         [ 7]  546     cp #0x08                ;; Si ya tengo 8 entidades no compruebo ninguna mas
   034A C8            [11]  547     ret z
   034B 3E 76         [ 7]  548         ld a, #0x76
   034D CD 00 00      [17]  549         call set_y_ghost
   0350 CD 00 00      [17]  550         call  generar1entidadGhost
   0353 C9            [10]  551         ret
                            552     
   0354                     553     comprobarEntidades9lvl15:
   0354 3A 00 00      [13]  554     ld a, (level_obstacles)
   0357 FE 0A         [ 7]  555     cp #0x0A                ;; Si ya tengo 10 entidades no compruebo ninguna mas
   0359 C8            [11]  556     ret z
   035A 3E 76         [ 7]  557         ld a, #0x76
   035C CD 00 00      [17]  558         call set_y_last_obstacle
   035F CD 00 00      [17]  559         call generar1entidad
                            560         
   0362 3E B4         [ 7]  561         ld a, #0xB4
   0364 CD 00 00      [17]  562         call set_y_last_obstacle
   0367 CD 00 00      [17]  563         call generar1entidad
   036A C9            [10]  564         ret
                            565     
   036B                     566     comprobarEntidades10lvl15:
   036B 3A 00 00      [13]  567     ld a, (level_obstacles)
   036E FE 0B         [ 7]  568     cp #0x0B                ;; Si ya tengo 11 entidades no compruebo ninguna mas
   0370 C8            [11]  569     ret z
ASxxxx Assembler V02.00 + NoICE + SDCC mods  (Zilog Z80 / Hitachi HD64180), page 16.
Hexadecimal [16-Bits]



   0371 3E 76         [ 7]  570         ld a, #0x76
   0373 CD 00 00      [17]  571         call set_y_last_obstacle
   0376 CD 00 00      [17]  572         call generar1entidad
   0379 C9            [10]  573         ret
                            574 
                            575 ;;;;;;;;;;;;;;;;;;;;;;;;;;;;;;;;;;;;;;;;;;;;;;;;;;;;;;;;;;;;;;;;;;;;;;;;;;;;;;;;;;;;;;;;;;;;
                            576 ;;
                            577 ;;
                            578 ;;  NIVEL 16 (HALLOWEEN)
                            579 ;;
                            580 ;;
                            581 ;;;;;;;;;;;;;;;;;;;;;;;;;;;;;;;;;;;;;;;;;;;;;;;;;;;;;;;;;;;;;;;;;;;;;;;;;;;;;;;;;;;;;;;;;;;;
   037A                     582 man_game_controller_lvl_16::
   037A 3A 00 00      [13]  583     ld a, (_level_seconds)  
   037D FE 02         [ 7]  584     cp #0x02                      
   037F 28 28         [12]  585     jr z, comprobarEntidades1lvl16
   0381 FE 05         [ 7]  586     cp #0x05
   0383 28 3B         [12]  587     jr z, comprobarEntidades2lvl16
   0385 FE 06         [ 7]  588     cp #0x06
   0387 28 46         [12]  589     jr z, comprobarEntidades3lvl16
   0389 FE 09         [ 7]  590     cp #0x09
   038B 28 51         [12]  591     jr z, comprobarEntidades4lvl16
   038D FE 0B         [ 7]  592     cp #0x0B
   038F 28 5C         [12]  593     jr z, comprobarEntidades5lvl16
   0391 FE 0C         [ 7]  594     cp #0x0C
   0393 28 6F         [12]  595     jr z, comprobarEntidades6lvl16
   0395 FE 0F         [ 7]  596     cp #0x0F
   0397 28 7A         [12]  597     jr z, comprobarEntidades7lvl16
   0399 FE 12         [ 7]  598     cp #0x12
   039B CA 22 04      [10]  599     jp z, comprobarEntidades8lvl16
   039E FE 16         [ 7]  600     cp #0x16
   03A0 CA 31 04      [10]  601     jp z, comprobarEntidades9lvl16
   03A3 FE 19         [ 7]  602     cp #0x19
   03A5 CA 40 04      [10]  603     jp z, comprobarEntidades10lvl16
   03A8 C9            [10]  604     ret
                            605     
   03A9                     606     comprobarEntidades1lvl16:
   03A9 3A 00 00      [13]  607     ld a, (level_obstacles)
   03AC FE 02         [ 7]  608     cp #0x02                ;; Si ya tengo 2 entidades no compruebo ninguna mas
   03AE C8            [11]  609     ret z
   03AF 3E 76         [ 7]  610         ld a, #0x76
   03B1 CD 00 00      [17]  611         call set_y_last_obstacle
   03B4 CD 00 00      [17]  612         call generar1entidad
                            613         
   03B7 3E B4         [ 7]  614         ld a, #0xB4
   03B9 CD 00 00      [17]  615         call set_y_last_obstacle
   03BC CD 00 00      [17]  616         call generar1entidad
   03BF C9            [10]  617         ret
                            618     
   03C0                     619     comprobarEntidades2lvl16:
   03C0 3A 00 00      [13]  620     ld a, (level_obstacles)
   03C3 FE 03         [ 7]  621     cp #0x03                ;; Si ya tengo 3 entidades no compruebo ninguna mas
   03C5 C8            [11]  622     ret z
   03C6 3E 76         [ 7]  623         ld a, #0x76
   03C8 CD 00 00      [17]  624         call set_y_ghost
ASxxxx Assembler V02.00 + NoICE + SDCC mods  (Zilog Z80 / Hitachi HD64180), page 17.
Hexadecimal [16-Bits]



   03CB CD 00 00      [17]  625         call  generar1entidadGhost
   03CE C9            [10]  626         ret  
                            627     
   03CF                     628     comprobarEntidades3lvl16:
   03CF 3A 00 00      [13]  629     ld a, (level_obstacles)
   03D2 FE 04         [ 7]  630     cp #0x04                ;; Si ya tengo 4 entidades no compruebo ninguna mas
   03D4 C8            [11]  631     ret z
   03D5 3E B4         [ 7]  632         ld a, #0xB4
   03D7 CD 00 00      [17]  633         call set_y_last_obstacle   
   03DA CD 00 00      [17]  634         call generar1entidad
   03DD C9            [10]  635         ret 
                            636 
   03DE                     637     comprobarEntidades4lvl16:
   03DE 3A 00 00      [13]  638     ld a, (level_obstacles)
   03E1 FE 05         [ 7]  639     cp #0x05                ;; Si ya tengo 5 entidades no compruebo ninguna mas
   03E3 C8            [11]  640     ret z
   03E4 3E 95         [ 7]  641         ld a, #0x95
   03E6 CD 00 00      [17]  642         call set_y_last_obstacle   
   03E9 CD 00 00      [17]  643         call generar1entidad
   03EC C9            [10]  644         ret 
                            645 
   03ED                     646     comprobarEntidades5lvl16:
   03ED 3A 00 00      [13]  647     ld a, (level_obstacles)
   03F0 FE 07         [ 7]  648     cp #0x07                ;; Si ya tengo 7 entidades no compruebo ninguna mas
   03F2 C8            [11]  649     ret z
   03F3 3E 76         [ 7]  650         ld a, #0x76
   03F5 CD 00 00      [17]  651         call set_y_last_obstacle
   03F8 CD 00 00      [17]  652         call generar1entidad
                            653         
   03FB 3E B4         [ 7]  654         ld a, #0xB4
   03FD CD 00 00      [17]  655         call set_y_last_obstacle
   0400 CD 00 00      [17]  656         call generar1entidad
   0403 C9            [10]  657         ret 
                            658 
   0404                     659     comprobarEntidades6lvl16:
   0404 3A 00 00      [13]  660     ld a, (level_obstacles)
   0407 FE 08         [ 7]  661     cp #0x08                ;; Si ya tengo 8 entidades no compruebo ninguna mas
   0409 C8            [11]  662     ret z
   040A 3E 76         [ 7]  663         ld a, #0x76
   040C CD 00 00      [17]  664         call set_y_ghost
   040F CD 00 00      [17]  665         call  generar1entidadGhost
   0412 C9            [10]  666         ret
                            667     
   0413                     668     comprobarEntidades7lvl16:
   0413 3A 00 00      [13]  669     ld a, (level_obstacles)
   0416 FE 09         [ 7]  670     cp #0x09                ;; Si ya tengo 9 entidades no compruebo ninguna mas
   0418 C8            [11]  671     ret z
   0419 3E B4         [ 7]  672         ld a, #0xB4
   041B CD 00 00      [17]  673         call set_y_ghost
   041E CD 00 00      [17]  674         call  generar1entidadGhost
   0421 C9            [10]  675         ret
                            676 
   0422                     677     comprobarEntidades8lvl16:
   0422 3A 00 00      [13]  678     ld a, (level_obstacles)
   0425 FE 0A         [ 7]  679     cp #0x0A                ;; Si ya tengo 10 entidades no compruebo ninguna mas
ASxxxx Assembler V02.00 + NoICE + SDCC mods  (Zilog Z80 / Hitachi HD64180), page 18.
Hexadecimal [16-Bits]



   0427 C8            [11]  680     ret z
   0428 3E 76         [ 7]  681         ld a, #0x76
   042A CD 00 00      [17]  682         call set_y_ghost
   042D CD 00 00      [17]  683         call  generar1entidadGhost
   0430 C9            [10]  684         ret
                            685 
   0431                     686     comprobarEntidades9lvl16:
   0431 3A 00 00      [13]  687     ld a, (level_obstacles)
   0434 FE 0B         [ 7]  688     cp #0x0B                ;; Si ya tengo 11 entidades no compruebo ninguna mas
   0436 C8            [11]  689     ret z
   0437 3E 76         [ 7]  690         ld a, #0x76
   0439 CD 00 00      [17]  691         call set_y_ghost
   043C CD 00 00      [17]  692         call  generar1entidadGhost
   043F C9            [10]  693         ret
                            694 
   0440                     695     comprobarEntidades10lvl16:
   0440 3A 00 00      [13]  696     ld a, (level_obstacles)
   0443 FE 0C         [ 7]  697     cp #0x0C                ;; Si ya tengo 12 entidades no compruebo ninguna mas
   0445 C8            [11]  698     ret z
   0446 3E B4         [ 7]  699         ld a, #0xB4
   0448 CD 00 00      [17]  700         call set_y_ghost
   044B CD 00 00      [17]  701         call  generar1entidadGhost
   044E C9            [10]  702         ret
                            703 
                            704 ;;;;;;;;;;;;;;;;;;;;;;;;;;;;;;;;;;;;;;;;;;;;;;;;;;;;;;;;;;;;;;;;;;;;;;;;;;;;;;;;;;;;;;;;;;;;
                            705 ;;
                            706 ;;
                            707 ;;  NIVEL 17 (HALLOWEEN)
                            708 ;;
                            709 ;;
                            710 ;;;;;;;;;;;;;;;;;;;;;;;;;;;;;;;;;;;;;;;;;;;;;;;;;;;;;;;;;;;;;;;;;;;;;;;;;;;;;;;;;;;;;;;;;;;;
   044F                     711 man_game_controller_lvl_17::
   044F 3A 00 00      [13]  712     ld a, (_level_seconds)  
   0452 FE 02         [ 7]  713     cp #0x02                      
   0454 28 1F         [12]  714     jr z, comprobarEntidades1lvl17
   0456 FE 05         [ 7]  715     cp #0x05
   0458 28 32         [12]  716     jr z, comprobarEntidades2lvl17
   045A FE 07         [ 7]  717     cp #0x07
   045C 28 3D         [12]  718     jr z, comprobarEntidades3lvl17
   045E FE 0C         [ 7]  719     cp #0x0C
   0460 28 48         [12]  720     jr z, comprobarEntidades4lvl17
   0462 FE 0F         [ 7]  721     cp #0x0F
   0464 28 5B         [12]  722     jr z, comprobarEntidades5lvl17
   0466 FE 11         [ 7]  723     cp #0x11
   0468 28 66         [12]  724     jr z, comprobarEntidades6lvl17
   046A FE 16         [ 7]  725     cp #0x16
   046C CA DF 04      [10]  726     jp z, comprobarEntidades7lvl17
   046F FE 19         [ 7]  727     cp #0x19
   0471 CA F6 04      [10]  728     jp z, comprobarEntidades8lvl17
   0474 C9            [10]  729     ret
                            730     
   0475                     731     comprobarEntidades1lvl17:
   0475 3A 00 00      [13]  732     ld a, (level_obstacles)
   0478 FE 02         [ 7]  733     cp #0x02                ;; Si ya tengo 2 entidades no compruebo ninguna mas
   047A C8            [11]  734     ret z
ASxxxx Assembler V02.00 + NoICE + SDCC mods  (Zilog Z80 / Hitachi HD64180), page 19.
Hexadecimal [16-Bits]



   047B 3E 76         [ 7]  735         ld a, #0x76
   047D CD 00 00      [17]  736         call set_y_last_obstacle
   0480 CD 00 00      [17]  737         call generar1entidad
                            738         
   0483 3E B4         [ 7]  739         ld a, #0xB4
   0485 CD 00 00      [17]  740         call set_y_last_obstacle
   0488 CD 00 00      [17]  741         call generar1entidad
   048B C9            [10]  742         ret
                            743     
   048C                     744     comprobarEntidades2lvl17:
   048C 3A 00 00      [13]  745     ld a, (level_obstacles)
   048F FE 03         [ 7]  746     cp #0x03                ;; Si ya tengo 3 entidades no compruebo ninguna mas
   0491 C8            [11]  747     ret z
   0492 3E B4         [ 7]  748         ld a, #0xB4
   0494 CD 00 00      [17]  749         call set_y_ghost
   0497 CD 00 00      [17]  750         call  generar1entidadGhost
   049A C9            [10]  751         ret
                            752     
   049B                     753     comprobarEntidades3lvl17:
   049B 3A 00 00      [13]  754     ld a, (level_obstacles)
   049E FE 04         [ 7]  755     cp #0x04                ;; Si ya tengo 4 entidades no compruebo ninguna mas
   04A0 C8            [11]  756     ret z
   04A1 3E 76         [ 7]  757         ld a, #0x76
   04A3 CD 00 00      [17]  758         call set_y_last_obstacle
   04A6 CD 00 00      [17]  759         call generar1entidad
   04A9 C9            [10]  760         ret
                            761 
   04AA                     762     comprobarEntidades4lvl17:
   04AA 3A 00 00      [13]  763     ld a, (level_obstacles)
   04AD FE 06         [ 7]  764     cp #0x06                ;; Si ya tengo 6 entidades no compruebo ninguna mas
   04AF C8            [11]  765     ret z
   04B0 3E 76         [ 7]  766         ld a, #0x76
   04B2 CD 00 00      [17]  767         call set_y_last_obstacle
   04B5 CD 00 00      [17]  768         call generar1entidad
                            769         
   04B8 3E B4         [ 7]  770         ld a, #0xB4
   04BA CD 00 00      [17]  771         call set_y_last_obstacle
   04BD CD 00 00      [17]  772         call generar1entidad
   04C0 C9            [10]  773         ret
                            774 
   04C1                     775     comprobarEntidades5lvl17:
   04C1 3A 00 00      [13]  776     ld a, (level_obstacles)
   04C4 FE 07         [ 7]  777     cp #0x07                ;; Si ya tengo 7 entidades no compruebo ninguna mas
   04C6 C8            [11]  778     ret z
   04C7 3E B4         [ 7]  779         ld a, #0xB4
   04C9 CD 00 00      [17]  780         call set_y_ghost
   04CC CD 00 00      [17]  781         call  generar1entidadGhost
   04CF C9            [10]  782         ret
                            783     
   04D0                     784     comprobarEntidades6lvl17:
   04D0 3A 00 00      [13]  785     ld a, (level_obstacles)
   04D3 FE 08         [ 7]  786     cp #0x08                ;; Si ya tengo 8 entidades no compruebo ninguna mas
   04D5 C8            [11]  787     ret z
   04D6 3E 76         [ 7]  788         ld a, #0x76
   04D8 CD 00 00      [17]  789         call set_y_last_obstacle
ASxxxx Assembler V02.00 + NoICE + SDCC mods  (Zilog Z80 / Hitachi HD64180), page 20.
Hexadecimal [16-Bits]



   04DB CD 00 00      [17]  790         call generar1entidad
   04DE C9            [10]  791         ret
                            792 
   04DF                     793     comprobarEntidades7lvl17:
   04DF 3A 00 00      [13]  794     ld a, (level_obstacles)
   04E2 FE 0A         [ 7]  795     cp #0x0A                ;; Si ya tengo 10 entidades no compruebo ninguna mas
   04E4 C8            [11]  796     ret z
   04E5 3E 76         [ 7]  797         ld a, #0x76
   04E7 CD 00 00      [17]  798         call set_y_last_obstacle
   04EA CD 00 00      [17]  799         call generar1entidad
                            800         
   04ED 3E B4         [ 7]  801         ld a, #0xB4
   04EF CD 00 00      [17]  802         call set_y_last_obstacle
   04F2 CD 00 00      [17]  803         call generar1entidad
   04F5 C9            [10]  804         ret
                            805 
   04F6                     806     comprobarEntidades8lvl17:
   04F6 3A 00 00      [13]  807     ld a, (level_obstacles)
   04F9 FE 0B         [ 7]  808     cp #0x0B                ;; Si ya tengo 11 entidades no compruebo ninguna mas
   04FB C8            [11]  809     ret z
   04FC 3E B4         [ 7]  810         ld a, #0xB4
   04FE CD 00 00      [17]  811         call set_y_ghost
   0501 CD 00 00      [17]  812         call  generar1entidadGhost
   0504 C9            [10]  813         ret
                            814 
                            815 ;;;;;;;;;;;;;;;;;;;;;;;;;;;;;;;;;;;;;;;;;;;;;;;;;;;;;;;;;;;;;;;;;;;;;;;;;;;;;;;;;;;;;;;;;;;;
                            816 ;;
                            817 ;;
                            818 ;;  NIVEL 18 (HALLOWEEN)
                            819 ;;
                            820 ;;
                            821 ;;;;;;;;;;;;;;;;;;;;;;;;;;;;;;;;;;;;;;;;;;;;;;;;;;;;;;;;;;;;;;;;;;;;;;;;;;;;;;;;;;;;;;;;;;;;
   0505                     822 man_game_controller_lvl_18::
   0505 3A 00 00      [13]  823     ld a, (_level_seconds)  
   0508 FE 02         [ 7]  824     cp #0x02                      
   050A 28 22         [12]  825     jr z, comprobarEntidades1lvl18
   050C FE 06         [ 7]  826     cp #0x06
   050E 28 35         [12]  827     jr z, comprobarEntidades2lvl18
   0510 FE 08         [ 7]  828     cp #0x08
   0512 28 40         [12]  829     jr z, comprobarEntidades3lvl18
   0514 FE 0A         [ 7]  830     cp #0x0A
   0516 28 4B         [12]  831     jr z, comprobarEntidades4lvl18
   0518 FE 10         [ 7]  832     cp #0x10
   051A 28 56         [12]  833     jr z, comprobarEntidades5lvl18
   051C FE 12         [ 7]  834     cp #0x12
   051E 28 69         [12]  835     jr z, comprobarEntidades6lvl18
   0520 FE 14         [ 7]  836     cp #0x14
   0522 28 74         [12]  837     jr z, comprobarEntidades7lvl18
   0524 FE 16         [ 7]  838     cp #0x16
   0526 28 7F         [12]  839     jr z, comprobarEntidades8lvl18
   0528 FE 19         [ 7]  840     cp #0x19
   052A CA B6 05      [10]  841     jp z, comprobarEntidades9lvl18
   052D C9            [10]  842     ret
                            843     
   052E                     844     comprobarEntidades1lvl18:
ASxxxx Assembler V02.00 + NoICE + SDCC mods  (Zilog Z80 / Hitachi HD64180), page 21.
Hexadecimal [16-Bits]



   052E 3A 00 00      [13]  845     ld a, (level_obstacles)
   0531 FE 02         [ 7]  846     cp #0x02                ;; Si ya tengo 2 entidades no compruebo ninguna mas
   0533 C8            [11]  847     ret z
   0534 3E 76         [ 7]  848         ld a, #0x76
   0536 CD 00 00      [17]  849         call set_y_last_obstacle
   0539 CD 00 00      [17]  850         call generar1entidad
   053C 3E B4         [ 7]  851         ld a, #0xB4
   053E CD 00 00      [17]  852         call set_y_last_obstacle
   0541 CD 00 00      [17]  853         call generar1entidad
   0544 C9            [10]  854         ret
                            855 
   0545                     856     comprobarEntidades2lvl18:
   0545 3A 00 00      [13]  857     ld a, (level_obstacles)
   0548 FE 03         [ 7]  858     cp #0x03                ;; Si ya tengo 3 entidades no compruebo ninguna mas
   054A C8            [11]  859     ret z
   054B 3E 76         [ 7]  860         ld a, #0x76
   054D CD 00 00      [17]  861         call set_y_ghost
   0550 CD 00 00      [17]  862         call  generar1entidadGhost
   0553 C9            [10]  863         ret
                            864 
   0554                     865     comprobarEntidades3lvl18:
   0554 3A 00 00      [13]  866     ld a, (level_obstacles)
   0557 FE 04         [ 7]  867     cp #0x04                ;; Si ya tengo 4 entidades no compruebo ninguna mas
   0559 C8            [11]  868     ret z
   055A 3E B4         [ 7]  869         ld a, #0xB4
   055C CD 00 00      [17]  870         call set_y_ghost
   055F CD 00 00      [17]  871         call  generar1entidadGhost
   0562 C9            [10]  872         ret
                            873 
   0563                     874     comprobarEntidades4lvl18:
   0563 3A 00 00      [13]  875     ld a, (level_obstacles)
   0566 FE 05         [ 7]  876     cp #0x05                ;; Si ya tengo 5 entidades no compruebo ninguna mas
   0568 C8            [11]  877     ret z
   0569 3E 76         [ 7]  878         ld a, #0x76
   056B CD 00 00      [17]  879         call set_y_ghost
   056E CD 00 00      [17]  880         call  generar1entidadGhost
   0571 C9            [10]  881         ret 
                            882 
   0572                     883     comprobarEntidades5lvl18:
   0572 3A 00 00      [13]  884     ld a, (level_obstacles)
   0575 FE 07         [ 7]  885     cp #0x07                ;; Si ya tengo 7 entidades no compruebo ninguna mas
   0577 C8            [11]  886     ret z
   0578 3E 76         [ 7]  887         ld a, #0x76
   057A CD 00 00      [17]  888         call set_y_last_obstacle
   057D CD 00 00      [17]  889         call generar1entidad
   0580 3E B4         [ 7]  890         ld a, #0xB4
   0582 CD 00 00      [17]  891         call set_y_last_obstacle
   0585 CD 00 00      [17]  892         call generar1entidad
   0588 C9            [10]  893         ret
                            894 
   0589                     895     comprobarEntidades6lvl18:
   0589 3A 00 00      [13]  896     ld a, (level_obstacles)
   058C FE 08         [ 7]  897     cp #0x08                ;; Si ya tengo 8 entidades no compruebo ninguna mas
   058E C8            [11]  898     ret z
   058F 3E 76         [ 7]  899         ld a, #0x76
ASxxxx Assembler V02.00 + NoICE + SDCC mods  (Zilog Z80 / Hitachi HD64180), page 22.
Hexadecimal [16-Bits]



   0591 CD 00 00      [17]  900         call set_y_ghost
   0594 CD 00 00      [17]  901         call  generar1entidadGhost
   0597 C9            [10]  902         ret
                            903 
   0598                     904     comprobarEntidades7lvl18:
   0598 3A 00 00      [13]  905     ld a, (level_obstacles)
   059B FE 09         [ 7]  906     cp #0x09                ;; Si ya tengo 9 entidades no compruebo ninguna mas
   059D C8            [11]  907     ret z
   059E 3E B4         [ 7]  908         ld a, #0xB4
   05A0 CD 00 00      [17]  909         call set_y_ghost
   05A3 CD 00 00      [17]  910         call  generar1entidadGhost
   05A6 C9            [10]  911         ret
                            912 
   05A7                     913     comprobarEntidades8lvl18:
   05A7 3A 00 00      [13]  914     ld a, (level_obstacles)
   05AA FE 0A         [ 7]  915     cp #0x0A                ;; Si ya tengo 10 entidades no compruebo ninguna mas
   05AC C8            [11]  916     ret z
   05AD 3E 76         [ 7]  917         ld a, #0x76
   05AF CD 00 00      [17]  918         call set_y_ghost
   05B2 CD 00 00      [17]  919         call  generar1entidadGhost
   05B5 C9            [10]  920         ret
                            921 
   05B6                     922     comprobarEntidades9lvl18:
   05B6 3A 00 00      [13]  923     ld a, (level_obstacles)
   05B9 FE 0B         [ 7]  924     cp #0x0B                ;; Si ya tengo 11 entidades no compruebo ninguna mas
   05BB C8            [11]  925     ret z
   05BC 3E B4         [ 7]  926         ld a, #0xB4
   05BE CD 00 00      [17]  927         call set_y_last_obstacle
   05C1 CD 00 00      [17]  928         call generar1entidad
   05C4 C9            [10]  929         ret
                            930 
                            931 ;;;;;;;;;;;;;;;;;;;;;;;;;;;;;;;;;;;;;;;;;;;;;;;;;;;;;;;;;;;;;;;;;;;;;;;;;;;;;;;;;;;;;;;;;;;;
                            932 ;;
                            933 ;;
                            934 ;;  NIVEL 19 (HALLOWEEN)
                            935 ;;
                            936 ;;
                            937 ;;;;;;;;;;;;;;;;;;;;;;;;;;;;;;;;;;;;;;;;;;;;;;;;;;;;;;;;;;;;;;;;;;;;;;;;;;;;;;;;;;;;;;;;;;;;
   05C5                     938 man_game_controller_lvl_19::
   05C5 3A 00 00      [13]  939     ld a, (_level_seconds)  
   05C8 FE 02         [ 7]  940     cp #0x02                      
   05CA 28 1F         [12]  941     jr z, comprobarEntidades1lvl19
   05CC FE 06         [ 7]  942     cp #0x06
   05CE 28 32         [12]  943     jr z, comprobarEntidades2lvl19
   05D0 FE 0A         [ 7]  944     cp #0x0A
   05D2 28 45         [12]  945     jr z, comprobarEntidades3lvl19
   05D4 FE 0B         [ 7]  946     cp #0x0B
   05D6 28 50         [12]  947     jr z, comprobarEntidades4lvl19
   05D8 FE 0C         [ 7]  948     cp #0x0C
   05DA 28 5B         [12]  949     jr z, comprobarEntidades5lvl19
   05DC FE 0F         [ 7]  950     cp #0x0F
   05DE 28 66         [12]  951     jr z, comprobarEntidades6lvl19
   05E0 FE 14         [ 7]  952     cp #0x14
   05E2 CA 5D 06      [10]  953     jp z, comprobarEntidades7lvl19
   05E5 FE 18         [ 7]  954     cp #0x18
ASxxxx Assembler V02.00 + NoICE + SDCC mods  (Zilog Z80 / Hitachi HD64180), page 23.
Hexadecimal [16-Bits]



   05E7 CA 74 06      [10]  955     jp z, comprobarEntidades8lvl19
   05EA C9            [10]  956     ret
                            957     
   05EB                     958     comprobarEntidades1lvl19:
   05EB 3A 00 00      [13]  959     ld a, (level_obstacles)
   05EE FE 02         [ 7]  960     cp #0x02                ;; Si ya tengo 2 entidades no compruebo ninguna mas
   05F0 C8            [11]  961     ret z
   05F1 3E 76         [ 7]  962         ld a, #0x76
   05F3 CD 00 00      [17]  963         call set_y_ghost
   05F6 CD 00 00      [17]  964         call generar1entidadGhost
                            965         
   05F9 3E B4         [ 7]  966         ld a, #0xB4
   05FB CD 00 00      [17]  967         call set_y_ghost
   05FE CD 00 00      [17]  968         call generar1entidadGhost
   0601 C9            [10]  969         ret
                            970     
   0602                     971     comprobarEntidades2lvl19:
   0602 3A 00 00      [13]  972     ld a, (level_obstacles)
   0605 FE 04         [ 7]  973     cp #0x04                ;; Si ya tengo 4 entidades no compruebo ninguna mas
   0607 C8            [11]  974     ret z
   0608 3E 76         [ 7]  975         ld a, #0x76
   060A CD 00 00      [17]  976         call set_y_last_obstacle
   060D CD 00 00      [17]  977         call generar1entidad
                            978         
   0610 3E B4         [ 7]  979         ld a, #0xB4
   0612 CD 00 00      [17]  980         call set_y_last_obstacle
   0615 CD 00 00      [17]  981         call generar1entidad
   0618 C9            [10]  982         ret
                            983     
   0619                     984     comprobarEntidades3lvl19:
   0619 3A 00 00      [13]  985     ld a, (level_obstacles)
   061C FE 05         [ 7]  986     cp #0x05                ;; Si ya tengo 5 entidades no compruebo ninguna mas
   061E C8            [11]  987     ret z
   061F 3E 76         [ 7]  988         ld a, #0x76
   0621 CD 00 00      [17]  989         call set_y_last_obstacle
   0624 CD 00 00      [17]  990         call generar1entidad
   0627 C9            [10]  991         ret
                            992     
   0628                     993     comprobarEntidades4lvl19:
   0628 3A 00 00      [13]  994     ld a, (level_obstacles)
   062B FE 06         [ 7]  995     cp #0x06                ;; Si ya tengo 6 entidades no compruebo ninguna mas
   062D C8            [11]  996     ret z
   062E 3E 95         [ 7]  997         ld a, #0x95
   0630 CD 00 00      [17]  998         call set_y_last_obstacle
   0633 CD 00 00      [17]  999         call generar1entidad
   0636 C9            [10] 1000         ret
                           1001     
   0637                    1002     comprobarEntidades5lvl19:
   0637 3A 00 00      [13] 1003     ld a, (level_obstacles)
   063A FE 07         [ 7] 1004     cp #0x07                ;; Si ya tengo 7 entidades no compruebo ninguna mas
   063C C8            [11] 1005     ret z
   063D 3E B4         [ 7] 1006         ld a, #0xB4
   063F CD 00 00      [17] 1007         call set_y_last_obstacle
   0642 CD 00 00      [17] 1008         call generar1entidad
   0645 C9            [10] 1009         ret
ASxxxx Assembler V02.00 + NoICE + SDCC mods  (Zilog Z80 / Hitachi HD64180), page 24.
Hexadecimal [16-Bits]



                           1010 
   0646                    1011     comprobarEntidades6lvl19:
   0646 3A 00 00      [13] 1012     ld a, (level_obstacles)
   0649 FE 09         [ 7] 1013     cp #0x09                ;; Si ya tengo 9 entidades no compruebo ninguna mas
   064B C8            [11] 1014     ret z
   064C 3E 86         [ 7] 1015         ld a, #0x86
   064E CD 00 00      [17] 1016         call set_y_last_obstacle
   0651 CD 00 00      [17] 1017         call generar1entidad
                           1018         
   0654 3E A5         [ 7] 1019         ld a, #0xA5
   0656 CD 00 00      [17] 1020         call set_y_last_obstacle
   0659 CD 00 00      [17] 1021         call generar1entidad
   065C C9            [10] 1022         ret
                           1023 
   065D                    1024     comprobarEntidades7lvl19:
   065D 3A 00 00      [13] 1025     ld a, (level_obstacles)
   0660 FE 0B         [ 7] 1026     cp #0x0B                ;; Si ya tengo 11 entidades no compruebo ninguna mas
   0662 C8            [11] 1027     ret z
   0663 3E 76         [ 7] 1028         ld a, #0x76
   0665 CD 00 00      [17] 1029         call set_y_ghost
   0668 CD 00 00      [17] 1030         call generar1entidadGhost
                           1031         
   066B 3E B4         [ 7] 1032         ld a, #0xB4
   066D CD 00 00      [17] 1033         call set_y_ghost
   0670 CD 00 00      [17] 1034         call generar1entidadGhost
   0673 C9            [10] 1035         ret
                           1036 
   0674                    1037     comprobarEntidades8lvl19:
   0674 3A 00 00      [13] 1038     ld a, (level_obstacles)
   0677 FE 0D         [ 7] 1039     cp #0x0D                ;; Si ya tengo 10 entidades no compruebo ninguna mas
   0679 C8            [11] 1040     ret z
   067A 3E 76         [ 7] 1041         ld a, #0x76
   067C CD 00 00      [17] 1042         call set_y_last_obstacle
   067F CD 00 00      [17] 1043         call generar1entidad
                           1044         
   0682 3E B4         [ 7] 1045         ld a, #0xB4
   0684 CD 00 00      [17] 1046         call set_y_last_obstacle
   0687 CD 00 00      [17] 1047         call generar1entidad
   068A C9            [10] 1048         ret 
                           1049    
                           1050 ;;;;;;;;;;;;;;;;;;;;;;;;;;;;;;;;;;;;;;;;;;;;;;;;;;;;;;;;;;;;;;;;;;;;;;;;;;;;;;;;;;;;;;;;;;;;
                           1051 ;;
                           1052 ;;
                           1053 ;;  NIVEL 20 (HALLOWEEN)
                           1054 ;;
                           1055 ;;
                           1056 ;;;;;;;;;;;;;;;;;;;;;;;;;;;;;;;;;;;;;;;;;;;;;;;;;;;;;;;;;;;;;;;;;;;;;;;;;;;;;;;;;;;;;;;;;;;;
   068B                    1057 man_game_controller_lvl_20::
   068B 3A 00 00      [13] 1058     ld a, (_level_seconds)  
   068E FE 02         [ 7] 1059     cp #0x02                      
   0690 28 23         [12] 1060     jr z, comprobarEntidades1lvl20
   0692 FE 06         [ 7] 1061     cp #0x06
   0694 28 36         [12] 1062     jr z, comprobarEntidades2lvl20
   0696 FE 0A         [ 7] 1063     cp #0x0A
   0698 28 49         [12] 1064     jr z, comprobarEntidades3lvl20
ASxxxx Assembler V02.00 + NoICE + SDCC mods  (Zilog Z80 / Hitachi HD64180), page 25.
Hexadecimal [16-Bits]



   069A FE 0B         [ 7] 1065     cp #0x0B
   069C 28 54         [12] 1066     jr z, comprobarEntidades4lvl20    
   069E FE 0E         [ 7] 1067     cp #0x0E
   06A0 28 5F         [12] 1068     jr z, comprobarEntidades5lvl20
   06A2 FE 0F         [ 7] 1069     cp #0x0F
   06A4 28 6A         [12] 1070     jr z, comprobarEntidades6lvl20
   06A6 FE 13         [ 7] 1071     cp #0x13
   06A8 28 75         [12] 1072     jr z, comprobarEntidades7lvl20
   06AA FE 14         [ 7] 1073     cp #0x14
   06AC CA 2E 07      [10] 1074     jp z, comprobarEntidades8lvl20
   06AF FE 18         [ 7] 1075     cp #0x18
   06B1 CA 3D 07      [10] 1076     jp z, comprobarEntidades9lvl20
   06B4 C9            [10] 1077     ret
                           1078     
   06B5                    1079     comprobarEntidades1lvl20:
   06B5 3A 00 00      [13] 1080     ld a, (level_obstacles)
   06B8 FE 02         [ 7] 1081     cp #0x02                ;; Si ya tengo 2 entidades no compruebo ninguna mas
   06BA C8            [11] 1082     ret z
   06BB 3E 76         [ 7] 1083         ld a, #0x76
   06BD CD 00 00      [17] 1084         call set_y_ghost
   06C0 CD 00 00      [17] 1085         call generar1entidadGhost
                           1086         
   06C3 3E B4         [ 7] 1087         ld a, #0xB4
   06C5 CD 00 00      [17] 1088         call set_y_ghost
   06C8 CD 00 00      [17] 1089         call generar1entidadGhost
   06CB C9            [10] 1090         ret
                           1091 
   06CC                    1092     comprobarEntidades2lvl20:
   06CC 3A 00 00      [13] 1093     ld a, (level_obstacles)
   06CF FE 04         [ 7] 1094     cp #0x04                ;; Si ya tengo 4 entidades no compruebo ninguna mas
   06D1 C8            [11] 1095     ret z
   06D2 3E 76         [ 7] 1096         ld a, #0x76
   06D4 CD 00 00      [17] 1097         call set_y_ghost
   06D7 CD 00 00      [17] 1098         call generar1entidadGhost
                           1099         
   06DA 3E B4         [ 7] 1100         ld a, #0xB4
   06DC CD 00 00      [17] 1101         call set_y_ghost
   06DF CD 00 00      [17] 1102         call generar1entidadGhost
   06E2 C9            [10] 1103         ret
                           1104 
   06E3                    1105     comprobarEntidades3lvl20:
   06E3 3A 00 00      [13] 1106     ld a, (level_obstacles)
   06E6 FE 05         [ 7] 1107     cp #0x05                ;; Si ya tengo 5 entidades no compruebo ninguna mas
   06E8 C8            [11] 1108     ret z
   06E9 3E 76         [ 7] 1109         ld a, #0x76
   06EB CD 00 00      [17] 1110         call set_y_ghost
   06EE CD 00 00      [17] 1111         call generar1entidadGhost
   06F1 C9            [10] 1112         ret
                           1113 
   06F2                    1114     comprobarEntidades4lvl20:
   06F2 3A 00 00      [13] 1115     ld a, (level_obstacles)
   06F5 FE 06         [ 7] 1116     cp #0x06                ;; Si ya tengo 6 entidades no compruebo ninguna mas
   06F7 C8            [11] 1117     ret z       
   06F8 3E 76         [ 7] 1118         ld a, #0x76
   06FA CD 00 00      [17] 1119         call set_y_ghost
ASxxxx Assembler V02.00 + NoICE + SDCC mods  (Zilog Z80 / Hitachi HD64180), page 26.
Hexadecimal [16-Bits]



   06FD CD 00 00      [17] 1120         call generar1entidadGhost
   0700 C9            [10] 1121         ret
                           1122 
   0701                    1123     comprobarEntidades5lvl20:
   0701 3A 00 00      [13] 1124     ld a, (level_obstacles)
   0704 FE 07         [ 7] 1125     cp #0x07                ;; Si ya tengo 7 entidades no compruebo ninguna mas
   0706 C8            [11] 1126     ret z
   0707 3E 76         [ 7] 1127         ld a, #0x76
   0709 CD 00 00      [17] 1128         call set_y_ghost
   070C CD 00 00      [17] 1129         call generar1entidadGhost
   070F C9            [10] 1130         ret
                           1131 
   0710                    1132     comprobarEntidades6lvl20:
   0710 3A 00 00      [13] 1133     ld a, (level_obstacles)
   0713 FE 08         [ 7] 1134     cp #0x08                ;; Si ya tengo 8 entidades no compruebo ninguna mas
   0715 C8            [11] 1135     ret z       
   0716 3E B4         [ 7] 1136         ld a, #0xB4
   0718 CD 00 00      [17] 1137         call set_y_ghost
   071B CD 00 00      [17] 1138         call generar1entidadGhost
   071E C9            [10] 1139         ret
                           1140     
   071F                    1141     comprobarEntidades7lvl20:
   071F 3A 00 00      [13] 1142     ld a, (level_obstacles)
   0722 FE 09         [ 7] 1143     cp #0x09                ;; Si ya tengo 9 entidades no compruebo ninguna mas
   0724 C8            [11] 1144     ret z
   0725 3E B4         [ 7] 1145         ld a, #0xB4
   0727 CD 00 00      [17] 1146         call set_y_ghost
   072A CD 00 00      [17] 1147         call generar1entidadGhost
   072D C9            [10] 1148         ret
                           1149 
   072E                    1150     comprobarEntidades8lvl20:
   072E 3A 00 00      [13] 1151     ld a, (level_obstacles)
   0731 FE 0A         [ 7] 1152     cp #0x0A                ;; Si ya tengo 10 entidades no compruebo ninguna mas
   0733 C8            [11] 1153     ret z       
   0734 3E B4         [ 7] 1154         ld a, #0xB4
   0736 CD 00 00      [17] 1155         call set_y_ghost
   0739 CD 00 00      [17] 1156         call generar1entidadGhost
   073C C9            [10] 1157         ret
                           1158     
   073D                    1159     comprobarEntidades9lvl20:
   073D 3A 00 00      [13] 1160     ld a, (level_obstacles)
   0740 FE 0C         [ 7] 1161     cp #0x0C                ;; Si ya tengo 14 entidades no compruebo ninguna mas
   0742 C8            [11] 1162     ret z
   0743 3E A4         [ 7] 1163         ld a, #0xA4
   0745 CD 00 00      [17] 1164         call set_y_last_obstacle
   0748 CD 00 00      [17] 1165         call generar1entidad
   074B 3E B4         [ 7] 1166         ld a, #0xB4
   074D CD 00 00      [17] 1167         call set_y_last_obstacle
   0750 CD 00 00      [17] 1168         call generar1entidad
   0753 C9            [10] 1169         ret
