ASxxxx Assembler V02.00 + NoICE + SDCC mods  (Zilog Z80 / Hitachi HD64180), page 1.
Hexadecimal [16-Bits]



                              1 ;;----------------------------------LICENSE NOTICE-----------------------------------------------------
                              2 ;;Slimy is a challenging videogame made for Amstrad CPC
                              3 ;;    Copyright (C) 2020  Maria del Rosario Fernandez Garcia // David Llopis Romero // Jessica Hernandez Gomez
                              4 ;;
                              5 ;;    This program is free software: you can redistribute it and/or modify
                              6 ;;    it under the terms of the GNU General Public License as published by
                              7 ;;    the Free Software Foundation, either version 3 of the License, or
                              8 ;;    (at your option) any later version.
                              9 ;;
                             10 ;;    This program is distributed in the hope that it will be useful,
                             11 ;;    but WITHOUT ANY WARRANTY; without even the implied warranty of
                             12 ;;    MERCHANTABILITY or FITNESS FOR A PARTICULAR PURPOSE.  See the
                             13 ;;    GNU General Public License for more details.
                             14 ;;
                             15 ;;    You should have received a copy of the GNU General Public License
                             16 ;;    along with this program.  If not, see <https://www.gnu.org/licenses/>.
                             17 ;;------------------------------------------------------------------------------------------------------
                             18 .globl obstacle_update
                             19 .globl obstacle_init
                             20 .globl obstacle_getIYPtr
                             21 .globl obstacle_getIXPtr
                             22 .globl _obstacle_sp_0
                             23 .globl _obstacle_sp_1
                             24 .globl obstacle_size
                             25 .globl max_obstacles
                             26 .globl obstacle_array_size
                             27 .globl generar1entidad
                             28 .globl generar1entidadWave
                             29 .globl obs_doForAll
                             30 .globl get_lastObsPtr
                             31 .globl set_y_last_obstacle
                             32 .globl set_x_last_obstacle
                             33 .globl set_y_wave
                             34 .globl obs_getObstacleArray_IX
                             35 .globl obs_getObstacleArray_IX
                             36 .globl obs_getNumObstacles_A
                             37 .globl obs_destroy
                             38 .globl num_obstacles_marcados
                             39 .globl last_obs_ptr
                             40 .globl obstacle_array
                             41 .globl obs_destroy_all
                             42 .globl generar1entidadGhost
                             43 .globl set_y_ghost
                             44 .globl position_update
                             45 .globl generar1entidadBig
                             46 .globl set_y_bigobstacle
                             47 ;;.globl obstacle_restart
                             48 ;;.globl set_y_obstacles
                             49 ;;.globl obs_destroy_all
                             50 ;;;;;;;;;;;;;;;;;;;;;;
                             51 ;;                  ;;
                             52 ;;    CONSTANTES    ;;
                             53 ;;                  ;;
                             54 ;;;;;;;;;;;;;;;;;;;;;;
                     000A    55 obstacle_size  == 10
ASxxxx Assembler V02.00 + NoICE + SDCC mods  (Zilog Z80 / Hitachi HD64180), page 2.
Hexadecimal [16-Bits]



                     0014    56 max_obstacles == 20
                     00C8    57 obstacle_array_size == obstacle_size*max_obstacles
