ASxxxx Assembler V02.00 + NoICE + SDCC mods  (Zilog Z80 / Hitachi HD64180), page 1.
Hexadecimal [16-Bits]



                              1 ;;----------------------------------LICENSE NOTICE-----------------------------------------------------
                              2 ;;Slimy is a challenging videogame made for Amstrad CPC
                              3 ;;    Copyright (C) 2020  Maria del Rosario Fernandez Garcia // David Llopis Romero // Jessica Hernandez Gomez
                              4 ;;
                              5 ;;    This program is free software: you can redistribute it and/or modify
                              6 ;;    it under the terms of the GNU General Public License as published by
                              7 ;;    the Free Software Foundation, either version 3 of the License, or
                              8 ;;    (at your option) any later version.
                              9 ;;
                             10 ;;    This program is distributed in the hope that it will be useful,
                             11 ;;    but WITHOUT ANY WARRANTY; without even the implied warranty of
                             12 ;;    MERCHANTABILITY or FITNESS FOR A PARTICULAR PURPOSE.  See the
                             13 ;;    GNU General Public License for more details.
                             14 ;;
                             15 ;;    You should have received a copy of the GNU General Public License
                             16 ;;    along with this program.  If not, see <https://www.gnu.org/licenses/>.
                             17 ;;------------------------------------------------------------------------------------------------------
ASxxxx Assembler V02.00 + NoICE + SDCC mods  (Zilog Z80 / Hitachi HD64180), page 2.
Hexadecimal [16-Bits]



                             18 .include "game.h.s"
                              1 ;;----------------------------------LICENSE NOTICE-----------------------------------------------------
                              2 ;;Slimy is a challenging videogame made for Amstrad CPC
                              3 ;;    Copyright (C) 2020  Maria del Rosario Fernandez Garcia // David Llopis Romero // Jessica Hernandez Gomez
                              4 ;;
                              5 ;;    This program is free software: you can redistribute it and/or modify
                              6 ;;    it under the terms of the GNU General Public License as published by
                              7 ;;    the Free Software Foundation, either version 3 of the License, or
                              8 ;;    (at your option) any later version.
                              9 ;;
                             10 ;;    This program is distributed in the hope that it will be useful,
                             11 ;;    but WITHOUT ANY WARRANTY; without even the implied warranty of
                             12 ;;    MERCHANTABILITY or FITNESS FOR A PARTICULAR PURPOSE.  See the
                             13 ;;    GNU General Public License for more details.
                             14 ;;
                             15 ;;    You should have received a copy of the GNU General Public License
                             16 ;;    along with this program.  If not, see <https://www.gnu.org/licenses/>.
                             17 ;;------------------------------------------------------------------------------------------------------
                             18 .globl man_game_init
                             19 .globl man_game_restart
                             20 .globl man_game_init_lvl_123
                             21 .globl man_game_check_level
                             22 .globl man_game_init_lvl
                             23 .globl _juego_pausado
                             24 .globl init_game
                             25 .globl _level_seconds
                             26 .globl level_obstacles
                             27 .globl level
                             28 
                             29 .globl man_game_controller_lvl_1
                             30 .globl man_game_controller_lvl_2
                             31 .globl man_game_controller_lvl_3
                             32 .globl man_game_controller_lvl_4
                             33 .globl man_game_controller_lvl_5
                             34 .globl man_game_controller_lvl_6
                             35 .globl man_game_controller_lvl_7
                             36 .globl man_game_controller_lvl_8
                             37 .globl man_game_controller_lvl_9
                             38 .globl man_game_controller_lvl_10
                             39 .globl man_game_controller_lvl_11
                             40 .globl man_game_controller_lvl_12
                             41 .globl man_game_controller_lvl_13
                             42 .globl man_game_controller_lvl_14
                             43 .globl man_game_controller_lvl_15
                             44 .globl man_game_controller_lvl_16
                             45 .globl man_game_controller_lvl_17
                             46 .globl man_game_controller_lvl_18
                             47 .globl man_game_controller_lvl_19
                             48 .globl man_game_controller_lvl_20
                             49 .globl man_game_controller_lvl_21
                             50 .globl man_game_controller_lvl_22
                             51 .globl man_game_controller_lvl_23
                             52 .globl man_game_controller_lvl_24
                             53 .globl man_game_controller_lvl_25
                             54 .globl man_game_controller_lvl_26
ASxxxx Assembler V02.00 + NoICE + SDCC mods  (Zilog Z80 / Hitachi HD64180), page 3.
Hexadecimal [16-Bits]



                             55 .globl man_game_controller_lvl_27
                             56 .globl man_game_controller_lvl_28
                             57 .globl man_game_controller_lvl_29
                             58 .globl man_game_controller_lvl_30
ASxxxx Assembler V02.00 + NoICE + SDCC mods  (Zilog Z80 / Hitachi HD64180), page 4.
Hexadecimal [16-Bits]



                             19 .include "obstacles.h.s"
                              1 ;;----------------------------------LICENSE NOTICE-----------------------------------------------------
                              2 ;;Slimy is a challenging videogame made for Amstrad CPC
                              3 ;;    Copyright (C) 2020  Maria del Rosario Fernandez Garcia // David Llopis Romero // Jessica Hernandez Gomez
                              4 ;;
                              5 ;;    This program is free software: you can redistribute it and/or modify
                              6 ;;    it under the terms of the GNU General Public License as published by
                              7 ;;    the Free Software Foundation, either version 3 of the License, or
                              8 ;;    (at your option) any later version.
                              9 ;;
                             10 ;;    This program is distributed in the hope that it will be useful,
                             11 ;;    but WITHOUT ANY WARRANTY; without even the implied warranty of
                             12 ;;    MERCHANTABILITY or FITNESS FOR A PARTICULAR PURPOSE.  See the
                             13 ;;    GNU General Public License for more details.
                             14 ;;
                             15 ;;    You should have received a copy of the GNU General Public License
                             16 ;;    along with this program.  If not, see <https://www.gnu.org/licenses/>.
                             17 ;;------------------------------------------------------------------------------------------------------
                             18 .globl obstacle_update
                             19 .globl obstacle_init
                             20 .globl obstacle_getIYPtr
                             21 .globl obstacle_getIXPtr
                             22 .globl _obstacle_sp_0
                             23 .globl _obstacle_sp_1
                             24 .globl obstacle_size
                             25 .globl max_obstacles
                             26 .globl obstacle_array_size
                             27 .globl generar1entidad
                             28 .globl generar1entidadWave
                             29 .globl obs_doForAll
                             30 .globl get_lastObsPtr
                             31 .globl set_y_last_obstacle
                             32 .globl set_x_last_obstacle
                             33 .globl set_y_wave
                             34 .globl obs_getObstacleArray_IX
                             35 .globl obs_getObstacleArray_IX
                             36 .globl obs_getNumObstacles_A
                             37 .globl obs_destroy
                             38 .globl num_obstacles_marcados
                             39 .globl last_obs_ptr
                             40 .globl obstacle_array
                             41 .globl obs_destroy_all
                             42 .globl generar1entidadGhost
                             43 .globl set_y_ghost
                             44 .globl position_update
                             45 .globl generar1entidadBig
                             46 .globl set_y_bigobstacle
                             47 ;;.globl obstacle_restart
                             48 ;;.globl set_y_obstacles
                             49 ;;.globl obs_destroy_all
                             50 ;;;;;;;;;;;;;;;;;;;;;;
                             51 ;;                  ;;
                             52 ;;    CONSTANTES    ;;
                             53 ;;                  ;;
                             54 ;;;;;;;;;;;;;;;;;;;;;;
ASxxxx Assembler V02.00 + NoICE + SDCC mods  (Zilog Z80 / Hitachi HD64180), page 5.
Hexadecimal [16-Bits]



                     000A    55 obstacle_size  == 10
                     0014    56 max_obstacles == 20
                     00C8    57 obstacle_array_size == obstacle_size*max_obstacles
ASxxxx Assembler V02.00 + NoICE + SDCC mods  (Zilog Z80 / Hitachi HD64180), page 6.
Hexadecimal [16-Bits]



                             20 
                             21 ;;;;;;;;;;;;;;;;;;;;;;;;;;;;;;;;;;;;;;;;;;;;;;;;;;;;;;;;;;;;;;;;;;;;;;;;;;;;;;;;;;;;;;;;;;;;
                             22 ;;
                             23 ;;
                             24 ;;  NIVEL 21 (FUEGUITO)
                             25 ;;
                             26 ;;
                             27 ;;;;;;;;;;;;;;;;;;;;;;;;;;;;;;;;;;;;;;;;;;;;;;;;;;;;;;;;;;;;;;;;;;;;;;;;;;;;;;;;;;;;;;;;;;;;
   0000                      28 man_game_controller_lvl_21::
   0000 3A 00 00      [13]   29     ld a, (_level_seconds)  
   0003 FE 01         [ 7]   30     cp #0x01                      
   0005 28 15         [12]   31     jr z, comprobarEntidades1lvl21
   0007 FE 05         [ 7]   32     cp #0x05
   0009 28 20         [12]   33     jr z, comprobarEntidades2lvl21
   000B FE 0A         [ 7]   34     cp #0x0A                                
   000D 28 2B         [12]   35     jr z, comprobarEntidades3lvl21
   000F FE 0D         [ 7]   36     cp #0x0D
   0011 28 36         [12]   37     jr z, comprobarEntidades4lvl21
   0013 FE 13         [ 7]   38     cp #0x13
   0015 28 41         [12]   39     jr z, comprobarEntidades5lvl21
   0017 FE 18         [ 7]   40     cp #0x18
   0019 28 4C         [12]   41     jr z, comprobarEntidades6lvl21
   001B C9            [10]   42     ret
                             43 
   001C                      44     comprobarEntidades1lvl21:
   001C 3A 00 00      [13]   45     ld a, (level_obstacles)
   001F FE 01         [ 7]   46     cp #0x01                ;; Si ya tengo 1 entidades no compruebo ninguna mas
   0021 C8            [11]   47     ret z
   0022 3E B4         [ 7]   48         ld a, #0xB4
   0024 CD 00 00      [17]   49         call set_y_last_obstacle
   0027 CD 00 00      [17]   50         call generar1entidad    
   002A C9            [10]   51         ret
                             52 
   002B                      53     comprobarEntidades2lvl21:
   002B 3A 00 00      [13]   54     ld a, (level_obstacles)
   002E FE 02         [ 7]   55     cp #0x02                ;; Si ya tengo 2 entidades no compruebo ninguna mas
   0030 C8            [11]   56     ret z
   0031 3E 76         [ 7]   57         ld a, #0x76
   0033 CD 00 00      [17]   58         call set_y_bigobstacle
   0036 CD 00 00      [17]   59         call generar1entidadBig
   0039 C9            [10]   60         ret
                             61 
   003A                      62     comprobarEntidades3lvl21:
   003A 3A 00 00      [13]   63     ld a, (level_obstacles)
   003D FE 03         [ 7]   64     cp #0x03                ;; Si ya tengo 3 entidades no compruebo ninguna mas
   003F C8            [11]   65     ret z
   0040 3E AC         [ 7]   66         ld a, #0xAC
   0042 CD 00 00      [17]   67         call set_y_wave
   0045 CD 00 00      [17]   68         call generar1entidadWave
   0048 C9            [10]   69         ret
                             70 
   0049                      71     comprobarEntidades4lvl21:
   0049 3A 00 00      [13]   72     ld a, (level_obstacles)
   004C FE 04         [ 7]   73     cp #0x04                ;; Si ya tengo 4 entidades no compruebo ninguna mas
   004E C8            [11]   74     ret z
ASxxxx Assembler V02.00 + NoICE + SDCC mods  (Zilog Z80 / Hitachi HD64180), page 7.
Hexadecimal [16-Bits]



   004F 3E 76         [ 7]   75         ld a, #0x76
   0051 CD 00 00      [17]   76         call set_y_ghost
   0054 CD 00 00      [17]   77         call generar1entidadGhost
   0057 C9            [10]   78         ret        
                             79  
   0058                      80     comprobarEntidades5lvl21:
   0058 3A 00 00      [13]   81     ld a, (level_obstacles)
   005B FE 05         [ 7]   82     cp #0x05                ;; Si ya tengo 5 entidades no compruebo ninguna mas
   005D C8            [11]   83     ret z
   005E 3E B4         [ 7]   84         ld a, #0xB4
   0060 CD 00 00      [17]   85         call set_y_last_obstacle     
   0063 CD 00 00      [17]   86         call generar1entidad
   0066 C9            [10]   87         ret        
                             88 
   0067                      89     comprobarEntidades6lvl21:
   0067 3A 00 00      [13]   90     ld a, (level_obstacles)
   006A FE 06         [ 7]   91     cp #0x06                ;; Si ya tengo 6 entidades no compruebo ninguna mas
   006C C8            [11]   92     ret z
   006D 3E 76         [ 7]   93         ld a, #0x76
   006F CD 00 00      [17]   94         call set_y_last_obstacle     
   0072 CD 00 00      [17]   95         call generar1entidad
   0075 C9            [10]   96         ret  
                             97  
                             98 ;;;;;;;;;;;;;;;;;;;;;;;;;;;;;;;;;;;;;;;;;;;;;;;;;;;;;;;;;;;;;;;;;;;;;;;;;;;;;;;;;;;;;;;;;;;;
                             99 ;;
                            100 ;;
                            101 ;;  NIVEL 22 (FUEGUITO)
                            102 ;;
                            103 ;;
                            104 ;;;;;;;;;;;;;;;;;;;;;;;;;;;;;;;;;;;;;;;;;;;;;;;;;;;;;;;;;;;;;;;;;;;;;;;;;;;;;;;;;;;;;;;;;;;;
   0076                     105 man_game_controller_lvl_22::
   0076 3A 00 00      [13]  106     ld a, (_level_seconds)  
   0079 FE 01         [ 7]  107     cp #0x01                      
   007B 28 1D         [12]  108     jr z, comprobarEntidades1lvl22
   007D FE 03         [ 7]  109     cp #0x03
   007F 28 28         [12]  110     jr z, comprobarEntidades2lvl22
   0081 FE 07         [ 7]  111     cp #0x07                             
   0083 28 33         [12]  112     jr z, comprobarEntidades3lvl22
   0085 FE 09         [ 7]  113     cp #0x09
   0087 28 3E         [12]  114     jr z, comprobarEntidades4lvl22
   0089 FE 0C         [ 7]  115     cp #0x0C
   008B 28 49         [12]  116     jr z, comprobarEntidades5lvl22
   008D FE 0F         [ 7]  117     cp #0x0F
   008F 28 54         [12]  118     jr z, comprobarEntidades6lvl22
   0091 FE 14         [ 7]  119     cp #0x14
   0093 28 5F         [12]  120     jr z, comprobarEntidades7lvl22
   0095 FE 18         [ 7]  121     cp #0x18
   0097 28 72         [12]  122     jr z, comprobarEntidades8lvl22
   0099 C9            [10]  123     ret
                            124 
   009A                     125     comprobarEntidades1lvl22:
   009A 3A 00 00      [13]  126     ld a, (level_obstacles)
   009D FE 01         [ 7]  127     cp #0x01                ;; Si ya tengo 1 entidades no compruebo ninguna mas
   009F C8            [11]  128     ret z
   00A0 3E B4         [ 7]  129         ld a, #0xB4
ASxxxx Assembler V02.00 + NoICE + SDCC mods  (Zilog Z80 / Hitachi HD64180), page 8.
Hexadecimal [16-Bits]



   00A2 CD 00 00      [17]  130         call  set_y_ghost
   00A5 CD 00 00      [17]  131         call  generar1entidadGhost
   00A8 C9            [10]  132         ret
                            133 
   00A9                     134     comprobarEntidades2lvl22:
   00A9 3A 00 00      [13]  135     ld a, (level_obstacles)
   00AC FE 02         [ 7]  136     cp #0x02                ;; Si ya tengo 2 entidades no compruebo ninguna mas
   00AE C8            [11]  137     ret z
   00AF 3E 98         [ 7]  138         ld a, #0x98
   00B1 CD 00 00      [17]  139         call set_y_bigobstacle
   00B4 CD 00 00      [17]  140         call generar1entidadBig
   00B7 C9            [10]  141         ret
                            142 
   00B8                     143     comprobarEntidades3lvl22:
   00B8 3A 00 00      [13]  144     ld a, (level_obstacles)
   00BB FE 03         [ 7]  145     cp #0x03                ;; Si ya tengo 3 entidades no compruebo ninguna mas
   00BD C8            [11]  146     ret z
   00BE 3E 76         [ 7]  147         ld a, #0x76
   00C0 CD 00 00      [17]  148         call set_y_last_obstacle     
   00C3 CD 00 00      [17]  149         call generar1entidad
   00C6 C9            [10]  150         ret
                            151 
   00C7                     152     comprobarEntidades4lvl22:
   00C7 3A 00 00      [13]  153     ld a, (level_obstacles)
   00CA FE 04         [ 7]  154     cp #0x04                ;; Si ya tengo 4 entidades no compruebo ninguna mas
   00CC C8            [11]  155     ret z
   00CD 3E B4         [ 7]  156         ld a, #0xB4
   00CF CD 00 00      [17]  157         call set_y_last_obstacle     
   00D2 CD 00 00      [17]  158         call generar1entidad       
   00D5 C9            [10]  159         ret   
                            160 
   00D6                     161     comprobarEntidades5lvl22:
   00D6 3A 00 00      [13]  162     ld a, (level_obstacles)
   00D9 FE 05         [ 7]  163     cp #0x05                ;; Si ya tengo 5 entidades no compruebo ninguna mas
   00DB C8            [11]  164     ret z
   00DC 3E 76         [ 7]  165         ld a, #0x76
   00DE CD 00 00      [17]  166         call set_y_ghost
   00E1 CD 00 00      [17]  167         call  generar1entidadGhost
   00E4 C9            [10]  168         ret
                            169 
   00E5                     170     comprobarEntidades6lvl22:
   00E5 3A 00 00      [13]  171     ld a, (level_obstacles)
   00E8 FE 06         [ 7]  172     cp #0x06                ;; Si ya tengo 6 entidades no compruebo ninguna mas
   00EA C8            [11]  173     ret z
   00EB 3E B4         [ 7]  174         ld a, #0xB4
   00ED CD 00 00      [17]  175         call set_y_ghost
   00F0 CD 00 00      [17]  176         call  generar1entidadGhost
   00F3 C9            [10]  177         ret
                            178 
   00F4                     179     comprobarEntidades7lvl22:
   00F4 3A 00 00      [13]  180     ld a, (level_obstacles)
   00F7 FE 08         [ 7]  181     cp #0x08                ;; Si ya tengo 8 entidades no compruebo ninguna mas
   00F9 C8            [11]  182     ret z
   00FA 3E 76         [ 7]  183         ld a, #0x76
   00FC CD 00 00      [17]  184         call set_y_last_obstacle
ASxxxx Assembler V02.00 + NoICE + SDCC mods  (Zilog Z80 / Hitachi HD64180), page 9.
Hexadecimal [16-Bits]



   00FF CD 00 00      [17]  185         call generar1entidad
   0102 3E B4         [ 7]  186         ld a, #0xB4
   0104 CD 00 00      [17]  187         call set_y_last_obstacle
   0107 CD 00 00      [17]  188         call generar1entidad
   010A C9            [10]  189         ret
                            190 
   010B                     191     comprobarEntidades8lvl22:
   010B 3A 00 00      [13]  192     ld a, (level_obstacles)
   010E FE 09         [ 7]  193     cp #0x09                ;; Si ya tengo 9 entidades no compruebo ninguna mas
   0110 C8            [11]  194     ret z
   0111 3E 98         [ 7]  195         ld a, #0x98
   0113 CD 00 00      [17]  196         call set_y_bigobstacle
   0116 CD 00 00      [17]  197         call generar1entidadBig
   0119 C9            [10]  198         ret
                            199 
                            200 ;;;;;;;;;;;;;;;;;;;;;;;;;;;;;;;;;;;;;;;;;;;;;;;;;;;;;;;;;;;;;;;;;;;;;;;;;;;;;;;;;;;;;;;;;;;;
                            201 ;;
                            202 ;;
                            203 ;;  NIVEL 23 (FUEGUITO)
                            204 ;;
                            205 ;;
                            206 ;;;;;;;;;;;;;;;;;;;;;;;;;;;;;;;;;;;;;;;;;;;;;;;;;;;;;;;;;;;;;;;;;;;;;;;;;;;;;;;;;;;;;;;;;;;;
   011A                     207 man_game_controller_lvl_23::
   011A 3A 00 00      [13]  208     ld a, (_level_seconds)  
   011D FE 01         [ 7]  209     cp #0x01                      
   011F 28 1D         [12]  210     jr z, comprobarEntidades1lvl23
   0121 FE 04         [ 7]  211     cp #0x04
   0123 28 28         [12]  212     jr z, comprobarEntidades2lvl23
   0125 FE 06         [ 7]  213     cp #0x06
   0127 28 33         [12]  214     jr z, comprobarEntidades3lvl23
   0129 FE 0A         [ 7]  215     cp #0x0A
   012B 28 40         [12]  216     jr z, comprobarEntidades4lvl23
   012D FE 0C         [ 7]  217     cp #0x0C
   012F 28 4B         [12]  218     jr z, comprobarEntidades5lvl23
   0131 FE 10         [ 7]  219     cp #0x10
   0133 28 56         [12]  220     jr z, comprobarEntidades6lvl23
   0135 FE 13         [ 7]  221     cp #0x13
   0137 28 61         [12]  222     jr z, comprobarEntidades7lvl23
   0139 FE 15         [ 7]  223     cp #0x15
   013B 28 6C         [12]  224     jr z, comprobarEntidades8lvl23
   013D C9            [10]  225     ret
                            226 
   013E                     227     comprobarEntidades1lvl23:
   013E 3A 00 00      [13]  228     ld a, (level_obstacles)
   0141 FE 01         [ 7]  229     cp #0x01                ;; Si ya tengo 1 entidades no compruebo ninguna mas
   0143 C8            [11]  230     ret z
   0144 3E 88         [ 7]  231         ld a, #0x88
   0146 CD 00 00      [17]  232         call set_y_bigobstacle
   0149 CD 00 00      [17]  233         call generar1entidadBig
   014C C9            [10]  234         ret
                            235     
   014D                     236     comprobarEntidades2lvl23:
   014D 3A 00 00      [13]  237     ld a, (level_obstacles)
   0150 FE 02         [ 7]  238     cp #0x02                ;; Si ya tengo 2 entidades no compruebo ninguna mas
   0152 C8            [11]  239     ret z
ASxxxx Assembler V02.00 + NoICE + SDCC mods  (Zilog Z80 / Hitachi HD64180), page 10.
Hexadecimal [16-Bits]



   0153 3E B4         [ 7]  240         ld a, #0xB4
   0155 CD 00 00      [17]  241         call set_y_last_obstacle
   0158 CD 00 00      [17]  242         call generar1entidad   
   015B C9            [10]  243         ret
                            244 
   015C                     245     comprobarEntidades3lvl23:
   015C 3A 00 00      [13]  246     ld a, (level_obstacles)
   015F FE 03         [ 7]  247     cp #0x03                ;; Si ya tengo 3 entidades no compruebo ninguna mas
   0161 C8            [11]  248     ret z
   0162 3E B4         [ 7]  249     ld a, #0xB4
   0164 3E 76         [ 7]  250         ld a, #0x76
   0166 CD 00 00      [17]  251         call set_y_last_obstacle
   0169 CD 00 00      [17]  252         call generar1entidad
   016C C9            [10]  253         ret
                            254 
   016D                     255     comprobarEntidades4lvl23:
   016D 3A 00 00      [13]  256     ld a, (level_obstacles)
   0170 FE 04         [ 7]  257     cp #0x04                ;; Si ya tengo 4 entidades no compruebo ninguna mas
   0172 C8            [11]  258     ret z
   0173 3E B4         [ 7]  259         ld a, #0xB4
   0175 CD 00 00      [17]  260         call set_y_ghost
   0178 CD 00 00      [17]  261         call  generar1entidadGhost
   017B C9            [10]  262         ret        
                            263 
   017C                     264     comprobarEntidades5lvl23:
   017C 3A 00 00      [13]  265     ld a, (level_obstacles)
   017F FE 05         [ 7]  266     cp #0x05                ;; Si ya tengo 5 entidades no compruebo ninguna mas
   0181 C8            [11]  267     ret z
   0182 3E B4         [ 7]  268         ld a, #0xB4
   0184 CD 00 00      [17]  269         call set_y_ghost
   0187 CD 00 00      [17]  270         call  generar1entidadGhost
   018A C9            [10]  271         ret  
                            272     
   018B                     273     comprobarEntidades6lvl23:
   018B 3A 00 00      [13]  274     ld a, (level_obstacles)
   018E FE 06         [ 7]  275     cp #0x06                ;; Si ya tengo 6 entidades no compruebo ninguna mas
   0190 C8            [11]  276     ret z
   0191 3E 76         [ 7]  277         ld a, #0x76
   0193 CD 00 00      [17]  278         call set_y_bigobstacle
   0196 CD 00 00      [17]  279         call generar1entidadBig
   0199 C9            [10]  280         ret
                            281 
   019A                     282     comprobarEntidades7lvl23:
   019A 3A 00 00      [13]  283     ld a, (level_obstacles)
   019D FE 07         [ 7]  284     cp #0x07                ;; Si ya tengo 7 entidades no compruebo ninguna mas
   019F C8            [11]  285     ret z
   01A0 3E B4         [ 7]  286         ld a, #0xB4
   01A2 CD 00 00      [17]  287         call set_y_last_obstacle
   01A5 CD 00 00      [17]  288         call generar1entidad
   01A8 C9            [10]  289         ret  
                            290     
   01A9                     291     comprobarEntidades8lvl23:
   01A9 3A 00 00      [13]  292     ld a, (level_obstacles)
   01AC FE 08         [ 7]  293     cp #0x08                ;; Si ya tengo 8 entidades no compruebo ninguna mas
   01AE C8            [11]  294     ret z
ASxxxx Assembler V02.00 + NoICE + SDCC mods  (Zilog Z80 / Hitachi HD64180), page 11.
Hexadecimal [16-Bits]



   01AF 3E 96         [ 7]  295         ld a, #0x96
   01B1 CD 00 00      [17]  296         call set_y_bigobstacle
   01B4 CD 00 00      [17]  297         call generar1entidadBig
   01B7 C9            [10]  298         ret  
                            299 
                            300 ;;;;;;;;;;;;;;;;;;;;;;;;;;;;;;;;;;;;;;;;;;;;;;;;;;;;;;;;;;;;;;;;;;;;;;;;;;;;;;;;;;;;;;;;;;;;
                            301 ;;
                            302 ;;
                            303 ;;  NIVEL 24 (FUEGUITO)
                            304 ;;
                            305 ;;
                            306 ;;;;;;;;;;;;;;;;;;;;;;;;;;;;;;;;;;;;;;;;;;;;;;;;;;;;;;;;;;;;;;;;;;;;;;;;;;;;;;;;;;;;;;;;;;;;
   01B8                     307 man_game_controller_lvl_24::
   01B8 3A 00 00      [13]  308     ld a, (_level_seconds)  
   01BB FE 01         [ 7]  309     cp #0x01                      
   01BD 28 29         [12]  310     jr z, comprobarEntidades1lvl24
   01BF FE 03         [ 7]  311     cp #0x03
   01C1 28 34         [12]  312     jr z, comprobarEntidades2lvl24
   01C3 FE 06         [ 7]  313     cp #0x06                 
   01C5 28 3F         [12]  314     jr z, comprobarEntidades3lvl24
   01C7 FE 0A         [ 7]  315     cp #0x0A
   01C9 28 4A         [12]  316     jr z, comprobarEntidades4lvl24
   01CB FE 0B         [ 7]  317     cp #0x0B
   01CD 28 55         [12]  318     jr z, comprobarEntidades5lvl24
   01CF FE 0E         [ 7]  319     cp #0x0E
   01D1 28 60         [12]  320     jr z, comprobarEntidades6lvl24
   01D3 FE 12         [ 7]  321     cp #0x12
   01D5 CA 42 02      [10]  322     jp z, comprobarEntidades7lvl24
   01D8 FE 16         [ 7]  323     cp #0x16
   01DA CA 51 02      [10]  324     jp z, comprobarEntidades8lvl24
   01DD FE 17         [ 7]  325     cp #0x17
   01DF CA 60 02      [10]  326     jp z, comprobarEntidades9lvl24
   01E2 FE 1A         [ 7]  327     cp #0x1A
   01E4 CA 6F 02      [10]  328     jp z, comprobarEntidades10lvl24
   01E7 C9            [10]  329     ret
                            330 
   01E8                     331     comprobarEntidades1lvl24:
   01E8 3A 00 00      [13]  332     ld a, (level_obstacles)
   01EB FE 01         [ 7]  333     cp #0x01                ;; Si ya tengo 1 entidades no compruebo ninguna mas
   01ED C8            [11]  334     ret z
   01EE 3E B4         [ 7]  335         ld a, #0xB4
   01F0 CD 00 00      [17]  336         call set_y_last_obstacle
   01F3 CD 00 00      [17]  337         call generar1entidad
   01F6 C9            [10]  338         ret
                            339 
   01F7                     340     comprobarEntidades2lvl24:
   01F7 3A 00 00      [13]  341     ld a, (level_obstacles)
   01FA FE 02         [ 7]  342     cp #0x02                ;; Si ya tengo 2 entidades no compruebo ninguna mas
   01FC C8            [11]  343     ret z
   01FD 3E 76         [ 7]  344         ld a, #0x76
   01FF CD 00 00      [17]  345         call set_y_last_obstacle
   0202 CD 00 00      [17]  346         call generar1entidad
   0205 C9            [10]  347         ret
                            348 
   0206                     349     comprobarEntidades3lvl24:
ASxxxx Assembler V02.00 + NoICE + SDCC mods  (Zilog Z80 / Hitachi HD64180), page 12.
Hexadecimal [16-Bits]



   0206 3A 00 00      [13]  350     ld a, (level_obstacles)
   0209 FE 03         [ 7]  351     cp #0x03                ;; Si ya tengo 3 entidades no compruebo ninguna mas
   020B C8            [11]  352     ret z
   020C 3E 76         [ 7]  353         ld a, #0x76
   020E CD 00 00      [17]  354         call set_y_ghost
   0211 CD 00 00      [17]  355         call generar1entidadGhost
   0214 C9            [10]  356         ret        
                            357 
   0215                     358     comprobarEntidades4lvl24:
   0215 3A 00 00      [13]  359     ld a, (level_obstacles)
   0218 FE 04         [ 7]  360     cp #0x04                ;; Si ya tengo 4 entidades no compruebo ninguna mas
   021A C8            [11]  361     ret z
   021B 3E B4         [ 7]  362         ld a, #0xB4
   021D CD 00 00      [17]  363         call set_y_last_obstacle
   0220 CD 00 00      [17]  364         call generar1entidad
   0223 C9            [10]  365         ret
                            366 
   0224                     367     comprobarEntidades5lvl24:
   0224 3A 00 00      [13]  368     ld a, (level_obstacles)
   0227 FE 05         [ 7]  369     cp #0x05                ;; Si ya tengo 5 entidades no compruebo ninguna mas
   0229 C8            [11]  370     ret z
   022A 3E 76         [ 7]  371         ld a, #0x76
   022C CD 00 00      [17]  372         call set_y_last_obstacle
   022F CD 00 00      [17]  373         call generar1entidad
   0232 C9            [10]  374         ret
                            375 
   0233                     376     comprobarEntidades6lvl24:
   0233 3A 00 00      [13]  377     ld a, (level_obstacles)
   0236 FE 06         [ 7]  378     cp #0x06                ;; Si ya tengo 6 entidades no compruebo ninguna mas
   0238 C8            [11]  379     ret z
   0239 3E 76         [ 7]  380         ld a, #0x76
   023B CD 00 00      [17]  381         call set_y_ghost
   023E CD 00 00      [17]  382         call generar1entidadGhost
   0241 C9            [10]  383         ret
                            384 
   0242                     385     comprobarEntidades7lvl24:
   0242 3A 00 00      [13]  386     ld a, (level_obstacles)
   0245 FE 07         [ 7]  387     cp #0x07                ;; Si ya tengo 7 entidades no compruebo ninguna mas
   0247 C8            [11]  388     ret z
   0248 3E 98         [ 7]  389         ld a, #0x98
   024A CD 00 00      [17]  390         call set_y_bigobstacle
   024D CD 00 00      [17]  391         call generar1entidadBig
   0250 C9            [10]  392         ret      
                            393 
   0251                     394     comprobarEntidades8lvl24:
   0251 3A 00 00      [13]  395     ld a, (level_obstacles)
   0254 FE 08         [ 7]  396     cp #0x08                ;; Si ya tengo 8 entidades no compruebo ninguna mas
   0256 C8            [11]  397     ret z
   0257 3E B4         [ 7]  398         ld a, #0xB4
   0259 CD 00 00      [17]  399         call set_y_last_obstacle
   025C CD 00 00      [17]  400         call generar1entidad
   025F C9            [10]  401         ret
                            402     
   0260                     403     comprobarEntidades9lvl24:
   0260 3A 00 00      [13]  404     ld a, (level_obstacles)
ASxxxx Assembler V02.00 + NoICE + SDCC mods  (Zilog Z80 / Hitachi HD64180), page 13.
Hexadecimal [16-Bits]



   0263 FE 09         [ 7]  405     cp #0x09                ;; Si ya tengo 9 entidades no compruebo ninguna mas
   0265 C8            [11]  406     ret z
   0266 3E 76         [ 7]  407         ld a, #0x76
   0268 CD 00 00      [17]  408         call set_y_last_obstacle
   026B CD 00 00      [17]  409         call generar1entidad
   026E C9            [10]  410         ret
                            411 
   026F                     412     comprobarEntidades10lvl24:
   026F 3A 00 00      [13]  413     ld a, (level_obstacles)
   0272 FE 0A         [ 7]  414     cp #0x0A                ;; Si ya tengo 10 entidades no compruebo ninguna mas
   0274 C8            [11]  415     ret z
   0275 3E B4         [ 7]  416         ld a, #0xB4
   0277 CD 00 00      [17]  417         call set_y_ghost
   027A CD 00 00      [17]  418         call generar1entidadGhost
   027D C9            [10]  419         ret
                            420 
                            421 ;;;;;;;;;;;;;;;;;;;;;;;;;;;;;;;;;;;;;;;;;;;;;;;;;;;;;;;;;;;;;;;;;;;;;;;;;;;;;;;;;;;;;;;;;;;;
                            422 ;;
                            423 ;;
                            424 ;;  NIVEL 25 (FUEGUITO)
                            425 ;;
                            426 ;;
                            427 ;;;;;;;;;;;;;;;;;;;;;;;;;;;;;;;;;;;;;;;;;;;;;;;;;;;;;;;;;;;;;;;;;;;;;;;;;;;;;;;;;;;;;;;;;;;;
   027E                     428 man_game_controller_lvl_25::
   027E 3A 00 00      [13]  429     ld a, (_level_seconds)  
   0281 FE 01         [ 7]  430     cp #0x01                      
   0283 28 22         [12]  431     jr z, comprobarEntidades1lvl25
   0285 FE 03         [ 7]  432     cp #0x03
   0287 28 2D         [12]  433     jr z, comprobarEntidades2lvl25
   0289 FE 07         [ 7]  434     cp #0x07                        
   028B 28 38         [12]  435     jr z, comprobarEntidades3lvl25
   028D FE 09         [ 7]  436     cp #0x09
   028F 28 43         [12]  437     jr z, comprobarEntidades4lvl25
   0291 FE 0A         [ 7]  438     cp #0x0A
   0293 28 4E         [12]  439     jr z, comprobarEntidades5lvl25
   0295 FE 0E         [ 7]  440     cp #0x0E
   0297 28 59         [12]  441     jr z, comprobarEntidades6lvl25
   0299 FE 12         [ 7]  442     cp #0x12
   029B 28 6C         [12]  443     jr z, comprobarEntidades7lvl25
   029D FE 16         [ 7]  444     cp #0x16
   029F 28 7F         [12]  445     jr z, comprobarEntidades8lvl25
   02A1 FE 18         [ 7]  446     cp #0x18
   02A3 CA 2F 03      [10]  447     jp z, comprobarEntidades9lvl25
   02A6 C9            [10]  448     ret
                            449 
   02A7                     450     comprobarEntidades1lvl25:
   02A7 3A 00 00      [13]  451     ld a, (level_obstacles)
   02AA FE 01         [ 7]  452     cp #0x01                ;; Si ya tengo 1 entidades no compruebo ninguna mas
   02AC C8            [11]  453     ret z
   02AD 3E 76         [ 7]  454         ld a, #0x76
   02AF CD 00 00      [17]  455         call set_y_last_obstacle     
   02B2 CD 00 00      [17]  456         call generar1entidad
   02B5 C9            [10]  457         ret
                            458     
   02B6                     459     comprobarEntidades2lvl25:
ASxxxx Assembler V02.00 + NoICE + SDCC mods  (Zilog Z80 / Hitachi HD64180), page 14.
Hexadecimal [16-Bits]



   02B6 3A 00 00      [13]  460     ld a, (level_obstacles)
   02B9 FE 02         [ 7]  461     cp #0x02                ;; Si ya tengo 2 entidades no compruebo ninguna mas
   02BB C8            [11]  462     ret z
   02BC 3E AC         [ 7]  463         ld a, #0xAC
   02BE CD 00 00      [17]  464         call set_y_wave
   02C1 CD 00 00      [17]  465         call generar1entidadWave
   02C4 C9            [10]  466         ret
                            467     
   02C5                     468     comprobarEntidades3lvl25:
   02C5 3A 00 00      [13]  469     ld a, (level_obstacles)
   02C8 FE 03         [ 7]  470     cp #0x03                ;; Si ya tengo 3 entidades no compruebo ninguna mas
   02CA C8            [11]  471     ret z
   02CB 3E 76         [ 7]  472         ld a, #0x76
   02CD CD 00 00      [17]  473         call set_y_last_obstacle     
   02D0 CD 00 00      [17]  474         call generar1entidad
   02D3 C9            [10]  475         ret
                            476     
   02D4                     477     comprobarEntidades4lvl25:
   02D4 3A 00 00      [13]  478     ld a, (level_obstacles)
   02D7 FE 04         [ 7]  479     cp #0x04                ;; Si ya tengo 4 entidades no compruebo ninguna mas
   02D9 C8            [11]  480     ret z
   02DA 3E B4         [ 7]  481         ld a, #0xB4
   02DC CD 00 00      [17]  482         call set_y_last_obstacle     
   02DF CD 00 00      [17]  483         call generar1entidad
   02E2 C9            [10]  484         ret
                            485     
   02E3                     486     comprobarEntidades5lvl25:
   02E3 3A 00 00      [13]  487     ld a, (level_obstacles)
   02E6 FE 05         [ 7]  488     cp #0x05                ;; Si ya tengo 5 entidades no compruebo ninguna mas
   02E8 C8            [11]  489     ret z
   02E9 3E 76         [ 7]  490         ld a, #0x76
   02EB CD 00 00      [17]  491         call set_y_last_obstacle     
   02EE CD 00 00      [17]  492         call generar1entidad
   02F1 C9            [10]  493         ret
                            494 
   02F2                     495     comprobarEntidades6lvl25:
   02F2 3A 00 00      [13]  496     ld a, (level_obstacles)
   02F5 FE 07         [ 7]  497     cp #0x07                ;; Si ya tengo 7 entidades no compruebo ninguna mas
   02F7 C8            [11]  498     ret z
   02F8 3E 76         [ 7]  499         ld a, #0x76
   02FA CD 00 00      [17]  500         call set_y_ghost
   02FD CD 00 00      [17]  501         call generar1entidadGhost
                            502         
   0300 3E B4         [ 7]  503         ld a, #0xB4
   0302 CD 00 00      [17]  504         call set_y_ghost
   0305 CD 00 00      [17]  505         call generar1entidadGhost
   0308 C9            [10]  506         ret
                            507     
   0309                     508     comprobarEntidades7lvl25:
   0309 3A 00 00      [13]  509     ld a, (level_obstacles)
   030C FE 09         [ 7]  510     cp #0x09                ;; Si ya tengo 9 entidades no compruebo ninguna mas
   030E C8            [11]  511     ret z
   030F 3E 76         [ 7]  512         ld a, #0x76
   0311 CD 00 00      [17]  513         call set_y_last_obstacle
   0314 CD 00 00      [17]  514         call generar1entidad
ASxxxx Assembler V02.00 + NoICE + SDCC mods  (Zilog Z80 / Hitachi HD64180), page 15.
Hexadecimal [16-Bits]



                            515         
   0317 3E B4         [ 7]  516         ld a, #0xB4
   0319 CD 00 00      [17]  517         call set_y_last_obstacle
   031C CD 00 00      [17]  518         call generar1entidad
   031F C9            [10]  519         ret
                            520 
   0320                     521     comprobarEntidades8lvl25:
   0320 3A 00 00      [13]  522     ld a, (level_obstacles)
   0323 FE 0A         [ 7]  523     cp #0x0A                ;; Si ya tengo 10 entidades no compruebo ninguna mas
   0325 C8            [11]  524     ret z        
   0326 3E B4         [ 7]  525         ld a, #0xB4
   0328 CD 00 00      [17]  526         call set_y_ghost
   032B CD 00 00      [17]  527         call generar1entidadGhost
   032E C9            [10]  528         ret
                            529 
   032F                     530     comprobarEntidades9lvl25:
   032F 3A 00 00      [13]  531     ld a, (level_obstacles)
   0332 FE 0B         [ 7]  532     cp #0x0B                ;; Si ya tengo 11 entidades no compruebo ninguna mas
   0334 C8            [11]  533     ret z        
   0335 3E 76         [ 7]  534         ld a, #0x76
   0337 CD 00 00      [17]  535         call set_y_ghost
   033A CD 00 00      [17]  536         call generar1entidadGhost
   033D C9            [10]  537         ret
                            538         
                            539 ;;;;;;;;;;;;;;;;;;;;;;;;;;;;;;;;;;;;;;;;;;;;;;;;;;;;;;;;;;;;;;;;;;;;;;;;;;;;;;;;;;;;;;;;;;;;
                            540 ;;
                            541 ;;
                            542 ;;  NIVEL 26 (FUEGUITO)
                            543 ;;
                            544 ;;
                            545 ;;;;;;;;;;;;;;;;;;;;;;;;;;;;;;;;;;;;;;;;;;;;;;;;;;;;;;;;;;;;;;;;;;;;;;;;;;;;;;;;;;;;;;;;;;;;
   033E                     546 man_game_controller_lvl_26::
   033E 3A 00 00      [13]  547     ld a, (_level_seconds)  
   0341 FE 01         [ 7]  548     cp #0x01         
   0343 28 2D         [12]  549     jr z, comprobarEntidades1lvl26
   0345 FE 02         [ 7]  550     cp #0x02
   0347 28 38         [12]  551     jr z, comprobarEntidades2lvl26
   0349 FE 07         [ 7]  552     cp #0x07             
   034B 28 43         [12]  553     jr z, comprobarEntidades3lvl26
   034D FE 08         [ 7]  554     cp #0x08
   034F 28 56         [12]  555     jr z, comprobarEntidades4lvl26
   0351 FE 0B         [ 7]  556     cp #0x0B
   0353 28 61         [12]  557     jr z, comprobarEntidades5lvl26
   0355 FE 0C         [ 7]  558     cp #0x0C
   0357 28 6C         [12]  559     jr z, comprobarEntidades6lvl26
   0359 FE 10         [ 7]  560     cp #0x10
   035B 28 77         [12]  561     jr z, comprobarEntidades7lvl26
   035D FE 12         [ 7]  562     cp #0x12
   035F CA E3 03      [10]  563     jp z, comprobarEntidades8lvl26
   0362 FE 14         [ 7]  564     cp #0x14
   0364 CA F2 03      [10]  565     jp z, comprobarEntidades9lvl26
   0367 FE 16         [ 7]  566     cp #0x16
   0369 CA 01 04      [10]  567     jp z, comprobarEntidades10lvl26
   036C FE 18         [ 7]  568     cp #0x18
   036E CA 10 04      [10]  569     jp z, comprobarEntidades11lvl26
ASxxxx Assembler V02.00 + NoICE + SDCC mods  (Zilog Z80 / Hitachi HD64180), page 16.
Hexadecimal [16-Bits]



   0371 C9            [10]  570     ret
                            571 
   0372                     572     comprobarEntidades1lvl26:
   0372 3A 00 00      [13]  573     ld a, (level_obstacles)
   0375 FE 01         [ 7]  574     cp #0x01                ;; Si ya tengo 1 entidades no compruebo ninguna mas
   0377 C8            [11]  575     ret z
   0378 3E B4         [ 7]  576         ld a, #0xB4
   037A CD 00 00      [17]  577         call  set_y_last_obstacle
   037D CD 00 00      [17]  578         call  generar1entidad
   0380 C9            [10]  579         ret
                            580     
   0381                     581     comprobarEntidades2lvl26:
   0381 3A 00 00      [13]  582     ld a, (level_obstacles)
   0384 FE 02         [ 7]  583     cp #0x02                ;; Si ya tengo 2 entidades no compruebo ninguna mas
   0386 C8            [11]  584     ret z
   0387 3E 76         [ 7]  585         ld a, #0x76
   0389 CD 00 00      [17]  586         call  set_y_ghost
   038C CD 00 00      [17]  587         call  generar1entidadGhost
   038F C9            [10]  588         ret
                            589     
   0390                     590     comprobarEntidades3lvl26:
   0390 3A 00 00      [13]  591     ld a, (level_obstacles)
   0393 FE 04         [ 7]  592     cp #0x04                ;; Si ya tengo 4 entidades no compruebo ninguna mas
   0395 C8            [11]  593     ret z
   0396 3E 76         [ 7]  594         ld a, #0x76
   0398 CD 00 00      [17]  595         call  set_y_last_obstacle
   039B CD 00 00      [17]  596         call  generar1entidad
                            597 
   039E 3E B4         [ 7]  598         ld a, #0xB4
   03A0 CD 00 00      [17]  599         call  set_y_last_obstacle
   03A3 CD 00 00      [17]  600         call  generar1entidad
   03A6 C9            [10]  601         ret
                            602 
   03A7                     603     comprobarEntidades4lvl26:
   03A7 3A 00 00      [13]  604     ld a, (level_obstacles)
   03AA FE 05         [ 7]  605     cp #0x05                ;; Si ya tengo 5 entidades no compruebo ninguna mas
   03AC C8            [11]  606     ret z    
   03AD 3E 95         [ 7]  607         ld a, #0x95
   03AF CD 00 00      [17]  608         call  set_y_last_obstacle
   03B2 CD 00 00      [17]  609         call  generar1entidad
   03B5 C9            [10]  610         ret
                            611 
   03B6                     612     comprobarEntidades5lvl26:
   03B6 3A 00 00      [13]  613     ld a, (level_obstacles)
   03B9 FE 06         [ 7]  614     cp #0x06                ;; Si ya tengo 6 entidades no compruebo ninguna mas
   03BB C8            [11]  615     ret z
   03BC 3E 76         [ 7]  616         ld a, #0x76
   03BE CD 00 00      [17]  617         call  set_y_last_obstacle
   03C1 CD 00 00      [17]  618         call  generar1entidad
   03C4 C9            [10]  619         ret        
                            620 
   03C5                     621     comprobarEntidades6lvl26:
   03C5 3A 00 00      [13]  622     ld a, (level_obstacles)
   03C8 FE 07         [ 7]  623     cp #0x07                ;; Si ya tengo 7 entidades no compruebo ninguna mas
   03CA C8            [11]  624     ret z    
ASxxxx Assembler V02.00 + NoICE + SDCC mods  (Zilog Z80 / Hitachi HD64180), page 17.
Hexadecimal [16-Bits]



   03CB 3E 98         [ 7]  625         ld a, #0x98
   03CD CD 00 00      [17]  626         call  set_y_bigobstacle
   03D0 CD 00 00      [17]  627         call  generar1entidadBig
   03D3 C9            [10]  628         ret
                            629 
   03D4                     630     comprobarEntidades7lvl26:
   03D4 3A 00 00      [13]  631     ld a, (level_obstacles)
   03D7 FE 08         [ 7]  632     cp #0x08                ;; Si ya tengo 8 entidades no compruebo ninguna mas
   03D9 C8            [11]  633     ret z    
   03DA 3E B4         [ 7]  634         ld a, #0xB4
   03DC CD 00 00      [17]  635         call  set_y_ghost
   03DF CD 00 00      [17]  636         call  generar1entidadGhost
   03E2 C9            [10]  637         ret
                            638 
   03E3                     639     comprobarEntidades8lvl26:
   03E3 3A 00 00      [13]  640     ld a, (level_obstacles)
   03E6 FE 09         [ 7]  641     cp #0x09                ;; Si ya tengo 9 entidades no compruebo ninguna mas
   03E8 C8            [11]  642     ret z    
   03E9 3E 76         [ 7]  643         ld a, #0x76
   03EB CD 00 00      [17]  644         call  set_y_ghost
   03EE CD 00 00      [17]  645         call  generar1entidadGhost
   03F1 C9            [10]  646         ret
                            647     
   03F2                     648     comprobarEntidades9lvl26:
   03F2 3A 00 00      [13]  649     ld a, (level_obstacles)
   03F5 FE 0A         [ 7]  650     cp #0x0A                ;; Si ya tengo 10 entidades no compruebo ninguna mas
   03F7 C8            [11]  651     ret z    
   03F8 3E 76         [ 7]  652         ld a, #0x76
   03FA CD 00 00      [17]  653         call  set_y_ghost
   03FD CD 00 00      [17]  654         call  generar1entidadGhost
   0400 C9            [10]  655         ret
                            656     
   0401                     657     comprobarEntidades10lvl26:
   0401 3A 00 00      [13]  658     ld a, (level_obstacles)
   0404 FE 0B         [ 7]  659     cp #0x0B                ;; Si ya tengo 11 entidades no compruebo ninguna mas
   0406 C8            [11]  660     ret z    
   0407 3E B4         [ 7]  661         ld a, #0xB4
   0409 CD 00 00      [17]  662         call  set_y_ghost
   040C CD 00 00      [17]  663         call  generar1entidadGhost
   040F C9            [10]  664         ret
                            665     
   0410                     666     comprobarEntidades11lvl26:
   0410 3A 00 00      [13]  667     ld a, (level_obstacles)
   0413 FE 0C         [ 7]  668     cp #0x0C                ;; Si ya tengo 12 entidades no compruebo ninguna mas
   0415 C8            [11]  669     ret z    
   0416 3E B4         [ 7]  670         ld a, #0xB4
   0418 CD 00 00      [17]  671         call  set_y_ghost
   041B CD 00 00      [17]  672         call  generar1entidadGhost
   041E C9            [10]  673         ret
                            674 
                            675 ;;;;;;;;;;;;;;;;;;;;;;;;;;;;;;;;;;;;;;;;;;;;;;;;;;;;;;;;;;;;;;;;;;;;;;;;;;;;;;;;;;;;;;;;;;;;
                            676 ;;
                            677 ;;
                            678 ;;  NIVEL 27 (FUEGUITO)
                            679 ;;
ASxxxx Assembler V02.00 + NoICE + SDCC mods  (Zilog Z80 / Hitachi HD64180), page 18.
Hexadecimal [16-Bits]



                            680 ;;
                            681 ;;;;;;;;;;;;;;;;;;;;;;;;;;;;;;;;;;;;;;;;;;;;;;;;;;;;;;;;;;;;;;;;;;;;;;;;;;;;;;;;;;;;;;;;;;;;
   041F                     682 man_game_controller_lvl_27::
   041F 3A 00 00      [13]  683     ld a, (_level_seconds)  
   0422 FE 01         [ 7]  684     cp #0x01                      
   0424 28 1E         [12]  685     jr z, comprobarEntidades1lvl27
   0426 FE 05         [ 7]  686     cp #0x05
   0428 28 29         [12]  687     jr z, comprobarEntidades2lvl27
   042A FE 09         [ 7]  688     cp #0x09                    
   042C 28 3C         [12]  689     jr z, comprobarEntidades3lvl27
   042E FE 0A         [ 7]  690     cp #0x0A
   0430 28 47         [12]  691     jr z, comprobarEntidades4lvl27
   0432 FE 0F         [ 7]  692     cp #0x0F
   0434 28 52         [12]  693     jr z, comprobarEntidades5lvl27
   0436 FE 13         [ 7]  694     cp #0x13
   0438 28 6D         [12]  695     jr z, comprobarEntidades6lvl27
   043A FE 14         [ 7]  696     cp #0x14
   043C 28 78         [12]  697     jr z, comprobarEntidades7lvl27
   043E FE 18         [ 7]  698     cp #0x18
   0440 CA C5 04      [10]  699     jp z, comprobarEntidades8lvl27
   0443 C9            [10]  700     ret
                            701 
   0444                     702     comprobarEntidades1lvl27:
   0444 3A 00 00      [13]  703     ld a, (level_obstacles)
   0447 FE 01         [ 7]  704     cp #0x01                ;; Si ya tengo 1 entidades no compruebo ninguna mas
   0449 C8            [11]  705     ret z
   044A 3E 76         [ 7]  706         ld a, #0x76
   044C CD 00 00      [17]  707         call set_y_bigobstacle
   044F CD 00 00      [17]  708         call generar1entidadBig
   0452 C9            [10]  709         ret
                            710     
   0453                     711     comprobarEntidades2lvl27:
   0453 3A 00 00      [13]  712     ld a, (level_obstacles)
   0456 FE 03         [ 7]  713     cp #0x03               ;; Si ya tengo 3 entidades no compruebo ninguna mas
   0458 C8            [11]  714     ret z
   0459 3E 76         [ 7]  715         ld a, #0x76
   045B CD 00 00      [17]  716         call set_y_last_obstacle     
   045E CD 00 00      [17]  717         call generar1entidad
                            718         
   0461 3E B4         [ 7]  719         ld a, #0xB4
   0463 CD 00 00      [17]  720         call set_y_last_obstacle     
   0466 CD 00 00      [17]  721         call generar1entidad
   0469 C9            [10]  722         ret
                            723 
   046A                     724     comprobarEntidades3lvl27:
   046A 3A 00 00      [13]  725     ld a, (level_obstacles)
   046D FE 04         [ 7]  726     cp #0x04                ;; Si ya tengo 4 entidades no compruebo ninguna mas
   046F C8            [11]  727     ret z
   0470 3E 76         [ 7]  728         ld a, #0x76
   0472 CD 00 00      [17]  729         call set_y_ghost
   0475 CD 00 00      [17]  730         call generar1entidadGhost
   0478 C9            [10]  731         ret
                            732     
   0479                     733     comprobarEntidades4lvl27:
   0479 3A 00 00      [13]  734     ld a, (level_obstacles)
ASxxxx Assembler V02.00 + NoICE + SDCC mods  (Zilog Z80 / Hitachi HD64180), page 19.
Hexadecimal [16-Bits]



   047C FE 05         [ 7]  735     cp #0x05                ;; Si ya tengo 5 entidades no compruebo ninguna mas
   047E C8            [11]  736     ret z
   047F 3E 76         [ 7]  737         ld a, #0x76
   0481 CD 00 00      [17]  738         call set_y_ghost
   0484 CD 00 00      [17]  739         call generar1entidadGhost
   0487 C9            [10]  740         ret
                            741     
   0488                     742     comprobarEntidades5lvl27:
   0488 3A 00 00      [13]  743     ld a, (level_obstacles)
   048B FE 08         [ 7]  744     cp #0x08               ;; Si ya tengo 8 entidades no compruebo ninguna mas
   048D C8            [11]  745     ret z
   048E 3E 76         [ 7]  746         ld a, #0x76
   0490 CD 00 00      [17]  747         call set_y_last_obstacle     
   0493 CD 00 00      [17]  748         call generar1entidad
                            749 
   0496 3E 85         [ 7]  750         ld a, #0x85
   0498 CD 00 00      [17]  751         call set_y_last_obstacle     
   049B CD 00 00      [17]  752         call generar1entidad
                            753         
   049E 3E B4         [ 7]  754         ld a, #0xB4
   04A0 CD 00 00      [17]  755         call set_y_last_obstacle     
   04A3 CD 00 00      [17]  756         call generar1entidad
   04A6 C9            [10]  757         ret
                            758     
   04A7                     759     comprobarEntidades6lvl27:
   04A7 3A 00 00      [13]  760     ld a, (level_obstacles)
   04AA FE 09         [ 7]  761     cp #0x09               ;; Si ya tengo 9 entidades no compruebo ninguna mas
   04AC C8            [11]  762     ret z
   04AD 3E 95         [ 7]  763         ld a, #0x95
   04AF CD 00 00      [17]  764         call set_y_last_obstacle     
   04B2 CD 00 00      [17]  765         call generar1entidad
   04B5 C9            [10]  766         ret
                            767 
   04B6                     768     comprobarEntidades7lvl27:
   04B6 3A 00 00      [13]  769     ld a, (level_obstacles)
   04B9 FE 0A         [ 7]  770     cp #0x0A                ;; Si ya tengo 10 entidades no compruebo ninguna mas
   04BB C8            [11]  771     ret z
   04BC 3E 98         [ 7]  772         ld a, #0x98
   04BE CD 00 00      [17]  773         call set_y_bigobstacle
   04C1 CD 00 00      [17]  774         call generar1entidadBig
   04C4 C9            [10]  775         ret
                            776 
   04C5                     777     comprobarEntidades8lvl27:
   04C5 3A 00 00      [13]  778     ld a, (level_obstacles)
   04C8 FE 0B         [ 7]  779     cp #0x0B                ;; Si ya tengo 11 entidades no compruebo ninguna mas
   04CA C8            [11]  780     ret z
   04CB 3E 76         [ 7]  781         ld a, #0x76
   04CD CD 00 00      [17]  782         call set_y_ghost
   04D0 CD 00 00      [17]  783         call generar1entidadGhost
   04D3 C9            [10]  784         ret
                            785 
   04D4                     786     comprobarEntidades9lvl27:
   04D4 3A 00 00      [13]  787     ld a, (level_obstacles)
   04D7 FE 0E         [ 7]  788     cp #0x0E               ;; Si ya tengo 14 entidades no compruebo ninguna mas
   04D9 C8            [11]  789     ret z
ASxxxx Assembler V02.00 + NoICE + SDCC mods  (Zilog Z80 / Hitachi HD64180), page 20.
Hexadecimal [16-Bits]



   04DA 3E 76         [ 7]  790         ld a, #0x76
   04DC CD 00 00      [17]  791         call set_y_last_obstacle     
   04DF CD 00 00      [17]  792         call generar1entidad
                            793 
   04E2 3E 95         [ 7]  794         ld a, #0x95
   04E4 CD 00 00      [17]  795         call set_y_last_obstacle     
   04E7 CD 00 00      [17]  796         call generar1entidad
                            797         
   04EA 3E A1         [ 7]  798         ld a, #0xA1
   04EC CD 00 00      [17]  799         call set_y_last_obstacle     
   04EF CD 00 00      [17]  800         call generar1entidad
   04F2 C9            [10]  801         ret
                            802     
                            803 ;;;;;;;;;;;;;;;;;;;;;;;;;;;;;;;;;;;;;;;;;;;;;;;;;;;;;;;;;;;;;;;;;;;;;;;;;;;;;;;;;;;;;;;;;;;;
                            804 ;;
                            805 ;;
                            806 ;;  NIVEL 28 (FUEGUITO)
                            807 ;;
                            808 ;;
                            809 ;;;;;;;;;;;;;;;;;;;;;;;;;;;;;;;;;;;;;;;;;;;;;;;;;;;;;;;;;;;;;;;;;;;;;;;;;;;;;;;;;;;;;;;;;;;;
   04F3                     810 man_game_controller_lvl_28::
   04F3 3A 00 00      [13]  811     ld a, (_level_seconds)  
   04F6 FE 01         [ 7]  812     cp #0x01                      
   04F8 28 2C         [12]  813     jr z, comprobarEntidades1lvl28
   04FA FE 02         [ 7]  814     cp #0x02
   04FC 28 37         [12]  815     jr z, comprobarEntidades2lvl28
   04FE FE 05         [ 7]  816     cp #0x05
   0500 28 42         [12]  817     jr z, comprobarEntidades3lvl28
   0502 FE 06         [ 7]  818     cp #0x06
   0504 28 4D         [12]  819     jr z, comprobarEntidades4lvl28
   0506 FE 09         [ 7]  820     cp #0x09
   0508 28 58         [12]  821     jr z, comprobarEntidades5lvl28
   050A FE 0A         [ 7]  822     cp #0x0A
   050C 28 63         [12]  823     jr z, comprobarEntidades6lvl28
   050E FE 0C         [ 7]  824     cp #0x0C
   0510 28 6E         [12]  825     jr z, comprobarEntidades7lvl28
   0512 FE 0D         [ 7]  826     cp #0x0D
   0514 28 79         [12]  827     jr z, comprobarEntidades8lvl28
   0516 FE 10         [ 7]  828     cp #0x10
   0518 CA 9E 05      [10]  829     jp z, comprobarEntidades9lvl28
   051B FE 15         [ 7]  830     cp #0x15
   051D CA B5 05      [10]  831     jp z, comprobarEntidades10lvl28
   0520 FE 18         [ 7]  832     cp #0x18
   0522 CA C4 05      [10]  833     jp z, comprobarEntidades11lvl28
   0525 C9            [10]  834     ret
                            835 
   0526                     836     comprobarEntidades1lvl28:
   0526 3A 00 00      [13]  837     ld a, (level_obstacles)
   0529 FE 01         [ 7]  838     cp #0x01                ;; Si ya tengo 1 entidades no compruebo ninguna mas
   052B C8            [11]  839     ret z
   052C 3E B4         [ 7]  840         ld a, #0xB4
   052E CD 00 00      [17]  841         call set_y_ghost
   0531 CD 00 00      [17]  842         call generar1entidadGhost
   0534 C9            [10]  843         ret
                            844     
ASxxxx Assembler V02.00 + NoICE + SDCC mods  (Zilog Z80 / Hitachi HD64180), page 21.
Hexadecimal [16-Bits]



   0535                     845     comprobarEntidades2lvl28:
   0535 3A 00 00      [13]  846     ld a, (level_obstacles)
   0538 FE 02         [ 7]  847     cp #0x02                ;; Si ya tengo 2 entidades no compruebo ninguna mas
   053A C8            [11]  848     ret z
   053B 3E 76         [ 7]  849         ld a, #0x76
   053D CD 00 00      [17]  850         call set_y_ghost
   0540 CD 00 00      [17]  851         call generar1entidadGhost
   0543 C9            [10]  852         ret
                            853     
   0544                     854     comprobarEntidades3lvl28:
   0544 3A 00 00      [13]  855     ld a, (level_obstacles)
   0547 FE 03         [ 7]  856     cp #0x03                ;; Si ya tengo 3 entidades no compruebo ninguna mas
   0549 C8            [11]  857     ret z
   054A 3E 76         [ 7]  858         ld a, #0x76
   054C CD 00 00      [17]  859         call set_y_ghost
   054F CD 00 00      [17]  860         call generar1entidadGhost
   0552 C9            [10]  861         ret
                            862     
   0553                     863     comprobarEntidades4lvl28:
   0553 3A 00 00      [13]  864     ld a, (level_obstacles)
   0556 FE 04         [ 7]  865     cp #0x04                ;; Si ya tengo 4 entidades no compruebo ninguna mas
   0558 C8            [11]  866     ret z
   0559 3E B4         [ 7]  867         ld a, #0xB4
   055B CD 00 00      [17]  868         call set_y_ghost
   055E CD 00 00      [17]  869         call generar1entidadGhost
   0561 C9            [10]  870         ret
                            871     
   0562                     872     comprobarEntidades5lvl28:
   0562 3A 00 00      [13]  873     ld a, (level_obstacles)
   0565 FE 05         [ 7]  874     cp #0x05               ;; Si ya tengo 5 entidades no compruebo ninguna mas
   0567 C8            [11]  875     ret z
   0568 3E B4         [ 7]  876         ld a, #0xB4
   056A CD 00 00      [17]  877         call set_y_last_obstacle     
   056D CD 00 00      [17]  878         call generar1entidad
   0570 C9            [10]  879         ret
                            880 
   0571                     881     comprobarEntidades6lvl28:
   0571 3A 00 00      [13]  882     ld a, (level_obstacles)
   0574 FE 06         [ 7]  883     cp #0x06               ;; Si ya tengo 6 entidades no compruebo ninguna mas
   0576 C8            [11]  884     ret z
   0577 3E 76         [ 7]  885         ld a, #0x76
   0579 CD 00 00      [17]  886         call set_y_last_obstacle     
   057C CD 00 00      [17]  887         call generar1entidad
   057F C9            [10]  888         ret
                            889 
   0580                     890     comprobarEntidades7lvl28:
   0580 3A 00 00      [13]  891     ld a, (level_obstacles)
   0583 FE 07         [ 7]  892     cp #0x07               ;; Si ya tengo 7 entidades no compruebo ninguna mas
   0585 C8            [11]  893     ret z
   0586 3E 76         [ 7]  894         ld a, #0x76
   0588 CD 00 00      [17]  895         call set_y_last_obstacle     
   058B CD 00 00      [17]  896         call generar1entidad
   058E C9            [10]  897         ret
                            898 
   058F                     899     comprobarEntidades8lvl28:
ASxxxx Assembler V02.00 + NoICE + SDCC mods  (Zilog Z80 / Hitachi HD64180), page 22.
Hexadecimal [16-Bits]



   058F 3A 00 00      [13]  900     ld a, (level_obstacles)
   0592 FE 08         [ 7]  901     cp #0x08               ;; Si ya tengo 8 entidades no compruebo ninguna mas
   0594 C8            [11]  902     ret z
   0595 3E B4         [ 7]  903         ld a, #0xB4
   0597 CD 00 00      [17]  904         call set_y_last_obstacle     
   059A CD 00 00      [17]  905         call generar1entidad
   059D C9            [10]  906         ret
                            907 
   059E                     908     comprobarEntidades9lvl28:
   059E 3A 00 00      [13]  909     ld a, (level_obstacles)
   05A1 FE 0A         [ 7]  910     cp #0x0A                ;; Si ya tengo 10 entidades no compruebo ninguna mas
   05A3 C8            [11]  911     ret z
   05A4 3E 76         [ 7]  912         ld a, #0x76
   05A6 CD 00 00      [17]  913         call set_y_ghost
   05A9 CD 00 00      [17]  914         call generar1entidadGhost
                            915         
   05AC 3E B4         [ 7]  916         ld a, #0xB4
   05AE CD 00 00      [17]  917         call set_y_ghost
   05B1 CD 00 00      [17]  918         call generar1entidadGhost
   05B4 C9            [10]  919         ret
                            920     
   05B5                     921     comprobarEntidades10lvl28:
   05B5 3A 00 00      [13]  922     ld a, (level_obstacles)
   05B8 FE 0B         [ 7]  923     cp #0x0B               ;; Si ya tengo 11 entidades no compruebo ninguna mas
   05BA C8            [11]  924     ret z
   05BB 3E AC         [ 7]  925         ld a, #0xAC
   05BD CD 00 00      [17]  926         call set_y_wave
   05C0 CD 00 00      [17]  927         call generar1entidadWave
   05C3 C9            [10]  928         ret
                            929     
   05C4                     930     comprobarEntidades11lvl28:
   05C4 3A 00 00      [13]  931     ld a, (level_obstacles)
   05C7 FE 0C         [ 7]  932     cp #0x0C                ;; Si ya tengo 12 entidades no compruebo ninguna mas
   05C9 C8            [11]  933     ret z
   05CA 3E B4         [ 7]  934         ld a, #0xB4
   05CC CD 00 00      [17]  935         call set_y_ghost
   05CF CD 00 00      [17]  936         call generar1entidadGhost
   05D2 C9            [10]  937         ret
                            938     
                            939 ;;;;;;;;;;;;;;;;;;;;;;;;;;;;;;;;;;;;;;;;;;;;;;;;;;;;;;;;;;;;;;;;;;;;;;;;;;;;;;;;;;;;;;;;;;;;
                            940 ;;
                            941 ;;
                            942 ;;  NIVEL 29 (FUEGUITO)
                            943 ;;
                            944 ;;
                            945 ;;;;;;;;;;;;;;;;;;;;;;;;;;;;;;;;;;;;;;;;;;;;;;;;;;;;;;;;;;;;;;;;;;;;;;;;;;;;;;;;;;;;;;;;;;;;
   05D3                     946 man_game_controller_lvl_29::
   05D3 3A 00 00      [13]  947     ld a, (_level_seconds)  
   05D6 FE 01         [ 7]  948     cp #0x01        
   05D8 28 24         [12]  949     jr z, comprobarEntidades1lvl29
   05DA FE 04         [ 7]  950     cp #0x04
   05DC 28 2F         [12]  951     jr z, comprobarEntidades2lvl29
   05DE FE 05         [ 7]  952     cp #0x05                                
   05E0 28 3A         [12]  953     jr z, comprobarEntidades3lvl29
   05E2 FE 06         [ 7]  954     cp #0x06
ASxxxx Assembler V02.00 + NoICE + SDCC mods  (Zilog Z80 / Hitachi HD64180), page 23.
Hexadecimal [16-Bits]



   05E4 28 45         [12]  955     jr z, comprobarEntidades4lvl29
   05E6 FE 0B         [ 7]  956     cp #0x0B
   05E8 28 50         [12]  957     jr z, comprobarEntidades5lvl29
   05EA FE 0C         [ 7]  958     cp #0x0C
   05EC 28 5B         [12]  959     jr z, comprobarEntidades6lvl29
   05EE FE 13         [ 7]  960     cp #0x13
   05F0 CA 58 06      [10]  961     jp z, comprobarEntidades7lvl29
   05F3 FE 14         [ 7]  962     cp #0x14
   05F5 CA 6F 06      [10]  963     jp z, comprobarEntidades8lvl29
   05F8 FE 18         [ 7]  964     cp #0x18
   05FA CA 7E 06      [10]  965     jp z, comprobarEntidades9lvl29
   05FD C9            [10]  966     ret
                            967 
   05FE                     968     comprobarEntidades1lvl29:
   05FE 3A 00 00      [13]  969     ld a, (level_obstacles)
   0601 FE 01         [ 7]  970     cp #0x01               ;; Si ya tengo 1 entidades no compruebo ninguna mas
   0603 C8            [11]  971     ret z
   0604 3E B4         [ 7]  972         ld a, #0xB4
   0606 CD 00 00      [17]  973         call set_y_last_obstacle     
   0609 CD 00 00      [17]  974         call generar1entidad
   060C C9            [10]  975         ret
                            976 
   060D                     977     comprobarEntidades2lvl29:
   060D 3A 00 00      [13]  978     ld a, (level_obstacles)
   0610 FE 02         [ 7]  979     cp #0x02               ;; Si ya tengo 2 entidades no compruebo ninguna mas
   0612 C8            [11]  980     ret z
   0613 3E 76         [ 7]  981         ld a, #0x76
   0615 CD 00 00      [17]  982         call set_y_last_obstacle     
   0618 CD 00 00      [17]  983         call generar1entidad
   061B C9            [10]  984         ret
                            985     
   061C                     986     comprobarEntidades3lvl29:
   061C 3A 00 00      [13]  987     ld a, (level_obstacles)
   061F FE 03         [ 7]  988     cp #0x03               ;; Si ya tengo 3 entidades no compruebo ninguna mas
   0621 C8            [11]  989     ret z
   0622 3E 95         [ 7]  990         ld a, #0x95
   0624 CD 00 00      [17]  991         call set_y_last_obstacle     
   0627 CD 00 00      [17]  992         call generar1entidad
   062A C9            [10]  993         ret
                            994     
   062B                     995     comprobarEntidades4lvl29:
   062B 3A 00 00      [13]  996     ld a, (level_obstacles)
   062E FE 04         [ 7]  997     cp #0x04               ;; Si ya tengo 4 entidades no compruebo ninguna mas
   0630 C8            [11]  998     ret z
   0631 3E B4         [ 7]  999         ld a, #0xB4
   0633 CD 00 00      [17] 1000         call set_y_last_obstacle     
   0636 CD 00 00      [17] 1001         call generar1entidad
   0639 C9            [10] 1002         ret
                           1003     
   063A                    1004     comprobarEntidades5lvl29:
   063A 3A 00 00      [13] 1005     ld a, (level_obstacles)
   063D FE 05         [ 7] 1006     cp #0x05               ;; Si ya tengo 5 entidades no compruebo ninguna mas
   063F C8            [11] 1007     ret z
   0640 3E 76         [ 7] 1008         ld a, #0x76
   0642 CD 00 00      [17] 1009         call set_y_last_obstacle     
ASxxxx Assembler V02.00 + NoICE + SDCC mods  (Zilog Z80 / Hitachi HD64180), page 24.
Hexadecimal [16-Bits]



   0645 CD 00 00      [17] 1010         call generar1entidad
   0648 C9            [10] 1011         ret
                           1012     
   0649                    1013     comprobarEntidades6lvl29:
   0649 3A 00 00      [13] 1014     ld a, (level_obstacles)
   064C FE 06         [ 7] 1015     cp #0x06               ;; Si ya tengo 6 entidades no compruebo ninguna mas
   064E C8            [11] 1016     ret z
   064F 3E B4         [ 7] 1017         ld a, #0xB4
   0651 CD 00 00      [17] 1018         call set_y_ghost
   0654 CD 00 00      [17] 1019         call generar1entidadGhost
   0657 C9            [10] 1020         ret
                           1021     
   0658                    1022     comprobarEntidades7lvl29:
   0658 3A 00 00      [13] 1023     ld a, (level_obstacles)
   065B FE 08         [ 7] 1024     cp #0x08               ;; Si ya tengo 8 entidades no compruebo ninguna mas
   065D C8            [11] 1025     ret z
   065E 3E 76         [ 7] 1026         ld a, #0x76
   0660 CD 00 00      [17] 1027         call set_y_last_obstacle     
   0663 CD 00 00      [17] 1028         call generar1entidad
                           1029         
   0666 3E B4         [ 7] 1030         ld a, #0xB4
   0668 CD 00 00      [17] 1031         call set_y_last_obstacle     
   066B CD 00 00      [17] 1032         call generar1entidad
   066E C9            [10] 1033         ret
                           1034     
   066F                    1035     comprobarEntidades8lvl29:
   066F 3A 00 00      [13] 1036     ld a, (level_obstacles)
   0672 FE 09         [ 7] 1037     cp #0x09               ;; Si ya tengo 9 entidades no compruebo ninguna mas
   0674 C8            [11] 1038     ret z
   0675 3E 95         [ 7] 1039         ld a, #0x95
   0677 CD 00 00      [17] 1040         call set_y_last_obstacle     
   067A CD 00 00      [17] 1041         call generar1entidad
   067D C9            [10] 1042         ret
                           1043 
   067E                    1044     comprobarEntidades9lvl29:
   067E 3A 00 00      [13] 1045     ld a, (level_obstacles)
   0681 FE 0B         [ 7] 1046     cp #0x0B               ;; Si ya tengo 11 entidades no compruebo ninguna mas
   0683 C8            [11] 1047     ret z    
   0684 3E 76         [ 7] 1048         ld a, #0x76
   0686 CD 00 00      [17] 1049         call set_y_ghost
   0689 CD 00 00      [17] 1050         call generar1entidadGhost
                           1051         
   068C 3E B4         [ 7] 1052         ld a, #0xB4
   068E CD 00 00      [17] 1053         call set_y_ghost
   0691 CD 00 00      [17] 1054         call generar1entidadGhost
   0694 C9            [10] 1055         ret
                           1056     
                           1057     
                           1058 ;;;;;;;;;;;;;;;;;;;;;;;;;;;;;;;;;;;;;;;;;;;;;;;;;;;;;;;;;;;;;;;;;;;;;;;;;;;;;;;;;;;;;;;;;;;;
                           1059 ;;
                           1060 ;;
                           1061 ;;  NIVEL 30 (FUEGUITO)
                           1062 ;;
                           1063 ;;
                           1064 ;;;;;;;;;;;;;;;;;;;;;;;;;;;;;;;;;;;;;;;;;;;;;;;;;;;;;;;;;;;;;;;;;;;;;;;;;;;;;;;;;;;;;;;;;;;;
ASxxxx Assembler V02.00 + NoICE + SDCC mods  (Zilog Z80 / Hitachi HD64180), page 25.
Hexadecimal [16-Bits]



   0695                    1065 man_game_controller_lvl_30::
   0695 3A 00 00      [13] 1066     ld a, (_level_seconds)  
   0698 FE 01         [ 7] 1067     cp #0x01                      
   069A 28 1F         [12] 1068     jr z, comprobarEntidades1lvl30
   069C FE 03         [ 7] 1069     cp #0x03
   069E 28 32         [12] 1070     jr z, comprobarEntidades2lvl30
   06A0 FE 06         [ 7] 1071     cp #0x06                                
   06A2 28 3D         [12] 1072     jr z, comprobarEntidades3lvl30
   06A4 FE 0A         [ 7] 1073     cp #0x0A
   06A6 28 50         [12] 1074     jr z, comprobarEntidades4lvl30
   06A8 FE 0E         [ 7] 1075     cp #0x0E
   06AA 28 63         [12] 1076     jr z, comprobarEntidades5lvl30
   06AC FE 12         [ 7] 1077     cp #0x12
   06AE 28 6E         [12] 1078     jr z, comprobarEntidades6lvl30
   06B0 FE 16         [ 7] 1079     cp #0x16
   06B2 CA 35 07      [10] 1080     jp z, comprobarEntidades7lvl30
   06B5 FE 19         [ 7] 1081     cp #0x19
   06B7 CA 4C 07      [10] 1082     jp z, comprobarEntidades8lvl30
   06BA C9            [10] 1083     ret
                           1084     
   06BB                    1085     comprobarEntidades1lvl30:
   06BB 3A 00 00      [13] 1086     ld a, (level_obstacles)
   06BE FE 02         [ 7] 1087     cp #0x02               ;; Si ya tengo 2 entidades no compruebo ninguna mas
   06C0 C8            [11] 1088     ret z
   06C1 3E 76         [ 7] 1089         ld a, #0x76
   06C3 CD 00 00      [17] 1090         call set_y_last_obstacle     
   06C6 CD 00 00      [17] 1091         call generar1entidad
                           1092         
   06C9 3E B4         [ 7] 1093         ld a, #0xB4
   06CB CD 00 00      [17] 1094         call set_y_last_obstacle     
   06CE CD 00 00      [17] 1095         call generar1entidad
   06D1 C9            [10] 1096         ret
                           1097 
   06D2                    1098     comprobarEntidades2lvl30:
   06D2 3A 00 00      [13] 1099     ld a, (level_obstacles)
   06D5 FE 03         [ 7] 1100     cp #0x03               ;; Si ya tengo 3 entidades no compruebo ninguna mas
   06D7 C8            [11] 1101     ret z
   06D8 3E 8C         [ 7] 1102         ld a, #0x8C
   06DA CD 00 00      [17] 1103         call set_y_last_obstacle     
   06DD CD 00 00      [17] 1104         call generar1entidad
   06E0 C9            [10] 1105         ret
                           1106     
   06E1                    1107     comprobarEntidades3lvl30:
   06E1 3A 00 00      [13] 1108     ld a, (level_obstacles)
   06E4 FE 05         [ 7] 1109     cp #0x05               ;; Si ya tengo 5 entidades no compruebo ninguna mas
   06E6 C8            [11] 1110     ret z
   06E7 3E 76         [ 7] 1111         ld a, #0x76
   06E9 CD 00 00      [17] 1112         call set_y_last_obstacle     
   06EC CD 00 00      [17] 1113         call generar1entidad
                           1114         
   06EF 3E B4         [ 7] 1115         ld a, #0xB4
   06F1 CD 00 00      [17] 1116         call set_y_last_obstacle     
   06F4 CD 00 00      [17] 1117         call generar1entidad
   06F7 C9            [10] 1118         ret
                           1119 
ASxxxx Assembler V02.00 + NoICE + SDCC mods  (Zilog Z80 / Hitachi HD64180), page 26.
Hexadecimal [16-Bits]



   06F8                    1120     comprobarEntidades4lvl30:
   06F8 3A 00 00      [13] 1121     ld a, (level_obstacles)
   06FB FE 07         [ 7] 1122     cp #0x07               ;; Si ya tengo 7 entidades no compruebo ninguna mas
   06FD C8            [11] 1123     ret z
   06FE 3E 76         [ 7] 1124         ld a, #0x76
   0700 CD 00 00      [17] 1125         call set_y_ghost
   0703 CD 00 00      [17] 1126         call generar1entidadGhost
                           1127     
   0706 3E B4         [ 7] 1128         ld a, #0xB4
   0708 CD 00 00      [17] 1129         call set_y_ghost
   070B CD 00 00      [17] 1130         call generar1entidadGhost
   070E C9            [10] 1131         ret
                           1132     
   070F                    1133     comprobarEntidades5lvl30:
   070F 3A 00 00      [13] 1134     ld a, (level_obstacles)
   0712 FE 08         [ 7] 1135     cp #0x08               ;; Si ya tengo 8 entidades no compruebo ninguna mas
   0714 C8            [11] 1136     ret z
   0715 3E B4         [ 7] 1137         ld a, #0xB4
   0717 CD 00 00      [17] 1138         call set_y_ghost
   071A CD 00 00      [17] 1139         call generar1entidadGhost
   071D C9            [10] 1140         ret
                           1141 
   071E                    1142     comprobarEntidades6lvl30:
   071E 3A 00 00      [13] 1143     ld a, (level_obstacles)
   0721 FE 0A         [ 7] 1144     cp #0x0A               ;; Si ya tengo 10 entidades no compruebo ninguna mas
   0723 C8            [11] 1145     ret z
   0724 3E 76         [ 7] 1146         ld a, #0x76
   0726 CD 00 00      [17] 1147         call set_y_ghost
   0729 CD 00 00      [17] 1148         call generar1entidadGhost
                           1149         
   072C 3E B4         [ 7] 1150         ld a, #0xB4
   072E CD 00 00      [17] 1151         call set_y_ghost
   0731 CD 00 00      [17] 1152         call generar1entidadGhost
   0734 C9            [10] 1153         ret
   0735                    1154     comprobarEntidades7lvl30:
   0735 3A 00 00      [13] 1155     ld a, (level_obstacles)
   0738 FE 0C         [ 7] 1156     cp #0x0C               ;; Si ya tengo 12 entidades no compruebo ninguna mas
   073A C8            [11] 1157     ret z
   073B 3E 76         [ 7] 1158         ld a, #0x76
   073D CD 00 00      [17] 1159         call set_y_ghost
   0740 CD 00 00      [17] 1160         call generar1entidadGhost
                           1161         
   0743 3E B4         [ 7] 1162         ld a, #0xB4
   0745 CD 00 00      [17] 1163         call set_y_ghost
   0748 CD 00 00      [17] 1164         call generar1entidadGhost
   074B C9            [10] 1165         ret
                           1166 
   074C                    1167     comprobarEntidades8lvl30:
   074C 3A 00 00      [13] 1168     ld a, (level_obstacles)
   074F FE 0D         [ 7] 1169     cp #0x0D               ;; Si ya tengo 13 entidades no compruebo ninguna mas
   0751 C8            [11] 1170     ret z
   0752 3E B4         [ 7] 1171         ld a, #0xB4
   0754 CD 00 00      [17] 1172         call set_y_last_obstacle     
   0757 CD 00 00      [17] 1173         call generar1entidad
   075A C9            [10] 1174         ret
