ASxxxx Assembler V02.00 + NoICE + SDCC mods  (Zilog Z80 / Hitachi HD64180), page 1.
Hexadecimal [16-Bits]



                              1 ;; File 'src/sprites/background_z.h.s' generated using cpct_pack
                              2 ;; Compresor used:   zx7b
                              3 ;; Files compressed: [ 'src/sprites/BgInit.bin' ]
                              4 ;; Uncompressed:     16384 bytes
                              5 ;; Compressed:       1389 bytes
                              6 ;; Space saved:      14995 bytes
                              7 ;;
                              8 
                              9 ;; Declaration of the compressed array and
                             10 ;; the address of the latest byte of the compressed array (for unpacking purposes)
                             11 .globl _background_z
                             12 .globl _background_z_end
                             13 
                             14 ;; Compressed and uncompressed sizes
                     056D    15 _background_z_size_z == 1389
                     4000    16 _background_z_size   == 16384
                             17 
                             18 
