ASxxxx Assembler V02.00 + NoICE + SDCC mods  (Zilog Z80 / Hitachi HD64180), page 1.
Hexadecimal [16-Bits]



                              1 ;; File 'src/sprites/background_z.s' generated using cpct_pack
                              2 ;; Compresor used:   zx7b
                              3 ;; Files compressed: [ 'src/sprites/BgInit.bin' ]
                              4 ;; Uncompressed:     16384 bytes
                              5 ;; Compressed:       1389 bytes
                              6 ;; Space saved:      14995 bytes
                              7 ;;
                              8 
                              9 ;; Data array definition
   0000                      10 _background_z::
   0000 C0 AA 00 EA A2 C0    11    .db  0xc0, 0xaa, 0x00, 0xea, 0xa2, 0xc0, 0xa8, 0x96, 0x57, 0x7d, 0x36, 0x18, 0x9a, 0x53, 0x14, 0xf8
        A8 96 57 7D 36 18
        9A 53 14 F8
   0010 04 4F 78 80 1C 0A    12    .db  0x04, 0x4f, 0x78, 0x80, 0x1c, 0x0a, 0xea, 0xe5, 0xff, 0xa9, 0x00, 0xb8, 0xff, 0x87, 0xd5, 0x20
        EA E5 FF A9 00 B8
        FF 87 D5 20
   0020 FF 0F C3 94 FF 2F    13    .db  0xff, 0x0f, 0xc3, 0x94, 0xff, 0x2f, 0x3c, 0x18, 0xda, 0x72, 0x00, 0x7c, 0xee, 0x87, 0x82, 0xaf
        3C 18 DA 72 00 7C
        EE 87 82 AF
   0030 83 3A 2A C3 17 3F    14    .db  0x83, 0x3a, 0x2a, 0xc3, 0x17, 0x3f, 0x0f, 0x95, 0xd0, 0xff, 0x17, 0xd1, 0x84, 0xb0, 0xdb, 0x47
        0F 95 D0 FF 17 D1
        84 B0 DB 47
   0040 FF 3D 15 C5 2A 0D    15    .db  0xff, 0x3d, 0x15, 0xc5, 0x2a, 0x0d, 0x00, 0x3f, 0xd3, 0x7d, 0x4d, 0x6b, 0x57, 0xff, 0x0f, 0x0b
        00 3F D3 7D 4D 6B
        57 FF 0F 0B
   0050 30 FF 3D 20 71 FF    16    .db  0x30, 0xff, 0x3d, 0x20, 0x71, 0xff, 0xf5, 0x42, 0x4f, 0x55, 0xa4, 0xfa, 0x15, 0xa8, 0x8e, 0xff
        F5 42 4F 55 A4 FA
        15 A8 8E FF
   0060 F7 01 05 05 5C 24    17    .db  0xf7, 0x01, 0x05, 0x05, 0x5c, 0x24, 0x01, 0xe5, 0xff, 0xa9, 0x81, 0xaf, 0xed, 0xbc, 0xff, 0x3e
        01 E5 FF A9 81 AF
        ED BC FF 3E
   0070 E8 9C 61 9A AF 10    18    .db  0xe8, 0x9c, 0x61, 0x9a, 0xaf, 0x10, 0xf3, 0x3e, 0x29, 0x0a, 0xff, 0xf7, 0x14, 0xd4, 0x01, 0x55
        F3 3E 29 0A FF F7
        14 D4 01 55
   0080 F4 7C E9 AF FF 2F    19    .db  0xf4, 0x7c, 0xe9, 0xaf, 0xff, 0x2f, 0xca, 0xfe, 0x82, 0x7f, 0x0a, 0xa2, 0xc8, 0xff, 0x43, 0x10
        CA FE 82 7F 0A A2
        C8 FF 43 10
   0090 75 41 0F 13 01 AA    20    .db  0x75, 0x41, 0x0f, 0x13, 0x01, 0xaa, 0x06, 0xd7, 0x01, 0x55, 0x2b, 0xc4, 0x08, 0xc2, 0x3b, 0x5d
        06 D7 01 55 2B C4
        08 C2 3B 5D
   00A0 7D 23 33 9D 19 BA    21    .db  0x7d, 0x23, 0x33, 0x9d, 0x19, 0xba, 0x07, 0x19, 0x10, 0xfe, 0xbe, 0xea, 0x8f, 0xc7, 0x8e, 0x4f
        07 19 10 FE BE EA
        8F C7 8E 4F
   00B0 00 FF 00 B7 A8 3C    22    .db  0x00, 0xff, 0x00, 0xb7, 0xa8, 0x3c, 0xca, 0xff, 0x03, 0x14, 0x76, 0x35, 0x0d, 0xd0, 0x80, 0x03
        CA FF 03 14 76 35
        0D D0 80 03
   00C0 D4 4B 0E 1A AF E9    23    .db  0xd4, 0x4b, 0x0e, 0x1a, 0xaf, 0xe9, 0xff, 0x23, 0x08, 0xa6, 0xff, 0x27, 0xc3, 0x84, 0x8a, 0xc3
        FF 23 08 A6 FF 27
        C3 84 8A C3
   00D0 28 95 A3 10 FF FA    24    .db  0x28, 0x95, 0xa3, 0x10, 0xff, 0xfa, 0x82, 0x9f, 0x7a, 0xaa, 0x87, 0xff, 0xcd, 0xeb, 0xff, 0x61
        82 9F 7A AA 87 FF
        CD EB FF 61
   00E0 C7 08 BC EA B8 EA    25    .db  0xc7, 0x08, 0xbc, 0xea, 0xb8, 0xea, 0x04, 0x00, 0x02, 0x41, 0x82, 0x1f, 0x61, 0xb1, 0x84, 0x8d
        04 00 02 41 82 1F
        61 B1 84 8D
ASxxxx Assembler V02.00 + NoICE + SDCC mods  (Zilog Z80 / Hitachi HD64180), page 2.
Hexadecimal [16-Bits]



   00F0 7B FF 0F 00 74 AF    26    .db  0x7b, 0xff, 0x0f, 0x00, 0x74, 0xaf, 0x3d, 0xd1, 0x61, 0x40, 0xc5, 0xf7, 0x83, 0x83, 0x3e, 0x0a
        3D D1 61 40 C5 F7
        83 83 3E 0A
   0100 CE 01 29 FF 4F F5    27    .db  0xce, 0x01, 0x29, 0xff, 0x4f, 0xf5, 0xcf, 0x57, 0x40, 0xe8, 0xf1, 0xea, 0xff, 0x2b, 0xa4, 0x87
        CF 57 40 E8 F1 EA
        FF 2B A4 87
   0110 30 10 20 51 58 02    28    .db  0x30, 0x10, 0x20, 0x51, 0x58, 0x02, 0xc0, 0x51, 0x3f, 0x02, 0x28, 0xff, 0xbe, 0x83, 0x0f, 0x7c
        C0 51 3F 02 28 FF
        BE 83 0F 7C
   0120 A2 AF 87 45 A1 51    29    .db  0xa2, 0xaf, 0x87, 0x45, 0xa1, 0x51, 0x76, 0x74, 0x36, 0xff, 0xf4, 0x05, 0x11, 0x73, 0xa7, 0xb3
        76 74 36 FF F4 05
        11 73 A7 B3
   0130 AD 97 FD 53 FF 1F    30    .db  0xad, 0x97, 0xfd, 0x53, 0xff, 0x1f, 0x51, 0xa2, 0x0a, 0x91, 0x10, 0x0f, 0xd5, 0x19, 0xa3, 0xcd
        51 A2 0A 91 10 0F
        D5 19 A3 CD
   0140 9F 62 CF AF 02 00    31    .db  0x9f, 0x62, 0xcf, 0xaf, 0x02, 0x00, 0x52, 0x46, 0xc0, 0xff, 0xf5, 0x41, 0x10, 0x5d, 0x0f, 0xd0
        52 46 C0 FF F5 41
        10 5D 0F D0
   0150 03 C1 AA 51 F3 C4    32    .db  0x03, 0xc1, 0xaa, 0x51, 0xf3, 0xc4, 0xfc, 0x55, 0xae, 0xf8, 0x4d, 0xa2, 0x7f, 0x00, 0x4c, 0x55
        FC 55 AE F8 4D A2
        7F 00 4C 55
   0160 C5 36 5F FF 3E 02    33    .db  0xc5, 0x36, 0x5f, 0xff, 0x3e, 0x02, 0x02, 0x00, 0x26, 0x8a, 0xff, 0xbe, 0xab, 0xff, 0x7c, 0x76
        02 00 26 8A FF BE
        AB FF 7C 76
   0170 5C D0 AC 80 53 C0    34    .db  0x5c, 0xd0, 0xac, 0x80, 0x53, 0xc0, 0xff, 0x7c, 0x53, 0xd5, 0x5f, 0x74, 0x42, 0x55, 0xda, 0xaf
        FF 7C 53 D5 5F 74
        42 55 DA AF
   0180 0A FF FB 4D E2 4F    35    .db  0x0a, 0xff, 0xfb, 0x4d, 0xe2, 0x4f, 0x26, 0x16, 0x1a, 0xff, 0xfa, 0x3f, 0x0f, 0xaa, 0x1a, 0x4d
        26 16 1A FF FA 3F
        0F AA 1A 4D
   0190 FF F4 01 5D 29 DD    36    .db  0xff, 0xf4, 0x01, 0x5d, 0x29, 0xdd, 0xaf, 0xf4, 0x45, 0xff, 0x1f, 0x10, 0xd1, 0x30, 0x56, 0x52
        AF F4 45 FF 1F 10
        D1 30 56 52
   01A0 C9 B6 81 2B FF 4F    37    .db  0xc9, 0xb6, 0x81, 0x2b, 0xff, 0x4f, 0x1e, 0x1c, 0xff, 0xf4, 0x50, 0xa4, 0xd8, 0xde, 0x5e, 0x6c
        1E 1C FF F4 50 A4
        D8 DE 5E 6C
   01B0 43 16 86 8F D1 FF    38    .db  0x43, 0x16, 0x86, 0x8f, 0xd1, 0xff, 0x13, 0x87, 0x7d, 0xc4, 0x3b, 0x81, 0x7d, 0xa3, 0x4e, 0xff
        13 87 7D C4 3B 81
        7D A3 4E FF
   01C0 1F C0 A5 01 55 12    39    .db  0x1f, 0xc0, 0xa5, 0x01, 0x55, 0x12, 0x03, 0xff, 0x7a, 0x20, 0x35, 0xae, 0xe8, 0xbe, 0x9c, 0xbe
        03 FF 7A 20 35 AE
        E8 BE 9C BE
   01D0 FF 8F 68 E9 FF CD    40    .db  0xff, 0x8f, 0x68, 0xe9, 0xff, 0xcd, 0x2b, 0xff, 0xfa, 0x88, 0x30, 0x20, 0x00, 0x32, 0x0a, 0xce
        2B FF FA 88 30 20
        00 32 0A CE
   01E0 F6 FF 7A 82 29 18    41    .db  0xf6, 0xff, 0x7a, 0x82, 0x29, 0x18, 0xea, 0xf6, 0x20, 0xaf, 0x08, 0x7d, 0xbe, 0x2b, 0x18, 0x23
        EA F6 20 AF 08 7D
        BE 2B 18 23
   01F0 B5 E2 EE 3E E8 FF    42    .db  0xb5, 0xe2, 0xee, 0x3e, 0xe8, 0xff, 0x09, 0x28, 0xea, 0x00, 0xa0, 0x7c, 0xd5, 0xd5, 0x44, 0x00
        09 28 EA 00 A0 7C
        D5 D5 44 00
   0200 2B E8 FF 57 CB FF    43    .db  0x2b, 0xe8, 0xff, 0x57, 0xcb, 0xff, 0x43, 0x80, 0x50, 0xf7, 0x0f, 0x1a, 0xaf, 0xe9, 0xff, 0xc0
        43 80 50 F7 0F 1A
        AF E9 FF C0
   0210 2B FF 0F 16 09 F1    44    .db  0x2b, 0xff, 0x0f, 0x16, 0x09, 0xf1, 0x2e, 0x04, 0xdf, 0xff, 0x57, 0xc3, 0x58, 0x83, 0x4b, 0xdf
ASxxxx Assembler V02.00 + NoICE + SDCC mods  (Zilog Z80 / Hitachi HD64180), page 3.
Hexadecimal [16-Bits]



        2E 04 DF FF 57 C3
        58 83 4B DF
   0220 14 13 20 37 63 EB    45    .db  0x14, 0x13, 0x20, 0x37, 0x63, 0xeb, 0xf7, 0x55, 0xff, 0x5f, 0x4d, 0x4f, 0xdd, 0x9e, 0x61, 0x00
        F7 55 FF 5F 4D 4F
        DD 9E 61 00
   0230 0C D4 FF 43 29 D3    46    .db  0x0c, 0xd4, 0xff, 0x43, 0x29, 0xd3, 0xff, 0x07, 0x2e, 0x0c, 0x3f, 0xff, 0xf7, 0x11, 0x00, 0x63
        FF 07 2E 0C 3F FF
        F7 11 00 63
   0240 D7 00 DD FF 5E 77    47    .db  0xd7, 0x00, 0xdd, 0xff, 0x5e, 0x77, 0x1b, 0x1a, 0x7c, 0xff, 0x1f, 0xf1, 0xcf, 0x57, 0xff, 0x1f
        1B 1A 7C FF 1F F1
        CF 57 FF 1F
   0250 0C 71 FF 1F D6 F5    48    .db  0x0c, 0x71, 0xff, 0x1f, 0xd6, 0xf5, 0xff, 0xf4, 0x44, 0x1a, 0x57, 0x30, 0x3f, 0x5f, 0xff, 0xf5
        FF F4 44 1A 57 30
        3F 5F FF F5
   0260 55 0A FF F7 52 5D    49    .db  0x55, 0x0a, 0xff, 0xf7, 0x52, 0x5d, 0xff, 0x4f, 0x05, 0x40, 0x0f, 0x4d, 0x2f, 0x60, 0xed, 0xef
        FF 4F 05 40 0F 4D
        2F 60 ED EF
   0270 FF 01 A8 39 33 BE    50    .db  0xff, 0x01, 0xa8, 0x39, 0x33, 0xbe, 0x2a, 0x08, 0x33, 0x44, 0x36, 0x00, 0x52, 0xff, 0xf4, 0x51
        2A 08 33 44 36 00
        52 FF F4 51
   0280 44 00 5D 55 FF 7D    51    .db  0x44, 0x00, 0x5d, 0x55, 0xff, 0x7d, 0x55, 0x14, 0xde, 0x87, 0x0f, 0x5d, 0x4a, 0x4d, 0x03, 0x81
        55 14 DE 87 0F 5D
        4A 4D 03 81
   0290 81 10 02 FF 7C 3F    52    .db  0x81, 0x10, 0x02, 0xff, 0x7c, 0x3f, 0xd4, 0xff, 0xf5, 0x03, 0xc5, 0xef, 0x85, 0x4a, 0x1d, 0xaf
        D4 FF F5 03 C5 EF
        85 4A 1D AF
   02A0 F5 51 FF 36 3F 5F    53    .db  0xf5, 0x51, 0xff, 0x36, 0x3f, 0x5f, 0xf4, 0xd0, 0x2b, 0xdf, 0xd0, 0x84, 0x3f, 0x58, 0xff, 0x1e
        F4 D0 2B DF D0 84
        3F 58 FF 1E
   02B0 EA 41 A2 62 D0 D1    54    .db  0xea, 0x41, 0xa2, 0x62, 0xd0, 0xd1, 0xff, 0x17, 0x1a, 0x4c, 0x80, 0xc0, 0x40, 0x80, 0xc1, 0xff
        FF 17 1A 4C 80 C0
        40 80 C1 FF
   02C0 4F D7 FF 7D 4C D4    55    .db  0x4f, 0xd7, 0xff, 0x7d, 0x4c, 0xd4, 0x1f, 0xd7, 0xff, 0x53, 0x9b, 0xf4, 0x11, 0xbd, 0xc3, 0x56
        1F D7 FF 53 9B F4
        11 BD C3 56
   02D0 83 4D 42 6E D6 20    56    .db  0x83, 0x4d, 0x42, 0x6e, 0xd6, 0x20, 0xeb, 0xff, 0x03, 0x42, 0x82, 0xea, 0xff, 0xf5, 0xd5, 0xd0
        EB FF 03 42 82 EA
        FF F5 D5 D0
   02E0 80 5E 80 A4 3C 11    57    .db  0x80, 0x5e, 0x80, 0xa4, 0x3c, 0x11, 0x4f, 0x33, 0x2c, 0xdc, 0xff, 0x6c, 0xd7, 0x10, 0x70, 0xb8
        4F 33 2C DC FF 6C
        D7 10 70 B8
   02F0 48 FF 7D 57 05 CD    58    .db  0x48, 0xff, 0x7d, 0x57, 0x05, 0xcd, 0x3f, 0xc4, 0x75, 0x17, 0x91, 0xf2, 0xff, 0xf4, 0xd4, 0xde
        3F C4 75 17 91 F2
        FF F4 D4 DE
   0300 D7 BF 5D AF DF C6    59    .db  0xd7, 0xbf, 0x5d, 0xaf, 0xdf, 0xc6, 0x5f, 0xff, 0x7d, 0x05, 0x30, 0x04, 0xdc, 0x30, 0xbb, 0x76
        5F FF 7D 05 30 04
        DC 30 BB 76
   0310 FA 05 05 0F FF F1    60    .db  0xfa, 0x05, 0x05, 0x0f, 0xff, 0xf1, 0x20, 0xd1, 0x35, 0xc1, 0x01, 0x02, 0x7d, 0xff, 0x1f, 0x30
        20 D1 35 C1 01 02
        7D FF 1F 30
   0320 FD 71 FF FA 20 4D    61    .db  0xfd, 0x71, 0xff, 0xfa, 0x20, 0x4d, 0xae, 0xda, 0xf3, 0x2b, 0x82, 0xef, 0xff, 0xab, 0x2a, 0xff
        AE DA F3 2B 82 EF
        FF AB 2A FF
   0330 EF FF AB 00 E2 29    62    .db  0xef, 0xff, 0xab, 0x00, 0xe2, 0x29, 0xea, 0x09, 0x10, 0xaf, 0xbe, 0xdc, 0x3c, 0x7d, 0x45, 0xbe
        EA 09 10 AF BE DC
ASxxxx Assembler V02.00 + NoICE + SDCC mods  (Zilog Z80 / Hitachi HD64180), page 4.
Hexadecimal [16-Bits]



        3C 7D 45 BE
   0340 05 FF 42 FF 3E 08    63    .db  0x05, 0xff, 0x42, 0xff, 0x3e, 0x08, 0x02, 0xc0, 0xff, 0xf2, 0x15, 0xd5, 0x91, 0xff, 0xea, 0x05
        02 C0 FF F2 15 D5
        91 FF EA 05
   0350 A7 81 41 2C 83 FF    64    .db  0xa7, 0x81, 0x41, 0x2c, 0x83, 0xff, 0x9e, 0xd5, 0x22, 0xff, 0x4f, 0x1e, 0x12, 0xf1, 0xea, 0x41
        9E D5 22 FF 4F 1E
        12 F1 EA 41
   0360 FF 9E 0F 2A FF 1F    65    .db  0xff, 0x9e, 0x0f, 0x2a, 0xff, 0x1f, 0x00, 0x95, 0xff, 0xaf, 0x00, 0xff, 0xfb, 0x80, 0xd5, 0xff
        00 95 FF AF 00 FF
        FB 80 D5 FF
   0370 7C 35 91 52 DE 4E    66    .db  0x7c, 0x35, 0x91, 0x52, 0xde, 0x4e, 0x14, 0xce, 0xd2, 0xff, 0x43, 0xef, 0xec, 0xff, 0x3d, 0xfc
        14 CE D2 FF 43 EF
        EC FF 3D FC
   0380 7F D0 B1 6A 73 FF    67    .db  0x7f, 0xd0, 0xb1, 0x6a, 0x73, 0xff, 0x3d, 0x0a, 0x35, 0xff, 0x3d, 0x1b, 0xc4, 0x0f, 0xff, 0xf7
        3D 0A 35 FF 3D 1B
        C4 0F FF F7
   0390 00 12 CF FF 55 FF    68    .db  0x00, 0x12, 0xcf, 0xff, 0x55, 0xff, 0x1f, 0xc2, 0xf5, 0x81, 0x80, 0xff, 0xf1, 0x54, 0xd6, 0x4f
        1F C2 F5 81 80 FF
        F1 54 D6 4F
   03A0 FF 4F 2A 71 93 3B    69    .db  0xff, 0x4f, 0x2a, 0x71, 0x93, 0x3b, 0xff, 0x7d, 0x10, 0x40, 0x20, 0xff, 0x3c, 0x12, 0xc5, 0x45
        FF 7D 10 40 20 FF
        3C 12 C5 45
   03B0 5C B8 F5 FF F5 41    70    .db  0x5c, 0xb8, 0xf5, 0xff, 0xf5, 0x41, 0x51, 0x0f, 0xb4, 0xff, 0xa7, 0xda, 0xfe, 0x10, 0x30, 0x2b
        51 0F B4 FF A7 DA
        FE 10 30 2B
   03C0 34 09 DA F9 00 27    71    .db  0x34, 0x09, 0xda, 0xf9, 0x00, 0x27, 0x88, 0x10, 0x81, 0x0f, 0xba, 0x02, 0xaa, 0x06, 0x6e, 0x55
        88 10 81 0F BA 02
        AA 06 6E 55
   03D0 E4 AF 0B 7D FF E2    72    .db  0xe4, 0xaf, 0x0b, 0x7d, 0xff, 0xe2, 0xa0, 0x01, 0xa8, 0x9f, 0xb5, 0x0a, 0xff, 0x7a, 0x82, 0x88
        A0 01 A8 9F B5 0A
        FF 7A 82 88
   03E0 D5 27 5A 81 40 7B    73    .db  0xd5, 0x27, 0x5a, 0x81, 0x40, 0x7b, 0xa9, 0x4f, 0x2b, 0x66, 0x86, 0x00, 0xff, 0x5f, 0x6e, 0xb1
        A9 4F 2B 66 86 00
        FF 5F 6E B1
   03F0 8D 1B 4D 0A 86 8F    74    .db  0x8d, 0x1b, 0x4d, 0x0a, 0x86, 0x8f, 0xd5, 0xff, 0x57, 0x00, 0x13, 0xf4, 0xff, 0xf5, 0x05, 0xc0
        D5 FF 57 00 13 F4
        FF F5 05 C0
   0400 FF 79 82 41 A3 01    75    .db  0xff, 0x79, 0x82, 0x41, 0xa3, 0x01, 0x79, 0xb6, 0xdb, 0x57, 0x3a, 0x7f, 0xb0, 0xf6, 0xff, 0xf7
        79 B6 DB 57 3A 7F
        B0 F6 FF F7
   0410 05 4D FF F7 50 08    76    .db  0x05, 0x4d, 0xff, 0xf7, 0x50, 0x08, 0x80, 0x9c, 0xff, 0xaf, 0xf3, 0x20, 0xff, 0x5f, 0x00, 0x07
        80 9C FF AF F3 20
        FF 5F 00 07
   0420 72 4F 40 77 40 34    77    .db  0x72, 0x4f, 0x40, 0x77, 0x40, 0x34, 0x46, 0x86, 0x58, 0xff, 0x4f, 0x02, 0xe5, 0xff, 0xc0, 0xcb
        46 86 58 FF 4F 02
        E5 FF C0 CB
   0430 FF 13 1C 14 73 B8    78    .db  0xff, 0x13, 0x1c, 0x14, 0x73, 0xb8, 0x58, 0x53, 0x5d, 0xff, 0x5f, 0xd4, 0x77, 0x96, 0x75, 0x50
        58 53 5D FF 5F D4
        77 96 75 50
   0440 75 FF 4F C1 EC 11    79    .db  0x75, 0xff, 0x4f, 0xc1, 0xec, 0x11, 0x93, 0x0f, 0x0a, 0xd2, 0xff, 0x9e, 0x51, 0x51, 0x20, 0xf3
        93 0F 0A D2 FF 9E
        51 51 20 F3
   0450 FF 7C B1 E9 FF F7    80    .db  0xff, 0x7c, 0xb1, 0xe9, 0xff, 0xf7, 0x11, 0x4f, 0xe5, 0xf7, 0x02, 0x5c, 0xae, 0x4d, 0xdf, 0x50
        11 4F E5 F7 02 5C
        AE 4D DF 50
ASxxxx Assembler V02.00 + NoICE + SDCC mods  (Zilog Z80 / Hitachi HD64180), page 5.
Hexadecimal [16-Bits]



   0460 FF F5 55 94 95 10    81    .db  0xff, 0xf5, 0x55, 0x94, 0x95, 0x10, 0x00, 0x71, 0x10, 0xff, 0xf4, 0x11, 0x41, 0x00, 0x70, 0x4f
        00 71 10 FF F4 11
        41 00 70 4F
   0470 17 23 03 81 28 95    82    .db  0x17, 0x23, 0x03, 0x81, 0x28, 0x95, 0x80, 0x53, 0x1a, 0x07, 0x74, 0x77, 0xc3, 0x53, 0x37, 0xd5
        80 53 1A 07 74 77
        C3 53 37 D5
   0480 FF EA 5F 88 15 C9    83    .db  0xff, 0xea, 0x5f, 0x88, 0x15, 0xc9, 0x12, 0x09, 0x81, 0x3d, 0xb7, 0x4c, 0x38, 0x28, 0x3f, 0xef
        12 09 81 3D B7 4C
        38 28 3F EF
   0490 AC 00 29 04 15 BE    84    .db  0xac, 0x00, 0x29, 0x04, 0x15, 0xbe, 0x26, 0x7d, 0x19, 0xc3, 0x7c, 0x2a, 0x14, 0x8b, 0x2a, 0x83
        26 7D 19 C3 7C 2A
        14 8B 2A 83
   04A0 76 2C 4F 9B F3 01    85    .db  0x76, 0x2c, 0x4f, 0x9b, 0xf3, 0x01, 0x4f, 0x4e, 0x49, 0x43, 0xd5, 0x41, 0xad, 0x87, 0x43, 0x82
        4F 4E 49 43 D5 41
        AD 87 43 82
   04B0 31 15 0E 40 46 27    86    .db  0x31, 0x15, 0x0e, 0x40, 0x46, 0x27, 0x17, 0x3f, 0x29, 0x2b, 0x4f, 0x61, 0x7a, 0xa6, 0x3b, 0x7a
        17 3F 29 2B 4F 61
        7A A6 3B 7A
   04C0 E9 42 3F 00 C6 4D    87    .db  0xe9, 0x42, 0x3f, 0x00, 0xc6, 0x4d, 0xc1, 0x00, 0x74, 0x0e, 0x1d, 0xce, 0xd2, 0x82, 0x18, 0x2a
        C1 00 74 0E 1D CE
        D2 82 18 2A
   04D0 2D C3 17 2B 3F 11    88    .db  0x2d, 0xc3, 0x17, 0x2b, 0x3f, 0x11, 0x2c, 0x0b, 0xbc, 0x81, 0x3f, 0x2b, 0xe1, 0x6c, 0x40, 0x00
        2C 0B BC 81 3F 2B
        E1 6C 40 00
   04E0 A8 20 0A 77 FF 5D    89    .db  0xa8, 0x20, 0x0a, 0x77, 0xff, 0x5d, 0x51, 0x10, 0x80, 0x30, 0xdf, 0x30, 0x20, 0x1b, 0xc8, 0x3f
        51 10 80 30 DF 30
        20 1B C8 3F
   04F0 50 4F 67 54 17 EE    90    .db  0x50, 0x4f, 0x67, 0x54, 0x17, 0xee, 0x41, 0xc3, 0x03, 0x4d, 0x44, 0x40, 0x78, 0x80, 0x4f, 0x46
        41 C3 03 4D 44 40
        78 80 4F 46
   0500 15 AD D7 41 1F 42    91    .db  0x15, 0xad, 0xd7, 0x41, 0x1f, 0x42, 0xc0, 0xc0, 0x87, 0x96, 0xa6, 0xc0, 0x81, 0xc0, 0x02, 0x2c
        C0 C0 87 96 A6 C0
        81 C0 02 2C
   0510 C2 50 BA D1 86 05    92    .db  0xc2, 0x50, 0xba, 0xd1, 0x86, 0x05, 0xf3, 0x3e, 0x4b, 0x8b, 0x0a, 0x38, 0x05, 0x0a, 0x19, 0x90
        F3 3E 4B 8B 0A 38
        05 0A 19 90
   0520 05 D9 02 73 0F 0A    93    .db  0x05, 0xd9, 0x02, 0x73, 0x0f, 0x0a, 0x1f, 0x24, 0x01, 0x03, 0x08, 0x85, 0x84, 0x05, 0x02, 0x01
        1F 24 01 03 08 85
        84 05 02 01
   0530 CB 94 8C 80 51 A2    94    .db  0xcb, 0x94, 0x8c, 0x80, 0x51, 0xa2, 0x00, 0x05, 0x0f, 0x40, 0xc9, 0x12, 0xf3, 0xa2, 0x10, 0x14
        00 05 0F 40 C9 12
        F3 A2 10 14
   0540 30 00 10 72 41 0F    95    .db  0x30, 0x00, 0x10, 0x72, 0x41, 0x0f, 0x13, 0x07, 0xaa, 0x06, 0xd7, 0x55, 0x00, 0x4d, 0x3e, 0xc4
        13 07 AA 06 D7 55
        00 4D 3E C4
   0550 17 C2 3A D1 39 33    96    .db  0x17, 0xc2, 0x3a, 0xd1, 0x39, 0x33, 0x36, 0x14, 0x31, 0xa9, 0x00, 0xff, 0x00, 0xb8, 0x10, 0x3c
        36 14 31 A9 00 FF
        00 B8 10 3C
   0560 55 00 A9 02 00 00    97    .db  0x55, 0x00, 0xa9, 0x02, 0x00, 0x00, 0x2a, 0x15, 0x03, 0x00, 0x94, 0x8a, 0x00
        2A 15 03 00 94 8A
        00
                             98 ;; Address of the latest byte of the compressed array (for unpacking purposes)
                     056C    99 _background_z_end == . - 1
                            100 
