                              1 ;--------------------------------------------------------
                              2 ; File Created by SDCC : free open source ANSI-C Compiler
                              3 ; Version 3.6.8 #9946 (Linux)
                              4 ;--------------------------------------------------------
                              5 	.module Ghost
                              6 	.optsdcc -mz80
                              7 	
                              8 ;--------------------------------------------------------
                              9 ; Public variables in this module
                             10 ;--------------------------------------------------------
                             11 	.globl _ghost_sp_1
                             12 	.globl _ghost_sp_0
                             13 ;--------------------------------------------------------
                             14 ; special function registers
                             15 ;--------------------------------------------------------
                             16 ;--------------------------------------------------------
                             17 ; ram data
                             18 ;--------------------------------------------------------
                             19 	.area _DATA
                             20 ;--------------------------------------------------------
                             21 ; ram data
                             22 ;--------------------------------------------------------
                             23 	.area _INITIALIZED
                             24 ;--------------------------------------------------------
                             25 ; absolute external ram data
                             26 ;--------------------------------------------------------
                             27 	.area _DABS (ABS)
                             28 ;--------------------------------------------------------
                             29 ; global & static initialisations
                             30 ;--------------------------------------------------------
                             31 	.area _HOME
                             32 	.area _GSINIT
                             33 	.area _GSFINAL
                             34 	.area _GSINIT
                             35 ;--------------------------------------------------------
                             36 ; Home
                             37 ;--------------------------------------------------------
                             38 	.area _HOME
                             39 	.area _HOME
                             40 ;--------------------------------------------------------
                             41 ; code
                             42 ;--------------------------------------------------------
                             43 	.area _CODE
                             44 	.area _CODE
   0000                      45 _ghost_sp_0:
   0000 00                   46 	.db #0x00	; 0
   0001 00                   47 	.db #0x00	; 0
   0002 00                   48 	.db #0x00	; 0
   0003 FF                   49 	.db #0xff	; 255
   0004 FF                   50 	.db #0xff	; 255
   0005 00                   51 	.db #0x00	; 0
   0006 00                   52 	.db #0x00	; 0
   0007 00                   53 	.db #0x00	; 0
   0008 00                   54 	.db #0x00	; 0
   0009 00                   55 	.db #0x00	; 0
   000A FF                   56 	.db #0xff	; 255
   000B FF                   57 	.db #0xff	; 255
   000C FF                   58 	.db #0xff	; 255
   000D FF                   59 	.db #0xff	; 255
   000E 00                   60 	.db #0x00	; 0
   000F 00                   61 	.db #0x00	; 0
   0010 00                   62 	.db #0x00	; 0
   0011 55                   63 	.db #0x55	; 85	'U'
   0012 FF                   64 	.db #0xff	; 255
   0013 FF                   65 	.db #0xff	; 255
   0014 FF                   66 	.db #0xff	; 255
   0015 FF                   67 	.db #0xff	; 255
   0016 AA                   68 	.db #0xaa	; 170
   0017 00                   69 	.db #0x00	; 0
   0018 00                   70 	.db #0x00	; 0
   0019 FF                   71 	.db #0xff	; 255
   001A FF                   72 	.db #0xff	; 255
   001B FF                   73 	.db #0xff	; 255
   001C FF                   74 	.db #0xff	; 255
   001D FF                   75 	.db #0xff	; 255
   001E FF                   76 	.db #0xff	; 255
   001F 00                   77 	.db #0x00	; 0
   0020 00                   78 	.db #0x00	; 0
   0021 FF                   79 	.db #0xff	; 255
   0022 3C                   80 	.db #0x3c	; 60
   0023 FF                   81 	.db #0xff	; 255
   0024 FF                   82 	.db #0xff	; 255
   0025 3C                   83 	.db #0x3c	; 60
   0026 FF                   84 	.db #0xff	; 255
   0027 00                   85 	.db #0x00	; 0
   0028 55                   86 	.db #0x55	; 85	'U'
   0029 FF                   87 	.db #0xff	; 255
   002A 3C                   88 	.db #0x3c	; 60
   002B FF                   89 	.db #0xff	; 255
   002C FF                   90 	.db #0xff	; 255
   002D 3C                   91 	.db #0x3c	; 60
   002E FF                   92 	.db #0xff	; 255
   002F AA                   93 	.db #0xaa	; 170
   0030 55                   94 	.db #0x55	; 85	'U'
   0031 FF                   95 	.db #0xff	; 255
   0032 3C                   96 	.db #0x3c	; 60
   0033 FF                   97 	.db #0xff	; 255
   0034 FF                   98 	.db #0xff	; 255
   0035 3C                   99 	.db #0x3c	; 60
   0036 FF                  100 	.db #0xff	; 255
   0037 AA                  101 	.db #0xaa	; 170
   0038 55                  102 	.db #0x55	; 85	'U'
   0039 FF                  103 	.db #0xff	; 255
   003A 3C                  104 	.db #0x3c	; 60
   003B FF                  105 	.db #0xff	; 255
   003C FF                  106 	.db #0xff	; 255
   003D 3C                  107 	.db #0x3c	; 60
   003E FF                  108 	.db #0xff	; 255
   003F AA                  109 	.db #0xaa	; 170
   0040 55                  110 	.db #0x55	; 85	'U'
   0041 FF                  111 	.db #0xff	; 255
   0042 FF                  112 	.db #0xff	; 255
   0043 FF                  113 	.db #0xff	; 255
   0044 FF                  114 	.db #0xff	; 255
   0045 FF                  115 	.db #0xff	; 255
   0046 FF                  116 	.db #0xff	; 255
   0047 AA                  117 	.db #0xaa	; 170
   0048 55                  118 	.db #0x55	; 85	'U'
   0049 AF                  119 	.db #0xaf	; 175
   004A 0F                  120 	.db #0x0f	; 15
   004B FF                  121 	.db #0xff	; 255
   004C FF                  122 	.db #0xff	; 255
   004D 0F                  123 	.db #0x0f	; 15
   004E 5F                  124 	.db #0x5f	; 95
   004F AA                  125 	.db #0xaa	; 170
   0050 55                  126 	.db #0x55	; 85	'U'
   0051 FF                  127 	.db #0xff	; 255
   0052 FF                  128 	.db #0xff	; 255
   0053 FF                  129 	.db #0xff	; 255
   0054 FF                  130 	.db #0xff	; 255
   0055 FF                  131 	.db #0xff	; 255
   0056 FF                  132 	.db #0xff	; 255
   0057 AA                  133 	.db #0xaa	; 170
   0058 55                  134 	.db #0x55	; 85	'U'
   0059 FF                  135 	.db #0xff	; 255
   005A FF                  136 	.db #0xff	; 255
   005B FF                  137 	.db #0xff	; 255
   005C FF                  138 	.db #0xff	; 255
   005D FF                  139 	.db #0xff	; 255
   005E FF                  140 	.db #0xff	; 255
   005F AA                  141 	.db #0xaa	; 170
   0060 55                  142 	.db #0x55	; 85	'U'
   0061 FF                  143 	.db #0xff	; 255
   0062 FF                  144 	.db #0xff	; 255
   0063 FF                  145 	.db #0xff	; 255
   0064 FF                  146 	.db #0xff	; 255
   0065 FF                  147 	.db #0xff	; 255
   0066 FF                  148 	.db #0xff	; 255
   0067 AA                  149 	.db #0xaa	; 170
   0068 55                  150 	.db #0x55	; 85	'U'
   0069 FF                  151 	.db #0xff	; 255
   006A FF                  152 	.db #0xff	; 255
   006B FF                  153 	.db #0xff	; 255
   006C FF                  154 	.db #0xff	; 255
   006D FF                  155 	.db #0xff	; 255
   006E FF                  156 	.db #0xff	; 255
   006F AA                  157 	.db #0xaa	; 170
   0070 55                  158 	.db #0x55	; 85	'U'
   0071 AA                  159 	.db #0xaa	; 170
   0072 55                  160 	.db #0x55	; 85	'U'
   0073 AA                  161 	.db #0xaa	; 170
   0074 55                  162 	.db #0x55	; 85	'U'
   0075 AA                  163 	.db #0xaa	; 170
   0076 55                  164 	.db #0x55	; 85	'U'
   0077 AA                  165 	.db #0xaa	; 170
   0078 55                  166 	.db #0x55	; 85	'U'
   0079 AA                  167 	.db #0xaa	; 170
   007A 55                  168 	.db #0x55	; 85	'U'
   007B AA                  169 	.db #0xaa	; 170
   007C 55                  170 	.db #0x55	; 85	'U'
   007D AA                  171 	.db #0xaa	; 170
   007E 55                  172 	.db #0x55	; 85	'U'
   007F AA                  173 	.db #0xaa	; 170
   0080                     174 _ghost_sp_1:
   0080 00                  175 	.db #0x00	; 0
   0081 00                  176 	.db #0x00	; 0
   0082 00                  177 	.db #0x00	; 0
   0083 00                  178 	.db #0x00	; 0
   0084 00                  179 	.db #0x00	; 0
   0085 00                  180 	.db #0x00	; 0
   0086 00                  181 	.db #0x00	; 0
   0087 00                  182 	.db #0x00	; 0
   0088 00                  183 	.db #0x00	; 0
   0089 00                  184 	.db #0x00	; 0
   008A 00                  185 	.db #0x00	; 0
   008B FF                  186 	.db #0xff	; 255
   008C FF                  187 	.db #0xff	; 255
   008D 00                  188 	.db #0x00	; 0
   008E 00                  189 	.db #0x00	; 0
   008F 00                  190 	.db #0x00	; 0
   0090 00                  191 	.db #0x00	; 0
   0091 00                  192 	.db #0x00	; 0
   0092 FF                  193 	.db #0xff	; 255
   0093 FF                  194 	.db #0xff	; 255
   0094 FF                  195 	.db #0xff	; 255
   0095 FF                  196 	.db #0xff	; 255
   0096 00                  197 	.db #0x00	; 0
   0097 00                  198 	.db #0x00	; 0
   0098 00                  199 	.db #0x00	; 0
   0099 55                  200 	.db #0x55	; 85	'U'
   009A FF                  201 	.db #0xff	; 255
   009B FF                  202 	.db #0xff	; 255
   009C FF                  203 	.db #0xff	; 255
   009D FF                  204 	.db #0xff	; 255
   009E AA                  205 	.db #0xaa	; 170
   009F 00                  206 	.db #0x00	; 0
   00A0 00                  207 	.db #0x00	; 0
   00A1 FF                  208 	.db #0xff	; 255
   00A2 FF                  209 	.db #0xff	; 255
   00A3 FF                  210 	.db #0xff	; 255
   00A4 FF                  211 	.db #0xff	; 255
   00A5 FF                  212 	.db #0xff	; 255
   00A6 FF                  213 	.db #0xff	; 255
   00A7 00                  214 	.db #0x00	; 0
   00A8 00                  215 	.db #0x00	; 0
   00A9 FF                  216 	.db #0xff	; 255
   00AA FF                  217 	.db #0xff	; 255
   00AB FF                  218 	.db #0xff	; 255
   00AC FF                  219 	.db #0xff	; 255
   00AD FF                  220 	.db #0xff	; 255
   00AE FF                  221 	.db #0xff	; 255
   00AF 00                  222 	.db #0x00	; 0
   00B0 55                  223 	.db #0x55	; 85	'U'
   00B1 FF                  224 	.db #0xff	; 255
   00B2 3C                  225 	.db #0x3c	; 60
   00B3 FF                  226 	.db #0xff	; 255
   00B4 FF                  227 	.db #0xff	; 255
   00B5 3C                  228 	.db #0x3c	; 60
   00B6 FF                  229 	.db #0xff	; 255
   00B7 AA                  230 	.db #0xaa	; 170
   00B8 55                  231 	.db #0x55	; 85	'U'
   00B9 FF                  232 	.db #0xff	; 255
   00BA 3C                  233 	.db #0x3c	; 60
   00BB FF                  234 	.db #0xff	; 255
   00BC FF                  235 	.db #0xff	; 255
   00BD 3C                  236 	.db #0x3c	; 60
   00BE FF                  237 	.db #0xff	; 255
   00BF AA                  238 	.db #0xaa	; 170
   00C0 55                  239 	.db #0x55	; 85	'U'
   00C1 FF                  240 	.db #0xff	; 255
   00C2 3C                  241 	.db #0x3c	; 60
   00C3 FF                  242 	.db #0xff	; 255
   00C4 FF                  243 	.db #0xff	; 255
   00C5 3C                  244 	.db #0x3c	; 60
   00C6 FF                  245 	.db #0xff	; 255
   00C7 AA                  246 	.db #0xaa	; 170
   00C8 55                  247 	.db #0x55	; 85	'U'
   00C9 FF                  248 	.db #0xff	; 255
   00CA FF                  249 	.db #0xff	; 255
   00CB FF                  250 	.db #0xff	; 255
   00CC FF                  251 	.db #0xff	; 255
   00CD FF                  252 	.db #0xff	; 255
   00CE FF                  253 	.db #0xff	; 255
   00CF AA                  254 	.db #0xaa	; 170
   00D0 55                  255 	.db #0x55	; 85	'U'
   00D1 AF                  256 	.db #0xaf	; 175
   00D2 0F                  257 	.db #0x0f	; 15
   00D3 FF                  258 	.db #0xff	; 255
   00D4 FF                  259 	.db #0xff	; 255
   00D5 0F                  260 	.db #0x0f	; 15
   00D6 5F                  261 	.db #0x5f	; 95
   00D7 AA                  262 	.db #0xaa	; 170
   00D8 55                  263 	.db #0x55	; 85	'U'
   00D9 FF                  264 	.db #0xff	; 255
   00DA FF                  265 	.db #0xff	; 255
   00DB FF                  266 	.db #0xff	; 255
   00DC FF                  267 	.db #0xff	; 255
   00DD FF                  268 	.db #0xff	; 255
   00DE FF                  269 	.db #0xff	; 255
   00DF AA                  270 	.db #0xaa	; 170
   00E0 55                  271 	.db #0x55	; 85	'U'
   00E1 FF                  272 	.db #0xff	; 255
   00E2 FF                  273 	.db #0xff	; 255
   00E3 FF                  274 	.db #0xff	; 255
   00E4 FF                  275 	.db #0xff	; 255
   00E5 FF                  276 	.db #0xff	; 255
   00E6 FF                  277 	.db #0xff	; 255
   00E7 AA                  278 	.db #0xaa	; 170
   00E8 55                  279 	.db #0x55	; 85	'U'
   00E9 FF                  280 	.db #0xff	; 255
   00EA FF                  281 	.db #0xff	; 255
   00EB FF                  282 	.db #0xff	; 255
   00EC FF                  283 	.db #0xff	; 255
   00ED FF                  284 	.db #0xff	; 255
   00EE FF                  285 	.db #0xff	; 255
   00EF AA                  286 	.db #0xaa	; 170
   00F0 00                  287 	.db #0x00	; 0
   00F1 55                  288 	.db #0x55	; 85	'U'
   00F2 AA                  289 	.db #0xaa	; 170
   00F3 55                  290 	.db #0x55	; 85	'U'
   00F4 AA                  291 	.db #0xaa	; 170
   00F5 55                  292 	.db #0x55	; 85	'U'
   00F6 AA                  293 	.db #0xaa	; 170
   00F7 00                  294 	.db #0x00	; 0
   00F8 00                  295 	.db #0x00	; 0
   00F9 55                  296 	.db #0x55	; 85	'U'
   00FA AA                  297 	.db #0xaa	; 170
   00FB 55                  298 	.db #0x55	; 85	'U'
   00FC AA                  299 	.db #0xaa	; 170
   00FD 55                  300 	.db #0x55	; 85	'U'
   00FE AA                  301 	.db #0xaa	; 170
   00FF 00                  302 	.db #0x00	; 0
                            303 	.area _INITIALIZER
                            304 	.area _CABS (ABS)
