ASxxxx Assembler V02.00 + NoICE + SDCC mods  (Zilog Z80 / Hitachi HD64180), page 1.
Hexadecimal [16-Bits]



                              1 ;; File 'src/sprites/menu_z.h.s' generated using cpct_pack
                              2 ;; Compresor used:   zx7b
                              3 ;; Files compressed: [ 'src/sprites/MenuInit.bin' ]
                              4 ;; Uncompressed:     16384 bytes
                              5 ;; Compressed:       2099 bytes
                              6 ;; Space saved:      14285 bytes
                              7 ;;
                              8 
                              9 ;; Declaration of the compressed array and
                             10 ;; the address of the latest byte of the compressed array (for unpacking purposes)
                             11 .globl _menu_z
                             12 .globl _menu_z_end
                             13 
                             14 ;; Compressed and uncompressed sizes
                     0833    15 _menu_z_size_z == 2099
                     4000    16 _menu_z_size   == 16384
                             17 
                             18 
