                              1 ;--------------------------------------------------------
                              2 ; File Created by SDCC : free open source ANSI-C Compiler
                              3 ; Version 3.6.8 #9946 (Linux)
                              4 ;--------------------------------------------------------
                              5 	.module Salicornio
                              6 	.optsdcc -mz80
                              7 	
                              8 ;--------------------------------------------------------
                              9 ; Public variables in this module
                             10 ;--------------------------------------------------------
                             11 	.globl _salicornio_sp_1
                             12 	.globl _salicornio_sp_0
                             13 ;--------------------------------------------------------
                             14 ; special function registers
                             15 ;--------------------------------------------------------
                             16 ;--------------------------------------------------------
                             17 ; ram data
                             18 ;--------------------------------------------------------
                             19 	.area _DATA
                             20 ;--------------------------------------------------------
                             21 ; ram data
                             22 ;--------------------------------------------------------
                             23 	.area _INITIALIZED
                             24 ;--------------------------------------------------------
                             25 ; absolute external ram data
                             26 ;--------------------------------------------------------
                             27 	.area _DABS (ABS)
                             28 ;--------------------------------------------------------
                             29 ; global & static initialisations
                             30 ;--------------------------------------------------------
                             31 	.area _HOME
                             32 	.area _GSINIT
                             33 	.area _GSFINAL
                             34 	.area _GSINIT
                             35 ;--------------------------------------------------------
                             36 ; Home
                             37 ;--------------------------------------------------------
                             38 	.area _HOME
                             39 	.area _HOME
                             40 ;--------------------------------------------------------
                             41 ; code
                             42 ;--------------------------------------------------------
                             43 	.area _CODE
                             44 	.area _CODE
   0000                      45 _salicornio_sp_0:
   0000 00                   46 	.db #0x00	; 0
   0001 00                   47 	.db #0x00	; 0
   0002 00                   48 	.db #0x00	; 0
   0003 C3                   49 	.db #0xc3	; 195
   0004 82                   50 	.db #0x82	; 130
   0005 00                   51 	.db #0x00	; 0
   0006 00                   52 	.db #0x00	; 0
   0007 00                   53 	.db #0x00	; 0
   0008 00                   54 	.db #0x00	; 0
   0009 41                   55 	.db #0x41	; 65	'A'
   000A C3                   56 	.db #0xc3	; 195
   000B 00                   57 	.db #0x00	; 0
   000C 41                   58 	.db #0x41	; 65	'A'
   000D 82                   59 	.db #0x82	; 130
   000E 00                   60 	.db #0x00	; 0
   000F 00                   61 	.db #0x00	; 0
   0010 00                   62 	.db #0x00	; 0
   0011 82                   63 	.db #0x82	; 130
   0012 00                   64 	.db #0x00	; 0
   0013 00                   65 	.db #0x00	; 0
   0014 00                   66 	.db #0x00	; 0
   0015 41                   67 	.db #0x41	; 65	'A'
   0016 00                   68 	.db #0x00	; 0
   0017 00                   69 	.db #0x00	; 0
   0018 41                   70 	.db #0x41	; 65	'A'
   0019 41                   71 	.db #0x41	; 65	'A'
   001A 00                   72 	.db #0x00	; 0
   001B 82                   73 	.db #0x82	; 130
   001C 00                   74 	.db #0x00	; 0
   001D 41                   75 	.db #0x41	; 65	'A'
   001E 82                   76 	.db #0x82	; 130
   001F 00                   77 	.db #0x00	; 0
   0020 82                   78 	.db #0x82	; 130
   0021 00                   79 	.db #0x00	; 0
   0022 00                   80 	.db #0x00	; 0
   0023 41                   81 	.db #0x41	; 65	'A'
   0024 00                   82 	.db #0x00	; 0
   0025 82                   83 	.db #0x82	; 130
   0026 82                   84 	.db #0x82	; 130
   0027 00                   85 	.db #0x00	; 0
   0028 41                   86 	.db #0x41	; 65	'A'
   0029 00                   87 	.db #0x00	; 0
   002A 41                   88 	.db #0x41	; 65	'A'
   002B C3                   89 	.db #0xc3	; 195
   002C C3                   90 	.db #0xc3	; 195
   002D 00                   91 	.db #0x00	; 0
   002E 41                   92 	.db #0x41	; 65	'A'
   002F 00                   93 	.db #0x00	; 0
   0030 00                   94 	.db #0x00	; 0
   0031 00                   95 	.db #0x00	; 0
   0032 82                   96 	.db #0x82	; 130
   0033 82                   97 	.db #0x82	; 130
   0034 82                   98 	.db #0x82	; 130
   0035 41                   99 	.db #0x41	; 65	'A'
   0036 00                  100 	.db #0x00	; 0
   0037 82                  101 	.db #0x82	; 130
   0038 00                  102 	.db #0x00	; 0
   0039 41                  103 	.db #0x41	; 65	'A'
   003A 00                  104 	.db #0x00	; 0
   003B 82                  105 	.db #0x82	; 130
   003C 41                  106 	.db #0x41	; 65	'A'
   003D 00                  107 	.db #0x00	; 0
   003E C3                  108 	.db #0xc3	; 195
   003F 82                  109 	.db #0x82	; 130
   0040 00                  110 	.db #0x00	; 0
   0041 00                  111 	.db #0x00	; 0
   0042 00                  112 	.db #0x00	; 0
   0043 41                  113 	.db #0x41	; 65	'A'
   0044 00                  114 	.db #0x00	; 0
   0045 00                  115 	.db #0x00	; 0
   0046 00                  116 	.db #0x00	; 0
   0047 82                  117 	.db #0x82	; 130
   0048 00                  118 	.db #0x00	; 0
   0049 82                  119 	.db #0x82	; 130
   004A 00                  120 	.db #0x00	; 0
   004B 00                  121 	.db #0x00	; 0
   004C 41                  122 	.db #0x41	; 65	'A'
   004D 41                  123 	.db #0x41	; 65	'A'
   004E C3                  124 	.db #0xc3	; 195
   004F 82                  125 	.db #0x82	; 130
   0050 00                  126 	.db #0x00	; 0
   0051 41                  127 	.db #0x41	; 65	'A'
   0052 82                  128 	.db #0x82	; 130
   0053 00                  129 	.db #0x00	; 0
   0054 82                  130 	.db #0x82	; 130
   0055 82                  131 	.db #0x82	; 130
   0056 41                  132 	.db #0x41	; 65	'A'
   0057 00                  133 	.db #0x00	; 0
   0058 00                  134 	.db #0x00	; 0
   0059 00                  135 	.db #0x00	; 0
   005A 41                  136 	.db #0x41	; 65	'A'
   005B 41                  137 	.db #0x41	; 65	'A'
   005C 00                  138 	.db #0x00	; 0
   005D 00                  139 	.db #0x00	; 0
   005E 82                  140 	.db #0x82	; 130
   005F 00                  141 	.db #0x00	; 0
   0060 41                  142 	.db #0x41	; 65	'A'
   0061 41                  143 	.db #0x41	; 65	'A'
   0062 00                  144 	.db #0x00	; 0
   0063 82                  145 	.db #0x82	; 130
   0064 41                  146 	.db #0x41	; 65	'A'
   0065 41                  147 	.db #0x41	; 65	'A'
   0066 82                  148 	.db #0x82	; 130
   0067 00                  149 	.db #0x00	; 0
   0068 00                  150 	.db #0x00	; 0
   0069 82                  151 	.db #0x82	; 130
   006A 00                  152 	.db #0x00	; 0
   006B 00                  153 	.db #0x00	; 0
   006C 82                  154 	.db #0x82	; 130
   006D 82                  155 	.db #0x82	; 130
   006E 00                  156 	.db #0x00	; 0
   006F 00                  157 	.db #0x00	; 0
   0070 00                  158 	.db #0x00	; 0
   0071 41                  159 	.db #0x41	; 65	'A'
   0072 00                  160 	.db #0x00	; 0
   0073 41                  161 	.db #0x41	; 65	'A'
   0074 C3                  162 	.db #0xc3	; 195
   0075 00                  163 	.db #0x00	; 0
   0076 00                  164 	.db #0x00	; 0
   0077 00                  165 	.db #0x00	; 0
   0078 00                  166 	.db #0x00	; 0
   0079 00                  167 	.db #0x00	; 0
   007A C3                  168 	.db #0xc3	; 195
   007B 82                  169 	.db #0x82	; 130
   007C 00                  170 	.db #0x00	; 0
   007D 00                  171 	.db #0x00	; 0
   007E 00                  172 	.db #0x00	; 0
   007F 00                  173 	.db #0x00	; 0
   0080                     174 _salicornio_sp_1:
   0080 00                  175 	.db #0x00	; 0
   0081 00                  176 	.db #0x00	; 0
   0082 C3                  177 	.db #0xc3	; 195
   0083 82                  178 	.db #0x82	; 130
   0084 00                  179 	.db #0x00	; 0
   0085 00                  180 	.db #0x00	; 0
   0086 00                  181 	.db #0x00	; 0
   0087 00                  182 	.db #0x00	; 0
   0088 00                  183 	.db #0x00	; 0
   0089 41                  184 	.db #0x41	; 65	'A'
   008A 00                  185 	.db #0x00	; 0
   008B 41                  186 	.db #0x41	; 65	'A'
   008C C3                  187 	.db #0xc3	; 195
   008D 00                  188 	.db #0x00	; 0
   008E 00                  189 	.db #0x00	; 0
   008F 00                  190 	.db #0x00	; 0
   0090 00                  191 	.db #0x00	; 0
   0091 82                  192 	.db #0x82	; 130
   0092 00                  193 	.db #0x00	; 0
   0093 00                  194 	.db #0x00	; 0
   0094 82                  195 	.db #0x82	; 130
   0095 82                  196 	.db #0x82	; 130
   0096 00                  197 	.db #0x00	; 0
   0097 00                  198 	.db #0x00	; 0
   0098 41                  199 	.db #0x41	; 65	'A'
   0099 41                  200 	.db #0x41	; 65	'A'
   009A 00                  201 	.db #0x00	; 0
   009B 82                  202 	.db #0x82	; 130
   009C 41                  203 	.db #0x41	; 65	'A'
   009D 41                  204 	.db #0x41	; 65	'A'
   009E 82                  205 	.db #0x82	; 130
   009F 00                  206 	.db #0x00	; 0
   00A0 00                  207 	.db #0x00	; 0
   00A1 00                  208 	.db #0x00	; 0
   00A2 41                  209 	.db #0x41	; 65	'A'
   00A3 41                  210 	.db #0x41	; 65	'A'
   00A4 00                  211 	.db #0x00	; 0
   00A5 00                  212 	.db #0x00	; 0
   00A6 82                  213 	.db #0x82	; 130
   00A7 00                  214 	.db #0x00	; 0
   00A8 00                  215 	.db #0x00	; 0
   00A9 41                  216 	.db #0x41	; 65	'A'
   00AA 82                  217 	.db #0x82	; 130
   00AB 00                  218 	.db #0x00	; 0
   00AC 82                  219 	.db #0x82	; 130
   00AD 82                  220 	.db #0x82	; 130
   00AE 41                  221 	.db #0x41	; 65	'A'
   00AF 00                  222 	.db #0x00	; 0
   00B0 00                  223 	.db #0x00	; 0
   00B1 82                  224 	.db #0x82	; 130
   00B2 00                  225 	.db #0x00	; 0
   00B3 00                  226 	.db #0x00	; 0
   00B4 41                  227 	.db #0x41	; 65	'A'
   00B5 41                  228 	.db #0x41	; 65	'A'
   00B6 C3                  229 	.db #0xc3	; 195
   00B7 82                  230 	.db #0x82	; 130
   00B8 00                  231 	.db #0x00	; 0
   00B9 00                  232 	.db #0x00	; 0
   00BA 00                  233 	.db #0x00	; 0
   00BB 41                  234 	.db #0x41	; 65	'A'
   00BC 00                  235 	.db #0x00	; 0
   00BD 00                  236 	.db #0x00	; 0
   00BE 00                  237 	.db #0x00	; 0
   00BF 82                  238 	.db #0x82	; 130
   00C0 00                  239 	.db #0x00	; 0
   00C1 41                  240 	.db #0x41	; 65	'A'
   00C2 00                  241 	.db #0x00	; 0
   00C3 82                  242 	.db #0x82	; 130
   00C4 41                  243 	.db #0x41	; 65	'A'
   00C5 00                  244 	.db #0x00	; 0
   00C6 C3                  245 	.db #0xc3	; 195
   00C7 82                  246 	.db #0x82	; 130
   00C8 00                  247 	.db #0x00	; 0
   00C9 00                  248 	.db #0x00	; 0
   00CA 82                  249 	.db #0x82	; 130
   00CB 82                  250 	.db #0x82	; 130
   00CC 82                  251 	.db #0x82	; 130
   00CD 41                  252 	.db #0x41	; 65	'A'
   00CE 00                  253 	.db #0x00	; 0
   00CF 82                  254 	.db #0x82	; 130
   00D0 41                  255 	.db #0x41	; 65	'A'
   00D1 00                  256 	.db #0x00	; 0
   00D2 41                  257 	.db #0x41	; 65	'A'
   00D3 C3                  258 	.db #0xc3	; 195
   00D4 C3                  259 	.db #0xc3	; 195
   00D5 00                  260 	.db #0x00	; 0
   00D6 41                  261 	.db #0x41	; 65	'A'
   00D7 00                  262 	.db #0x00	; 0
   00D8 82                  263 	.db #0x82	; 130
   00D9 00                  264 	.db #0x00	; 0
   00DA 00                  265 	.db #0x00	; 0
   00DB 41                  266 	.db #0x41	; 65	'A'
   00DC 00                  267 	.db #0x00	; 0
   00DD 82                  268 	.db #0x82	; 130
   00DE 82                  269 	.db #0x82	; 130
   00DF 00                  270 	.db #0x00	; 0
   00E0 41                  271 	.db #0x41	; 65	'A'
   00E1 41                  272 	.db #0x41	; 65	'A'
   00E2 00                  273 	.db #0x00	; 0
   00E3 82                  274 	.db #0x82	; 130
   00E4 00                  275 	.db #0x00	; 0
   00E5 41                  276 	.db #0x41	; 65	'A'
   00E6 82                  277 	.db #0x82	; 130
   00E7 00                  278 	.db #0x00	; 0
   00E8 00                  279 	.db #0x00	; 0
   00E9 82                  280 	.db #0x82	; 130
   00EA 00                  281 	.db #0x00	; 0
   00EB 00                  282 	.db #0x00	; 0
   00EC 00                  283 	.db #0x00	; 0
   00ED 41                  284 	.db #0x41	; 65	'A'
   00EE 00                  285 	.db #0x00	; 0
   00EF 00                  286 	.db #0x00	; 0
   00F0 00                  287 	.db #0x00	; 0
   00F1 41                  288 	.db #0x41	; 65	'A'
   00F2 C3                  289 	.db #0xc3	; 195
   00F3 00                  290 	.db #0x00	; 0
   00F4 41                  291 	.db #0x41	; 65	'A'
   00F5 82                  292 	.db #0x82	; 130
   00F6 00                  293 	.db #0x00	; 0
   00F7 00                  294 	.db #0x00	; 0
   00F8 00                  295 	.db #0x00	; 0
   00F9 00                  296 	.db #0x00	; 0
   00FA 00                  297 	.db #0x00	; 0
   00FB C3                  298 	.db #0xc3	; 195
   00FC 82                  299 	.db #0x82	; 130
   00FD 00                  300 	.db #0x00	; 0
   00FE 00                  301 	.db #0x00	; 0
   00FF 00                  302 	.db #0x00	; 0
                            303 	.area _INITIALIZER
                            304 	.area _CABS (ABS)
