ASxxxx Assembler V02.00 + NoICE + SDCC mods  (Zilog Z80 / Hitachi HD64180), page 1.
Hexadecimal [16-Bits]



                              1 ;; File 'src/sprites/win_z.h.s' generated using cpct_pack
                              2 ;; Compresor used:   zx7b
                              3 ;; Files compressed: [ 'src/sprites/Win.bin' ]
                              4 ;; Uncompressed:     16384 bytes
                              5 ;; Compressed:       438 bytes
                              6 ;; Space saved:      15946 bytes
                              7 ;;
                              8 
                              9 ;; Declaration of the compressed array and
                             10 ;; the address of the latest byte of the compressed array (for unpacking purposes)
                             11 .globl _win_z
                             12 .globl _win_z_end
                             13 
                             14 ;; Compressed and uncompressed sizes
                     01B6    15 _win_z_size_z == 438
                     4000    16 _win_z_size   == 16384
                             17 
                             18 
