mié 11 nov 2020 19:46:01 CET

[[COMMAND]]: java -jar /home/jess/Escritorio/cpctelera/cpctelera/tools/android/bin/apktool/apktool_2.4.0.jar decode /home/jess/Escritorio/cpctelera/cpctelera/tools/android/rvmengine/defaultRVMapp.apk -f -o obj/_android/apkcontents

I: Using Apktool 2.4.0 on defaultRVMapp.apk
I: Loading resource table...
I: Decoding AndroidManifest.xml with resources...
S: WARNING: Could not write to (/home/jess/.local/share/apktool/framework), using /tmp instead...
S: Please be aware this is a volatile directory and frameworks could go missing, please utilize --frame-path if the default storage directory is unavailable
I: Loading resource table from file: /tmp/1.apk
I: Regular manifest package...
I: Decoding file-resources...
I: Decoding values */* XMLs...
I: Baksmaling classes.dex...
I: Copying assets and libs...
I: Copying unknown files...
I: Copying original files...

[[COMMAND]]: cp Slimy.sna obj/_android/apkcontents/assets/payload.sna

'Slimy.sna' -> 'obj/_android/apkcontents/assets/payload.sna'

[[COMMAND]]: cp -r exp/android/assets/* obj/_android/apkcontents/assets

'exp/android/assets/./conf.json' -> 'obj/_android/apkcontents/assets/./conf.json'
'exp/android/assets/./LICENSE' -> 'obj/_android/apkcontents/assets/./LICENSE'
'exp/android/assets/./.CPCTRVMEngineEndUserLicenseAccepted' -> 'obj/_android/apkcontents/assets/./.CPCTRVMEngineEndUserLicenseAccepted'

[[COMMAND]]: cp -r exp/android/res/* obj/_android/apkcontents/res

'exp/android/res/./drawable-xxxhdpi/splash.png' -> 'obj/_android/apkcontents/res/./drawable-xxxhdpi/splash.png'
'exp/android/res/./mipmap-xxxhdpi/ic_launcher.png' -> 'obj/_android/apkcontents/res/./mipmap-xxxhdpi/ic_launcher.png'
'exp/android/res/./mipmap-xxxhdpi/ic_launcher_round.png' -> 'obj/_android/apkcontents/res/./mipmap-xxxhdpi/ic_launcher_round.png'

[[COMMAND]]: Replace tags


[[COMMAND]]: java -jar /home/jess/Escritorio/cpctelera/cpctelera/tools/android/bin/apktool/apktool_2.4.0.jar build obj/_android/apkcontents -o obj/_android/.tmp

I: Using Apktool 2.4.0
I: Checking whether sources has changed...
I: Smaling smali folder into classes.dex...
I: Checking whether resources has changed...
I: Building resources...
S: WARNING: Could not write to (/home/jess/.local/share/apktool/framework), using /tmp instead...
S: Please be aware this is a volatile directory and frameworks could go missing, please utilize --frame-path if the default storage directory is unavailable
I: Copying libs... (/lib)
I: Building apk file...
I: Copying unknown files/dir...
I: Built apk...

[[COMMAND]]: rm -f -r "./obj/_android/apkcontents"


[[COMMAND]]: java -jar /home/jess/Escritorio/cpctelera/cpctelera/tools/android/bin/sun/jarsigner.jar -verbose -sigalg SHA1withRSA -digestalg SHA1 -keystore /home/jess/Escritorio/cpctelera/cpctelera/tools/android/certs/cpctelera.user.keystore.jks obj/_android/.tmp cpctelera.user.cert


[[COMMAND]]: /home/jess/Escritorio/cpctelera/cpctelera/tools/android/bin/zipalign/linux/zipalign32 -f -v 4 obj/_android/.tmp Slimy.apk

Verifying alignment of Slimy.apk (4)...
      50 META-INF/MANIFEST.MF (OK - compressed)
   36767 META-INF/CPCTELER.SF (OK - compressed)
   73787 META-INF/CPCTELER.RSA (OK - compressed)
   75005 lib/x86_64/librvmengine.so (OK - compressed)
  231643 lib/x86_64/libc++_shared.so (OK - compressed)
  549119 lib/armeabi-v7a/librvmengine.so (OK - compressed)
  674767 lib/armeabi-v7a/libc++_shared.so (OK - compressed)
  885655 lib/x86/librvmengine.so (OK - compressed)
 1036355 lib/x86/libc++_shared.so (OK - compressed)
 1351791 lib/arm64-v8a/librvmengine.so (OK - compressed)
 1478310 lib/arm64-v8a/libc++_shared.so (OK - compressed)
 1753912 res/drawable-ldpi/ic_favorite.png (OK)
 1754304 res/drawable-ldpi/ic_delete.png (OK)
 1754584 res/drawable-ldrtl-xxhdpi/abc_ic_menu_copy_mtrl_am_alpha.png (OK)
 1755016 res/drawable-ldrtl-xxhdpi/abc_ic_menu_cut_mtrl_alpha.png (OK)
 1756036 res/drawable-ldrtl-xxhdpi/abc_spinner_mtrl_am_alpha.9.png (OK)
 1756764 res/drawable-ldrtl-xhdpi/abc_ic_menu_copy_mtrl_am_alpha.png (OK)
 1757088 res/drawable-ldrtl-xhdpi/abc_ic_menu_cut_mtrl_alpha.png (OK)
 1757864 res/drawable-ldrtl-xhdpi/abc_spinner_mtrl_am_alpha.9.png (OK)
 1758456 res/drawable-mdpi/abc_textfield_default_mtrl_alpha.9.png (OK)
 1758744 res/drawable-mdpi/design_ic_visibility_off.png (OK)
 1759448 res/drawable-mdpi/abc_ic_star_half_black_16dp.png (OK)
 1759792 res/drawable-mdpi/abc_text_select_handle_right_mtrl_dark.png (OK)
 1760100 res/drawable-mdpi/abc_popup_background_mtrl_mult.9.png (OK)
 1761408 res/drawable-mdpi/abc_ab_share_pack_mtrl_alpha.9.png (OK)
 1761780 res/drawable-mdpi/abc_ic_star_half_black_48dp.png (OK)
 1762448 res/drawable-mdpi/abc_ic_menu_paste_mtrl_am_alpha.png (OK)
 1762776 res/drawable-mdpi/abc_text_select_handle_middle_mtrl_light.png (OK)
 1763320 res/drawable-mdpi/notification_bg_low_normal.9.png (OK)
 1763616 res/drawable-mdpi/abc_ic_star_half_black_36dp.png (OK)
 1764172 res/drawable-mdpi/abc_tab_indicator_mtrl_alpha.9.png (OK)
 1764452 res/drawable-mdpi/ic_favorite.png (OK)
 1764928 res/drawable-mdpi/abc_btn_check_to_on_mtrl_000.png (OK)
 1765300 res/drawable-mdpi/abc_ic_menu_copy_mtrl_am_alpha.png (OK)
 1765564 res/drawable-mdpi/abc_scrubber_control_off_mtrl_alpha.png (OK)
 1765864 res/drawable-mdpi/abc_btn_switch_to_on_mtrl_00001.9.png (OK)
 1766780 res/drawable-mdpi/abc_list_focused_holo.9.png (OK)
 1767096 res/drawable-mdpi/notification_bg_normal.9.png (OK)
 1767404 res/drawable-mdpi/abc_list_selector_disabled_holo_dark.9.png (OK)
 1767724 res/drawable-mdpi/abc_ic_menu_share_mtrl_alpha.png (OK)
 1768356 res/drawable-mdpi/abc_scrubber_primary_mtrl_alpha.9.png (OK)
 1768668 res/drawable-mdpi/abc_switch_track_mtrl_alpha.9.png (OK)
 1769236 res/drawable-mdpi/notification_bg_normal_pressed.9.png (OK)
 1769544 res/drawable-mdpi/abc_ic_menu_cut_mtrl_alpha.png (OK)
 1769992 res/drawable-mdpi/design_ic_visibility.png (OK)
 1770632 res/drawable-mdpi/notify_panel_notification_icon_bg.png (OK)
 1770788 res/drawable-mdpi/ic_delete.png (OK)
 1771032 res/drawable-mdpi/abc_btn_switch_to_on_mtrl_00012.9.png (OK)
 1772084 res/drawable-mdpi/abc_text_select_handle_middle_mtrl_dark.png (OK)
 1772636 res/drawable-mdpi/abc_textfield_activated_mtrl_alpha.9.png (OK)
 1772928 res/drawable-mdpi/abc_list_pressed_holo_light.9.png (OK)
 1773236 res/drawable-mdpi/abc_list_longpressed_holo.9.png (OK)
 1773548 res/drawable-mdpi/abc_scrubber_track_mtrl_alpha.9.png (OK)
 1773852 res/drawable-mdpi/abc_list_divider_mtrl_alpha.9.png (OK)
 1774116 res/drawable-mdpi/abc_textfield_search_activated_mtrl_alpha.9.png (OK)
 1774412 res/drawable-mdpi/abc_text_select_handle_left_mtrl_light.png (OK)
 1774744 res/drawable-mdpi/abc_scrubber_control_to_pressed_mtrl_000.png (OK)
 1775036 res/drawable-mdpi/abc_cab_background_top_mtrl_alpha.9.png (OK)
 1775356 res/drawable-mdpi/abc_btn_radio_to_on_mtrl_015.png (OK)
 1775940 res/drawable-mdpi/abc_text_select_handle_left_mtrl_dark.png (OK)
 1776256 res/drawable-mdpi/abc_spinner_mtrl_am_alpha.9.png (OK)
 1776728 res/drawable-mdpi/abc_menu_hardkey_panel_mtrl_mult.9.png (OK)
 1777660 res/drawable-mdpi/abc_list_selector_disabled_holo_light.9.png (OK)
 1777984 res/drawable-mdpi/abc_ic_menu_selectall_mtrl_alpha.png (OK)
 1778264 res/drawable-mdpi/abc_textfield_search_default_mtrl_alpha.9.png (OK)
 1778552 res/drawable-mdpi/abc_btn_check_to_on_mtrl_015.png (OK)
 1779060 res/drawable-mdpi/abc_btn_radio_to_on_mtrl_000.png (OK)
 1779568 res/drawable-mdpi/abc_list_pressed_holo_dark.9.png (OK)
 1779884 res/drawable-mdpi/abc_ic_commit_search_api_mtrl_alpha.png (OK)
 1780228 res/drawable-mdpi/notification_bg_low_pressed.9.png (OK)
 1780532 res/drawable-mdpi/abc_ic_star_black_36dp.png (OK)
 1781332 res/drawable-mdpi/abc_scrubber_control_to_pressed_mtrl_005.png (OK)
 1781684 res/drawable-mdpi/abc_ic_star_black_48dp.png (OK)
 1782668 res/drawable-mdpi/abc_text_select_handle_right_mtrl_light.png (OK)
 1782968 res/drawable-mdpi/abc_ic_star_black_16dp.png (OK)
 1783414 res/drawable-watch-v20/abc_dialog_material_background.xml (OK - compressed)
 1783716 res/drawable-ldrtl-xxxhdpi/abc_ic_menu_copy_mtrl_am_alpha.png (OK)
 1784204 res/drawable-ldrtl-xxxhdpi/abc_ic_menu_cut_mtrl_alpha.png (OK)
 1785472 res/drawable-ldrtl-xxxhdpi/abc_spinner_mtrl_am_alpha.9.png (OK)
 1786093 res/layout-watch-v20/abc_alert_dialog_title_material.xml (OK - compressed)
 1786770 res/layout-watch-v20/abc_alert_dialog_button_bar_material.xml (OK - compressed)
 1787374 res/animator/design_fab_show_motion_spec.xml (OK - compressed)
 1787790 res/animator/design_fab_hide_motion_spec.xml (OK - compressed)
 1788216 res/animator/mtrl_btn_unelevated_state_list_anim.xml (OK - compressed)
 1788379 res/animator/mtrl_fab_transformation_sheet_expand_spec.xml (OK - compressed)
 1788980 res/animator/mtrl_fab_hide_motion_spec.xml (OK - compressed)
 1789401 res/animator/mtrl_fab_show_motion_spec.xml (OK - compressed)
 1789844 res/animator/mtrl_fab_transformation_sheet_collapse_spec.xml (OK - compressed)
 1790449 res/animator/mtrl_chip_state_list_anim.xml (OK - compressed)
 1790931 res/animator/mtrl_btn_state_list_anim.xml (OK - compressed)
 1791641 res/layout-land/activity_twobuttons.xml (OK - compressed)
 1792602 res/layout-land/activity_gamepad.xml (OK - compressed)
 1793703 res/layout-land/activity_onetouch.xml (OK - compressed)
 1794551 res/drawable/abc_btn_radio_material.xml (OK - compressed)
 1794912 res/drawable/abc_list_selector_background_transition_holo_light.xml (OK - compressed)
 1795220 res/drawable/abc_ic_go_search_api_material.xml (OK - compressed)
 1795670 res/drawable/notification_bg_low.xml (OK - compressed)
 1796033 res/drawable/tooltip_frame_light.xml (OK - compressed)
 1796366 res/drawable/abc_ic_menu_overflow_material.xml (OK - compressed)
 1796878 res/drawable/abc_list_selector_holo_light.xml (OK - compressed)
 1797330 res/drawable/abc_item_background_holo_dark.xml (OK - compressed)
 1797761 res/drawable/abc_btn_borderless_material.xml (OK - compressed)
 1798122 res/drawable/abc_btn_check_material.xml (OK - compressed)
 1798464 res/drawable/abc_cab_background_internal_bg.xml (OK - compressed)
 1798751 res/drawable/abc_seekbar_tick_mark_material.xml (OK - compressed)
 1799097 res/drawable/abc_seekbar_track_material.xml (OK - compressed)
 1799627 res/drawable/abc_seekbar_thumb_material.xml (OK - compressed)
 1800090 res/drawable/abc_ic_clear_material.xml (OK - compressed)
 1800580 res/drawable/design_bottom_navigation_item_background.xml (OK - compressed)
 1800966 res/drawable/abc_edit_text_material.xml (OK - compressed)
 1801457 res/drawable/abc_ic_arrow_drop_right_black_24dp.xml (OK - compressed)
 1802064 res/drawable/abc_vector_test.xml (OK - compressed)
 1802522 res/drawable/abc_cab_background_top_material.xml (OK - compressed)
 1802806 res/drawable/abc_textfield_search_material.xml (OK - compressed)
 1803204 res/drawable/abc_list_divider_material.xml (OK - compressed)
 1803549 res/drawable/design_snackbar_background.xml (OK - compressed)
 1803880 res/drawable/notification_icon_background.xml (OK - compressed)
 1804161 res/drawable/abc_btn_default_mtrl_shape.xml (OK - compressed)
 1804677 res/drawable/mtrl_tabs_default_indicator.xml (OK - compressed)
 1805042 res/drawable/design_password_eye.xml (OK - compressed)
 1805402 res/drawable/abc_list_selector_background_transition_holo_dark.xml (OK - compressed)
 1805706 res/drawable/ic_mtrl_chip_close_circle.xml (OK - compressed)
 1806239 res/drawable/tooltip_frame_dark.xml (OK - compressed)
 1806570 res/drawable/ic_mtrl_chip_checked_circle.xml (OK - compressed)
 1807141 res/drawable/abc_switch_thumb_material.xml (OK - compressed)
 1807467 res/drawable/notification_bg.xml (OK - compressed)
 1807838 res/drawable/ic_mtrl_chip_checked_black.xml (OK - compressed)
 1808274 res/drawable/navigation_empty_icon.xml (OK - compressed)
 1808634 res/drawable/abc_spinner_textfield_background_material.xml (OK - compressed)
 1809161 res/drawable/abc_ic_voice_search_api_material.xml (OK - compressed)
 1809750 res/drawable/abc_ic_ab_back_material.xml (OK - compressed)
 1810237 res/drawable/notification_tile_bg.xml (OK - compressed)
 1810523 res/drawable/abc_ratingbar_indicator_material.xml (OK - compressed)
 1810903 res/drawable/abc_tab_indicator_material.xml (OK - compressed)
 1811240 res/drawable/abc_btn_colored_material.xml (OK - compressed)
 1811540 res/drawable/abc_ratingbar_small_material.xml (OK - compressed)
 1811918 res/drawable/abc_text_cursor_material.xml (OK - compressed)
 1812256 res/drawable/design_fab_background.xml (OK - compressed)
 1812534 res/drawable/abc_ratingbar_material.xml (OK - compressed)
 1812914 res/drawable/abc_ic_search_api_material.xml (OK - compressed)
 1813497 res/drawable/mtrl_snackbar_background.xml (OK - compressed)
 1813832 res/drawable/abc_dialog_material_background.xml (OK - compressed)
 1814256 res/drawable/abc_list_selector_holo_dark.xml (OK - compressed)
 1814709 res/drawable/abc_item_background_holo_light.xml (OK - compressed)
 1815153 res/color/abc_primary_text_disable_only_material_dark.xml (OK - compressed)
 1815467 res/color/mtrl_btn_bg_color_selector.xml (OK - compressed)
 1815809 res/color/abc_background_cache_hint_selector_material_dark.xml (OK - compressed)
 1816115 res/color/abc_tint_spinner.xml (OK - compressed)
 1816518 res/color/abc_btn_colored_text_material.xml (OK - compressed)
 1816885 res/color/abc_primary_text_material_light.xml (OK - compressed)
 1817205 res/color/abc_secondary_text_material_light.xml (OK - compressed)
 1817513 res/color/mtrl_chip_text_color.xml (OK - compressed)
 1817822 res/color/abc_tint_seek_thumb.xml (OK - compressed)
 1818183 res/color/mtrl_chip_close_icon_tint.xml (OK - compressed)
 1818616 res/color/design_error.xml (OK - compressed)
 1818931 res/color/mtrl_bottom_nav_item_tint.xml (OK - compressed)
 1819308 res/color/mtrl_chip_background_color.xml (OK - compressed)
 1819676 res/color/mtrl_text_btn_text_color_selector.xml (OK - compressed)
 1820004 res/color/abc_hint_foreground_material_dark.xml (OK - compressed)
 1820356 res/color/mtrl_btn_text_btn_ripple_color.xml (OK - compressed)
 1820775 res/color/design_tint_password_toggle.xml (OK - compressed)
 1821102 res/color/abc_primary_text_material_dark.xml (OK - compressed)
 1821418 res/color/mtrl_btn_stroke_color_selector.xml (OK - compressed)
 1821712 res/color/mtrl_tabs_ripple_color.xml (OK - compressed)
 1822219 res/color/abc_tint_default.xml (OK - compressed)
 1822708 res/color/abc_tint_edittext.xml (OK - compressed)
 1823110 res/color/mtrl_btn_text_color_selector.xml (OK - compressed)
 1823452 res/color/abc_background_cache_hint_selector_material_light.xml (OK - compressed)
 1823772 res/color/mtrl_tabs_icon_color_selector.xml (OK - compressed)
 1824091 res/color/switch_thumb_material_dark.xml (OK - compressed)
 1824400 res/color/abc_tint_switch_track.xml (OK - compressed)
 1824806 res/color/mtrl_bottom_nav_colored_item_tint.xml (OK - compressed)
 1825195 res/color/abc_primary_text_disable_only_material_light.xml (OK - compressed)
 1825504 res/color/mtrl_btn_ripple_color.xml (OK - compressed)
 1825922 res/color/switch_thumb_material_light.xml (OK - compressed)
 1826246 res/color/mtrl_tabs_icon_color_selector_colored.xml (OK - compressed)
 1826578 res/color/abc_btn_colored_borderless_text_material.xml (OK - compressed)
 1826951 res/color/abc_hint_foreground_material_light.xml (OK - compressed)
 1827294 res/color/mtrl_fab_ripple_color.xml (OK - compressed)
 1827707 res/color/abc_tint_btn_checkable.xml (OK - compressed)
 1828109 res/color/abc_secondary_text_material_dark.xml (OK - compressed)
 1828419 res/color/mtrl_chip_ripple_color.xml (OK - compressed)
 1828841 res/color/mtrl_tabs_colored_ripple_color.xml (OK - compressed)
 1829254 res/color/abc_search_url_text.xml (OK - compressed)
 1829606 res/color/mtrl_tabs_legacy_text_color_selector.xml (OK - compressed)
 1829940 res/drawable-xhdpi/abc_textfield_default_mtrl_alpha.9.png (OK)
 1830232 res/drawable-xhdpi/design_ic_visibility_off.png (OK)
 1831356 res/drawable-xhdpi/abc_ic_star_half_black_16dp.png (OK)
 1831880 res/drawable-xhdpi/abc_text_select_handle_right_mtrl_dark.png (OK)
 1832312 res/drawable-xhdpi/abc_popup_background_mtrl_mult.9.png (OK)
 1834880 res/drawable-xhdpi/abc_ab_share_pack_mtrl_alpha.9.png (OK)
 1835256 res/drawable-xhdpi/abc_ic_star_half_black_48dp.png (OK)
 1836324 res/drawable-xhdpi/abc_ic_menu_paste_mtrl_am_alpha.png (OK)
 1836780 res/drawable-xhdpi/abc_text_select_handle_middle_mtrl_light.png (OK)
 1837784 res/drawable-xhdpi/notification_bg_low_normal.9.png (OK)
 1838088 res/drawable-xhdpi/abc_ic_star_half_black_36dp.png (OK)
 1838956 res/drawable-xhdpi/abc_tab_indicator_mtrl_alpha.9.png (OK)
 1839240 res/drawable-xhdpi/ic_favorite.png (OK)
 1839988 res/drawable-xhdpi/abc_btn_check_to_on_mtrl_000.png (OK)
 1840424 res/drawable-xhdpi/abc_ic_menu_copy_mtrl_am_alpha.png (OK)
 1840748 res/drawable-xhdpi/abc_scrubber_control_off_mtrl_alpha.png (OK)
 1841180 res/drawable-xhdpi/abc_btn_switch_to_on_mtrl_00001.9.png (OK)
 1842984 res/drawable-xhdpi/abc_list_focused_holo.9.png (OK)
 1843312 res/drawable-xhdpi/notification_bg_normal.9.png (OK)
 1843624 res/drawable-xhdpi/abc_list_selector_disabled_holo_dark.9.png (OK)
 1843964 res/drawable-xhdpi/abc_ic_menu_share_mtrl_alpha.png (OK)
 1844968 res/drawable-xhdpi/abc_scrubber_primary_mtrl_alpha.9.png (OK)
 1845284 res/drawable-xhdpi/abc_switch_track_mtrl_alpha.9.png (OK)
 1846128 res/drawable-xhdpi/notification_bg_normal_pressed.9.png (OK)
 1846456 res/drawable-xhdpi/abc_ic_menu_cut_mtrl_alpha.png (OK)
 1847224 res/drawable-xhdpi/design_ic_visibility.png (OK)
 1848340 res/drawable-xhdpi/notify_panel_notification_icon_bg.png (OK)
 1848504 res/drawable-xhdpi/ic_delete.png (OK)
 1848776 res/drawable-xhdpi/abc_btn_switch_to_on_mtrl_00012.9.png (OK)
 1850900 res/drawable-xhdpi/abc_text_select_handle_middle_mtrl_dark.png (OK)
 1851912 res/drawable-xhdpi/abc_textfield_activated_mtrl_alpha.9.png (OK)
 1852208 res/drawable-xhdpi/abc_list_pressed_holo_light.9.png (OK)
 1852520 res/drawable-xhdpi/abc_list_longpressed_holo.9.png (OK)
 1852836 res/drawable-xhdpi/abc_scrubber_track_mtrl_alpha.9.png (OK)
 1853144 res/drawable-xhdpi/abc_list_divider_mtrl_alpha.9.png (OK)
 1853408 res/drawable-xhdpi/abc_textfield_search_activated_mtrl_alpha.9.png (OK)
 1853716 res/drawable-xhdpi/abc_text_select_handle_left_mtrl_light.png (OK)
 1854156 res/drawable-xhdpi/abc_scrubber_control_to_pressed_mtrl_000.png (OK)
 1854644 res/drawable-xhdpi/abc_cab_background_top_mtrl_alpha.9.png (OK)
 1854976 res/drawable-xhdpi/abc_btn_radio_to_on_mtrl_015.png (OK)
 1856064 res/drawable-xhdpi/abc_text_select_handle_left_mtrl_dark.png (OK)
 1856492 res/drawable-xhdpi/abc_spinner_mtrl_am_alpha.9.png (OK)
 1857084 res/drawable-xhdpi/abc_menu_hardkey_panel_mtrl_mult.9.png (OK)
 1858724 res/drawable-xhdpi/abc_list_selector_disabled_holo_light.9.png (OK)
 1859064 res/drawable-xhdpi/abc_ic_menu_selectall_mtrl_alpha.png (OK)
 1859396 res/drawable-xhdpi/abc_textfield_search_default_mtrl_alpha.9.png (OK)
 1859692 res/drawable-xhdpi/abc_btn_check_to_on_mtrl_015.png (OK)
 1860328 res/drawable-xhdpi/abc_btn_radio_to_on_mtrl_000.png (OK)
 1861240 res/drawable-xhdpi/abc_list_pressed_holo_dark.9.png (OK)
 1861560 res/drawable-xhdpi/abc_ic_commit_search_api_mtrl_alpha.png (OK)
 1861968 res/drawable-xhdpi/notification_bg_low_pressed.9.png (OK)
 1862296 res/drawable-xhdpi/abc_ic_star_black_36dp.png (OK)
 1863624 res/drawable-xhdpi/abc_scrubber_control_to_pressed_mtrl_005.png (OK)
 1864256 res/drawable-xhdpi/abc_ic_star_black_48dp.png (OK)
 1865928 res/drawable-xhdpi/abc_text_select_handle_right_mtrl_light.png (OK)
 1866348 res/drawable-xhdpi/abc_ic_star_black_16dp.png (OK)
 1867070 res/layout-v26/abc_screen_toolbar.xml (OK - compressed)
 1867878 res/color-v23/abc_tint_spinner.xml (OK - compressed)
 1868260 res/color-v23/abc_btn_colored_text_material.xml (OK - compressed)
 1868588 res/color-v23/abc_tint_seek_thumb.xml (OK - compressed)
 1868924 res/color-v23/design_tint_password_toggle.xml (OK - compressed)
 1869212 res/color-v23/abc_tint_default.xml (OK - compressed)
 1869670 res/color-v23/abc_tint_edittext.xml (OK - compressed)
 1870044 res/color-v23/abc_tint_switch_track.xml (OK - compressed)
 1870420 res/color-v23/abc_color_highlight_material.xml (OK - compressed)
 1870783 res/color-v23/abc_btn_colored_borderless_text_material.xml (OK - compressed)
 1871117 res/color-v23/abc_tint_btn_checkable.xml (OK - compressed)
 1871479 res/anim/abc_grow_fade_in_from_bottom.xml (OK - compressed)
 1871933 res/anim/abc_popup_exit.xml (OK - compressed)
 1872269 res/anim/abc_slide_in_top.xml (OK - compressed)
 1872574 res/anim/design_snackbar_in.xml (OK - compressed)
 1872847 res/anim/design_bottom_sheet_slide_out.xml (OK - compressed)
 1873223 res/anim/abc_tooltip_enter.xml (OK - compressed)
 1873518 res/anim/abc_popup_enter.xml (OK - compressed)
 1873864 res/anim/design_bottom_sheet_slide_in.xml (OK - compressed)
 1874245 res/anim/abc_slide_in_bottom.xml (OK - compressed)
 1874548 res/anim/abc_tooltip_exit.xml (OK - compressed)
 1874838 res/anim/abc_fade_in.xml (OK - compressed)
 1875128 res/anim/abc_fade_out.xml (OK - compressed)
 1875427 res/anim/design_snackbar_out.xml (OK - compressed)
 1875700 res/anim/abc_shrink_fade_out_from_bottom.xml (OK - compressed)
 1876160 res/anim/abc_slide_out_bottom.xml (OK - compressed)
 1876463 res/anim/abc_slide_out_top.xml (OK - compressed)
 1876780 res/layout-sw600dp/mtrl_layout_snackbar.xml (OK - compressed)
 1877183 res/layout-sw600dp/design_layout_snackbar.xml (OK - compressed)
 1877598 res/interpolator-v21/mtrl_fast_out_linear_in.xml (OK - compressed)
 1877903 res/interpolator-v21/mtrl_linear_out_slow_in.xml (OK - compressed)
 1878206 res/interpolator-v21/mtrl_fast_out_slow_in.xml (OK - compressed)
 1878528 res/drawable-ldrtl-hdpi/abc_ic_menu_copy_mtrl_am_alpha.png (OK)
 1878892 res/drawable-ldrtl-hdpi/abc_ic_menu_cut_mtrl_alpha.png (OK)
 1879564 res/drawable-ldrtl-hdpi/abc_spinner_mtrl_am_alpha.9.png (OK)
 1880054 res/interpolator/mtrl_fast_out_linear_in.xml (OK - compressed)
 1880216 res/interpolator/mtrl_linear_out_slow_in.xml (OK - compressed)
 1880366 res/interpolator/mtrl_linear.xml (OK - compressed)
 1880522 res/interpolator/mtrl_fast_out_slow_in.xml (OK - compressed)
 1880704 res/drawable-ldrtl-mdpi/abc_ic_menu_copy_mtrl_am_alpha.png (OK)
 1880964 res/drawable-ldrtl-mdpi/abc_ic_menu_cut_mtrl_alpha.png (OK)
 1881432 res/drawable-ldrtl-mdpi/abc_spinner_mtrl_am_alpha.9.png (OK)
 1881895 res/drawable-anydpi-v21/design_ic_visibility.xml (OK - compressed)
 1882282 res/drawable-anydpi-v21/ic_favorite.xml (OK - compressed)
 1882847 res/drawable-anydpi-v21/ic_delete.xml (OK - compressed)
 1883363 res/drawable-anydpi-v21/design_ic_visibility_off.xml (OK - compressed)
 1884176 res/drawable-v21/design_bottom_navigation_item_background.xml (OK - compressed)
 1884436 res/drawable-v21/abc_edit_text_material.xml (OK - compressed)
 1885023 res/drawable-v21/$avd_hide_password__0.xml (OK - compressed)
 1885667 res/drawable-v21/abc_list_divider_material.xml (OK - compressed)
 1886040 res/drawable-v21/abc_action_bar_item_background_material.xml (OK - compressed)
 1886296 res/drawable-v21/design_password_eye.xml (OK - compressed)
 1886741 res/drawable-v21/$avd_show_password__1.xml (OK - compressed)
 1887161 res/drawable-v21/avd_hide_password.xml (OK - compressed)
 1887584 res/drawable-v21/notification_action_background.xml (OK - compressed)
 1888162 res/drawable-v21/avd_show_password.xml (OK - compressed)
 1888576 res/drawable-v21/$avd_show_password__2.xml (OK - compressed)
 1888995 res/drawable-v21/abc_ratingbar_indicator_material.xml (OK - compressed)
 1889401 res/drawable-v21/abc_btn_colored_material.xml (OK - compressed)
 1890080 res/drawable-v21/abc_ratingbar_small_material.xml (OK - compressed)
 1890483 res/drawable-v21/$avd_show_password__0.xml (OK - compressed)
 1891099 res/drawable-v21/$avd_hide_password__1.xml (OK - compressed)
 1891523 res/drawable-v21/$avd_hide_password__2.xml (OK - compressed)
 1891932 res/drawable-v21/abc_ratingbar_material.xml (OK - compressed)
 1892344 res/drawable-v21/abc_dialog_material_background.xml (OK - compressed)
 1892764 res/mipmap-xxxhdpi/ic_launcher.png (OK)
 1893136 res/mipmap-xxxhdpi/ic_launcher_round.png (OK)
 1893486 res/xml/settings.xml (OK - compressed)
 1893996 res/drawable-xxxhdpi/design_ic_visibility_off.png (OK)
 1895976 res/drawable-xxxhdpi/abc_ic_star_half_black_16dp.png (OK)
 1896800 res/drawable-xxxhdpi/abc_text_select_handle_right_mtrl_dark.png (OK)
 1897420 res/drawable-xxxhdpi/button_save.png (OK)
 1899100 res/drawable-xxxhdpi/abc_ic_star_half_black_48dp.png (OK)
 1900836 res/drawable-xxxhdpi/abc_ic_menu_paste_mtrl_am_alpha.png (OK)
 1901572 res/drawable-xxxhdpi/button_keyboard.png (OK)
 1903328 res/drawable-xxxhdpi/button_b.png (OK)
 1906496 res/drawable-xxxhdpi/button_select.png (OK)
 1907844 res/drawable-xxxhdpi/abc_ic_star_half_black_36dp.png (OK)
 1909260 res/drawable-xxxhdpi/abc_tab_indicator_mtrl_alpha.9.png (OK)
 1909552 res/drawable-xxxhdpi/ic_favorite.png (OK)
 1910768 res/drawable-xxxhdpi/abc_btn_check_to_on_mtrl_000.png (OK)
 1911148 res/drawable-xxxhdpi/abc_ic_menu_copy_mtrl_am_alpha.png (OK)
 1911612 res/drawable-xxxhdpi/button_y.png (OK)
 1915072 res/drawable-xxxhdpi/abc_btn_switch_to_on_mtrl_00001.9.png (OK)
 1917864 res/drawable-xxxhdpi/abc_ic_menu_share_mtrl_alpha.png (OK)
 1919488 res/drawable-xxxhdpi/screenshot.png (OK)
 1919764 res/drawable-xxxhdpi/abc_switch_track_mtrl_alpha.9.png (OK)
 1920716 res/drawable-xxxhdpi/button_settings.png (OK)
 1923012 res/drawable-xxxhdpi/button_x.png (OK)
 1926668 res/drawable-xxxhdpi/abc_ic_menu_cut_mtrl_alpha.png (OK)
 1927916 res/drawable-xxxhdpi/design_ic_visibility.png (OK)
 1929772 res/drawable-xxxhdpi/ic_delete.png (OK)
 1930128 res/drawable-xxxhdpi/abc_btn_switch_to_on_mtrl_00012.9.png (OK)
 1933384 res/drawable-xxxhdpi/button_a.png (OK)
 1936672 res/drawable-xxxhdpi/button_start.png (OK)
 1938172 res/drawable-xxxhdpi/error.png (OK)
 1947256 res/drawable-xxxhdpi/abc_text_select_handle_left_mtrl_light.png (OK)
 1947904 res/drawable-xxxhdpi/abc_scrubber_control_to_pressed_mtrl_000.png (OK)
 1948652 res/drawable-xxxhdpi/abc_btn_radio_to_on_mtrl_015.png (OK)
 1949968 res/drawable-xxxhdpi/abc_text_select_handle_left_mtrl_dark.png (OK)
 1950600 res/drawable-xxxhdpi/abc_spinner_mtrl_am_alpha.9.png (OK)
 1951192 res/drawable-xxxhdpi/water_mark.png (OK)
 2471036 res/drawable-xxxhdpi/digital_pad.png (OK)
 2473760 res/drawable-xxxhdpi/abc_ic_menu_selectall_mtrl_alpha.png (OK)
 2474232 res/drawable-xxxhdpi/abc_btn_check_to_on_mtrl_015.png (OK)
 2474868 res/drawable-xxxhdpi/abc_btn_radio_to_on_mtrl_000.png (OK)
 2475960 res/drawable-xxxhdpi/abc_ic_star_black_36dp.png (OK)
 2478144 res/drawable-xxxhdpi/abc_scrubber_control_to_pressed_mtrl_005.png (OK)
 2479180 res/drawable-xxxhdpi/abc_ic_star_black_48dp.png (OK)
 2481796 res/drawable-xxxhdpi/abc_text_select_handle_right_mtrl_light.png (OK)
 2482428 res/drawable-xxxhdpi/abc_ic_star_black_16dp.png (OK)
 2483620 res/drawable-xxxhdpi/splash.png (OK)
 2545295 res/animator-v21/design_appbar_state_list_animator.xml (OK - compressed)
 2545842 res/color-v21/abc_btn_colored_borderless_text_material.xml (OK - compressed)
 2546176 res/drawable-hdpi/abc_textfield_default_mtrl_alpha.9.png (OK)
 2546472 res/drawable-hdpi/design_ic_visibility_off.png (OK)
 2547468 res/drawable-hdpi/abc_ic_star_half_black_16dp.png (OK)
 2547908 res/drawable-hdpi/abc_text_select_handle_right_mtrl_dark.png (OK)
 2548272 res/drawable-hdpi/abc_popup_background_mtrl_mult.9.png (OK)
 2549848 res/drawable-hdpi/abc_ab_share_pack_mtrl_alpha.9.png (OK)
 2550220 res/drawable-hdpi/abc_ic_star_half_black_48dp.png (OK)
 2551088 res/drawable-hdpi/abc_ic_menu_paste_mtrl_am_alpha.png (OK)
 2551540 res/drawable-hdpi/abc_text_select_handle_middle_mtrl_light.png (OK)
 2552276 res/drawable-hdpi/notification_bg_low_normal.9.png (OK)
 2552568 res/drawable-hdpi/abc_ic_star_half_black_36dp.png (OK)
 2553272 res/drawable-hdpi/abc_tab_indicator_mtrl_alpha.9.png (OK)
 2553552 res/drawable-hdpi/ic_favorite.png (OK)
 2554148 res/drawable-hdpi/abc_btn_check_to_on_mtrl_000.png (OK)
 2554536 res/drawable-hdpi/abc_ic_menu_copy_mtrl_am_alpha.png (OK)
 2554904 res/drawable-hdpi/abc_scrubber_control_off_mtrl_alpha.png (OK)
 2555248 res/drawable-hdpi/abc_btn_switch_to_on_mtrl_00001.9.png (OK)
 2556576 res/drawable-hdpi/abc_list_focused_holo.9.png (OK)
 2556900 res/drawable-hdpi/notification_bg_normal.9.png (OK)
 2557204 res/drawable-hdpi/abc_list_selector_disabled_holo_dark.9.png (OK)
 2557532 res/drawable-hdpi/abc_ic_menu_share_mtrl_alpha.png (OK)
 2558408 res/drawable-hdpi/abc_scrubber_primary_mtrl_alpha.9.png (OK)
 2558724 res/drawable-hdpi/abc_switch_track_mtrl_alpha.9.png (OK)
 2559352 res/drawable-hdpi/notification_bg_normal_pressed.9.png (OK)
 2559660 res/drawable-hdpi/abc_ic_menu_cut_mtrl_alpha.png (OK)
 2560316 res/drawable-hdpi/design_ic_visibility.png (OK)
 2561240 res/drawable-hdpi/notify_panel_notification_icon_bg.png (OK)
 2561396 res/drawable-hdpi/ic_delete.png (OK)
 2561692 res/drawable-hdpi/abc_btn_switch_to_on_mtrl_00012.9.png (OK)
 2563216 res/drawable-hdpi/abc_text_select_handle_middle_mtrl_dark.png (OK)
 2563960 res/drawable-hdpi/abc_textfield_activated_mtrl_alpha.9.png (OK)
 2564252 res/drawable-hdpi/abc_list_pressed_holo_light.9.png (OK)
 2564560 res/drawable-hdpi/abc_list_longpressed_holo.9.png (OK)
 2564872 res/drawable-hdpi/abc_scrubber_track_mtrl_alpha.9.png (OK)
 2565176 res/drawable-hdpi/abc_list_divider_mtrl_alpha.9.png (OK)
 2565440 res/drawable-hdpi/abc_textfield_search_activated_mtrl_alpha.9.png (OK)
 2565736 res/drawable-hdpi/abc_text_select_handle_left_mtrl_light.png (OK)
 2566108 res/drawable-hdpi/abc_scrubber_control_to_pressed_mtrl_000.png (OK)
 2566468 res/drawable-hdpi/abc_cab_background_top_mtrl_alpha.9.png (OK)
 2566792 res/drawable-hdpi/abc_btn_radio_to_on_mtrl_015.png (OK)
 2567636 res/drawable-hdpi/abc_text_select_handle_left_mtrl_dark.png (OK)
 2567992 res/drawable-hdpi/abc_spinner_mtrl_am_alpha.9.png (OK)
 2568496 res/drawable-hdpi/abc_menu_hardkey_panel_mtrl_mult.9.png (OK)
 2569792 res/drawable-hdpi/abc_list_selector_disabled_holo_light.9.png (OK)
 2570124 res/drawable-hdpi/abc_ic_menu_selectall_mtrl_alpha.png (OK)
 2570488 res/drawable-hdpi/abc_textfield_search_default_mtrl_alpha.9.png (OK)
 2570776 res/drawable-hdpi/abc_btn_check_to_on_mtrl_015.png (OK)
 2571404 res/drawable-hdpi/abc_btn_radio_to_on_mtrl_000.png (OK)
 2572108 res/drawable-hdpi/abc_list_pressed_holo_dark.9.png (OK)
 2572424 res/drawable-hdpi/abc_ic_commit_search_api_mtrl_alpha.png (OK)
 2572732 res/drawable-hdpi/notification_bg_low_pressed.9.png (OK)
 2573036 res/drawable-hdpi/abc_ic_star_black_36dp.png (OK)
 2574104 res/drawable-hdpi/abc_scrubber_control_to_pressed_mtrl_005.png (OK)
 2574564 res/drawable-hdpi/abc_ic_star_black_48dp.png (OK)
 2575892 res/drawable-hdpi/abc_text_select_handle_right_mtrl_light.png (OK)
 2576244 res/drawable-hdpi/abc_ic_star_black_16dp.png (OK)
 2576809 res/layout/abc_action_menu_item_layout.xml (OK - compressed)
 2577318 res/layout/abc_dialog_title_material.xml (OK - compressed)
 2577950 res/layout/activity_error.xml (OK - compressed)
 2578794 res/layout/abc_cascading_menu_item_layout.xml (OK - compressed)
 2579685 res/layout/mtrl_layout_snackbar.xml (OK - compressed)
 2580078 res/layout/notification_action.xml (OK - compressed)
 2580755 res/layout/notification_template_part_time.xml (OK - compressed)
 2581102 res/layout/abc_expanded_menu_layout.xml (OK - compressed)
 2581434 res/layout/design_navigation_item_separator.xml (OK - compressed)
 2581769 res/layout/abc_popup_menu_item_layout.xml (OK - compressed)
 2582772 res/layout/notification_template_big_media.xml (OK - compressed)
 2583587 res/layout/abc_screen_simple_overlay_action_mode.xml (OK - compressed)
 2584080 res/layout/notification_template_media.xml (OK - compressed)
 2584739 res/layout/abc_list_menu_item_layout.xml (OK - compressed)
 2585437 res/layout/notification_template_part_chronometer.xml (OK - compressed)
 2585779 res/layout/design_layout_tab_text.xml (OK - compressed)
 2586109 res/layout/activity_twobuttons.xml (OK - compressed)
 2587021 res/layout/abc_alert_dialog_title_material.xml (OK - compressed)
 2587768 res/layout/abc_screen_content_include.xml (OK - compressed)
 2588154 res/layout/design_menu_item_action_area.xml (OK - compressed)
 2588432 res/layout/abc_alert_dialog_material.xml (OK - compressed)
 2589378 res/layout/design_layout_tab_icon.xml (OK - compressed)
 2589695 res/layout/content_save_game.xml (OK - compressed)
 2590618 res/layout/notification_media_action.xml (OK - compressed)
 2591034 res/layout/abc_list_menu_item_icon.xml (OK - compressed)
 2591477 res/layout/abc_action_bar_title_item.xml (OK - compressed)
 2591996 res/layout/activity_splash.xml (OK - compressed)
 2592603 res/layout/abc_tooltip.xml (OK - compressed)
 2593203 res/layout/notification_template_big_media_narrow.xml (OK - compressed)
 2594010 res/layout/activity_gamepad.xml (OK - compressed)
 2595162 res/layout/design_navigation_menu.xml (OK - compressed)
 2595556 res/layout/abc_action_bar_up_container.xml (OK - compressed)
 2595893 res/layout/abc_list_menu_item_radio.xml (OK - compressed)
 2596283 res/layout/support_simple_spinner_dropdown_item.xml (OK - compressed)
 2596666 res/layout/abc_action_menu_layout.xml (OK - compressed)
 2597065 res/layout/design_bottom_navigation_item.xml (OK - compressed)
 2597766 res/layout/notification_template_big_media_custom.xml (OK - compressed)
 2598906 res/layout/select_dialog_item_material.xml (OK - compressed)
 2599356 res/layout/notification_media_cancel_action.xml (OK - compressed)
 2599834 res/layout/design_layout_snackbar.xml (OK - compressed)
 2600244 res/layout/design_navigation_menu_item.xml (OK - compressed)
 2600756 res/layout/design_navigation_item.xml (OK - compressed)
 2601156 res/layout/abc_select_dialog_material.xml (OK - compressed)
 2601802 res/layout/notification_template_custom_big.xml (OK - compressed)
 2602868 res/layout/activity_settings.xml (OK - compressed)
 2603610 res/layout/select_dialog_singlechoice_material.xml (OK - compressed)
 2604157 res/layout/abc_action_mode_close_item_material.xml (OK - compressed)
 2604698 res/layout/abc_action_mode_bar.xml (OK - compressed)
 2605080 res/layout/notification_template_lines_media.xml (OK - compressed)
 2605993 res/layout/notification_template_big_media_narrow_custom.xml (OK - compressed)
 2607166 res/layout/design_navigation_item_subheader.xml (OK - compressed)
 2607566 res/layout/activity_save_game.xml (OK - compressed)
 2608409 res/layout/select_dialog_multichoice_material.xml (OK - compressed)
 2608957 res/layout/abc_alert_dialog_button_bar_material.xml (OK - compressed)
 2609688 res/layout/abc_screen_toolbar.xml (OK - compressed)
 2610447 res/layout/design_text_input_password_icon.xml (OK - compressed)
 2610862 res/layout/notification_template_media_custom.xml (OK - compressed)
 2611908 res/layout/design_navigation_item_header.xml (OK - compressed)
 2612260 res/layout/abc_search_dropdown_item_icons_2line.xml (OK - compressed)
 2613120 res/layout/abc_search_view.xml (OK - compressed)
 2614377 res/layout/mtrl_layout_snackbar_include.xml (OK - compressed)
 2615140 res/layout/abc_activity_chooser_view.xml (OK - compressed)
 2615841 res/layout/design_bottom_sheet_dialog.xml (OK - compressed)
 2616463 res/layout/abc_popup_menu_header_item_layout.xml (OK - compressed)
 2616991 res/layout/notification_template_icon_group.xml (OK - compressed)
 2617300 res/layout/abc_screen_simple.xml (OK - compressed)
 2617817 res/layout/design_layout_snackbar_include.xml (OK - compressed)
 2618607 res/layout/notification_action_tombstone.xml (OK - compressed)
 2619325 res/layout/activity_onetouch.xml (OK - compressed)
 2620155 res/layout/abc_list_menu_item_checkbox.xml (OK - compressed)
 2620543 res/layout/abc_activity_chooser_view_list_item.xml (OK - compressed)
 2621190 res/layout-v21/notification_action.xml (OK - compressed)
 2621834 res/layout-v21/notification_template_custom_big.xml (OK - compressed)
 2622744 res/layout-v21/abc_screen_toolbar.xml (OK - compressed)
 2623546 res/layout-v21/notification_template_icon_group.xml (OK - compressed)
 2624070 res/layout-v21/notification_action_tombstone.xml (OK - compressed)
 2624759 res/anim-v21/design_bottom_sheet_slide_out.xml (OK - compressed)
 2625150 res/anim-v21/design_bottom_sheet_slide_in.xml (OK - compressed)
 2625550 res/drawable-v23/abc_control_background_material.xml (OK - compressed)
 2625844 res/layout-v22/abc_alert_dialog_button_bar_material.xml (OK - compressed)
 2626632 res/drawable-xxhdpi/abc_textfield_default_mtrl_alpha.9.png (OK)
 2626928 res/drawable-xxhdpi/design_ic_visibility_off.png (OK)
 2628460 res/drawable-xxhdpi/abc_ic_star_half_black_16dp.png (OK)
 2629136 res/drawable-xxhdpi/abc_text_select_handle_right_mtrl_dark.png (OK)
 2629672 res/drawable-xxhdpi/abc_popup_background_mtrl_mult.9.png (OK)
 2632832 res/drawable-xxhdpi/abc_ab_share_pack_mtrl_alpha.9.png (OK)
 2633212 res/drawable-xxhdpi/abc_ic_star_half_black_48dp.png (OK)
 2634628 res/drawable-xxhdpi/abc_ic_menu_paste_mtrl_am_alpha.png (OK)
 2635232 res/drawable-xxhdpi/abc_text_select_handle_middle_mtrl_light.png (OK)
 2636448 res/drawable-xxhdpi/abc_ic_star_half_black_36dp.png (OK)
 2637636 res/drawable-xxhdpi/abc_tab_indicator_mtrl_alpha.9.png (OK)
 2637928 res/drawable-xxhdpi/ic_favorite.png (OK)
 2638924 res/drawable-xxhdpi/abc_btn_check_to_on_mtrl_000.png (OK)
 2639376 res/drawable-xxhdpi/abc_ic_menu_copy_mtrl_am_alpha.png (OK)
 2639812 res/drawable-xxhdpi/abc_scrubber_control_off_mtrl_alpha.png (OK)
 2640296 res/drawable-xxhdpi/abc_btn_switch_to_on_mtrl_00001.9.png (OK)
 2643108 res/drawable-xxhdpi/abc_list_focused_holo.9.png (OK)
 2643452 res/drawable-xxhdpi/abc_list_selector_disabled_holo_dark.9.png (OK)
 2643808 res/drawable-xxhdpi/abc_ic_menu_share_mtrl_alpha.png (OK)
 2645188 res/drawable-xxhdpi/abc_scrubber_primary_mtrl_alpha.9.png (OK)
 2645500 res/drawable-xxhdpi/abc_switch_track_mtrl_alpha.9.png (OK)
 2646504 res/drawable-xxhdpi/abc_ic_menu_cut_mtrl_alpha.png (OK)
 2647512 res/drawable-xxhdpi/design_ic_visibility.png (OK)
 2648992 res/drawable-xxhdpi/ic_delete.png (OK)
 2649304 res/drawable-xxhdpi/abc_btn_switch_to_on_mtrl_00012.9.png (OK)
 2652204 res/drawable-xxhdpi/abc_text_select_handle_middle_mtrl_dark.png (OK)
 2653428 res/drawable-xxhdpi/abc_textfield_activated_mtrl_alpha.9.png (OK)
 2653728 res/drawable-xxhdpi/abc_list_pressed_holo_light.9.png (OK)
 2654040 res/drawable-xxhdpi/abc_list_longpressed_holo.9.png (OK)
 2654356 res/drawable-xxhdpi/abc_scrubber_track_mtrl_alpha.9.png (OK)
 2654668 res/drawable-xxhdpi/abc_list_divider_mtrl_alpha.9.png (OK)
 2654936 res/drawable-xxhdpi/abc_textfield_search_activated_mtrl_alpha.9.png (OK)
 2655240 res/drawable-xxhdpi/abc_text_select_handle_left_mtrl_light.png (OK)
 2655780 res/drawable-xxhdpi/abc_scrubber_control_to_pressed_mtrl_000.png (OK)
 2656460 res/drawable-xxhdpi/abc_cab_background_top_mtrl_alpha.9.png (OK)
 2656800 res/drawable-xxhdpi/abc_btn_radio_to_on_mtrl_015.png (OK)
 2658360 res/drawable-xxhdpi/abc_text_select_handle_left_mtrl_dark.png (OK)
 2658888 res/drawable-xxhdpi/abc_spinner_mtrl_am_alpha.9.png (OK)
 2659616 res/drawable-xxhdpi/abc_menu_hardkey_panel_mtrl_mult.9.png (OK)
 2662116 res/drawable-xxhdpi/abc_list_selector_disabled_holo_light.9.png (OK)
 2662468 res/drawable-xxhdpi/abc_ic_menu_selectall_mtrl_alpha.png (OK)
 2662888 res/drawable-xxhdpi/abc_textfield_search_default_mtrl_alpha.9.png (OK)
 2663188 res/drawable-xxhdpi/abc_btn_check_to_on_mtrl_015.png (OK)
 2663996 res/drawable-xxhdpi/abc_btn_radio_to_on_mtrl_000.png (OK)
 2665328 res/drawable-xxhdpi/abc_list_pressed_holo_dark.9.png (OK)
 2665648 res/drawable-xxhdpi/abc_ic_commit_search_api_mtrl_alpha.png (OK)
 2666032 res/drawable-xxhdpi/abc_ic_star_black_36dp.png (OK)
 2667832 res/drawable-xxhdpi/abc_scrubber_control_to_pressed_mtrl_005.png (OK)
 2668720 res/drawable-xxhdpi/abc_ic_star_black_48dp.png (OK)
 2670904 res/drawable-xxhdpi/abc_text_select_handle_right_mtrl_light.png (OK)
 2671428 res/drawable-xxhdpi/abc_ic_star_black_16dp.png (OK)
 2672361 classes.dex (OK - compressed)
 5195008 AndroidManifest.xml (OK - compressed)
 5196140 resources.arsc (OK)
 5565350 assets/conf.json (OK - compressed)
 5565638 assets/.CPCTRVMEngineEndUserLicenseAccepted (OK - compressed)
 5565754 assets/LICENSE (OK - compressed)
 5566887 assets/payload.sna (OK - compressed)
 5582604 assets/conf.schema.json (OK - compressed)
 5583487 draftv4.schema.json (OK - compressed)
 5584267 tables/CR_ASCII.bin (OK - compressed)
 5584345 tables/CR_Adlam.bin (OK - compressed)
 5584439 tables/CR_Age_10_0.bin (OK - compressed)
 5587401 tables/CR_Age_11_0.bin (OK - compressed)
 5590410 tables/CR_Age_12_0.bin (OK - compressed)
 5593471 tables/CR_Age_12_1.bin (OK - compressed)
 5596525 tables/CR_Age_1_1.bin (OK - compressed)
 5597773 tables/CR_Age_2_0.bin (OK - compressed)
 5599138 tables/CR_Age_2_1.bin (OK - compressed)
 5600503 tables/CR_Age_3_0.bin (OK - compressed)
 5602154 tables/CR_Age_3_1.bin (OK - compressed)
 5603941 tables/CR_Age_3_2.bin (OK - compressed)
 5605699 tables/CR_Age_4_0.bin (OK - compressed)
 5607523 tables/CR_Age_4_1.bin (OK - compressed)
 5609457 tables/CR_Age_5_0.bin (OK - compressed)
 5611438 tables/CR_Age_5_1.bin (OK - compressed)
 5613478 tables/CR_Age_5_2.bin (OK - compressed)
 5615698 tables/CR_Age_6_0.bin (OK - compressed)
 5618007 tables/CR_Age_6_1.bin (OK - compressed)
 5620454 tables/CR_Age_6_2.bin (OK - compressed)
 5622900 tables/CR_Age_6_3.bin (OK - compressed)
 5625347 tables/CR_Age_7_0.bin (OK - compressed)
 5628087 tables/CR_Age_8_0.bin (OK - compressed)
 5630872 tables/CR_Age_9_0.bin (OK - compressed)
 5633780 tables/CR_Ahom.bin (OK - compressed)
 5633871 tables/CR_Alnum.bin (OK - compressed)
 5636992 tables/CR_Alpha.bin (OK - compressed)
 5639964 tables/CR_Anatolian_Hieroglyphs.bin (OK)
 5640027 tables/CR_Any.bin (OK - compressed)
 5640108 tables/CR_Arabic.bin (OK - compressed)
 5640390 tables/CR_Armenian.bin (OK - compressed)
 5640492 tables/CR_Assigned.bin (OK - compressed)
 5643507 tables/CR_Avestan.bin (OK - compressed)
 5643596 tables/CR_Balinese.bin (OK - compressed)
 5643684 tables/CR_Bamum.bin (OK)
 5643761 tables/CR_Bassa_Vah.bin (OK - compressed)
 5643848 tables/CR_Batak.bin (OK - compressed)
 5643937 tables/CR_Bengali.bin (OK - compressed)
 5644080 tables/CR_Bhaiksuki.bin (OK - compressed)
 5644183 tables/CR_Bidi_Control.bin (OK - compressed)
 5644278 tables/CR_Blank.bin (OK - compressed)
 5644381 tables/CR_Bopomofo.bin (OK - compressed)
 5644475 tables/CR_Brahmi.bin (OK - compressed)
 5644568 tables/CR_Braille.bin (OK)
 5644636 tables/CR_Buginese.bin (OK - compressed)
 5644724 tables/CR_Buhid.bin (OK)
 5644785 tables/CR_C.bin (OK - compressed)
 5647369 tables/CR_Canadian_Aboriginal.bin (OK - compressed)
 5647460 tables/CR_Carian.bin (OK)
 5647534 tables/CR_Case_Ignorable.bin (OK - compressed)
 5649025 tables/CR_Cased.bin (OK - compressed)
 5649662 tables/CR_Caucasian_Albanian.bin (OK - compressed)
 5649744 tables/CR_Cf.bin (OK - compressed)
 5649911 tables/CR_Chakma.bin (OK - compressed)
 5649996 tables/CR_Cham.bin (OK - compressed)
 5650111 tables/CR_Changes_When_Casefolded.bin (OK - compressed)
 5651421 tables/CR_Changes_When_Casemapped.bin (OK - compressed)
 5652003 tables/CR_Changes_When_Lowercased.bin (OK - compressed)
 5653258 tables/CR_Changes_When_Titlecased.bin (OK - compressed)
 5654556 tables/CR_Changes_When_Uppercased.bin (OK - compressed)
 5655847 tables/CR_Cherokee.bin (OK - compressed)
 5655937 tables/CR_Cn.bin (OK - compressed)
 5658490 tables/CR_Cntrl.bin (OK - compressed)
 5658570 tables/CR_Co.bin (OK - compressed)
 5658666 tables/CR_Common.bin (OK - compressed)
 5659429 tables/CR_Coptic.bin (OK - compressed)
 5659520 tables/CR_Cs.bin (OK)
 5659589 tables/CR_Cuneiform.bin (OK - compressed)
 5659692 tables/CR_Cypriot.bin (OK - compressed)
 5659795 tables/CR_Cyrillic.bin (OK - compressed)
 5659914 tables/CR_Dash.bin (OK - compressed)
 5660082 tables/CR_Default_Ignorable_Code_Point.bin (OK - compressed)
 5660251 tables/CR_Deprecated.bin (OK - compressed)
 5660368 tables/CR_Deseret.bin (OK)
 5660438 tables/CR_Devanagari.bin (OK - compressed)
 5660537 tables/CR_Diacritic.bin (OK - compressed)
 5661226 tables/CR_Digit.bin (OK - compressed)
 5661580 tables/CR_Dogra.bin (OK)
 5661648 tables/CR_Duployan.bin (OK - compressed)
 5661765 tables/CR_Egyptian_Hieroglyphs.bin (OK - compressed)
 5661856 tables/CR_Elbasan.bin (OK)
 5661924 tables/CR_Elymaic.bin (OK)
 5661989 tables/CR_Emoji.bin (OK - compressed)
 5662554 tables/CR_Emoji_Component.bin (OK - compressed)
 5662684 tables/CR_Emoji_Modifier.bin (OK)
 5662763 tables/CR_Emoji_Modifier_Base.bin (OK - compressed)
 5662983 tables/CR_Emoji_Presentation.bin (OK - compressed)
 5663341 tables/CR_Ethiopic.bin (OK - compressed)
 5663574 tables/CR_Extended_Pictographic.bin (OK - compressed)
 5663929 tables/CR_Extender.bin (OK - compressed)
 5664129 tables/CR_Georgian.bin (OK - compressed)
 5664257 tables/CR_Glagolitic.bin (OK - compressed)
 5664372 tables/CR_Gothic.bin (OK)
 5664439 tables/CR_Grantha.bin (OK - compressed)
 5664579 tables/CR_Graph.bin (OK - compressed)
 5667623 tables/CR_Grapheme_Base.bin (OK - compressed)
 5671236 tables/CR_Grapheme_Cluster_Break_CR.bin (OK - compressed)
 5671340 tables/CR_Grapheme_Cluster_Break_Control.bin (OK - compressed)
 5671534 tables/CR_Grapheme_Cluster_Break_Extend.bin (OK - compressed)
 5672838 tables/CR_Grapheme_Cluster_Break_L.bin (OK - compressed)
 5672946 tables/CR_Grapheme_Cluster_Break_LV.bin (OK - compressed)
 5673657 tables/CR_Grapheme_Cluster_Break_LVT.bin (OK - compressed)
 5675351 tables/CR_Grapheme_Cluster_Break_Prepend.bin (OK - compressed)
 5675503 tables/CR_Grapheme_Cluster_Break_SpacingMark.bin (OK - compressed)
 5676125 tables/CR_Grapheme_Cluster_Break_T.bin (OK - compressed)
 5676232 tables/CR_Grapheme_Cluster_Break_V.bin (OK - compressed)
 5676341 tables/CR_Grapheme_Cluster_Break_ZWJ.bin (OK - compressed)
 5676431 tables/CR_Grapheme_Extend.bin (OK - compressed)
 5677721 tables/CR_Grapheme_Link.bin (OK - compressed)
 5677951 tables/CR_Greek.bin (OK - compressed)
 5678168 tables/CR_Gujarati.bin (OK - compressed)
 5678314 tables/CR_Gunjala_Gondi.bin (OK - compressed)
 5678424 tables/CR_Gurmukhi.bin (OK - compressed)
 5678562 tables/CR_Han.bin (OK - compressed)
 5678740 tables/CR_Hangul.bin (OK - compressed)
 5678897 tables/CR_Hanifi_Rohingya.bin (OK - compressed)
 5678988 tables/CR_Hanunoo.bin (OK)
 5679054 tables/CR_Hatran.bin (OK - compressed)
 5679147 tables/CR_Hebrew.bin (OK - compressed)
 5679272 tables/CR_Hex_Digit.bin (OK - compressed)
 5679382 tables/CR_Hiragana.bin (OK - compressed)
 5679488 tables/CR_Hyphen.bin (OK - compressed)
 5679614 tables/CR_IDS_Binary_Operator.bin (OK - compressed)
 5679716 tables/CR_IDS_Trinary_Operator.bin (OK)
 5679787 tables/CR_ID_Continue.bin (OK - compressed)
 5682920 tables/CR_ID_Start.bin (OK - compressed)
 5685526 tables/CR_Ideographic.bin (OK - compressed)
 5685713 tables/CR_Imperial_Aramaic.bin (OK - compressed)
 5685804 tables/CR_In_Adlam.bin (OK)
 5685884 tables/CR_In_Aegean_Numbers.bin (OK)
 5685952 tables/CR_In_Ahom.bin (OK)
 5686036 tables/CR_In_Alchemical_Symbols.bin (OK)
 5686128 tables/CR_In_Alphabetic_Presentation_Forms.bin (OK)
 5686212 tables/CR_In_Anatolian_Hieroglyphs.bin (OK)
 5686308 tables/CR_In_Ancient_Greek_Musical_Notation.bin (OK)
 5686392 tables/CR_In_Ancient_Greek_Numbers.bin (OK)
 5686472 tables/CR_In_Ancient_Symbols.bin (OK)
 5686544 tables/CR_In_Arabic.bin (OK)
 5686624 tables/CR_In_Arabic_Extended_A.bin (OK)
 5686728 tables/CR_In_Arabic_Mathematical_Alphabetic_Symbols.bin (OK)
 5686820 tables/CR_In_Arabic_Presentation_Forms_A.bin (OK)
 5686912 tables/CR_In_Arabic_Presentation_Forms_B.bin (OK)
 5686992 tables/CR_In_Arabic_Supplement.bin (OK)
 5687064 tables/CR_In_Armenian.bin (OK)
 5687136 tables/CR_In_Arrows.bin (OK)
 5687208 tables/CR_In_Avestan.bin (OK)
 5687280 tables/CR_In_Balinese.bin (OK)
 5687348 tables/CR_In_Bamum.bin (OK)
 5687428 tables/CR_In_Bamum_Supplement.bin (OK)
 5687500 tables/CR_In_Bassa_Vah.bin (OK)
 5687568 tables/CR_In_Batak.bin (OK)
 5687640 tables/CR_In_Bengali.bin (OK)
 5687712 tables/CR_In_Bhaiksuki.bin (OK)
 5687792 tables/CR_In_Block_Elements.bin (OK)
 5687864 tables/CR_In_Bopomofo.bin (OK)
 5687944 tables/CR_In_Bopomofo_Extended.bin (OK)
 5688020 tables/CR_In_Box_Drawing.bin (OK)
 5688092 tables/CR_In_Brahmi.bin (OK)
 5688164 tables/CR_In_Buginese.bin (OK)
 5688232 tables/CR_In_Buhid.bin (OK)
 5688320 tables/CR_In_Byzantine_Musical_Symbols.bin (OK)
 5688400 tables/CR_In_CJK_Compatibility.bin (OK)
 5688488 tables/CR_In_CJK_Compatibility_Forms.bin (OK)
 5688580 tables/CR_In_CJK_Compatibility_Ideographs.bin (OK)
 5688684 tables/CR_In_CJK_Compatibility_Ideographs_Supplement.bin (OK)
 5688772 tables/CR_In_CJK_Radicals_Supplement.bin (OK)
 5688848 tables/CR_In_CJK_Strokes.bin (OK)
 5688940 tables/CR_In_CJK_Symbols_and_Punctuation.bin (OK)
 5689028 tables/CR_In_CJK_Unified_Ideographs.bin (OK)
 5689128 tables/CR_In_CJK_Unified_Ideographs_Extension_A.bin (OK)
 5689228 tables/CR_In_CJK_Unified_Ideographs_Extension_B.bin (OK)
 5689328 tables/CR_In_CJK_Unified_Ideographs_Extension_C.bin (OK)
 5689428 tables/CR_In_CJK_Unified_Ideographs_Extension_D.bin (OK)
 5689528 tables/CR_In_CJK_Unified_Ideographs_Extension_E.bin (OK)
 5689628 tables/CR_In_CJK_Unified_Ideographs_Extension_F.bin (OK)
 5689700 tables/CR_In_Carian.bin (OK)
 5689784 tables/CR_In_Caucasian_Albanian.bin (OK)
 5689856 tables/CR_In_Chakma.bin (OK)
 5689924 tables/CR_In_Cham.bin (OK)
 5689996 tables/CR_In_Cherokee.bin (OK)
 5690080 tables/CR_In_Cherokee_Supplement.bin (OK)
 5690156 tables/CR_In_Chess_Symbols.bin (OK)
 5690246 tables/CR_In_Combining_Diacritical_Marks.bin (OK - compressed)
 5690360 tables/CR_In_Combining_Diacritical_Marks_Extended.bin (OK)
 5690464 tables/CR_In_Combining_Diacritical_Marks_Supplement.bin (OK)
 5690568 tables/CR_In_Combining_Diacritical_Marks_for_Symbols.bin (OK)
 5690652 tables/CR_In_Combining_Half_Marks.bin (OK)
 5690740 tables/CR_In_Common_Indic_Number_Forms.bin (OK)
 5690820 tables/CR_In_Control_Pictures.bin (OK)
 5690892 tables/CR_In_Coptic.bin (OK)
 5690976 tables/CR_In_Coptic_Epact_Numbers.bin (OK)
 5691060 tables/CR_In_Counting_Rod_Numerals.bin (OK)
 5691132 tables/CR_In_Cuneiform.bin (OK)
 5691228 tables/CR_In_Cuneiform_Numbers_and_Punctuation.bin (OK)
 5691308 tables/CR_In_Currency_Symbols.bin (OK)
 5691388 tables/CR_In_Cypriot_Syllabary.bin (OK)
 5691460 tables/CR_In_Cyrillic.bin (OK)
 5691544 tables/CR_In_Cyrillic_Extended_A.bin (OK)
 5691628 tables/CR_In_Cyrillic_Extended_B.bin (OK)
 5691712 tables/CR_In_Cyrillic_Extended_C.bin (OK)
 5691796 tables/CR_In_Cyrillic_Supplement.bin (OK)
 5691872 tables/CR_In_Devanagari.bin (OK)
 5691956 tables/CR_In_Devanagari_Extended.bin (OK)
 5692028 tables/CR_In_Dingbats.bin (OK)
 5692096 tables/CR_In_Dogra.bin (OK)
 5692172 tables/CR_In_Domino_Tiles.bin (OK)
 5692244 tables/CR_In_Duployan.bin (OK)
 5692332 tables/CR_In_Early_Dynastic_Cuneiform.bin (OK)
 5692432 tables/CR_In_Egyptian_Hieroglyph_Format_Controls.bin (OK)
 5692516 tables/CR_In_Egyptian_Hieroglyphs.bin (OK)
 5692588 tables/CR_In_Elbasan.bin (OK)
 5692660 tables/CR_In_Elymaic.bin (OK)
 5692732 tables/CR_In_Emoticons.bin (OK)
 5692828 tables/CR_In_Enclosed_Alphanumeric_Supplement.bin (OK)
 5692916 tables/CR_In_Enclosed_Alphanumerics.bin (OK)
 5693012 tables/CR_In_Enclosed_CJK_Letters_and_Months.bin (OK)
 5693108 tables/CR_In_Enclosed_Ideographic_Supplement.bin (OK)
 5693180 tables/CR_In_Ethiopic.bin (OK)
 5693260 tables/CR_In_Ethiopic_Extended.bin (OK)
 5693344 tables/CR_In_Ethiopic_Extended_A.bin (OK)
 5693428 tables/CR_In_Ethiopic_Supplement.bin (OK)
 5693512 tables/CR_In_General_Punctuation.bin (OK)
 5693592 tables/CR_In_Geometric_Shapes.bin (OK)
 5693680 tables/CR_In_Geometric_Shapes_Extended.bin (OK)
 5693752 tables/CR_In_Georgian.bin (OK)
 5693832 tables/CR_In_Georgian_Extended.bin (OK)
 5693916 tables/CR_In_Georgian_Supplement.bin (OK)
 5693992 tables/CR_In_Glagolitic.bin (OK)
 5694076 tables/CR_In_Glagolitic_Supplement.bin (OK)
 5694148 tables/CR_In_Gothic.bin (OK)
 5694220 tables/CR_In_Grantha.bin (OK)
 5694300 tables/CR_In_Greek_Extended.bin (OK)
 5694379 tables/CR_In_Greek_and_Coptic.bin (OK - compressed)
 5694468 tables/CR_In_Gujarati.bin (OK)
 5694544 tables/CR_In_Gunjala_Gondi.bin (OK)
 5694616 tables/CR_In_Gurmukhi.bin (OK)
 5694708 tables/CR_In_Halfwidth_and_Fullwidth_Forms.bin (OK)
 5694796 tables/CR_In_Hangul_Compatibility_Jamo.bin (OK)
 5694872 tables/CR_In_Hangul_Jamo.bin (OK)
 5694960 tables/CR_In_Hangul_Jamo_Extended_A.bin (OK)
 5695048 tables/CR_In_Hangul_Jamo_Extended_B.bin (OK)
 5695128 tables/CR_In_Hangul_Syllables.bin (OK)
 5695208 tables/CR_In_Hanifi_Rohingya.bin (OK)
 5695280 tables/CR_In_Hanunoo.bin (OK)
 5695352 tables/CR_In_Hatran.bin (OK)
 5695424 tables/CR_In_Hebrew.bin (OK)
 5695516 tables/CR_In_High_Private_Use_Surrogates.bin (OK)
 5695596 tables/CR_In_High_Surrogates.bin (OK)
 5695668 tables/CR_In_Hiragana.bin (OK)
 5695748 tables/CR_In_IPA_Extensions.bin (OK)
 5695848 tables/CR_In_Ideographic_Description_Characters.bin (OK)
 5695948 tables/CR_In_Ideographic_Symbols_and_Punctuation.bin (OK)
 5696028 tables/CR_In_Imperial_Aramaic.bin (OK)
 5696112 tables/CR_In_Indic_Siyaq_Numbers.bin (OK)
 5696196 tables/CR_In_Inscriptional_Pahlavi.bin (OK)
 5696284 tables/CR_In_Inscriptional_Parthian.bin (OK)
 5696356 tables/CR_In_Javanese.bin (OK)
 5696428 tables/CR_In_Kaithi.bin (OK)
 5696508 tables/CR_In_Kana_Extended_A.bin (OK)
 5696588 tables/CR_In_Kana_Supplement.bin (OK)
 5696660 tables/CR_In_Kanbun.bin (OK)
 5696740 tables/CR_In_Kangxi_Radicals.bin (OK)
 5696812 tables/CR_In_Kannada.bin (OK)
 5696884 tables/CR_In_Katakana.bin (OK)
 5696976 tables/CR_In_Katakana_Phonetic_Extensions.bin (OK)
 5697048 tables/CR_In_Kayah_Li.bin (OK)
 5697124 tables/CR_In_Kharoshthi.bin (OK)
 5697192 tables/CR_In_Khmer.bin (OK)
 5697268 tables/CR_In_Khmer_Symbols.bin (OK)
 5697340 tables/CR_In_Khojki.bin (OK)
 5697412 tables/CR_In_Khudawadi.bin (OK)
 5697480 tables/CR_In_Lao.bin (OK)
 5697561 tables/CR_In_Latin_1_Supplement.bin (OK - compressed)
 5697655 tables/CR_In_Latin_Extended_A.bin (OK - compressed)
 5697760 tables/CR_In_Latin_Extended_Additional.bin (OK)
 5697840 tables/CR_In_Latin_Extended_B.bin (OK)
 5697920 tables/CR_In_Latin_Extended_C.bin (OK)
 5698000 tables/CR_In_Latin_Extended_D.bin (OK)
 5698080 tables/CR_In_Latin_Extended_E.bin (OK)
 5698152 tables/CR_In_Lepcha.bin (OK)
 5698236 tables/CR_In_Letterlike_Symbols.bin (OK)
 5698304 tables/CR_In_Limbu.bin (OK)
 5698376 tables/CR_In_Linear_A.bin (OK)
 5698457 tables/CR_In_Linear_B_Ideograms.bin (OK - compressed)
 5698553 tables/CR_In_Linear_B_Syllabary.bin (OK - compressed)
 5698644 tables/CR_In_Low_Surrogates.bin (OK)
 5698716 tables/CR_In_Lycian.bin (OK)
 5698788 tables/CR_In_Lydian.bin (OK)
 5698860 tables/CR_In_Mahajani.bin (OK)
 5698936 tables/CR_In_Mahjong_Tiles.bin (OK)
 5699008 tables/CR_In_Makasar.bin (OK)
 5699080 tables/CR_In_Malayalam.bin (OK)
 5699152 tables/CR_In_Mandaic.bin (OK)
 5699228 tables/CR_In_Manichaean.bin (OK)
 5699300 tables/CR_In_Marchen.bin (OK)
 5699376 tables/CR_In_Masaram_Gondi.bin (OK)
 5699472 tables/CR_In_Mathematical_Alphanumeric_Symbols.bin (OK)
 5699560 tables/CR_In_Mathematical_Operators.bin (OK)
 5699640 tables/CR_In_Mayan_Numerals.bin (OK)
 5699716 tables/CR_In_Medefaidrin.bin (OK)
 5699792 tables/CR_In_Meetei_Mayek.bin (OK)
 5699880 tables/CR_In_Meetei_Mayek_Extensions.bin (OK)
 5699956 tables/CR_In_Mende_Kikakui.bin (OK)
 5700036 tables/CR_In_Meroitic_Cursive.bin (OK)
 5700104 tables/CR_In_Miao.bin (OK)
 5700204 tables/CR_In_Miscellaneous_Mathematical_Symbols_A.bin (OK)
 5700304 tables/CR_In_Miscellaneous_Mathematical_Symbols_B.bin (OK)
 5700388 tables/CR_In_Miscellaneous_Symbols.bin (OK)
 5700484 tables/CR_In_Miscellaneous_Symbols_and_Arrows.bin (OK)
 5700584 tables/CR_In_Miscellaneous_Symbols_and_Pictographs.bin (OK)
 5700672 tables/CR_In_Miscellaneous_Technical.bin (OK)
 5700740 tables/CR_In_Modi.bin (OK)
 5700824 tables/CR_In_Modifier_Tone_Letters.bin (OK)
 5700896 tables/CR_In_Mongolian.bin (OK)
 5700980 tables/CR_In_Mongolian_Supplement.bin (OK)
 5701048 tables/CR_In_Mro.bin (OK)
 5701120 tables/CR_In_Multani.bin (OK)
 5701200 tables/CR_In_Musical_Symbols.bin (OK)
 5701272 tables/CR_In_Myanmar.bin (OK)
 5701356 tables/CR_In_Myanmar_Extended_A.bin (OK)
 5701440 tables/CR_In_Myanmar_Extended_B.bin (OK)
 5701508 tables/CR_In_NKo.bin (OK)
 5701580 tables/CR_In_Nabataean.bin (OK)
 5701656 tables/CR_In_Nandinagari.bin (OK)
 5701732 tables/CR_In_New_Tai_Lue.bin (OK)
 5701800 tables/CR_In_Newa.bin (OK)
 5701871 tables/CR_In_No_Block.bin (OK - compressed)
 5702224 tables/CR_In_Number_Forms.bin (OK)
 5702292 tables/CR_In_Nushu.bin (OK)
 5702380 tables/CR_In_Nyiakeng_Puachue_Hmong.bin (OK)
 5702448 tables/CR_In_Ogham.bin (OK)
 5702524 tables/CR_In_Old_Hungarian.bin (OK)
 5702600 tables/CR_In_Old_Italic.bin (OK)
 5702676 tables/CR_In_Old_Permic.bin (OK)
 5702752 tables/CR_In_Old_Persian.bin (OK)
 5702828 tables/CR_In_Old_Sogdian.bin (OK)
 5702904 tables/CR_In_Old_Turkic.bin (OK)
 5702996 tables/CR_In_Optical_Character_Recognition.bin (OK)
 5703064 tables/CR_In_Oriya.bin (OK)
 5703148 tables/CR_In_Ornamental_Dingbats.bin (OK)
 5703216 tables/CR_In_Osage.bin (OK)
 5703288 tables/CR_In_Osmanya.bin (OK)
 5703372 tables/CR_In_Ottoman_Siyaq_Numbers.bin (OK)
 5703448 tables/CR_In_Pahawh_Hmong.bin (OK)
 5703524 tables/CR_In_Pau_Cin_Hau.bin (OK)
 5703596 tables/CR_In_Phags_pa.bin (OK)
 5703672 tables/CR_In_Phaistos_Disc.bin (OK)
 5703748 tables/CR_In_Phoenician.bin (OK)
 5703832 tables/CR_In_Phonetic_Extensions.bin (OK)
 5703928 tables/CR_In_Phonetic_Extensions_Supplement.bin (OK)
 5704004 tables/CR_In_Playing_Cards.bin (OK)
 5704084 tables/CR_In_Private_Use_Area.bin (OK)
 5704164 tables/CR_In_Psalter_Pahlavi.bin (OK)
 5704236 tables/CR_In_Rejang.bin (OK)
 5704320 tables/CR_In_Rumi_Numeral_Symbols.bin (OK)
 5704388 tables/CR_In_Runic.bin (OK)
 5704460 tables/CR_In_Samaritan.bin (OK)
 5704536 tables/CR_In_Saurashtra.bin (OK)
 5704608 tables/CR_In_Sharada.bin (OK)
 5704696 tables/CR_In_Shorthand_Format_Controls.bin (OK)
 5704768 tables/CR_In_Siddham.bin (OK)
 5704840 tables/CR_In_Sinhala.bin (OK)
 5704928 tables/CR_In_Sinhala_Archaic_Numbers.bin (OK)
 5705012 tables/CR_In_Small_Form_Variants.bin (OK)
 5705096 tables/CR_In_Small_Kana_Extension.bin (OK)
 5705168 tables/CR_In_Sogdian.bin (OK)
 5705244 tables/CR_In_Sora_Sompeng.bin (OK)
 5705316 tables/CR_In_Soyombo.bin (OK)
 5705404 tables/CR_In_Spacing_Modifier_Letters.bin (OK)
 5705476 tables/CR_In_Specials.bin (OK)
 5705548 tables/CR_In_Sundanese.bin (OK)
 5705632 tables/CR_In_Sundanese_Supplement.bin (OK)
 5705724 tables/CR_In_Superscripts_and_Subscripts.bin (OK)
 5705808 tables/CR_In_Supplemental_Arrows_A.bin (OK)
 5705892 tables/CR_In_Supplemental_Arrows_B.bin (OK)
 5705976 tables/CR_In_Supplemental_Arrows_C.bin (OK)
 5706076 tables/CR_In_Supplemental_Mathematical_Operators.bin (OK)
 5706164 tables/CR_In_Supplemental_Punctuation.bin (OK)
 5706264 tables/CR_In_Supplemental_Symbols_and_Pictographs.bin (OK)
 5706360 tables/CR_In_Supplementary_Private_Use_Area_A.bin (OK)
 5706456 tables/CR_In_Supplementary_Private_Use_Area_B.bin (OK)
 5706540 tables/CR_In_Sutton_SignWriting.bin (OK)
 5706616 tables/CR_In_Syloti_Nagri.bin (OK)
 5706716 tables/CR_In_Symbols_and_Pictographs_Extended_A.bin (OK)
 5706788 tables/CR_In_Syriac.bin (OK)
 5706868 tables/CR_In_Syriac_Supplement.bin (OK)
 5706940 tables/CR_In_Tagalog.bin (OK)
 5707012 tables/CR_In_Tagbanwa.bin (OK)
 5707080 tables/CR_In_Tags.bin (OK)
 5707152 tables/CR_In_Tai_Le.bin (OK)
 5707224 tables/CR_In_Tai_Tham.bin (OK)
 5707296 tables/CR_In_Tai_Viet.bin (OK)
 5707380 tables/CR_In_Tai_Xuan_Jing_Symbols.bin (OK)
 5707448 tables/CR_In_Takri.bin (OK)
 5707516 tables/CR_In_Tamil.bin (OK)
 5707596 tables/CR_In_Tamil_Supplement.bin (OK)
 5707668 tables/CR_In_Tangut.bin (OK)
 5707748 tables/CR_In_Tangut_Components.bin (OK)
 5707820 tables/CR_In_Telugu.bin (OK)
 5707892 tables/CR_In_Thaana.bin (OK)
 5707960 tables/CR_In_Thai.bin (OK)
 5708032 tables/CR_In_Tibetan.bin (OK)
 5708104 tables/CR_In_Tifinagh.bin (OK)
 5708176 tables/CR_In_Tirhuta.bin (OK)
 5708264 tables/CR_In_Transport_and_Map_Symbols.bin (OK)
 5708336 tables/CR_In_Ugaritic.bin (OK)
 5708436 tables/CR_In_Unified_Canadian_Aboriginal_Syllabics.bin (OK)
 5708548 tables/CR_In_Unified_Canadian_Aboriginal_Syllabics_Extended.bin (OK)
 5708616 tables/CR_In_Vai.bin (OK)
 5708700 tables/CR_In_Variation_Selectors.bin (OK)
 5708796 tables/CR_In_Variation_Selectors_Supplement.bin (OK)
 5708876 tables/CR_In_Vedic_Extensions.bin (OK)
 5708956 tables/CR_In_Vertical_Forms.bin (OK)
 5709028 tables/CR_In_Wancho.bin (OK)
 5709104 tables/CR_In_Warang_Citi.bin (OK)
 5709180 tables/CR_In_Yi_Radicals.bin (OK)
 5709256 tables/CR_In_Yi_Syllables.bin (OK)
 5709344 tables/CR_In_Yijing_Hexagram_Symbols.bin (OK)
 5709424 tables/CR_In_Zanabazar_Square.bin (OK)
 5709493 tables/CR_Inherited.bin (OK - compressed)
 5709719 tables/CR_Inscriptional_Pahlavi.bin (OK - compressed)
 5709822 tables/CR_Inscriptional_Parthian.bin (OK - compressed)
 5709911 tables/CR_Javanese.bin (OK - compressed)
 5710012 tables/CR_Join_Control.bin (OK)
 5710078 tables/CR_Kaithi.bin (OK - compressed)
 5710165 tables/CR_Kannada.bin (OK - compressed)
 5710302 tables/CR_Katakana.bin (OK - compressed)
 5710433 tables/CR_Kayah_Li.bin (OK - compressed)
 5710524 tables/CR_Kharoshthi.bin (OK - compressed)
 5710636 tables/CR_Khmer.bin (OK - compressed)
 5710736 tables/CR_Khojki.bin (OK - compressed)
 5710826 tables/CR_Khudawadi.bin (OK - compressed)
 5710909 tables/CR_L.bin (OK - compressed)
 5713502 tables/CR_LC.bin (OK - compressed)
 5714086 tables/CR_Lao.bin (OK - compressed)
 5714211 tables/CR_Latin.bin (OK - compressed)
 5714431 tables/CR_Lepcha.bin (OK - compressed)
 5714522 tables/CR_Limbu.bin (OK - compressed)
 5714624 tables/CR_Linear_A.bin (OK - compressed)
 5714720 tables/CR_Linear_B.bin (OK - compressed)
 5714832 tables/CR_Lisu.bin (OK)
 5714894 tables/CR_Ll.bin (OK - compressed)
 5716302 tables/CR_Lm.bin (OK - compressed)
 5716601 tables/CR_Lo.bin (OK - compressed)
 5718632 tables/CR_Logical_Order_Exception.bin (OK - compressed)
 5718742 tables/CR_Lower.bin (OK - compressed)
 5720178 tables/CR_Lt.bin (OK - compressed)
 5720288 tables/CR_Lu.bin (OK - compressed)
 5721632 tables/CR_Lycian.bin (OK)
 5721698 tables/CR_Lydian.bin (OK - compressed)
 5721779 tables/CR_M.bin (OK - compressed)
 5722972 tables/CR_Mahajani.bin (OK)
 5723040 tables/CR_Makasar.bin (OK)
 5723109 tables/CR_Malayalam.bin (OK - compressed)
 5723224 tables/CR_Mandaic.bin (OK - compressed)
 5723314 tables/CR_Manichaean.bin (OK - compressed)
 5723403 tables/CR_Marchen.bin (OK - compressed)
 5723503 tables/CR_Masaram_Gondi.bin (OK - compressed)
 5723611 tables/CR_Math.bin (OK - compressed)
 5724130 tables/CR_Mc.bin (OK - compressed)
 5724786 tables/CR_Me.bin (OK - compressed)
 5724896 tables/CR_Medefaidrin.bin (OK)
 5724968 tables/CR_Meetei_Mayek.bin (OK - compressed)
 5725070 tables/CR_Mende_Kikakui.bin (OK - compressed)
 5725168 tables/CR_Meroitic_Cursive.bin (OK - compressed)
 5725276 tables/CR_Meroitic_Hieroglyphs.bin (OK)
 5725340 tables/CR_Miao.bin (OK - compressed)
 5725428 tables/CR_Mn.bin (OK - compressed)
 5726661 tables/CR_Modi.bin (OK - compressed)
 5726751 tables/CR_Mongolian.bin (OK - compressed)
 5726859 tables/CR_Mro.bin (OK - compressed)
 5726952 tables/CR_Multani.bin (OK - compressed)
 5727053 tables/CR_Myanmar.bin (OK - compressed)
 5727144 tables/CR_N.bin (OK - compressed)
 5727812 tables/CR_NEWLINE.bin (OK - compressed)
 5727895 tables/CR_Nabataean.bin (OK - compressed)
 5727988 tables/CR_Nandinagari.bin (OK - compressed)
 5728086 tables/CR_New_Tai_Lue.bin (OK - compressed)
 5728182 tables/CR_Newa.bin (OK - compressed)
 5728269 tables/CR_Nko.bin (OK - compressed)
 5728353 tables/CR_Nl.bin (OK - compressed)
 5728489 tables/CR_No.bin (OK - compressed)
 5728894 tables/CR_Noncharacter_Code_Point.bin (OK - compressed)
 5729031 tables/CR_Nushu.bin (OK - compressed)
 5729135 tables/CR_Nyiakeng_Puachue_Hmong.bin (OK - compressed)
 5729232 tables/CR_Ogham.bin (OK)
 5729300 tables/CR_Ol_Chiki.bin (OK)
 5729373 tables/CR_Old_Hungarian.bin (OK - compressed)
 5729470 tables/CR_Old_Italic.bin (OK - compressed)
 5729568 tables/CR_Old_North_Arabian.bin (OK)
 5729640 tables/CR_Old_Permic.bin (OK)
 5729711 tables/CR_Old_Persian.bin (OK - compressed)
 5729804 tables/CR_Old_Sogdian.bin (OK)
 5729884 tables/CR_Old_South_Arabian.bin (OK)
 5729956 tables/CR_Old_Turkic.bin (OK)
 5730021 tables/CR_Oriya.bin (OK - compressed)
 5730156 tables/CR_Osage.bin (OK - compressed)
 5730245 tables/CR_Osmanya.bin (OK - compressed)
 5730343 tables/CR_Other_Alphabetic.bin (OK - compressed)
 5731316 tables/CR_Other_Default_Ignorable_Code_Point.bin (OK - compressed)
 5731461 tables/CR_Other_Grapheme_Extend.bin (OK - compressed)
 5731634 tables/CR_Other_ID_Continue.bin (OK - compressed)
 5731735 tables/CR_Other_ID_Start.bin (OK - compressed)
 5731839 tables/CR_Other_Lowercase.bin (OK - compressed)
 5732012 tables/CR_Other_Math.bin (OK - compressed)
 5732548 tables/CR_Other_Uppercase.bin (OK - compressed)
 5732660 tables/CR_Pahawh_Hmong.bin (OK - compressed)
 5732768 tables/CR_Palmyrene.bin (OK)
 5732842 tables/CR_Pattern_Syntax.bin (OK - compressed)
 5733052 tables/CR_Pattern_White_Space.bin (OK - compressed)
 5733156 tables/CR_Pau_Cin_Hau.bin (OK)
 5733218 tables/CR_Pc.bin (OK - compressed)
 5733317 tables/CR_Pd.bin (OK - compressed)
 5733448 tables/CR_Pe.bin (OK - compressed)
 5733674 tables/CR_Pf.bin (OK - compressed)
 5733780 tables/CR_Phags_Pa.bin (OK)
 5733850 tables/CR_Phoenician.bin (OK - compressed)
 5733932 tables/CR_Pi.bin (OK - compressed)
 5734037 tables/CR_Po.bin (OK - compressed)
 5734795 tables/CR_Prepended_Concatenation_Mark.bin (OK - compressed)
 5734893 tables/CR_Print.bin (OK - compressed)
 5737911 tables/CR_Ps.bin (OK - compressed)
 5738151 tables/CR_Psalter_Pahlavi.bin (OK - compressed)
 5738243 tables/CR_Punct.bin (OK - compressed)
 5739011 tables/CR_Quotation_Mark.bin (OK - compressed)
 5739141 tables/CR_Radical.bin (OK - compressed)
 5739248 tables/CR_Regional_Indicator.bin (OK)
 5739314 tables/CR_Rejang.bin (OK - compressed)
 5739399 tables/CR_Runic.bin (OK - compressed)
 5739482 tables/CR_S.bin (OK - compressed)
 5740398 tables/CR_Samaritan.bin (OK - compressed)
 5740489 tables/CR_Saurashtra.bin (OK - compressed)
 5740573 tables/CR_Sc.bin (OK - compressed)
 5740751 tables/CR_Sentence_Terminal.bin (OK - compressed)
 5741125 tables/CR_Sharada.bin (OK - compressed)
 5741216 tables/CR_Shavian.bin (OK)
 5741283 tables/CR_Siddham.bin (OK - compressed)
 5741376 tables/CR_SignWriting.bin (OK - compressed)
 5741471 tables/CR_Sinhala.bin (OK - compressed)
 5741603 tables/CR_Sk.bin (OK - compressed)
 5741792 tables/CR_Sm.bin (OK - compressed)
 5742083 tables/CR_So.bin (OK - compressed)
 5742870 tables/CR_Soft_Dotted.bin (OK - compressed)
 5743064 tables/CR_Sogdian.bin (OK)
 5743136 tables/CR_Sora_Sompeng.bin (OK - compressed)
 5743228 tables/CR_Soyombo.bin (OK)
 5743293 tables/CR_Space.bin (OK - compressed)
 5743408 tables/CR_Sundanese.bin (OK - compressed)
 5743504 tables/CR_Syloti_Nagri.bin (OK)
 5743570 tables/CR_Syriac.bin (OK - compressed)
 5743670 tables/CR_Tagalog.bin (OK - compressed)
 5743759 tables/CR_Tagbanwa.bin (OK - compressed)
 5743851 tables/CR_Tai_Le.bin (OK - compressed)
 5743940 tables/CR_Tai_Tham.bin (OK - compressed)
 5744045 tables/CR_Tai_Viet.bin (OK - compressed)
 5744132 tables/CR_Takri.bin (OK - compressed)
 5744219 tables/CR_Tamil.bin (OK - compressed)
 5744371 tables/CR_Tangut.bin (OK - compressed)
 5744465 tables/CR_Telugu.bin (OK - compressed)
 5744608 tables/CR_Terminal_Punctuation.bin (OK - compressed)
 5745088 tables/CR_Thaana.bin (OK)
 5745152 tables/CR_Thai.bin (OK - compressed)
 5745240 tables/CR_Tibetan.bin (OK - compressed)
 5745352 tables/CR_Tifinagh.bin (OK - compressed)
 5745444 tables/CR_Tirhuta.bin (OK - compressed)
 5745534 tables/CR_Ugaritic.bin (OK - compressed)
 5745631 tables/CR_Unified_Ideograph.bin (OK - compressed)
 5745783 tables/CR_Unknown.bin (OK - compressed)
 5748325 tables/CR_Upper.bin (OK - compressed)
 5749692 tables/CR_Vai.bin (OK)
 5749770 tables/CR_Variation_Selector.bin (OK - compressed)
 5749866 tables/CR_Wancho.bin (OK - compressed)
 5749958 tables/CR_Warang_Citi.bin (OK - compressed)
 5750043 tables/CR_Word.bin (OK - compressed)
 5753197 tables/CR_XDigit.bin (OK - compressed)
 5753294 tables/CR_XID_Continue.bin (OK - compressed)
 5756447 tables/CR_XID_Start.bin (OK - compressed)
 5759065 tables/CR_XPosixPunct.bin (OK - compressed)
 5759807 tables/CR_Yi.bin (OK - compressed)
 5759890 tables/CR_Z.bin (OK - compressed)
 5760004 tables/CR_Zanabazar_Square.bin (OK)
 5760066 tables/CR_Zl.bin (OK - compressed)
 5760143 tables/CR_Zp.bin (OK - compressed)
 5760220 tables/CR_Zs.bin (OK - compressed)
 5760318 tables/CaseFold.bin (OK - compressed)
 5768037 tables/CaseMappingSpecials.bin (OK - compressed)
 5768742 tables/CaseUnfold_11.bin (OK - compressed)
 5775505 tables/CaseUnfold_11_Locale.bin (OK - compressed)
 5775590 tables/CaseUnfold_12.bin (OK - compressed)
 5776075 tables/CaseUnfold_12_Locale.bin (OK - compressed)
 5776163 tables/CaseUnfold_13.bin (OK - compressed)
 5776358 tables/Transcoder_Big5_ByteArray.bin (OK - compressed)
 5810149 tables/Transcoder_Big5_WordArray.bin (OK - compressed)
 6039578 tables/Transcoder_Chinese_ByteArray.bin (OK - compressed)
 6051931 tables/Transcoder_Chinese_WordArray.bin (OK - compressed)
 6119024 tables/Transcoder_Ebcdic_ByteArray.bin (OK)
 6119354 tables/Transcoder_Ebcdic_WordArray.bin (OK - compressed)
 6120255 tables/Transcoder_EmojiIso2022Kddi_ByteArray.bin (OK - compressed)
 6127443 tables/Transcoder_EmojiIso2022Kddi_WordArray.bin (OK - compressed)
 6166604 tables/Transcoder_EmojiSjisDocomo_ByteArray.bin (OK - compressed)
 6173903 tables/Transcoder_EmojiSjisDocomo_WordArray.bin (OK - compressed)
 6216182 tables/Transcoder_EmojiSjisKddi_ByteArray.bin (OK - compressed)
 6223506 tables/Transcoder_EmojiSjisKddi_WordArray.bin (OK - compressed)
 6266131 tables/Transcoder_EmojiSjisSoftbank_ByteArray.bin (OK - compressed)
 6273432 tables/Transcoder_EmojiSjisSoftbank_WordArray.bin (OK - compressed)
 6314874 tables/Transcoder_Emoji_ByteArray.bin (OK - compressed)
 6318582 tables/Transcoder_Emoji_WordArray.bin (OK - compressed)
 6328916 tables/Transcoder_Escape_ByteArray.bin (OK - compressed)
 6329067 tables/Transcoder_Escape_WordArray.bin (OK - compressed)
 6329200 tables/Transcoder_Gb18030_ByteArray.bin (OK - compressed)
 6340250 tables/Transcoder_Gb18030_WordArray.bin (OK - compressed)
 6406659 tables/Transcoder_Gbk_ByteArray.bin (OK - compressed)
 6407653 tables/Transcoder_Gbk_WordArray.bin (OK - compressed)
 6491842 tables/Transcoder_Iso2022_ByteArray.bin (OK - compressed)
 6492029 tables/Transcoder_Iso2022_WordArray.bin (OK - compressed)
 6492240 tables/Transcoder_JapaneseEuc_ByteArray.bin (OK - compressed)
 6517078 tables/Transcoder_JapaneseEuc_WordArray.bin (OK - compressed)
 6646960 tables/Transcoder_JapaneseSjis_ByteArray.bin (OK - compressed)
 6656885 tables/Transcoder_JapaneseSjis_WordArray.bin (OK - compressed)
 6704286 tables/Transcoder_Japanese_ByteArray.bin (OK - compressed)
 6704429 tables/Transcoder_Japanese_WordArray.bin (OK - compressed)
 6704583 tables/Transcoder_Korean_ByteArray.bin (OK - compressed)
 6713014 tables/Transcoder_Korean_WordArray.bin (OK - compressed)
 6804880 tables/Transcoder_Newline_ByteArray.bin (OK - compressed)
 6804985 tables/Transcoder_Newline_WordArray.bin (OK - compressed)
 6805103 tables/Transcoder_SingleByte_ByteArray.bin (OK - compressed)
 6808199 tables/Transcoder_SingleByte_WordArray.bin (OK - compressed)
 6820037 tables/Transcoder_Utf1632_ByteArray.bin (OK - compressed)
 6820214 tables/Transcoder_Utf1632_WordArray.bin (OK - compressed)
 6820505 tables/Transcoder_Utf8Mac_ByteArray.bin (OK - compressed)
 6848501 tables/Transcoder_Utf8Mac_WordArray.bin (OK - compressed)
Verification succesful

[[COMMAND]]: rm -f ./obj/_android/.tmp

