                              1 ;--------------------------------------------------------
                              2 ; File Created by SDCC : free open source ANSI-C Compiler
                              3 ; Version 3.6.8 #9946 (Linux)
                              4 ;--------------------------------------------------------
                              5 	.module BigFire
                              6 	.optsdcc -mz80
                              7 	
                              8 ;--------------------------------------------------------
                              9 ; Public variables in this module
                             10 ;--------------------------------------------------------
                             11 	.globl _bigfire_sp_2
                             12 	.globl _bigfire_sp_1
                             13 	.globl _bigfire_sp_0
                             14 ;--------------------------------------------------------
                             15 ; special function registers
                             16 ;--------------------------------------------------------
                             17 ;--------------------------------------------------------
                             18 ; ram data
                             19 ;--------------------------------------------------------
                             20 	.area _DATA
                             21 ;--------------------------------------------------------
                             22 ; ram data
                             23 ;--------------------------------------------------------
                             24 	.area _INITIALIZED
                             25 ;--------------------------------------------------------
                             26 ; absolute external ram data
                             27 ;--------------------------------------------------------
                             28 	.area _DABS (ABS)
                             29 ;--------------------------------------------------------
                             30 ; global & static initialisations
                             31 ;--------------------------------------------------------
                             32 	.area _HOME
                             33 	.area _GSINIT
                             34 	.area _GSFINAL
                             35 	.area _GSINIT
                             36 ;--------------------------------------------------------
                             37 ; Home
                             38 ;--------------------------------------------------------
                             39 	.area _HOME
                             40 	.area _HOME
                             41 ;--------------------------------------------------------
                             42 ; code
                             43 ;--------------------------------------------------------
                             44 	.area _CODE
                             45 	.area _CODE
   0000                      46 _bigfire_sp_0:
   0000 00                   47 	.db #0x00	; 0
   0001 00                   48 	.db #0x00	; 0
   0002 00                   49 	.db #0x00	; 0
   0003 00                   50 	.db #0x00	; 0
   0004 30                   51 	.db #0x30	; 48	'0'
   0005 20                   52 	.db #0x20	; 32
   0006 00                   53 	.db #0x00	; 0
   0007 74                   54 	.db #0x74	; 116	't'
   0008 00                   55 	.db #0x00	; 0
   0009 00                   56 	.db #0x00	; 0
   000A 00                   57 	.db #0x00	; 0
   000B 30                   58 	.db #0x30	; 48	'0'
   000C 0F                   59 	.db #0x0f	; 15
   000D 1A                   60 	.db #0x1a	; 26
   000E 30                   61 	.db #0x30	; 48	'0'
   000F 74                   62 	.db #0x74	; 116	't'
   0010 00                   63 	.db #0x00	; 0
   0011 00                   64 	.db #0x00	; 0
   0012 30                   65 	.db #0x30	; 48	'0'
   0013 0F                   66 	.db #0x0f	; 15
   0014 0F                   67 	.db #0x0f	; 15
   0015 0F                   68 	.db #0x0f	; 15
   0016 1A                   69 	.db #0x1a	; 26
   0017 74                   70 	.db #0x74	; 116	't'
   0018 00                   71 	.db #0x00	; 0
   0019 10                   72 	.db #0x10	; 16
   001A 0F                   73 	.db #0x0f	; 15
   001B 0F                   74 	.db #0x0f	; 15
   001C 0F                   75 	.db #0x0f	; 15
   001D 5B                   76 	.db #0x5b	; 91
   001E 0F                   77 	.db #0x0f	; 15
   001F 74                   78 	.db #0x74	; 116	't'
   0020 00                   79 	.db #0x00	; 0
   0021 25                   80 	.db #0x25	; 37
   0022 0F                   81 	.db #0x0f	; 15
   0023 0F                   82 	.db #0x0f	; 15
   0024 5B                   83 	.db #0x5b	; 91
   0025 F3                   84 	.db #0xf3	; 243
   0026 A7                   85 	.db #0xa7	; 167
   0027 5E                   86 	.db #0x5e	; 94
   0028 10                   87 	.db #0x10	; 16
   0029 0F                   88 	.db #0x0f	; 15
   002A 0F                   89 	.db #0x0f	; 15
   002B 5B                   90 	.db #0x5b	; 91
   002C F3                   91 	.db #0xf3	; 243
   002D F3                   92 	.db #0xf3	; 243
   002E F3                   93 	.db #0xf3	; 243
   002F 5E                   94 	.db #0x5e	; 94
   0030 25                   95 	.db #0x25	; 37
   0031 0F                   96 	.db #0x0f	; 15
   0032 5B                   97 	.db #0x5b	; 91
   0033 F3                   98 	.db #0xf3	; 243
   0034 F3                   99 	.db #0xf3	; 243
   0035 F3                  100 	.db #0xf3	; 243
   0036 F3                  101 	.db #0xf3	; 243
   0037 5E                  102 	.db #0x5e	; 94
   0038 10                  103 	.db #0x10	; 16
   0039 25                  104 	.db #0x25	; 37
   003A 0F                  105 	.db #0x0f	; 15
   003B 0F                  106 	.db #0x0f	; 15
   003C 5B                  107 	.db #0x5b	; 91
   003D F3                  108 	.db #0xf3	; 243
   003E A7                  109 	.db #0xa7	; 167
   003F 5E                  110 	.db #0x5e	; 94
   0040 00                  111 	.db #0x00	; 0
   0041 10                  112 	.db #0x10	; 16
   0042 0F                  113 	.db #0x0f	; 15
   0043 0F                  114 	.db #0x0f	; 15
   0044 0F                  115 	.db #0x0f	; 15
   0045 5B                  116 	.db #0x5b	; 91
   0046 0F                  117 	.db #0x0f	; 15
   0047 74                  118 	.db #0x74	; 116	't'
   0048 00                  119 	.db #0x00	; 0
   0049 00                  120 	.db #0x00	; 0
   004A 30                  121 	.db #0x30	; 48	'0'
   004B 0F                  122 	.db #0x0f	; 15
   004C 0F                  123 	.db #0x0f	; 15
   004D 0F                  124 	.db #0x0f	; 15
   004E 1A                  125 	.db #0x1a	; 26
   004F 74                  126 	.db #0x74	; 116	't'
   0050 00                  127 	.db #0x00	; 0
   0051 00                  128 	.db #0x00	; 0
   0052 00                  129 	.db #0x00	; 0
   0053 30                  130 	.db #0x30	; 48	'0'
   0054 0F                  131 	.db #0x0f	; 15
   0055 1A                  132 	.db #0x1a	; 26
   0056 30                  133 	.db #0x30	; 48	'0'
   0057 74                  134 	.db #0x74	; 116	't'
   0058 00                  135 	.db #0x00	; 0
   0059 00                  136 	.db #0x00	; 0
   005A 00                  137 	.db #0x00	; 0
   005B 00                  138 	.db #0x00	; 0
   005C 30                  139 	.db #0x30	; 48	'0'
   005D 20                  140 	.db #0x20	; 32
   005E 00                  141 	.db #0x00	; 0
   005F 74                  142 	.db #0x74	; 116	't'
   0060 00                  143 	.db #0x00	; 0
   0061 00                  144 	.db #0x00	; 0
   0062 00                  145 	.db #0x00	; 0
   0063 00                  146 	.db #0x00	; 0
   0064 00                  147 	.db #0x00	; 0
   0065 00                  148 	.db #0x00	; 0
   0066 10                  149 	.db #0x10	; 16
   0067 74                  150 	.db #0x74	; 116	't'
   0068 00                  151 	.db #0x00	; 0
   0069 00                  152 	.db #0x00	; 0
   006A 00                  153 	.db #0x00	; 0
   006B 00                  154 	.db #0x00	; 0
   006C 00                  155 	.db #0x00	; 0
   006D 00                  156 	.db #0x00	; 0
   006E 30                  157 	.db #0x30	; 48	'0'
   006F F6                  158 	.db #0xf6	; 246
   0070 00                  159 	.db #0x00	; 0
   0071 00                  160 	.db #0x00	; 0
   0072 00                  161 	.db #0x00	; 0
   0073 00                  162 	.db #0x00	; 0
   0074 00                  163 	.db #0x00	; 0
   0075 00                  164 	.db #0x00	; 0
   0076 10                  165 	.db #0x10	; 16
   0077 74                  166 	.db #0x74	; 116	't'
   0078 00                  167 	.db #0x00	; 0
   0079 00                  168 	.db #0x00	; 0
   007A 00                  169 	.db #0x00	; 0
   007B 00                  170 	.db #0x00	; 0
   007C 00                  171 	.db #0x00	; 0
   007D 00                  172 	.db #0x00	; 0
   007E 00                  173 	.db #0x00	; 0
   007F 54                  174 	.db #0x54	; 84	'T'
   0080 00                  175 	.db #0x00	; 0
   0081 00                  176 	.db #0x00	; 0
   0082 00                  177 	.db #0x00	; 0
   0083 00                  178 	.db #0x00	; 0
   0084 30                  179 	.db #0x30	; 48	'0'
   0085 20                  180 	.db #0x20	; 32
   0086 00                  181 	.db #0x00	; 0
   0087 54                  182 	.db #0x54	; 84	'T'
   0088 00                  183 	.db #0x00	; 0
   0089 00                  184 	.db #0x00	; 0
   008A 20                  185 	.db #0x20	; 32
   008B 30                  186 	.db #0x30	; 48	'0'
   008C 0F                  187 	.db #0x0f	; 15
   008D 1A                  188 	.db #0x1a	; 26
   008E 20                  189 	.db #0x20	; 32
   008F 74                  190 	.db #0x74	; 116	't'
   0090 30                  191 	.db #0x30	; 48	'0'
   0091 10                  192 	.db #0x10	; 16
   0092 30                  193 	.db #0x30	; 48	'0'
   0093 0F                  194 	.db #0x0f	; 15
   0094 0F                  195 	.db #0x0f	; 15
   0095 0F                  196 	.db #0x0f	; 15
   0096 1A                  197 	.db #0x1a	; 26
   0097 74                  198 	.db #0x74	; 116	't'
   0098 1A                  199 	.db #0x1a	; 26
   0099 30                  200 	.db #0x30	; 48	'0'
   009A 0F                  201 	.db #0x0f	; 15
   009B 0F                  202 	.db #0x0f	; 15
   009C 0F                  203 	.db #0x0f	; 15
   009D 5B                  204 	.db #0x5b	; 91
   009E 0F                  205 	.db #0x0f	; 15
   009F 74                  206 	.db #0x74	; 116	't'
   00A0 0F                  207 	.db #0x0f	; 15
   00A1 0F                  208 	.db #0x0f	; 15
   00A2 0F                  209 	.db #0x0f	; 15
   00A3 0F                  210 	.db #0x0f	; 15
   00A4 5B                  211 	.db #0x5b	; 91
   00A5 F3                  212 	.db #0xf3	; 243
   00A6 A7                  213 	.db #0xa7	; 167
   00A7 5E                  214 	.db #0x5e	; 94
   00A8 0F                  215 	.db #0x0f	; 15
   00A9 0F                  216 	.db #0x0f	; 15
   00AA 0F                  217 	.db #0x0f	; 15
   00AB 5B                  218 	.db #0x5b	; 91
   00AC F3                  219 	.db #0xf3	; 243
   00AD F3                  220 	.db #0xf3	; 243
   00AE F3                  221 	.db #0xf3	; 243
   00AF 5E                  222 	.db #0x5e	; 94
   00B0 25                  223 	.db #0x25	; 37
   00B1 0F                  224 	.db #0x0f	; 15
   00B2 5B                  225 	.db #0x5b	; 91
   00B3 F3                  226 	.db #0xf3	; 243
   00B4 F3                  227 	.db #0xf3	; 243
   00B5 F3                  228 	.db #0xf3	; 243
   00B6 F3                  229 	.db #0xf3	; 243
   00B7 5E                  230 	.db #0x5e	; 94
   00B8 30                  231 	.db #0x30	; 48	'0'
   00B9 25                  232 	.db #0x25	; 37
   00BA 0F                  233 	.db #0x0f	; 15
   00BB 0F                  234 	.db #0x0f	; 15
   00BC 5B                  235 	.db #0x5b	; 91
   00BD F3                  236 	.db #0xf3	; 243
   00BE A7                  237 	.db #0xa7	; 167
   00BF 5E                  238 	.db #0x5e	; 94
   00C0 00                  239 	.db #0x00	; 0
   00C1 10                  240 	.db #0x10	; 16
   00C2 0F                  241 	.db #0x0f	; 15
   00C3 0F                  242 	.db #0x0f	; 15
   00C4 0F                  243 	.db #0x0f	; 15
   00C5 5B                  244 	.db #0x5b	; 91
   00C6 0F                  245 	.db #0x0f	; 15
   00C7 74                  246 	.db #0x74	; 116	't'
   00C8 00                  247 	.db #0x00	; 0
   00C9 00                  248 	.db #0x00	; 0
   00CA 30                  249 	.db #0x30	; 48	'0'
   00CB 0F                  250 	.db #0x0f	; 15
   00CC 0F                  251 	.db #0x0f	; 15
   00CD 0F                  252 	.db #0x0f	; 15
   00CE 1A                  253 	.db #0x1a	; 26
   00CF 74                  254 	.db #0x74	; 116	't'
   00D0 00                  255 	.db #0x00	; 0
   00D1 00                  256 	.db #0x00	; 0
   00D2 00                  257 	.db #0x00	; 0
   00D3 30                  258 	.db #0x30	; 48	'0'
   00D4 0F                  259 	.db #0x0f	; 15
   00D5 1A                  260 	.db #0x1a	; 26
   00D6 30                  261 	.db #0x30	; 48	'0'
   00D7 74                  262 	.db #0x74	; 116	't'
   00D8 00                  263 	.db #0x00	; 0
   00D9 00                  264 	.db #0x00	; 0
   00DA 00                  265 	.db #0x00	; 0
   00DB 00                  266 	.db #0x00	; 0
   00DC 30                  267 	.db #0x30	; 48	'0'
   00DD 20                  268 	.db #0x20	; 32
   00DE 00                  269 	.db #0x00	; 0
   00DF 54                  270 	.db #0x54	; 84	'T'
   00E0 00                  271 	.db #0x00	; 0
   00E1 00                  272 	.db #0x00	; 0
   00E2 00                  273 	.db #0x00	; 0
   00E3 00                  274 	.db #0x00	; 0
   00E4 00                  275 	.db #0x00	; 0
   00E5 00                  276 	.db #0x00	; 0
   00E6 10                  277 	.db #0x10	; 16
   00E7 74                  278 	.db #0x74	; 116	't'
   00E8 00                  279 	.db #0x00	; 0
   00E9 00                  280 	.db #0x00	; 0
   00EA 00                  281 	.db #0x00	; 0
   00EB 00                  282 	.db #0x00	; 0
   00EC 00                  283 	.db #0x00	; 0
   00ED 00                  284 	.db #0x00	; 0
   00EE 30                  285 	.db #0x30	; 48	'0'
   00EF F6                  286 	.db #0xf6	; 246
   00F0 00                  287 	.db #0x00	; 0
   00F1 00                  288 	.db #0x00	; 0
   00F2 00                  289 	.db #0x00	; 0
   00F3 00                  290 	.db #0x00	; 0
   00F4 00                  291 	.db #0x00	; 0
   00F5 00                  292 	.db #0x00	; 0
   00F6 10                  293 	.db #0x10	; 16
   00F7 74                  294 	.db #0x74	; 116	't'
   00F8 00                  295 	.db #0x00	; 0
   00F9 00                  296 	.db #0x00	; 0
   00FA 00                  297 	.db #0x00	; 0
   00FB 00                  298 	.db #0x00	; 0
   00FC 00                  299 	.db #0x00	; 0
   00FD 00                  300 	.db #0x00	; 0
   00FE 00                  301 	.db #0x00	; 0
   00FF 54                  302 	.db #0x54	; 84	'T'
   0100 00                  303 	.db #0x00	; 0
   0101 00                  304 	.db #0x00	; 0
   0102 00                  305 	.db #0x00	; 0
   0103 00                  306 	.db #0x00	; 0
   0104 30                  307 	.db #0x30	; 48	'0'
   0105 20                  308 	.db #0x20	; 32
   0106 00                  309 	.db #0x00	; 0
   0107 54                  310 	.db #0x54	; 84	'T'
   0108 00                  311 	.db #0x00	; 0
   0109 00                  312 	.db #0x00	; 0
   010A 00                  313 	.db #0x00	; 0
   010B 30                  314 	.db #0x30	; 48	'0'
   010C 0F                  315 	.db #0x0f	; 15
   010D 1A                  316 	.db #0x1a	; 26
   010E 20                  317 	.db #0x20	; 32
   010F 54                  318 	.db #0x54	; 84	'T'
   0110 10                  319 	.db #0x10	; 16
   0111 30                  320 	.db #0x30	; 48	'0'
   0112 30                  321 	.db #0x30	; 48	'0'
   0113 0F                  322 	.db #0x0f	; 15
   0114 0F                  323 	.db #0x0f	; 15
   0115 0F                  324 	.db #0x0f	; 15
   0116 1A                  325 	.db #0x1a	; 26
   0117 54                  326 	.db #0x54	; 84	'T'
   0118 30                  327 	.db #0x30	; 48	'0'
   0119 0F                  328 	.db #0x0f	; 15
   011A 0F                  329 	.db #0x0f	; 15
   011B 0F                  330 	.db #0x0f	; 15
   011C 0F                  331 	.db #0x0f	; 15
   011D 5B                  332 	.db #0x5b	; 91
   011E 0F                  333 	.db #0x0f	; 15
   011F 74                  334 	.db #0x74	; 116	't'
   0120 25                  335 	.db #0x25	; 37
   0121 0F                  336 	.db #0x0f	; 15
   0122 0F                  337 	.db #0x0f	; 15
   0123 0F                  338 	.db #0x0f	; 15
   0124 5B                  339 	.db #0x5b	; 91
   0125 F3                  340 	.db #0xf3	; 243
   0126 A7                  341 	.db #0xa7	; 167
   0127 5E                  342 	.db #0x5e	; 94
   0128 0F                  343 	.db #0x0f	; 15
   0129 0F                  344 	.db #0x0f	; 15
   012A 0F                  345 	.db #0x0f	; 15
   012B 5B                  346 	.db #0x5b	; 91
   012C F3                  347 	.db #0xf3	; 243
   012D F3                  348 	.db #0xf3	; 243
   012E F3                  349 	.db #0xf3	; 243
   012F 5E                  350 	.db #0x5e	; 94
   0130 0F                  351 	.db #0x0f	; 15
   0131 0F                  352 	.db #0x0f	; 15
   0132 5B                  353 	.db #0x5b	; 91
   0133 F3                  354 	.db #0xf3	; 243
   0134 F3                  355 	.db #0xf3	; 243
   0135 F3                  356 	.db #0xf3	; 243
   0136 F3                  357 	.db #0xf3	; 243
   0137 5E                  358 	.db #0x5e	; 94
   0138 30                  359 	.db #0x30	; 48	'0'
   0139 25                  360 	.db #0x25	; 37
   013A 0F                  361 	.db #0x0f	; 15
   013B 0F                  362 	.db #0x0f	; 15
   013C 5B                  363 	.db #0x5b	; 91
   013D F3                  364 	.db #0xf3	; 243
   013E A7                  365 	.db #0xa7	; 167
   013F 5E                  366 	.db #0x5e	; 94
   0140 00                  367 	.db #0x00	; 0
   0141 10                  368 	.db #0x10	; 16
   0142 0F                  369 	.db #0x0f	; 15
   0143 0F                  370 	.db #0x0f	; 15
   0144 0F                  371 	.db #0x0f	; 15
   0145 5B                  372 	.db #0x5b	; 91
   0146 0F                  373 	.db #0x0f	; 15
   0147 74                  374 	.db #0x74	; 116	't'
   0148 00                  375 	.db #0x00	; 0
   0149 00                  376 	.db #0x00	; 0
   014A 30                  377 	.db #0x30	; 48	'0'
   014B 0F                  378 	.db #0x0f	; 15
   014C 0F                  379 	.db #0x0f	; 15
   014D 0F                  380 	.db #0x0f	; 15
   014E 1A                  381 	.db #0x1a	; 26
   014F 74                  382 	.db #0x74	; 116	't'
   0150 00                  383 	.db #0x00	; 0
   0151 00                  384 	.db #0x00	; 0
   0152 00                  385 	.db #0x00	; 0
   0153 30                  386 	.db #0x30	; 48	'0'
   0154 0F                  387 	.db #0x0f	; 15
   0155 1A                  388 	.db #0x1a	; 26
   0156 30                  389 	.db #0x30	; 48	'0'
   0157 74                  390 	.db #0x74	; 116	't'
   0158 00                  391 	.db #0x00	; 0
   0159 00                  392 	.db #0x00	; 0
   015A 00                  393 	.db #0x00	; 0
   015B 00                  394 	.db #0x00	; 0
   015C 30                  395 	.db #0x30	; 48	'0'
   015D 20                  396 	.db #0x20	; 32
   015E 00                  397 	.db #0x00	; 0
   015F 74                  398 	.db #0x74	; 116	't'
   0160                     399 _bigfire_sp_1:
   0160 00                  400 	.db #0x00	; 0
   0161 00                  401 	.db #0x00	; 0
   0162 00                  402 	.db #0x00	; 0
   0163 00                  403 	.db #0x00	; 0
   0164 10                  404 	.db #0x10	; 16
   0165 30                  405 	.db #0x30	; 48	'0'
   0166 00                  406 	.db #0x00	; 0
   0167 74                  407 	.db #0x74	; 116	't'
   0168 00                  408 	.db #0x00	; 0
   0169 30                  409 	.db #0x30	; 48	'0'
   016A 00                  410 	.db #0x00	; 0
   016B 00                  411 	.db #0x00	; 0
   016C 30                  412 	.db #0x30	; 48	'0'
   016D 0F                  413 	.db #0x0f	; 15
   016E 30                  414 	.db #0x30	; 48	'0'
   016F 74                  415 	.db #0x74	; 116	't'
   0170 00                  416 	.db #0x00	; 0
   0171 25                  417 	.db #0x25	; 37
   0172 30                  418 	.db #0x30	; 48	'0'
   0173 30                  419 	.db #0x30	; 48	'0'
   0174 0F                  420 	.db #0x0f	; 15
   0175 0F                  421 	.db #0x0f	; 15
   0176 1A                  422 	.db #0x1a	; 26
   0177 74                  423 	.db #0x74	; 116	't'
   0178 00                  424 	.db #0x00	; 0
   0179 25                  425 	.db #0x25	; 37
   017A 0F                  426 	.db #0x0f	; 15
   017B 0F                  427 	.db #0x0f	; 15
   017C 0F                  428 	.db #0x0f	; 15
   017D 5B                  429 	.db #0x5b	; 91
   017E A7                  430 	.db #0xa7	; 167
   017F 74                  431 	.db #0x74	; 116	't'
   0180 00                  432 	.db #0x00	; 0
   0181 25                  433 	.db #0x25	; 37
   0182 0F                  434 	.db #0x0f	; 15
   0183 0F                  435 	.db #0x0f	; 15
   0184 0F                  436 	.db #0x0f	; 15
   0185 F3                  437 	.db #0xf3	; 243
   0186 A7                  438 	.db #0xa7	; 167
   0187 5E                  439 	.db #0x5e	; 94
   0188 00                  440 	.db #0x00	; 0
   0189 10                  441 	.db #0x10	; 16
   018A 0F                  442 	.db #0x0f	; 15
   018B 0F                  443 	.db #0x0f	; 15
   018C 5B                  444 	.db #0x5b	; 91
   018D F3                  445 	.db #0xf3	; 243
   018E F3                  446 	.db #0xf3	; 243
   018F 5E                  447 	.db #0x5e	; 94
   0190 00                  448 	.db #0x00	; 0
   0191 10                  449 	.db #0x10	; 16
   0192 25                  450 	.db #0x25	; 37
   0193 5B                  451 	.db #0x5b	; 91
   0194 F3                  452 	.db #0xf3	; 243
   0195 F3                  453 	.db #0xf3	; 243
   0196 F3                  454 	.db #0xf3	; 243
   0197 5E                  455 	.db #0x5e	; 94
   0198 00                  456 	.db #0x00	; 0
   0199 00                  457 	.db #0x00	; 0
   019A 30                  458 	.db #0x30	; 48	'0'
   019B 0F                  459 	.db #0x0f	; 15
   019C 0F                  460 	.db #0x0f	; 15
   019D F3                  461 	.db #0xf3	; 243
   019E A7                  462 	.db #0xa7	; 167
   019F 5E                  463 	.db #0x5e	; 94
   01A0 00                  464 	.db #0x00	; 0
   01A1 00                  465 	.db #0x00	; 0
   01A2 10                  466 	.db #0x10	; 16
   01A3 25                  467 	.db #0x25	; 37
   01A4 0F                  468 	.db #0x0f	; 15
   01A5 5B                  469 	.db #0x5b	; 91
   01A6 A7                  470 	.db #0xa7	; 167
   01A7 74                  471 	.db #0x74	; 116	't'
   01A8 00                  472 	.db #0x00	; 0
   01A9 00                  473 	.db #0x00	; 0
   01AA 00                  474 	.db #0x00	; 0
   01AB 30                  475 	.db #0x30	; 48	'0'
   01AC 25                  476 	.db #0x25	; 37
   01AD 0F                  477 	.db #0x0f	; 15
   01AE 1A                  478 	.db #0x1a	; 26
   01AF 74                  479 	.db #0x74	; 116	't'
   01B0 00                  480 	.db #0x00	; 0
   01B1 00                  481 	.db #0x00	; 0
   01B2 00                  482 	.db #0x00	; 0
   01B3 00                  483 	.db #0x00	; 0
   01B4 30                  484 	.db #0x30	; 48	'0'
   01B5 1A                  485 	.db #0x1a	; 26
   01B6 30                  486 	.db #0x30	; 48	'0'
   01B7 74                  487 	.db #0x74	; 116	't'
   01B8 00                  488 	.db #0x00	; 0
   01B9 00                  489 	.db #0x00	; 0
   01BA 00                  490 	.db #0x00	; 0
   01BB 00                  491 	.db #0x00	; 0
   01BC 10                  492 	.db #0x10	; 16
   01BD 30                  493 	.db #0x30	; 48	'0'
   01BE 00                  494 	.db #0x00	; 0
   01BF 74                  495 	.db #0x74	; 116	't'
   01C0 00                  496 	.db #0x00	; 0
   01C1 00                  497 	.db #0x00	; 0
   01C2 00                  498 	.db #0x00	; 0
   01C3 00                  499 	.db #0x00	; 0
   01C4 00                  500 	.db #0x00	; 0
   01C5 00                  501 	.db #0x00	; 0
   01C6 10                  502 	.db #0x10	; 16
   01C7 74                  503 	.db #0x74	; 116	't'
   01C8 00                  504 	.db #0x00	; 0
   01C9 00                  505 	.db #0x00	; 0
   01CA 00                  506 	.db #0x00	; 0
   01CB 00                  507 	.db #0x00	; 0
   01CC 00                  508 	.db #0x00	; 0
   01CD 00                  509 	.db #0x00	; 0
   01CE 30                  510 	.db #0x30	; 48	'0'
   01CF F6                  511 	.db #0xf6	; 246
   01D0 00                  512 	.db #0x00	; 0
   01D1 00                  513 	.db #0x00	; 0
   01D2 00                  514 	.db #0x00	; 0
   01D3 00                  515 	.db #0x00	; 0
   01D4 00                  516 	.db #0x00	; 0
   01D5 00                  517 	.db #0x00	; 0
   01D6 10                  518 	.db #0x10	; 16
   01D7 74                  519 	.db #0x74	; 116	't'
   01D8 00                  520 	.db #0x00	; 0
   01D9 00                  521 	.db #0x00	; 0
   01DA 00                  522 	.db #0x00	; 0
   01DB 00                  523 	.db #0x00	; 0
   01DC 00                  524 	.db #0x00	; 0
   01DD 00                  525 	.db #0x00	; 0
   01DE 00                  526 	.db #0x00	; 0
   01DF 54                  527 	.db #0x54	; 84	'T'
   01E0 00                  528 	.db #0x00	; 0
   01E1 00                  529 	.db #0x00	; 0
   01E2 00                  530 	.db #0x00	; 0
   01E3 00                  531 	.db #0x00	; 0
   01E4 10                  532 	.db #0x10	; 16
   01E5 30                  533 	.db #0x30	; 48	'0'
   01E6 00                  534 	.db #0x00	; 0
   01E7 54                  535 	.db #0x54	; 84	'T'
   01E8 00                  536 	.db #0x00	; 0
   01E9 00                  537 	.db #0x00	; 0
   01EA 00                  538 	.db #0x00	; 0
   01EB 10                  539 	.db #0x10	; 16
   01EC 30                  540 	.db #0x30	; 48	'0'
   01ED 0F                  541 	.db #0x0f	; 15
   01EE 20                  542 	.db #0x20	; 32
   01EF 74                  543 	.db #0x74	; 116	't'
   01F0 00                  544 	.db #0x00	; 0
   01F1 00                  545 	.db #0x00	; 0
   01F2 00                  546 	.db #0x00	; 0
   01F3 30                  547 	.db #0x30	; 48	'0'
   01F4 0F                  548 	.db #0x0f	; 15
   01F5 0F                  549 	.db #0x0f	; 15
   01F6 1A                  550 	.db #0x1a	; 26
   01F7 74                  551 	.db #0x74	; 116	't'
   01F8 00                  552 	.db #0x00	; 0
   01F9 00                  553 	.db #0x00	; 0
   01FA 10                  554 	.db #0x10	; 16
   01FB 25                  555 	.db #0x25	; 37
   01FC 0F                  556 	.db #0x0f	; 15
   01FD 5B                  557 	.db #0x5b	; 91
   01FE A7                  558 	.db #0xa7	; 167
   01FF 74                  559 	.db #0x74	; 116	't'
   0200 00                  560 	.db #0x00	; 0
   0201 00                  561 	.db #0x00	; 0
   0202 30                  562 	.db #0x30	; 48	'0'
   0203 0F                  563 	.db #0x0f	; 15
   0204 0F                  564 	.db #0x0f	; 15
   0205 F3                  565 	.db #0xf3	; 243
   0206 A7                  566 	.db #0xa7	; 167
   0207 5E                  567 	.db #0x5e	; 94
   0208 00                  568 	.db #0x00	; 0
   0209 10                  569 	.db #0x10	; 16
   020A 25                  570 	.db #0x25	; 37
   020B 0F                  571 	.db #0x0f	; 15
   020C 5B                  572 	.db #0x5b	; 91
   020D F3                  573 	.db #0xf3	; 243
   020E F3                  574 	.db #0xf3	; 243
   020F 5E                  575 	.db #0x5e	; 94
   0210 00                  576 	.db #0x00	; 0
   0211 10                  577 	.db #0x10	; 16
   0212 0F                  578 	.db #0x0f	; 15
   0213 0F                  579 	.db #0x0f	; 15
   0214 F3                  580 	.db #0xf3	; 243
   0215 F3                  581 	.db #0xf3	; 243
   0216 F3                  582 	.db #0xf3	; 243
   0217 5E                  583 	.db #0x5e	; 94
   0218 00                  584 	.db #0x00	; 0
   0219 30                  585 	.db #0x30	; 48	'0'
   021A 0F                  586 	.db #0x0f	; 15
   021B 0F                  587 	.db #0x0f	; 15
   021C 0F                  588 	.db #0x0f	; 15
   021D F3                  589 	.db #0xf3	; 243
   021E A7                  590 	.db #0xa7	; 167
   021F 5E                  591 	.db #0x5e	; 94
   0220 00                  592 	.db #0x00	; 0
   0221 10                  593 	.db #0x10	; 16
   0222 30                  594 	.db #0x30	; 48	'0'
   0223 25                  595 	.db #0x25	; 37
   0224 0F                  596 	.db #0x0f	; 15
   0225 5B                  597 	.db #0x5b	; 91
   0226 A7                  598 	.db #0xa7	; 167
   0227 74                  599 	.db #0x74	; 116	't'
   0228 00                  600 	.db #0x00	; 0
   0229 00                  601 	.db #0x00	; 0
   022A 00                  602 	.db #0x00	; 0
   022B 10                  603 	.db #0x10	; 16
   022C 0F                  604 	.db #0x0f	; 15
   022D 0F                  605 	.db #0x0f	; 15
   022E 1A                  606 	.db #0x1a	; 26
   022F 54                  607 	.db #0x54	; 84	'T'
   0230 00                  608 	.db #0x00	; 0
   0231 00                  609 	.db #0x00	; 0
   0232 00                  610 	.db #0x00	; 0
   0233 00                  611 	.db #0x00	; 0
   0234 30                  612 	.db #0x30	; 48	'0'
   0235 0F                  613 	.db #0x0f	; 15
   0236 30                  614 	.db #0x30	; 48	'0'
   0237 54                  615 	.db #0x54	; 84	'T'
   0238 00                  616 	.db #0x00	; 0
   0239 00                  617 	.db #0x00	; 0
   023A 00                  618 	.db #0x00	; 0
   023B 00                  619 	.db #0x00	; 0
   023C 10                  620 	.db #0x10	; 16
   023D 30                  621 	.db #0x30	; 48	'0'
   023E 00                  622 	.db #0x00	; 0
   023F 54                  623 	.db #0x54	; 84	'T'
   0240 00                  624 	.db #0x00	; 0
   0241 00                  625 	.db #0x00	; 0
   0242 00                  626 	.db #0x00	; 0
   0243 00                  627 	.db #0x00	; 0
   0244 00                  628 	.db #0x00	; 0
   0245 00                  629 	.db #0x00	; 0
   0246 10                  630 	.db #0x10	; 16
   0247 74                  631 	.db #0x74	; 116	't'
   0248 00                  632 	.db #0x00	; 0
   0249 00                  633 	.db #0x00	; 0
   024A 00                  634 	.db #0x00	; 0
   024B 00                  635 	.db #0x00	; 0
   024C 00                  636 	.db #0x00	; 0
   024D 00                  637 	.db #0x00	; 0
   024E 30                  638 	.db #0x30	; 48	'0'
   024F F6                  639 	.db #0xf6	; 246
   0250 00                  640 	.db #0x00	; 0
   0251 00                  641 	.db #0x00	; 0
   0252 00                  642 	.db #0x00	; 0
   0253 00                  643 	.db #0x00	; 0
   0254 00                  644 	.db #0x00	; 0
   0255 00                  645 	.db #0x00	; 0
   0256 10                  646 	.db #0x10	; 16
   0257 74                  647 	.db #0x74	; 116	't'
   0258 00                  648 	.db #0x00	; 0
   0259 00                  649 	.db #0x00	; 0
   025A 00                  650 	.db #0x00	; 0
   025B 00                  651 	.db #0x00	; 0
   025C 00                  652 	.db #0x00	; 0
   025D 00                  653 	.db #0x00	; 0
   025E 00                  654 	.db #0x00	; 0
   025F 54                  655 	.db #0x54	; 84	'T'
   0260 00                  656 	.db #0x00	; 0
   0261 00                  657 	.db #0x00	; 0
   0262 00                  658 	.db #0x00	; 0
   0263 00                  659 	.db #0x00	; 0
   0264 00                  660 	.db #0x00	; 0
   0265 30                  661 	.db #0x30	; 48	'0'
   0266 00                  662 	.db #0x00	; 0
   0267 54                  663 	.db #0x54	; 84	'T'
   0268 10                  664 	.db #0x10	; 16
   0269 00                  665 	.db #0x00	; 0
   026A 00                  666 	.db #0x00	; 0
   026B 00                  667 	.db #0x00	; 0
   026C 30                  668 	.db #0x30	; 48	'0'
   026D 0F                  669 	.db #0x0f	; 15
   026E 20                  670 	.db #0x20	; 32
   026F 54                  671 	.db #0x54	; 84	'T'
   0270 25                  672 	.db #0x25	; 37
   0271 20                  673 	.db #0x20	; 32
   0272 10                  674 	.db #0x10	; 16
   0273 30                  675 	.db #0x30	; 48	'0'
   0274 0F                  676 	.db #0x0f	; 15
   0275 0F                  677 	.db #0x0f	; 15
   0276 1A                  678 	.db #0x1a	; 26
   0277 54                  679 	.db #0x54	; 84	'T'
   0278 25                  680 	.db #0x25	; 37
   0279 30                  681 	.db #0x30	; 48	'0'
   027A 25                  682 	.db #0x25	; 37
   027B 0F                  683 	.db #0x0f	; 15
   027C 0F                  684 	.db #0x0f	; 15
   027D 5B                  685 	.db #0x5b	; 91
   027E A7                  686 	.db #0xa7	; 167
   027F 74                  687 	.db #0x74	; 116	't'
   0280 25                  688 	.db #0x25	; 37
   0281 1A                  689 	.db #0x1a	; 26
   0282 25                  690 	.db #0x25	; 37
   0283 0F                  691 	.db #0x0f	; 15
   0284 0F                  692 	.db #0x0f	; 15
   0285 F3                  693 	.db #0xf3	; 243
   0286 A7                  694 	.db #0xa7	; 167
   0287 5E                  695 	.db #0x5e	; 94
   0288 25                  696 	.db #0x25	; 37
   0289 0F                  697 	.db #0x0f	; 15
   028A 0F                  698 	.db #0x0f	; 15
   028B 0F                  699 	.db #0x0f	; 15
   028C F3                  700 	.db #0xf3	; 243
   028D F3                  701 	.db #0xf3	; 243
   028E F3                  702 	.db #0xf3	; 243
   028F 5E                  703 	.db #0x5e	; 94
   0290 10                  704 	.db #0x10	; 16
   0291 0F                  705 	.db #0x0f	; 15
   0292 0F                  706 	.db #0x0f	; 15
   0293 5B                  707 	.db #0x5b	; 91
   0294 F3                  708 	.db #0xf3	; 243
   0295 F3                  709 	.db #0xf3	; 243
   0296 F3                  710 	.db #0xf3	; 243
   0297 5E                  711 	.db #0x5e	; 94
   0298 10                  712 	.db #0x10	; 16
   0299 30                  713 	.db #0x30	; 48	'0'
   029A 30                  714 	.db #0x30	; 48	'0'
   029B 0F                  715 	.db #0x0f	; 15
   029C 0F                  716 	.db #0x0f	; 15
   029D F3                  717 	.db #0xf3	; 243
   029E A7                  718 	.db #0xa7	; 167
   029F 5E                  719 	.db #0x5e	; 94
   02A0 00                  720 	.db #0x00	; 0
   02A1 00                  721 	.db #0x00	; 0
   02A2 00                  722 	.db #0x00	; 0
   02A3 25                  723 	.db #0x25	; 37
   02A4 0F                  724 	.db #0x0f	; 15
   02A5 5B                  725 	.db #0x5b	; 91
   02A6 A7                  726 	.db #0xa7	; 167
   02A7 74                  727 	.db #0x74	; 116	't'
   02A8 00                  728 	.db #0x00	; 0
   02A9 00                  729 	.db #0x00	; 0
   02AA 00                  730 	.db #0x00	; 0
   02AB 10                  731 	.db #0x10	; 16
   02AC 25                  732 	.db #0x25	; 37
   02AD 0F                  733 	.db #0x0f	; 15
   02AE 1A                  734 	.db #0x1a	; 26
   02AF 74                  735 	.db #0x74	; 116	't'
   02B0 00                  736 	.db #0x00	; 0
   02B1 00                  737 	.db #0x00	; 0
   02B2 00                  738 	.db #0x00	; 0
   02B3 00                  739 	.db #0x00	; 0
   02B4 30                  740 	.db #0x30	; 48	'0'
   02B5 0F                  741 	.db #0x0f	; 15
   02B6 30                  742 	.db #0x30	; 48	'0'
   02B7 74                  743 	.db #0x74	; 116	't'
   02B8 00                  744 	.db #0x00	; 0
   02B9 00                  745 	.db #0x00	; 0
   02BA 00                  746 	.db #0x00	; 0
   02BB 00                  747 	.db #0x00	; 0
   02BC 10                  748 	.db #0x10	; 16
   02BD 30                  749 	.db #0x30	; 48	'0'
   02BE 00                  750 	.db #0x00	; 0
   02BF 74                  751 	.db #0x74	; 116	't'
   02C0                     752 _bigfire_sp_2:
   02C0 00                  753 	.db #0x00	; 0
   02C1 00                  754 	.db #0x00	; 0
   02C2 00                  755 	.db #0x00	; 0
   02C3 00                  756 	.db #0x00	; 0
   02C4 00                  757 	.db #0x00	; 0
   02C5 00                  758 	.db #0x00	; 0
   02C6 00                  759 	.db #0x00	; 0
   02C7 00                  760 	.db #0x00	; 0
   02C8 00                  761 	.db #0x00	; 0
   02C9 00                  762 	.db #0x00	; 0
   02CA 00                  763 	.db #0x00	; 0
   02CB 00                  764 	.db #0x00	; 0
   02CC 00                  765 	.db #0x00	; 0
   02CD 00                  766 	.db #0x00	; 0
   02CE 00                  767 	.db #0x00	; 0
   02CF 00                  768 	.db #0x00	; 0
   02D0 00                  769 	.db #0x00	; 0
   02D1 00                  770 	.db #0x00	; 0
   02D2 00                  771 	.db #0x00	; 0
   02D3 00                  772 	.db #0x00	; 0
   02D4 00                  773 	.db #0x00	; 0
   02D5 00                  774 	.db #0x00	; 0
   02D6 00                  775 	.db #0x00	; 0
   02D7 00                  776 	.db #0x00	; 0
   02D8 00                  777 	.db #0x00	; 0
   02D9 00                  778 	.db #0x00	; 0
   02DA 00                  779 	.db #0x00	; 0
   02DB 00                  780 	.db #0x00	; 0
   02DC 00                  781 	.db #0x00	; 0
   02DD 00                  782 	.db #0x00	; 0
   02DE 00                  783 	.db #0x00	; 0
   02DF 00                  784 	.db #0x00	; 0
   02E0 00                  785 	.db #0x00	; 0
   02E1 00                  786 	.db #0x00	; 0
   02E2 00                  787 	.db #0x00	; 0
   02E3 00                  788 	.db #0x00	; 0
   02E4 00                  789 	.db #0x00	; 0
   02E5 00                  790 	.db #0x00	; 0
   02E6 00                  791 	.db #0x00	; 0
   02E7 00                  792 	.db #0x00	; 0
   02E8 00                  793 	.db #0x00	; 0
   02E9 00                  794 	.db #0x00	; 0
   02EA 00                  795 	.db #0x00	; 0
   02EB 00                  796 	.db #0x00	; 0
   02EC 00                  797 	.db #0x00	; 0
   02ED 00                  798 	.db #0x00	; 0
   02EE 00                  799 	.db #0x00	; 0
   02EF 00                  800 	.db #0x00	; 0
   02F0 00                  801 	.db #0x00	; 0
   02F1 00                  802 	.db #0x00	; 0
   02F2 00                  803 	.db #0x00	; 0
   02F3 00                  804 	.db #0x00	; 0
   02F4 00                  805 	.db #0x00	; 0
   02F5 00                  806 	.db #0x00	; 0
   02F6 00                  807 	.db #0x00	; 0
   02F7 00                  808 	.db #0x00	; 0
   02F8 00                  809 	.db #0x00	; 0
   02F9 00                  810 	.db #0x00	; 0
   02FA 00                  811 	.db #0x00	; 0
   02FB 00                  812 	.db #0x00	; 0
   02FC 00                  813 	.db #0x00	; 0
   02FD 00                  814 	.db #0x00	; 0
   02FE 00                  815 	.db #0x00	; 0
   02FF 00                  816 	.db #0x00	; 0
   0300 00                  817 	.db #0x00	; 0
   0301 00                  818 	.db #0x00	; 0
   0302 00                  819 	.db #0x00	; 0
   0303 00                  820 	.db #0x00	; 0
   0304 00                  821 	.db #0x00	; 0
   0305 00                  822 	.db #0x00	; 0
   0306 00                  823 	.db #0x00	; 0
   0307 00                  824 	.db #0x00	; 0
   0308 00                  825 	.db #0x00	; 0
   0309 00                  826 	.db #0x00	; 0
   030A 00                  827 	.db #0x00	; 0
   030B 00                  828 	.db #0x00	; 0
   030C 00                  829 	.db #0x00	; 0
   030D 00                  830 	.db #0x00	; 0
   030E 00                  831 	.db #0x00	; 0
   030F 00                  832 	.db #0x00	; 0
   0310 00                  833 	.db #0x00	; 0
   0311 00                  834 	.db #0x00	; 0
   0312 00                  835 	.db #0x00	; 0
   0313 00                  836 	.db #0x00	; 0
   0314 00                  837 	.db #0x00	; 0
   0315 00                  838 	.db #0x00	; 0
   0316 00                  839 	.db #0x00	; 0
   0317 00                  840 	.db #0x00	; 0
   0318 00                  841 	.db #0x00	; 0
   0319 00                  842 	.db #0x00	; 0
   031A 00                  843 	.db #0x00	; 0
   031B 00                  844 	.db #0x00	; 0
   031C 00                  845 	.db #0x00	; 0
   031D 00                  846 	.db #0x00	; 0
   031E 00                  847 	.db #0x00	; 0
   031F 00                  848 	.db #0x00	; 0
   0320 00                  849 	.db #0x00	; 0
   0321 00                  850 	.db #0x00	; 0
   0322 00                  851 	.db #0x00	; 0
   0323 00                  852 	.db #0x00	; 0
   0324 00                  853 	.db #0x00	; 0
   0325 00                  854 	.db #0x00	; 0
   0326 00                  855 	.db #0x00	; 0
   0327 00                  856 	.db #0x00	; 0
   0328 00                  857 	.db #0x00	; 0
   0329 00                  858 	.db #0x00	; 0
   032A 00                  859 	.db #0x00	; 0
   032B 00                  860 	.db #0x00	; 0
   032C 00                  861 	.db #0x00	; 0
   032D 00                  862 	.db #0x00	; 0
   032E 00                  863 	.db #0x00	; 0
   032F 00                  864 	.db #0x00	; 0
   0330 00                  865 	.db #0x00	; 0
   0331 00                  866 	.db #0x00	; 0
   0332 00                  867 	.db #0x00	; 0
   0333 00                  868 	.db #0x00	; 0
   0334 00                  869 	.db #0x00	; 0
   0335 00                  870 	.db #0x00	; 0
   0336 00                  871 	.db #0x00	; 0
   0337 00                  872 	.db #0x00	; 0
   0338 00                  873 	.db #0x00	; 0
   0339 00                  874 	.db #0x00	; 0
   033A 00                  875 	.db #0x00	; 0
   033B 00                  876 	.db #0x00	; 0
   033C 00                  877 	.db #0x00	; 0
   033D 00                  878 	.db #0x00	; 0
   033E 00                  879 	.db #0x00	; 0
   033F 00                  880 	.db #0x00	; 0
   0340 00                  881 	.db #0x00	; 0
   0341 00                  882 	.db #0x00	; 0
   0342 00                  883 	.db #0x00	; 0
   0343 00                  884 	.db #0x00	; 0
   0344 00                  885 	.db #0x00	; 0
   0345 00                  886 	.db #0x00	; 0
   0346 00                  887 	.db #0x00	; 0
   0347 00                  888 	.db #0x00	; 0
   0348 00                  889 	.db #0x00	; 0
   0349 00                  890 	.db #0x00	; 0
   034A 00                  891 	.db #0x00	; 0
   034B 00                  892 	.db #0x00	; 0
   034C 00                  893 	.db #0x00	; 0
   034D 00                  894 	.db #0x00	; 0
   034E 00                  895 	.db #0x00	; 0
   034F 00                  896 	.db #0x00	; 0
   0350 00                  897 	.db #0x00	; 0
   0351 00                  898 	.db #0x00	; 0
   0352 00                  899 	.db #0x00	; 0
   0353 00                  900 	.db #0x00	; 0
   0354 00                  901 	.db #0x00	; 0
   0355 00                  902 	.db #0x00	; 0
   0356 00                  903 	.db #0x00	; 0
   0357 00                  904 	.db #0x00	; 0
   0358 00                  905 	.db #0x00	; 0
   0359 00                  906 	.db #0x00	; 0
   035A 00                  907 	.db #0x00	; 0
   035B 00                  908 	.db #0x00	; 0
   035C 00                  909 	.db #0x00	; 0
   035D 00                  910 	.db #0x00	; 0
   035E 00                  911 	.db #0x00	; 0
   035F 00                  912 	.db #0x00	; 0
   0360 00                  913 	.db #0x00	; 0
   0361 00                  914 	.db #0x00	; 0
   0362 00                  915 	.db #0x00	; 0
   0363 00                  916 	.db #0x00	; 0
   0364 00                  917 	.db #0x00	; 0
   0365 00                  918 	.db #0x00	; 0
   0366 00                  919 	.db #0x00	; 0
   0367 00                  920 	.db #0x00	; 0
   0368 00                  921 	.db #0x00	; 0
   0369 00                  922 	.db #0x00	; 0
   036A 00                  923 	.db #0x00	; 0
   036B 00                  924 	.db #0x00	; 0
   036C 00                  925 	.db #0x00	; 0
   036D 00                  926 	.db #0x00	; 0
   036E 00                  927 	.db #0x00	; 0
   036F 00                  928 	.db #0x00	; 0
   0370 00                  929 	.db #0x00	; 0
   0371 00                  930 	.db #0x00	; 0
   0372 00                  931 	.db #0x00	; 0
   0373 00                  932 	.db #0x00	; 0
   0374 00                  933 	.db #0x00	; 0
   0375 00                  934 	.db #0x00	; 0
   0376 00                  935 	.db #0x00	; 0
   0377 00                  936 	.db #0x00	; 0
   0378 00                  937 	.db #0x00	; 0
   0379 00                  938 	.db #0x00	; 0
   037A 00                  939 	.db #0x00	; 0
   037B 00                  940 	.db #0x00	; 0
   037C 00                  941 	.db #0x00	; 0
   037D 00                  942 	.db #0x00	; 0
   037E 00                  943 	.db #0x00	; 0
   037F 00                  944 	.db #0x00	; 0
   0380 00                  945 	.db #0x00	; 0
   0381 00                  946 	.db #0x00	; 0
   0382 00                  947 	.db #0x00	; 0
   0383 00                  948 	.db #0x00	; 0
   0384 00                  949 	.db #0x00	; 0
   0385 00                  950 	.db #0x00	; 0
   0386 00                  951 	.db #0x00	; 0
   0387 00                  952 	.db #0x00	; 0
   0388 00                  953 	.db #0x00	; 0
   0389 00                  954 	.db #0x00	; 0
   038A 00                  955 	.db #0x00	; 0
   038B 00                  956 	.db #0x00	; 0
   038C 00                  957 	.db #0x00	; 0
   038D 00                  958 	.db #0x00	; 0
   038E 00                  959 	.db #0x00	; 0
   038F 00                  960 	.db #0x00	; 0
   0390 00                  961 	.db #0x00	; 0
   0391 00                  962 	.db #0x00	; 0
   0392 00                  963 	.db #0x00	; 0
   0393 00                  964 	.db #0x00	; 0
   0394 00                  965 	.db #0x00	; 0
   0395 00                  966 	.db #0x00	; 0
   0396 00                  967 	.db #0x00	; 0
   0397 00                  968 	.db #0x00	; 0
   0398 00                  969 	.db #0x00	; 0
   0399 00                  970 	.db #0x00	; 0
   039A 00                  971 	.db #0x00	; 0
   039B 00                  972 	.db #0x00	; 0
   039C 00                  973 	.db #0x00	; 0
   039D 00                  974 	.db #0x00	; 0
   039E 00                  975 	.db #0x00	; 0
   039F 00                  976 	.db #0x00	; 0
   03A0 00                  977 	.db #0x00	; 0
   03A1 00                  978 	.db #0x00	; 0
   03A2 00                  979 	.db #0x00	; 0
   03A3 00                  980 	.db #0x00	; 0
   03A4 00                  981 	.db #0x00	; 0
   03A5 00                  982 	.db #0x00	; 0
   03A6 00                  983 	.db #0x00	; 0
   03A7 00                  984 	.db #0x00	; 0
   03A8 00                  985 	.db #0x00	; 0
   03A9 00                  986 	.db #0x00	; 0
   03AA 00                  987 	.db #0x00	; 0
   03AB 00                  988 	.db #0x00	; 0
   03AC 00                  989 	.db #0x00	; 0
   03AD 00                  990 	.db #0x00	; 0
   03AE 00                  991 	.db #0x00	; 0
   03AF 00                  992 	.db #0x00	; 0
   03B0 00                  993 	.db #0x00	; 0
   03B1 00                  994 	.db #0x00	; 0
   03B2 00                  995 	.db #0x00	; 0
   03B3 00                  996 	.db #0x00	; 0
   03B4 00                  997 	.db #0x00	; 0
   03B5 00                  998 	.db #0x00	; 0
   03B6 00                  999 	.db #0x00	; 0
   03B7 00                 1000 	.db #0x00	; 0
   03B8 00                 1001 	.db #0x00	; 0
   03B9 00                 1002 	.db #0x00	; 0
   03BA 00                 1003 	.db #0x00	; 0
   03BB 00                 1004 	.db #0x00	; 0
   03BC 00                 1005 	.db #0x00	; 0
   03BD 00                 1006 	.db #0x00	; 0
   03BE 00                 1007 	.db #0x00	; 0
   03BF 00                 1008 	.db #0x00	; 0
   03C0 00                 1009 	.db #0x00	; 0
   03C1 00                 1010 	.db #0x00	; 0
   03C2 00                 1011 	.db #0x00	; 0
   03C3 00                 1012 	.db #0x00	; 0
   03C4 00                 1013 	.db #0x00	; 0
   03C5 00                 1014 	.db #0x00	; 0
   03C6 00                 1015 	.db #0x00	; 0
   03C7 00                 1016 	.db #0x00	; 0
   03C8 00                 1017 	.db #0x00	; 0
   03C9 00                 1018 	.db #0x00	; 0
   03CA 00                 1019 	.db #0x00	; 0
   03CB 00                 1020 	.db #0x00	; 0
   03CC 00                 1021 	.db #0x00	; 0
   03CD 00                 1022 	.db #0x00	; 0
   03CE 00                 1023 	.db #0x00	; 0
   03CF 00                 1024 	.db #0x00	; 0
   03D0 00                 1025 	.db #0x00	; 0
   03D1 00                 1026 	.db #0x00	; 0
   03D2 00                 1027 	.db #0x00	; 0
   03D3 00                 1028 	.db #0x00	; 0
   03D4 00                 1029 	.db #0x00	; 0
   03D5 00                 1030 	.db #0x00	; 0
   03D6 00                 1031 	.db #0x00	; 0
   03D7 00                 1032 	.db #0x00	; 0
   03D8 00                 1033 	.db #0x00	; 0
   03D9 00                 1034 	.db #0x00	; 0
   03DA 00                 1035 	.db #0x00	; 0
   03DB 00                 1036 	.db #0x00	; 0
   03DC 00                 1037 	.db #0x00	; 0
   03DD 00                 1038 	.db #0x00	; 0
   03DE 00                 1039 	.db #0x00	; 0
   03DF 00                 1040 	.db #0x00	; 0
   03E0 00                 1041 	.db #0x00	; 0
   03E1 00                 1042 	.db #0x00	; 0
   03E2 00                 1043 	.db #0x00	; 0
   03E3 00                 1044 	.db #0x00	; 0
   03E4 00                 1045 	.db #0x00	; 0
   03E5 00                 1046 	.db #0x00	; 0
   03E6 00                 1047 	.db #0x00	; 0
   03E7 00                 1048 	.db #0x00	; 0
   03E8 00                 1049 	.db #0x00	; 0
   03E9 00                 1050 	.db #0x00	; 0
   03EA 00                 1051 	.db #0x00	; 0
   03EB 00                 1052 	.db #0x00	; 0
   03EC 00                 1053 	.db #0x00	; 0
   03ED 00                 1054 	.db #0x00	; 0
   03EE 00                 1055 	.db #0x00	; 0
   03EF 00                 1056 	.db #0x00	; 0
   03F0 00                 1057 	.db #0x00	; 0
   03F1 00                 1058 	.db #0x00	; 0
   03F2 00                 1059 	.db #0x00	; 0
   03F3 00                 1060 	.db #0x00	; 0
   03F4 00                 1061 	.db #0x00	; 0
   03F5 00                 1062 	.db #0x00	; 0
   03F6 00                 1063 	.db #0x00	; 0
   03F7 00                 1064 	.db #0x00	; 0
   03F8 00                 1065 	.db #0x00	; 0
   03F9 00                 1066 	.db #0x00	; 0
   03FA 00                 1067 	.db #0x00	; 0
   03FB 00                 1068 	.db #0x00	; 0
   03FC 00                 1069 	.db #0x00	; 0
   03FD 00                 1070 	.db #0x00	; 0
   03FE 00                 1071 	.db #0x00	; 0
   03FF 00                 1072 	.db #0x00	; 0
   0400 00                 1073 	.db #0x00	; 0
   0401 00                 1074 	.db #0x00	; 0
   0402 00                 1075 	.db #0x00	; 0
   0403 00                 1076 	.db #0x00	; 0
   0404 00                 1077 	.db #0x00	; 0
   0405 00                 1078 	.db #0x00	; 0
   0406 00                 1079 	.db #0x00	; 0
   0407 00                 1080 	.db #0x00	; 0
   0408 00                 1081 	.db #0x00	; 0
   0409 00                 1082 	.db #0x00	; 0
   040A 00                 1083 	.db #0x00	; 0
   040B 00                 1084 	.db #0x00	; 0
   040C 00                 1085 	.db #0x00	; 0
   040D 00                 1086 	.db #0x00	; 0
   040E 00                 1087 	.db #0x00	; 0
   040F 00                 1088 	.db #0x00	; 0
   0410 00                 1089 	.db #0x00	; 0
   0411 00                 1090 	.db #0x00	; 0
   0412 00                 1091 	.db #0x00	; 0
   0413 00                 1092 	.db #0x00	; 0
   0414 00                 1093 	.db #0x00	; 0
   0415 00                 1094 	.db #0x00	; 0
   0416 00                 1095 	.db #0x00	; 0
   0417 00                 1096 	.db #0x00	; 0
   0418 00                 1097 	.db #0x00	; 0
   0419 00                 1098 	.db #0x00	; 0
   041A 00                 1099 	.db #0x00	; 0
   041B 00                 1100 	.db #0x00	; 0
   041C 00                 1101 	.db #0x00	; 0
   041D 00                 1102 	.db #0x00	; 0
   041E 00                 1103 	.db #0x00	; 0
   041F 00                 1104 	.db #0x00	; 0
                           1105 	.area _INITIALIZER
                           1106 	.area _CABS (ABS)
