                              1 ;--------------------------------------------------------
                              2 ; File Created by SDCC : free open source ANSI-C Compiler
                              3 ; Version 3.6.8 #9946 (Linux)
                              4 ;--------------------------------------------------------
                              5 	.module FireBall
                              6 	.optsdcc -mz80
                              7 	
                              8 ;--------------------------------------------------------
                              9 ; Public variables in this module
                             10 ;--------------------------------------------------------
                             11 	.globl _fireball_sp_1
                             12 	.globl _fireball_sp_0
                             13 ;--------------------------------------------------------
                             14 ; special function registers
                             15 ;--------------------------------------------------------
                             16 ;--------------------------------------------------------
                             17 ; ram data
                             18 ;--------------------------------------------------------
                             19 	.area _DATA
                             20 ;--------------------------------------------------------
                             21 ; ram data
                             22 ;--------------------------------------------------------
                             23 	.area _INITIALIZED
                             24 ;--------------------------------------------------------
                             25 ; absolute external ram data
                             26 ;--------------------------------------------------------
                             27 	.area _DABS (ABS)
                             28 ;--------------------------------------------------------
                             29 ; global & static initialisations
                             30 ;--------------------------------------------------------
                             31 	.area _HOME
                             32 	.area _GSINIT
                             33 	.area _GSFINAL
                             34 	.area _GSINIT
                             35 ;--------------------------------------------------------
                             36 ; Home
                             37 ;--------------------------------------------------------
                             38 	.area _HOME
                             39 	.area _HOME
                             40 ;--------------------------------------------------------
                             41 ; code
                             42 ;--------------------------------------------------------
                             43 	.area _CODE
                             44 	.area _CODE
   0000                      45 _fireball_sp_0:
   0000 00                   46 	.db #0x00	; 0
   0001 00                   47 	.db #0x00	; 0
   0002 00                   48 	.db #0x00	; 0
   0003 00                   49 	.db #0x00	; 0
   0004 00                   50 	.db #0x00	; 0
   0005 00                   51 	.db #0x00	; 0
   0006 00                   52 	.db #0x00	; 0
   0007 00                   53 	.db #0x00	; 0
   0008 00                   54 	.db #0x00	; 0
   0009 10                   55 	.db #0x10	; 16
   000A 30                   56 	.db #0x30	; 48	'0'
   000B 30                   57 	.db #0x30	; 48	'0'
   000C 30                   58 	.db #0x30	; 48	'0'
   000D 30                   59 	.db #0x30	; 48	'0'
   000E 20                   60 	.db #0x20	; 32
   000F 00                   61 	.db #0x00	; 0
   0010 10                   62 	.db #0x10	; 16
   0011 30                   63 	.db #0x30	; 48	'0'
   0012 25                   64 	.db #0x25	; 37
   0013 0F                   65 	.db #0x0f	; 15
   0014 0F                   66 	.db #0x0f	; 15
   0015 30                   67 	.db #0x30	; 48	'0'
   0016 30                   68 	.db #0x30	; 48	'0'
   0017 00                   69 	.db #0x00	; 0
   0018 10                   70 	.db #0x10	; 16
   0019 25                   71 	.db #0x25	; 37
   001A 0F                   72 	.db #0x0f	; 15
   001B C3                   73 	.db #0xc3	; 195
   001C 0F                   74 	.db #0x0f	; 15
   001D 0F                   75 	.db #0x0f	; 15
   001E 30                   76 	.db #0x30	; 48	'0'
   001F 20                   77 	.db #0x20	; 32
   0020 30                   78 	.db #0x30	; 48	'0'
   0021 0F                   79 	.db #0x0f	; 15
   0022 C3                   80 	.db #0xc3	; 195
   0023 E3                   81 	.db #0xe3	; 227
   0024 C3                   82 	.db #0xc3	; 195
   0025 0F                   83 	.db #0x0f	; 15
   0026 20                   84 	.db #0x20	; 32
   0027 00                   85 	.db #0x00	; 0
   0028 30                   86 	.db #0x30	; 48	'0'
   0029 4B                   87 	.db #0x4b	; 75	'K'
   002A D3                   88 	.db #0xd3	; 211
   002B F3                   89 	.db #0xf3	; 243
   002C E3                   90 	.db #0xe3	; 227
   002D 0F                   91 	.db #0x0f	; 15
   002E 30                   92 	.db #0x30	; 48	'0'
   002F 00                   93 	.db #0x00	; 0
   0030 30                   94 	.db #0x30	; 48	'0'
   0031 4B                   95 	.db #0x4b	; 75	'K'
   0032 F3                   96 	.db #0xf3	; 243
   0033 F3                   97 	.db #0xf3	; 243
   0034 C3                   98 	.db #0xc3	; 195
   0035 0F                   99 	.db #0x0f	; 15
   0036 30                  100 	.db #0x30	; 48	'0'
   0037 20                  101 	.db #0x20	; 32
   0038 30                  102 	.db #0x30	; 48	'0'
   0039 4B                  103 	.db #0x4b	; 75	'K'
   003A C3                  104 	.db #0xc3	; 195
   003B E3                  105 	.db #0xe3	; 227
   003C 87                  106 	.db #0x87	; 135
   003D 1A                  107 	.db #0x1a	; 26
   003E 30                  108 	.db #0x30	; 48	'0'
   003F 00                  109 	.db #0x00	; 0
   0040 30                  110 	.db #0x30	; 48	'0'
   0041 0F                  111 	.db #0x0f	; 15
   0042 4B                  112 	.db #0x4b	; 75	'K'
   0043 C3                  113 	.db #0xc3	; 195
   0044 0F                  114 	.db #0x0f	; 15
   0045 30                  115 	.db #0x30	; 48	'0'
   0046 00                  116 	.db #0x00	; 0
   0047 00                  117 	.db #0x00	; 0
   0048 10                  118 	.db #0x10	; 16
   0049 30                  119 	.db #0x30	; 48	'0'
   004A 0F                  120 	.db #0x0f	; 15
   004B 0F                  121 	.db #0x0f	; 15
   004C 1A                  122 	.db #0x1a	; 26
   004D 20                  123 	.db #0x20	; 32
   004E 00                  124 	.db #0x00	; 0
   004F 00                  125 	.db #0x00	; 0
   0050 00                  126 	.db #0x00	; 0
   0051 10                  127 	.db #0x10	; 16
   0052 30                  128 	.db #0x30	; 48	'0'
   0053 30                  129 	.db #0x30	; 48	'0'
   0054 30                  130 	.db #0x30	; 48	'0'
   0055 00                  131 	.db #0x00	; 0
   0056 00                  132 	.db #0x00	; 0
   0057 00                  133 	.db #0x00	; 0
   0058 00                  134 	.db #0x00	; 0
   0059 00                  135 	.db #0x00	; 0
   005A 00                  136 	.db #0x00	; 0
   005B 00                  137 	.db #0x00	; 0
   005C 00                  138 	.db #0x00	; 0
   005D 00                  139 	.db #0x00	; 0
   005E 00                  140 	.db #0x00	; 0
   005F 00                  141 	.db #0x00	; 0
   0060                     142 _fireball_sp_1:
   0060 00                  143 	.db #0x00	; 0
   0061 00                  144 	.db #0x00	; 0
   0062 00                  145 	.db #0x00	; 0
   0063 00                  146 	.db #0x00	; 0
   0064 00                  147 	.db #0x00	; 0
   0065 00                  148 	.db #0x00	; 0
   0066 00                  149 	.db #0x00	; 0
   0067 00                  150 	.db #0x00	; 0
   0068 00                  151 	.db #0x00	; 0
   0069 00                  152 	.db #0x00	; 0
   006A 00                  153 	.db #0x00	; 0
   006B 00                  154 	.db #0x00	; 0
   006C 00                  155 	.db #0x00	; 0
   006D 00                  156 	.db #0x00	; 0
   006E 00                  157 	.db #0x00	; 0
   006F 00                  158 	.db #0x00	; 0
   0070 00                  159 	.db #0x00	; 0
   0071 00                  160 	.db #0x00	; 0
   0072 00                  161 	.db #0x00	; 0
   0073 00                  162 	.db #0x00	; 0
   0074 00                  163 	.db #0x00	; 0
   0075 00                  164 	.db #0x00	; 0
   0076 00                  165 	.db #0x00	; 0
   0077 00                  166 	.db #0x00	; 0
   0078 00                  167 	.db #0x00	; 0
   0079 00                  168 	.db #0x00	; 0
   007A 00                  169 	.db #0x00	; 0
   007B 00                  170 	.db #0x00	; 0
   007C 00                  171 	.db #0x00	; 0
   007D 00                  172 	.db #0x00	; 0
   007E 00                  173 	.db #0x00	; 0
   007F 00                  174 	.db #0x00	; 0
   0080 00                  175 	.db #0x00	; 0
   0081 00                  176 	.db #0x00	; 0
   0082 00                  177 	.db #0x00	; 0
   0083 00                  178 	.db #0x00	; 0
   0084 00                  179 	.db #0x00	; 0
   0085 00                  180 	.db #0x00	; 0
   0086 00                  181 	.db #0x00	; 0
   0087 00                  182 	.db #0x00	; 0
   0088 00                  183 	.db #0x00	; 0
   0089 00                  184 	.db #0x00	; 0
   008A 00                  185 	.db #0x00	; 0
   008B 00                  186 	.db #0x00	; 0
   008C 00                  187 	.db #0x00	; 0
   008D 00                  188 	.db #0x00	; 0
   008E 00                  189 	.db #0x00	; 0
   008F 00                  190 	.db #0x00	; 0
   0090 00                  191 	.db #0x00	; 0
   0091 00                  192 	.db #0x00	; 0
   0092 00                  193 	.db #0x00	; 0
   0093 00                  194 	.db #0x00	; 0
   0094 00                  195 	.db #0x00	; 0
   0095 00                  196 	.db #0x00	; 0
   0096 00                  197 	.db #0x00	; 0
   0097 00                  198 	.db #0x00	; 0
   0098 00                  199 	.db #0x00	; 0
   0099 00                  200 	.db #0x00	; 0
   009A 00                  201 	.db #0x00	; 0
   009B 00                  202 	.db #0x00	; 0
   009C 00                  203 	.db #0x00	; 0
   009D 00                  204 	.db #0x00	; 0
   009E 00                  205 	.db #0x00	; 0
   009F 00                  206 	.db #0x00	; 0
   00A0 00                  207 	.db #0x00	; 0
   00A1 00                  208 	.db #0x00	; 0
   00A2 00                  209 	.db #0x00	; 0
   00A3 00                  210 	.db #0x00	; 0
   00A4 00                  211 	.db #0x00	; 0
   00A5 00                  212 	.db #0x00	; 0
   00A6 00                  213 	.db #0x00	; 0
   00A7 00                  214 	.db #0x00	; 0
   00A8 00                  215 	.db #0x00	; 0
   00A9 00                  216 	.db #0x00	; 0
   00AA 00                  217 	.db #0x00	; 0
   00AB 00                  218 	.db #0x00	; 0
   00AC 00                  219 	.db #0x00	; 0
   00AD 00                  220 	.db #0x00	; 0
   00AE 00                  221 	.db #0x00	; 0
   00AF 00                  222 	.db #0x00	; 0
   00B0 00                  223 	.db #0x00	; 0
   00B1 00                  224 	.db #0x00	; 0
   00B2 00                  225 	.db #0x00	; 0
   00B3 00                  226 	.db #0x00	; 0
   00B4 00                  227 	.db #0x00	; 0
   00B5 00                  228 	.db #0x00	; 0
   00B6 00                  229 	.db #0x00	; 0
   00B7 00                  230 	.db #0x00	; 0
   00B8 00                  231 	.db #0x00	; 0
   00B9 00                  232 	.db #0x00	; 0
   00BA 00                  233 	.db #0x00	; 0
   00BB 00                  234 	.db #0x00	; 0
   00BC 00                  235 	.db #0x00	; 0
   00BD 00                  236 	.db #0x00	; 0
   00BE 00                  237 	.db #0x00	; 0
   00BF 00                  238 	.db #0x00	; 0
                            239 	.area _INITIALIZER
                            240 	.area _CABS (ABS)
