                              1 ;--------------------------------------------------------
                              2 ; File Created by SDCC : free open source ANSI-C Compiler
                              3 ; Version 3.6.8 #9946 (Linux)
                              4 ;--------------------------------------------------------
                              5 	.module Hero
                              6 	.optsdcc -mz80
                              7 	
                              8 ;--------------------------------------------------------
                              9 ; Public variables in this module
                             10 ;--------------------------------------------------------
                             11 	.globl _hero_sp_11
                             12 	.globl _hero_sp_10
                             13 	.globl _hero_sp_09
                             14 	.globl _hero_sp_08
                             15 	.globl _hero_sp_07
                             16 	.globl _hero_sp_06
                             17 	.globl _hero_sp_05
                             18 	.globl _hero_sp_04
                             19 	.globl _hero_sp_03
                             20 	.globl _hero_sp_02
                             21 	.globl _hero_sp_01
                             22 	.globl _hero_sp_00
                             23 	.globl _hero_pal
                             24 ;--------------------------------------------------------
                             25 ; special function registers
                             26 ;--------------------------------------------------------
                             27 ;--------------------------------------------------------
                             28 ; ram data
                             29 ;--------------------------------------------------------
                             30 	.area _DATA
                             31 ;--------------------------------------------------------
                             32 ; ram data
                             33 ;--------------------------------------------------------
                             34 	.area _INITIALIZED
                             35 ;--------------------------------------------------------
                             36 ; absolute external ram data
                             37 ;--------------------------------------------------------
                             38 	.area _DABS (ABS)
                             39 ;--------------------------------------------------------
                             40 ; global & static initialisations
                             41 ;--------------------------------------------------------
                             42 	.area _HOME
                             43 	.area _GSINIT
                             44 	.area _GSFINAL
                             45 	.area _GSINIT
                             46 ;--------------------------------------------------------
                             47 ; Home
                             48 ;--------------------------------------------------------
                             49 	.area _HOME
                             50 	.area _HOME
                             51 ;--------------------------------------------------------
                             52 ; code
                             53 ;--------------------------------------------------------
                             54 	.area _CODE
                             55 	.area _CODE
   0000                      56 _hero_pal:
   0000 54                   57 	.db #0x54	; 84	'T'
   0001 44                   58 	.db #0x44	; 68	'D'
   0002 55                   59 	.db #0x55	; 85	'U'
   0003 5C                   60 	.db #0x5c	; 92
   0004 4C                   61 	.db #0x4c	; 76	'L'
   0005 56                   62 	.db #0x56	; 86	'V'
   0006 57                   63 	.db #0x57	; 87	'W'
   0007 5E                   64 	.db #0x5e	; 94
   0008 40                   65 	.db #0x40	; 64
   0009 4E                   66 	.db #0x4e	; 78	'N'
   000A 47                   67 	.db #0x47	; 71	'G'
   000B 52                   68 	.db #0x52	; 82	'R'
   000C 53                   69 	.db #0x53	; 83	'S'
   000D 4A                   70 	.db #0x4a	; 74	'J'
   000E 43                   71 	.db #0x43	; 67	'C'
   000F 4B                   72 	.db #0x4b	; 75	'K'
   0010                      73 _hero_sp_00:
   0010 00                   74 	.db #0x00	; 0
   0011 00                   75 	.db #0x00	; 0
   0012 00                   76 	.db #0x00	; 0
   0013 00                   77 	.db #0x00	; 0
   0014 00                   78 	.db #0x00	; 0
   0015 00                   79 	.db #0x00	; 0
   0016 00                   80 	.db #0x00	; 0
   0017 00                   81 	.db #0x00	; 0
   0018 00                   82 	.db #0x00	; 0
   0019 00                   83 	.db #0x00	; 0
   001A 00                   84 	.db #0x00	; 0
   001B 00                   85 	.db #0x00	; 0
   001C 00                   86 	.db #0x00	; 0
   001D 00                   87 	.db #0x00	; 0
   001E 00                   88 	.db #0x00	; 0
   001F 00                   89 	.db #0x00	; 0
   0020 00                   90 	.db #0x00	; 0
   0021 00                   91 	.db #0x00	; 0
   0022 00                   92 	.db #0x00	; 0
   0023 00                   93 	.db #0x00	; 0
   0024 00                   94 	.db #0x00	; 0
   0025 00                   95 	.db #0x00	; 0
   0026 00                   96 	.db #0x00	; 0
   0027 00                   97 	.db #0x00	; 0
   0028 00                   98 	.db #0x00	; 0
   0029 00                   99 	.db #0x00	; 0
   002A 00                  100 	.db #0x00	; 0
   002B 00                  101 	.db #0x00	; 0
   002C 00                  102 	.db #0x00	; 0
   002D 00                  103 	.db #0x00	; 0
   002E 00                  104 	.db #0x00	; 0
   002F 00                  105 	.db #0x00	; 0
   0030 00                  106 	.db #0x00	; 0
   0031 00                  107 	.db #0x00	; 0
   0032 00                  108 	.db #0x00	; 0
   0033 00                  109 	.db #0x00	; 0
   0034 00                  110 	.db #0x00	; 0
   0035 00                  111 	.db #0x00	; 0
   0036 00                  112 	.db #0x00	; 0
   0037 00                  113 	.db #0x00	; 0
   0038 00                  114 	.db #0x00	; 0
   0039 00                  115 	.db #0x00	; 0
   003A 50                  116 	.db #0x50	; 80	'P'
   003B F0                  117 	.db #0xf0	; 240
   003C F0                  118 	.db #0xf0	; 240
   003D 00                  119 	.db #0x00	; 0
   003E 00                  120 	.db #0x00	; 0
   003F 00                  121 	.db #0x00	; 0
   0040 00                  122 	.db #0x00	; 0
   0041 00                  123 	.db #0x00	; 0
   0042 F0                  124 	.db #0xf0	; 240
   0043 CF                  125 	.db #0xcf	; 207
   0044 DA                  126 	.db #0xda	; 218
   0045 A0                  127 	.db #0xa0	; 160
   0046 00                  128 	.db #0x00	; 0
   0047 00                  129 	.db #0x00	; 0
   0048 00                  130 	.db #0x00	; 0
   0049 50                  131 	.db #0x50	; 80	'P'
   004A B5                  132 	.db #0xb5	; 181
   004B 3F                  133 	.db #0x3f	; 63
   004C 6F                  134 	.db #0x6f	; 111	'o'
   004D 50                  135 	.db #0x50	; 80	'P'
   004E 00                  136 	.db #0x00	; 0
   004F 00                  137 	.db #0x00	; 0
   0050 00                  138 	.db #0x00	; 0
   0051 F0                  139 	.db #0xf0	; 240
   0052 3F                  140 	.db #0x3f	; 63
   0053 3F                  141 	.db #0x3f	; 63
   0054 3F                  142 	.db #0x3f	; 63
   0055 8A                  143 	.db #0x8a	; 138
   0056 A0                  144 	.db #0xa0	; 160
   0057 00                  145 	.db #0x00	; 0
   0058 50                  146 	.db #0x50	; 80	'P'
   0059 B5                  147 	.db #0xb5	; 181
   005A 3F                  148 	.db #0x3f	; 63
   005B 3F                  149 	.db #0x3f	; 63
   005C B5                  150 	.db #0xb5	; 181
   005D E5                  151 	.db #0xe5	; 229
   005E 50                  152 	.db #0x50	; 80	'P'
   005F 00                  153 	.db #0x00	; 0
   0060 50                  154 	.db #0x50	; 80	'P'
   0061 CF                  155 	.db #0xcf	; 207
   0062 9F                  156 	.db #0x9f	; 159
   0063 3F                  157 	.db #0x3f	; 63
   0064 B5                  158 	.db #0xb5	; 181
   0065 E5                  159 	.db #0xe5	; 229
   0066 8A                  160 	.db #0x8a	; 138
   0067 00                  161 	.db #0x00	; 0
   0068 50                  162 	.db #0x50	; 80	'P'
   0069 CF                  163 	.db #0xcf	; 207
   006A CF                  164 	.db #0xcf	; 207
   006B CF                  165 	.db #0xcf	; 207
   006C E5                  166 	.db #0xe5	; 229
   006D E5                  167 	.db #0xe5	; 229
   006E DA                  168 	.db #0xda	; 218
   006F 00                  169 	.db #0x00	; 0
   0070 50                  170 	.db #0x50	; 80	'P'
   0071 CF                  171 	.db #0xcf	; 207
   0072 CF                  172 	.db #0xcf	; 207
   0073 CF                  173 	.db #0xcf	; 207
   0074 CF                  174 	.db #0xcf	; 207
   0075 CF                  175 	.db #0xcf	; 207
   0076 DA                  176 	.db #0xda	; 218
   0077 00                  177 	.db #0x00	; 0
   0078 50                  178 	.db #0x50	; 80	'P'
   0079 CF                  179 	.db #0xcf	; 207
   007A CF                  180 	.db #0xcf	; 207
   007B CF                  181 	.db #0xcf	; 207
   007C CF                  182 	.db #0xcf	; 207
   007D CF                  183 	.db #0xcf	; 207
   007E DA                  184 	.db #0xda	; 218
   007F 00                  185 	.db #0x00	; 0
   0080 50                  186 	.db #0x50	; 80	'P'
   0081 E5                  187 	.db #0xe5	; 229
   0082 CF                  188 	.db #0xcf	; 207
   0083 CF                  189 	.db #0xcf	; 207
   0084 CF                  190 	.db #0xcf	; 207
   0085 CF                  191 	.db #0xcf	; 207
   0086 F0                  192 	.db #0xf0	; 240
   0087 00                  193 	.db #0x00	; 0
   0088 00                  194 	.db #0x00	; 0
   0089 F0                  195 	.db #0xf0	; 240
   008A F0                  196 	.db #0xf0	; 240
   008B F0                  197 	.db #0xf0	; 240
   008C F0                  198 	.db #0xf0	; 240
   008D F0                  199 	.db #0xf0	; 240
   008E A0                  200 	.db #0xa0	; 160
   008F 00                  201 	.db #0x00	; 0
   0090                     202 _hero_sp_01:
   0090 00                  203 	.db #0x00	; 0
   0091 00                  204 	.db #0x00	; 0
   0092 00                  205 	.db #0x00	; 0
   0093 00                  206 	.db #0x00	; 0
   0094 00                  207 	.db #0x00	; 0
   0095 00                  208 	.db #0x00	; 0
   0096 00                  209 	.db #0x00	; 0
   0097 00                  210 	.db #0x00	; 0
   0098 00                  211 	.db #0x00	; 0
   0099 00                  212 	.db #0x00	; 0
   009A 00                  213 	.db #0x00	; 0
   009B 00                  214 	.db #0x00	; 0
   009C 00                  215 	.db #0x00	; 0
   009D 00                  216 	.db #0x00	; 0
   009E 00                  217 	.db #0x00	; 0
   009F 00                  218 	.db #0x00	; 0
   00A0 00                  219 	.db #0x00	; 0
   00A1 00                  220 	.db #0x00	; 0
   00A2 00                  221 	.db #0x00	; 0
   00A3 00                  222 	.db #0x00	; 0
   00A4 00                  223 	.db #0x00	; 0
   00A5 00                  224 	.db #0x00	; 0
   00A6 00                  225 	.db #0x00	; 0
   00A7 00                  226 	.db #0x00	; 0
   00A8 00                  227 	.db #0x00	; 0
   00A9 00                  228 	.db #0x00	; 0
   00AA 00                  229 	.db #0x00	; 0
   00AB 00                  230 	.db #0x00	; 0
   00AC 00                  231 	.db #0x00	; 0
   00AD 00                  232 	.db #0x00	; 0
   00AE 00                  233 	.db #0x00	; 0
   00AF 00                  234 	.db #0x00	; 0
   00B0 00                  235 	.db #0x00	; 0
   00B1 00                  236 	.db #0x00	; 0
   00B2 00                  237 	.db #0x00	; 0
   00B3 00                  238 	.db #0x00	; 0
   00B4 00                  239 	.db #0x00	; 0
   00B5 00                  240 	.db #0x00	; 0
   00B6 00                  241 	.db #0x00	; 0
   00B7 00                  242 	.db #0x00	; 0
   00B8 00                  243 	.db #0x00	; 0
   00B9 00                  244 	.db #0x00	; 0
   00BA 00                  245 	.db #0x00	; 0
   00BB 00                  246 	.db #0x00	; 0
   00BC 00                  247 	.db #0x00	; 0
   00BD 00                  248 	.db #0x00	; 0
   00BE 00                  249 	.db #0x00	; 0
   00BF 00                  250 	.db #0x00	; 0
   00C0 00                  251 	.db #0x00	; 0
   00C1 00                  252 	.db #0x00	; 0
   00C2 00                  253 	.db #0x00	; 0
   00C3 00                  254 	.db #0x00	; 0
   00C4 00                  255 	.db #0x00	; 0
   00C5 00                  256 	.db #0x00	; 0
   00C6 00                  257 	.db #0x00	; 0
   00C7 00                  258 	.db #0x00	; 0
   00C8 00                  259 	.db #0x00	; 0
   00C9 00                  260 	.db #0x00	; 0
   00CA 00                  261 	.db #0x00	; 0
   00CB 00                  262 	.db #0x00	; 0
   00CC 00                  263 	.db #0x00	; 0
   00CD 00                  264 	.db #0x00	; 0
   00CE 00                  265 	.db #0x00	; 0
   00CF 00                  266 	.db #0x00	; 0
   00D0 00                  267 	.db #0x00	; 0
   00D1 00                  268 	.db #0x00	; 0
   00D2 F0                  269 	.db #0xf0	; 240
   00D3 F0                  270 	.db #0xf0	; 240
   00D4 F0                  271 	.db #0xf0	; 240
   00D5 A0                  272 	.db #0xa0	; 160
   00D6 00                  273 	.db #0x00	; 0
   00D7 00                  274 	.db #0x00	; 0
   00D8 00                  275 	.db #0x00	; 0
   00D9 50                  276 	.db #0x50	; 80	'P'
   00DA E5                  277 	.db #0xe5	; 229
   00DB CF                  278 	.db #0xcf	; 207
   00DC CF                  279 	.db #0xcf	; 207
   00DD F0                  280 	.db #0xf0	; 240
   00DE 00                  281 	.db #0x00	; 0
   00DF 00                  282 	.db #0x00	; 0
   00E0 00                  283 	.db #0x00	; 0
   00E1 F0                  284 	.db #0xf0	; 240
   00E2 3F                  285 	.db #0x3f	; 63
   00E3 3F                  286 	.db #0x3f	; 63
   00E4 3F                  287 	.db #0x3f	; 63
   00E5 DA                  288 	.db #0xda	; 218
   00E6 A0                  289 	.db #0xa0	; 160
   00E7 00                  290 	.db #0x00	; 0
   00E8 50                  291 	.db #0x50	; 80	'P'
   00E9 E5                  292 	.db #0xe5	; 229
   00EA 3F                  293 	.db #0x3f	; 63
   00EB 3F                  294 	.db #0x3f	; 63
   00EC B5                  295 	.db #0xb5	; 181
   00ED E5                  296 	.db #0xe5	; 229
   00EE F0                  297 	.db #0xf0	; 240
   00EF 00                  298 	.db #0x00	; 0
   00F0 50                  299 	.db #0x50	; 80	'P'
   00F1 CF                  300 	.db #0xcf	; 207
   00F2 CF                  301 	.db #0xcf	; 207
   00F3 3F                  302 	.db #0x3f	; 63
   00F4 B5                  303 	.db #0xb5	; 181
   00F5 E5                  304 	.db #0xe5	; 229
   00F6 DA                  305 	.db #0xda	; 218
   00F7 00                  306 	.db #0x00	; 0
   00F8 50                  307 	.db #0x50	; 80	'P'
   00F9 CF                  308 	.db #0xcf	; 207
   00FA CF                  309 	.db #0xcf	; 207
   00FB CF                  310 	.db #0xcf	; 207
   00FC E5                  311 	.db #0xe5	; 229
   00FD E5                  312 	.db #0xe5	; 229
   00FE DA                  313 	.db #0xda	; 218
   00FF 00                  314 	.db #0x00	; 0
   0100 50                  315 	.db #0x50	; 80	'P'
   0101 E5                  316 	.db #0xe5	; 229
   0102 CF                  317 	.db #0xcf	; 207
   0103 CF                  318 	.db #0xcf	; 207
   0104 CF                  319 	.db #0xcf	; 207
   0105 CF                  320 	.db #0xcf	; 207
   0106 F0                  321 	.db #0xf0	; 240
   0107 00                  322 	.db #0x00	; 0
   0108 00                  323 	.db #0x00	; 0
   0109 F0                  324 	.db #0xf0	; 240
   010A F0                  325 	.db #0xf0	; 240
   010B F0                  326 	.db #0xf0	; 240
   010C F0                  327 	.db #0xf0	; 240
   010D F0                  328 	.db #0xf0	; 240
   010E A0                  329 	.db #0xa0	; 160
   010F 00                  330 	.db #0x00	; 0
   0110                     331 _hero_sp_02:
   0110 00                  332 	.db #0x00	; 0
   0111 00                  333 	.db #0x00	; 0
   0112 00                  334 	.db #0x00	; 0
   0113 00                  335 	.db #0x00	; 0
   0114 00                  336 	.db #0x00	; 0
   0115 00                  337 	.db #0x00	; 0
   0116 00                  338 	.db #0x00	; 0
   0117 00                  339 	.db #0x00	; 0
   0118 00                  340 	.db #0x00	; 0
   0119 00                  341 	.db #0x00	; 0
   011A 00                  342 	.db #0x00	; 0
   011B 00                  343 	.db #0x00	; 0
   011C 00                  344 	.db #0x00	; 0
   011D 00                  345 	.db #0x00	; 0
   011E 00                  346 	.db #0x00	; 0
   011F 00                  347 	.db #0x00	; 0
   0120 00                  348 	.db #0x00	; 0
   0121 00                  349 	.db #0x00	; 0
   0122 00                  350 	.db #0x00	; 0
   0123 00                  351 	.db #0x00	; 0
   0124 00                  352 	.db #0x00	; 0
   0125 00                  353 	.db #0x00	; 0
   0126 00                  354 	.db #0x00	; 0
   0127 00                  355 	.db #0x00	; 0
   0128 00                  356 	.db #0x00	; 0
   0129 00                  357 	.db #0x00	; 0
   012A 50                  358 	.db #0x50	; 80	'P'
   012B F0                  359 	.db #0xf0	; 240
   012C F0                  360 	.db #0xf0	; 240
   012D 00                  361 	.db #0x00	; 0
   012E 00                  362 	.db #0x00	; 0
   012F 00                  363 	.db #0x00	; 0
   0130 00                  364 	.db #0x00	; 0
   0131 00                  365 	.db #0x00	; 0
   0132 F0                  366 	.db #0xf0	; 240
   0133 CF                  367 	.db #0xcf	; 207
   0134 DA                  368 	.db #0xda	; 218
   0135 A0                  369 	.db #0xa0	; 160
   0136 00                  370 	.db #0x00	; 0
   0137 00                  371 	.db #0x00	; 0
   0138 00                  372 	.db #0x00	; 0
   0139 50                  373 	.db #0x50	; 80	'P'
   013A B5                  374 	.db #0xb5	; 181
   013B 3F                  375 	.db #0x3f	; 63
   013C 6F                  376 	.db #0x6f	; 111	'o'
   013D F0                  377 	.db #0xf0	; 240
   013E 00                  378 	.db #0x00	; 0
   013F 00                  379 	.db #0x00	; 0
   0140 00                  380 	.db #0x00	; 0
   0141 F0                  381 	.db #0xf0	; 240
   0142 3F                  382 	.db #0x3f	; 63
   0143 3F                  383 	.db #0x3f	; 63
   0144 3F                  384 	.db #0x3f	; 63
   0145 DA                  385 	.db #0xda	; 218
   0146 A0                  386 	.db #0xa0	; 160
   0147 00                  387 	.db #0x00	; 0
   0148 50                  388 	.db #0x50	; 80	'P'
   0149 B5                  389 	.db #0xb5	; 181
   014A 3F                  390 	.db #0x3f	; 63
   014B 3F                  391 	.db #0x3f	; 63
   014C B5                  392 	.db #0xb5	; 181
   014D E5                  393 	.db #0xe5	; 229
   014E F0                  394 	.db #0xf0	; 240
   014F 00                  395 	.db #0x00	; 0
   0150 50                  396 	.db #0x50	; 80	'P'
   0151 CF                  397 	.db #0xcf	; 207
   0152 9F                  398 	.db #0x9f	; 159
   0153 3F                  399 	.db #0x3f	; 63
   0154 B5                  400 	.db #0xb5	; 181
   0155 E5                  401 	.db #0xe5	; 229
   0156 DA                  402 	.db #0xda	; 218
   0157 00                  403 	.db #0x00	; 0
   0158 50                  404 	.db #0x50	; 80	'P'
   0159 CF                  405 	.db #0xcf	; 207
   015A CF                  406 	.db #0xcf	; 207
   015B CF                  407 	.db #0xcf	; 207
   015C E5                  408 	.db #0xe5	; 229
   015D E5                  409 	.db #0xe5	; 229
   015E DA                  410 	.db #0xda	; 218
   015F 00                  411 	.db #0x00	; 0
   0160 50                  412 	.db #0x50	; 80	'P'
   0161 CF                  413 	.db #0xcf	; 207
   0162 CF                  414 	.db #0xcf	; 207
   0163 CF                  415 	.db #0xcf	; 207
   0164 CF                  416 	.db #0xcf	; 207
   0165 CF                  417 	.db #0xcf	; 207
   0166 DA                  418 	.db #0xda	; 218
   0167 00                  419 	.db #0x00	; 0
   0168 50                  420 	.db #0x50	; 80	'P'
   0169 CF                  421 	.db #0xcf	; 207
   016A CF                  422 	.db #0xcf	; 207
   016B CF                  423 	.db #0xcf	; 207
   016C CF                  424 	.db #0xcf	; 207
   016D CF                  425 	.db #0xcf	; 207
   016E DA                  426 	.db #0xda	; 218
   016F 00                  427 	.db #0x00	; 0
   0170 50                  428 	.db #0x50	; 80	'P'
   0171 CF                  429 	.db #0xcf	; 207
   0172 CF                  430 	.db #0xcf	; 207
   0173 CF                  431 	.db #0xcf	; 207
   0174 CF                  432 	.db #0xcf	; 207
   0175 CF                  433 	.db #0xcf	; 207
   0176 DA                  434 	.db #0xda	; 218
   0177 00                  435 	.db #0x00	; 0
   0178 50                  436 	.db #0x50	; 80	'P'
   0179 CF                  437 	.db #0xcf	; 207
   017A CF                  438 	.db #0xcf	; 207
   017B CF                  439 	.db #0xcf	; 207
   017C CF                  440 	.db #0xcf	; 207
   017D CF                  441 	.db #0xcf	; 207
   017E DA                  442 	.db #0xda	; 218
   017F 00                  443 	.db #0x00	; 0
   0180 50                  444 	.db #0x50	; 80	'P'
   0181 E5                  445 	.db #0xe5	; 229
   0182 CF                  446 	.db #0xcf	; 207
   0183 CF                  447 	.db #0xcf	; 207
   0184 CF                  448 	.db #0xcf	; 207
   0185 CF                  449 	.db #0xcf	; 207
   0186 F0                  450 	.db #0xf0	; 240
   0187 00                  451 	.db #0x00	; 0
   0188 00                  452 	.db #0x00	; 0
   0189 F0                  453 	.db #0xf0	; 240
   018A F0                  454 	.db #0xf0	; 240
   018B F0                  455 	.db #0xf0	; 240
   018C F0                  456 	.db #0xf0	; 240
   018D F0                  457 	.db #0xf0	; 240
   018E A0                  458 	.db #0xa0	; 160
   018F 00                  459 	.db #0x00	; 0
   0190                     460 _hero_sp_03:
   0190 00                  461 	.db #0x00	; 0
   0191 00                  462 	.db #0x00	; 0
   0192 00                  463 	.db #0x00	; 0
   0193 F0                  464 	.db #0xf0	; 240
   0194 A0                  465 	.db #0xa0	; 160
   0195 00                  466 	.db #0x00	; 0
   0196 00                  467 	.db #0x00	; 0
   0197 00                  468 	.db #0x00	; 0
   0198 00                  469 	.db #0x00	; 0
   0199 00                  470 	.db #0x00	; 0
   019A 50                  471 	.db #0x50	; 80	'P'
   019B E5                  472 	.db #0xe5	; 229
   019C F0                  473 	.db #0xf0	; 240
   019D 00                  474 	.db #0x00	; 0
   019E 00                  475 	.db #0x00	; 0
   019F 00                  476 	.db #0x00	; 0
   01A0 00                  477 	.db #0x00	; 0
   01A1 00                  478 	.db #0x00	; 0
   01A2 F0                  479 	.db #0xf0	; 240
   01A3 CF                  480 	.db #0xcf	; 207
   01A4 DA                  481 	.db #0xda	; 218
   01A5 A0                  482 	.db #0xa0	; 160
   01A6 00                  483 	.db #0x00	; 0
   01A7 00                  484 	.db #0x00	; 0
   01A8 00                  485 	.db #0x00	; 0
   01A9 50                  486 	.db #0x50	; 80	'P'
   01AA B5                  487 	.db #0xb5	; 181
   01AB 3F                  488 	.db #0x3f	; 63
   01AC 6F                  489 	.db #0x6f	; 111	'o'
   01AD F0                  490 	.db #0xf0	; 240
   01AE 00                  491 	.db #0x00	; 0
   01AF 00                  492 	.db #0x00	; 0
   01B0 00                  493 	.db #0x00	; 0
   01B1 F0                  494 	.db #0xf0	; 240
   01B2 3F                  495 	.db #0x3f	; 63
   01B3 3F                  496 	.db #0x3f	; 63
   01B4 3F                  497 	.db #0x3f	; 63
   01B5 DA                  498 	.db #0xda	; 218
   01B6 A0                  499 	.db #0xa0	; 160
   01B7 00                  500 	.db #0x00	; 0
   01B8 50                  501 	.db #0x50	; 80	'P'
   01B9 B5                  502 	.db #0xb5	; 181
   01BA 3F                  503 	.db #0x3f	; 63
   01BB 3F                  504 	.db #0x3f	; 63
   01BC B5                  505 	.db #0xb5	; 181
   01BD E5                  506 	.db #0xe5	; 229
   01BE F0                  507 	.db #0xf0	; 240
   01BF 00                  508 	.db #0x00	; 0
   01C0 50                  509 	.db #0x50	; 80	'P'
   01C1 CF                  510 	.db #0xcf	; 207
   01C2 9F                  511 	.db #0x9f	; 159
   01C3 3F                  512 	.db #0x3f	; 63
   01C4 B5                  513 	.db #0xb5	; 181
   01C5 E5                  514 	.db #0xe5	; 229
   01C6 DA                  515 	.db #0xda	; 218
   01C7 00                  516 	.db #0x00	; 0
   01C8 50                  517 	.db #0x50	; 80	'P'
   01C9 CF                  518 	.db #0xcf	; 207
   01CA CF                  519 	.db #0xcf	; 207
   01CB CF                  520 	.db #0xcf	; 207
   01CC E5                  521 	.db #0xe5	; 229
   01CD E5                  522 	.db #0xe5	; 229
   01CE DA                  523 	.db #0xda	; 218
   01CF 00                  524 	.db #0x00	; 0
   01D0 50                  525 	.db #0x50	; 80	'P'
   01D1 CF                  526 	.db #0xcf	; 207
   01D2 CF                  527 	.db #0xcf	; 207
   01D3 CF                  528 	.db #0xcf	; 207
   01D4 CF                  529 	.db #0xcf	; 207
   01D5 CF                  530 	.db #0xcf	; 207
   01D6 DA                  531 	.db #0xda	; 218
   01D7 00                  532 	.db #0x00	; 0
   01D8 50                  533 	.db #0x50	; 80	'P'
   01D9 CF                  534 	.db #0xcf	; 207
   01DA CF                  535 	.db #0xcf	; 207
   01DB CF                  536 	.db #0xcf	; 207
   01DC CF                  537 	.db #0xcf	; 207
   01DD CF                  538 	.db #0xcf	; 207
   01DE DA                  539 	.db #0xda	; 218
   01DF 00                  540 	.db #0x00	; 0
   01E0 50                  541 	.db #0x50	; 80	'P'
   01E1 CF                  542 	.db #0xcf	; 207
   01E2 CF                  543 	.db #0xcf	; 207
   01E3 CF                  544 	.db #0xcf	; 207
   01E4 CF                  545 	.db #0xcf	; 207
   01E5 CF                  546 	.db #0xcf	; 207
   01E6 DA                  547 	.db #0xda	; 218
   01E7 00                  548 	.db #0x00	; 0
   01E8 50                  549 	.db #0x50	; 80	'P'
   01E9 CF                  550 	.db #0xcf	; 207
   01EA CF                  551 	.db #0xcf	; 207
   01EB CF                  552 	.db #0xcf	; 207
   01EC CF                  553 	.db #0xcf	; 207
   01ED CF                  554 	.db #0xcf	; 207
   01EE DA                  555 	.db #0xda	; 218
   01EF 00                  556 	.db #0x00	; 0
   01F0 50                  557 	.db #0x50	; 80	'P'
   01F1 CF                  558 	.db #0xcf	; 207
   01F2 CF                  559 	.db #0xcf	; 207
   01F3 CF                  560 	.db #0xcf	; 207
   01F4 CF                  561 	.db #0xcf	; 207
   01F5 CF                  562 	.db #0xcf	; 207
   01F6 DA                  563 	.db #0xda	; 218
   01F7 00                  564 	.db #0x00	; 0
   01F8 50                  565 	.db #0x50	; 80	'P'
   01F9 CF                  566 	.db #0xcf	; 207
   01FA CF                  567 	.db #0xcf	; 207
   01FB CF                  568 	.db #0xcf	; 207
   01FC CF                  569 	.db #0xcf	; 207
   01FD CF                  570 	.db #0xcf	; 207
   01FE DA                  571 	.db #0xda	; 218
   01FF 00                  572 	.db #0x00	; 0
   0200 50                  573 	.db #0x50	; 80	'P'
   0201 E5                  574 	.db #0xe5	; 229
   0202 CF                  575 	.db #0xcf	; 207
   0203 CF                  576 	.db #0xcf	; 207
   0204 CF                  577 	.db #0xcf	; 207
   0205 CF                  578 	.db #0xcf	; 207
   0206 F0                  579 	.db #0xf0	; 240
   0207 00                  580 	.db #0x00	; 0
   0208 00                  581 	.db #0x00	; 0
   0209 F0                  582 	.db #0xf0	; 240
   020A F0                  583 	.db #0xf0	; 240
   020B F0                  584 	.db #0xf0	; 240
   020C F0                  585 	.db #0xf0	; 240
   020D F0                  586 	.db #0xf0	; 240
   020E A0                  587 	.db #0xa0	; 160
   020F 00                  588 	.db #0x00	; 0
   0210                     589 _hero_sp_04:
   0210 00                  590 	.db #0x00	; 0
   0211 F0                  591 	.db #0xf0	; 240
   0212 F0                  592 	.db #0xf0	; 240
   0213 F0                  593 	.db #0xf0	; 240
   0214 F0                  594 	.db #0xf0	; 240
   0215 F0                  595 	.db #0xf0	; 240
   0216 A0                  596 	.db #0xa0	; 160
   0217 00                  597 	.db #0x00	; 0
   0218 50                  598 	.db #0x50	; 80	'P'
   0219 E5                  599 	.db #0xe5	; 229
   021A CF                  600 	.db #0xcf	; 207
   021B CF                  601 	.db #0xcf	; 207
   021C CF                  602 	.db #0xcf	; 207
   021D CF                  603 	.db #0xcf	; 207
   021E F0                  604 	.db #0xf0	; 240
   021F 00                  605 	.db #0x00	; 0
   0220 50                  606 	.db #0x50	; 80	'P'
   0221 CF                  607 	.db #0xcf	; 207
   0222 CF                  608 	.db #0xcf	; 207
   0223 CF                  609 	.db #0xcf	; 207
   0224 CF                  610 	.db #0xcf	; 207
   0225 CF                  611 	.db #0xcf	; 207
   0226 DA                  612 	.db #0xda	; 218
   0227 00                  613 	.db #0x00	; 0
   0228 50                  614 	.db #0x50	; 80	'P'
   0229 CF                  615 	.db #0xcf	; 207
   022A CF                  616 	.db #0xcf	; 207
   022B CF                  617 	.db #0xcf	; 207
   022C CF                  618 	.db #0xcf	; 207
   022D CF                  619 	.db #0xcf	; 207
   022E DA                  620 	.db #0xda	; 218
   022F 00                  621 	.db #0x00	; 0
   0230 50                  622 	.db #0x50	; 80	'P'
   0231 CF                  623 	.db #0xcf	; 207
   0232 CF                  624 	.db #0xcf	; 207
   0233 CF                  625 	.db #0xcf	; 207
   0234 E5                  626 	.db #0xe5	; 229
   0235 E5                  627 	.db #0xe5	; 229
   0236 DA                  628 	.db #0xda	; 218
   0237 00                  629 	.db #0x00	; 0
   0238 50                  630 	.db #0x50	; 80	'P'
   0239 CF                  631 	.db #0xcf	; 207
   023A 9F                  632 	.db #0x9f	; 159
   023B 3F                  633 	.db #0x3f	; 63
   023C B5                  634 	.db #0xb5	; 181
   023D E5                  635 	.db #0xe5	; 229
   023E 8A                  636 	.db #0x8a	; 138
   023F 00                  637 	.db #0x00	; 0
   0240 50                  638 	.db #0x50	; 80	'P'
   0241 B5                  639 	.db #0xb5	; 181
   0242 3F                  640 	.db #0x3f	; 63
   0243 3F                  641 	.db #0x3f	; 63
   0244 B5                  642 	.db #0xb5	; 181
   0245 E5                  643 	.db #0xe5	; 229
   0246 50                  644 	.db #0x50	; 80	'P'
   0247 00                  645 	.db #0x00	; 0
   0248 00                  646 	.db #0x00	; 0
   0249 F0                  647 	.db #0xf0	; 240
   024A 3F                  648 	.db #0x3f	; 63
   024B 3F                  649 	.db #0x3f	; 63
   024C 3F                  650 	.db #0x3f	; 63
   024D 8A                  651 	.db #0x8a	; 138
   024E A0                  652 	.db #0xa0	; 160
   024F 00                  653 	.db #0x00	; 0
   0250 00                  654 	.db #0x00	; 0
   0251 50                  655 	.db #0x50	; 80	'P'
   0252 B5                  656 	.db #0xb5	; 181
   0253 3F                  657 	.db #0x3f	; 63
   0254 6F                  658 	.db #0x6f	; 111	'o'
   0255 50                  659 	.db #0x50	; 80	'P'
   0256 00                  660 	.db #0x00	; 0
   0257 00                  661 	.db #0x00	; 0
   0258 00                  662 	.db #0x00	; 0
   0259 00                  663 	.db #0x00	; 0
   025A F0                  664 	.db #0xf0	; 240
   025B CF                  665 	.db #0xcf	; 207
   025C DA                  666 	.db #0xda	; 218
   025D A0                  667 	.db #0xa0	; 160
   025E 00                  668 	.db #0x00	; 0
   025F 00                  669 	.db #0x00	; 0
   0260 00                  670 	.db #0x00	; 0
   0261 00                  671 	.db #0x00	; 0
   0262 50                  672 	.db #0x50	; 80	'P'
   0263 F0                  673 	.db #0xf0	; 240
   0264 F0                  674 	.db #0xf0	; 240
   0265 00                  675 	.db #0x00	; 0
   0266 00                  676 	.db #0x00	; 0
   0267 00                  677 	.db #0x00	; 0
   0268 00                  678 	.db #0x00	; 0
   0269 00                  679 	.db #0x00	; 0
   026A 00                  680 	.db #0x00	; 0
   026B 00                  681 	.db #0x00	; 0
   026C 00                  682 	.db #0x00	; 0
   026D 00                  683 	.db #0x00	; 0
   026E 00                  684 	.db #0x00	; 0
   026F 00                  685 	.db #0x00	; 0
   0270 00                  686 	.db #0x00	; 0
   0271 00                  687 	.db #0x00	; 0
   0272 00                  688 	.db #0x00	; 0
   0273 00                  689 	.db #0x00	; 0
   0274 00                  690 	.db #0x00	; 0
   0275 00                  691 	.db #0x00	; 0
   0276 00                  692 	.db #0x00	; 0
   0277 00                  693 	.db #0x00	; 0
   0278 00                  694 	.db #0x00	; 0
   0279 00                  695 	.db #0x00	; 0
   027A 00                  696 	.db #0x00	; 0
   027B 00                  697 	.db #0x00	; 0
   027C 00                  698 	.db #0x00	; 0
   027D 00                  699 	.db #0x00	; 0
   027E 00                  700 	.db #0x00	; 0
   027F 00                  701 	.db #0x00	; 0
   0280 00                  702 	.db #0x00	; 0
   0281 00                  703 	.db #0x00	; 0
   0282 00                  704 	.db #0x00	; 0
   0283 00                  705 	.db #0x00	; 0
   0284 00                  706 	.db #0x00	; 0
   0285 00                  707 	.db #0x00	; 0
   0286 00                  708 	.db #0x00	; 0
   0287 00                  709 	.db #0x00	; 0
   0288 00                  710 	.db #0x00	; 0
   0289 00                  711 	.db #0x00	; 0
   028A 00                  712 	.db #0x00	; 0
   028B 00                  713 	.db #0x00	; 0
   028C 00                  714 	.db #0x00	; 0
   028D 00                  715 	.db #0x00	; 0
   028E 00                  716 	.db #0x00	; 0
   028F 00                  717 	.db #0x00	; 0
   0290                     718 _hero_sp_05:
   0290 00                  719 	.db #0x00	; 0
   0291 F0                  720 	.db #0xf0	; 240
   0292 F0                  721 	.db #0xf0	; 240
   0293 F0                  722 	.db #0xf0	; 240
   0294 F0                  723 	.db #0xf0	; 240
   0295 F0                  724 	.db #0xf0	; 240
   0296 A0                  725 	.db #0xa0	; 160
   0297 00                  726 	.db #0x00	; 0
   0298 50                  727 	.db #0x50	; 80	'P'
   0299 E5                  728 	.db #0xe5	; 229
   029A CF                  729 	.db #0xcf	; 207
   029B CF                  730 	.db #0xcf	; 207
   029C CF                  731 	.db #0xcf	; 207
   029D CF                  732 	.db #0xcf	; 207
   029E F0                  733 	.db #0xf0	; 240
   029F 00                  734 	.db #0x00	; 0
   02A0 50                  735 	.db #0x50	; 80	'P'
   02A1 CF                  736 	.db #0xcf	; 207
   02A2 CF                  737 	.db #0xcf	; 207
   02A3 CF                  738 	.db #0xcf	; 207
   02A4 E5                  739 	.db #0xe5	; 229
   02A5 E5                  740 	.db #0xe5	; 229
   02A6 DA                  741 	.db #0xda	; 218
   02A7 00                  742 	.db #0x00	; 0
   02A8 50                  743 	.db #0x50	; 80	'P'
   02A9 CF                  744 	.db #0xcf	; 207
   02AA CF                  745 	.db #0xcf	; 207
   02AB 3F                  746 	.db #0x3f	; 63
   02AC B5                  747 	.db #0xb5	; 181
   02AD E5                  748 	.db #0xe5	; 229
   02AE DA                  749 	.db #0xda	; 218
   02AF 00                  750 	.db #0x00	; 0
   02B0 50                  751 	.db #0x50	; 80	'P'
   02B1 E5                  752 	.db #0xe5	; 229
   02B2 3F                  753 	.db #0x3f	; 63
   02B3 3F                  754 	.db #0x3f	; 63
   02B4 B5                  755 	.db #0xb5	; 181
   02B5 E5                  756 	.db #0xe5	; 229
   02B6 F0                  757 	.db #0xf0	; 240
   02B7 00                  758 	.db #0x00	; 0
   02B8 00                  759 	.db #0x00	; 0
   02B9 F0                  760 	.db #0xf0	; 240
   02BA 3F                  761 	.db #0x3f	; 63
   02BB 3F                  762 	.db #0x3f	; 63
   02BC 3F                  763 	.db #0x3f	; 63
   02BD DA                  764 	.db #0xda	; 218
   02BE A0                  765 	.db #0xa0	; 160
   02BF 00                  766 	.db #0x00	; 0
   02C0 00                  767 	.db #0x00	; 0
   02C1 50                  768 	.db #0x50	; 80	'P'
   02C2 E5                  769 	.db #0xe5	; 229
   02C3 CF                  770 	.db #0xcf	; 207
   02C4 CF                  771 	.db #0xcf	; 207
   02C5 F0                  772 	.db #0xf0	; 240
   02C6 00                  773 	.db #0x00	; 0
   02C7 00                  774 	.db #0x00	; 0
   02C8 00                  775 	.db #0x00	; 0
   02C9 00                  776 	.db #0x00	; 0
   02CA F0                  777 	.db #0xf0	; 240
   02CB F0                  778 	.db #0xf0	; 240
   02CC F0                  779 	.db #0xf0	; 240
   02CD A0                  780 	.db #0xa0	; 160
   02CE 00                  781 	.db #0x00	; 0
   02CF 00                  782 	.db #0x00	; 0
   02D0 00                  783 	.db #0x00	; 0
   02D1 00                  784 	.db #0x00	; 0
   02D2 00                  785 	.db #0x00	; 0
   02D3 00                  786 	.db #0x00	; 0
   02D4 00                  787 	.db #0x00	; 0
   02D5 00                  788 	.db #0x00	; 0
   02D6 00                  789 	.db #0x00	; 0
   02D7 00                  790 	.db #0x00	; 0
   02D8 00                  791 	.db #0x00	; 0
   02D9 00                  792 	.db #0x00	; 0
   02DA 00                  793 	.db #0x00	; 0
   02DB 00                  794 	.db #0x00	; 0
   02DC 00                  795 	.db #0x00	; 0
   02DD 00                  796 	.db #0x00	; 0
   02DE 00                  797 	.db #0x00	; 0
   02DF 00                  798 	.db #0x00	; 0
   02E0 00                  799 	.db #0x00	; 0
   02E1 00                  800 	.db #0x00	; 0
   02E2 00                  801 	.db #0x00	; 0
   02E3 00                  802 	.db #0x00	; 0
   02E4 00                  803 	.db #0x00	; 0
   02E5 00                  804 	.db #0x00	; 0
   02E6 00                  805 	.db #0x00	; 0
   02E7 00                  806 	.db #0x00	; 0
   02E8 00                  807 	.db #0x00	; 0
   02E9 00                  808 	.db #0x00	; 0
   02EA 00                  809 	.db #0x00	; 0
   02EB 00                  810 	.db #0x00	; 0
   02EC 00                  811 	.db #0x00	; 0
   02ED 00                  812 	.db #0x00	; 0
   02EE 00                  813 	.db #0x00	; 0
   02EF 00                  814 	.db #0x00	; 0
   02F0 00                  815 	.db #0x00	; 0
   02F1 00                  816 	.db #0x00	; 0
   02F2 00                  817 	.db #0x00	; 0
   02F3 00                  818 	.db #0x00	; 0
   02F4 00                  819 	.db #0x00	; 0
   02F5 00                  820 	.db #0x00	; 0
   02F6 00                  821 	.db #0x00	; 0
   02F7 00                  822 	.db #0x00	; 0
   02F8 00                  823 	.db #0x00	; 0
   02F9 00                  824 	.db #0x00	; 0
   02FA 00                  825 	.db #0x00	; 0
   02FB 00                  826 	.db #0x00	; 0
   02FC 00                  827 	.db #0x00	; 0
   02FD 00                  828 	.db #0x00	; 0
   02FE 00                  829 	.db #0x00	; 0
   02FF 00                  830 	.db #0x00	; 0
   0300 00                  831 	.db #0x00	; 0
   0301 00                  832 	.db #0x00	; 0
   0302 00                  833 	.db #0x00	; 0
   0303 00                  834 	.db #0x00	; 0
   0304 00                  835 	.db #0x00	; 0
   0305 00                  836 	.db #0x00	; 0
   0306 00                  837 	.db #0x00	; 0
   0307 00                  838 	.db #0x00	; 0
   0308 00                  839 	.db #0x00	; 0
   0309 00                  840 	.db #0x00	; 0
   030A 00                  841 	.db #0x00	; 0
   030B 00                  842 	.db #0x00	; 0
   030C 00                  843 	.db #0x00	; 0
   030D 00                  844 	.db #0x00	; 0
   030E 00                  845 	.db #0x00	; 0
   030F 00                  846 	.db #0x00	; 0
   0310                     847 _hero_sp_06:
   0310 00                  848 	.db #0x00	; 0
   0311 F0                  849 	.db #0xf0	; 240
   0312 F0                  850 	.db #0xf0	; 240
   0313 F0                  851 	.db #0xf0	; 240
   0314 F0                  852 	.db #0xf0	; 240
   0315 F0                  853 	.db #0xf0	; 240
   0316 A0                  854 	.db #0xa0	; 160
   0317 00                  855 	.db #0x00	; 0
   0318 50                  856 	.db #0x50	; 80	'P'
   0319 E5                  857 	.db #0xe5	; 229
   031A CF                  858 	.db #0xcf	; 207
   031B CF                  859 	.db #0xcf	; 207
   031C CF                  860 	.db #0xcf	; 207
   031D CF                  861 	.db #0xcf	; 207
   031E F0                  862 	.db #0xf0	; 240
   031F 00                  863 	.db #0x00	; 0
   0320 50                  864 	.db #0x50	; 80	'P'
   0321 CF                  865 	.db #0xcf	; 207
   0322 CF                  866 	.db #0xcf	; 207
   0323 CF                  867 	.db #0xcf	; 207
   0324 CF                  868 	.db #0xcf	; 207
   0325 CF                  869 	.db #0xcf	; 207
   0326 DA                  870 	.db #0xda	; 218
   0327 00                  871 	.db #0x00	; 0
   0328 50                  872 	.db #0x50	; 80	'P'
   0329 CF                  873 	.db #0xcf	; 207
   032A CF                  874 	.db #0xcf	; 207
   032B CF                  875 	.db #0xcf	; 207
   032C CF                  876 	.db #0xcf	; 207
   032D CF                  877 	.db #0xcf	; 207
   032E DA                  878 	.db #0xda	; 218
   032F 00                  879 	.db #0x00	; 0
   0330 50                  880 	.db #0x50	; 80	'P'
   0331 CF                  881 	.db #0xcf	; 207
   0332 CF                  882 	.db #0xcf	; 207
   0333 CF                  883 	.db #0xcf	; 207
   0334 CF                  884 	.db #0xcf	; 207
   0335 CF                  885 	.db #0xcf	; 207
   0336 DA                  886 	.db #0xda	; 218
   0337 00                  887 	.db #0x00	; 0
   0338 50                  888 	.db #0x50	; 80	'P'
   0339 CF                  889 	.db #0xcf	; 207
   033A CF                  890 	.db #0xcf	; 207
   033B CF                  891 	.db #0xcf	; 207
   033C CF                  892 	.db #0xcf	; 207
   033D CF                  893 	.db #0xcf	; 207
   033E DA                  894 	.db #0xda	; 218
   033F 00                  895 	.db #0x00	; 0
   0340 50                  896 	.db #0x50	; 80	'P'
   0341 CF                  897 	.db #0xcf	; 207
   0342 CF                  898 	.db #0xcf	; 207
   0343 CF                  899 	.db #0xcf	; 207
   0344 E5                  900 	.db #0xe5	; 229
   0345 E5                  901 	.db #0xe5	; 229
   0346 DA                  902 	.db #0xda	; 218
   0347 00                  903 	.db #0x00	; 0
   0348 50                  904 	.db #0x50	; 80	'P'
   0349 CF                  905 	.db #0xcf	; 207
   034A 9F                  906 	.db #0x9f	; 159
   034B 3F                  907 	.db #0x3f	; 63
   034C B5                  908 	.db #0xb5	; 181
   034D E5                  909 	.db #0xe5	; 229
   034E DA                  910 	.db #0xda	; 218
   034F 00                  911 	.db #0x00	; 0
   0350 50                  912 	.db #0x50	; 80	'P'
   0351 B5                  913 	.db #0xb5	; 181
   0352 3F                  914 	.db #0x3f	; 63
   0353 3F                  915 	.db #0x3f	; 63
   0354 B5                  916 	.db #0xb5	; 181
   0355 E5                  917 	.db #0xe5	; 229
   0356 F0                  918 	.db #0xf0	; 240
   0357 00                  919 	.db #0x00	; 0
   0358 00                  920 	.db #0x00	; 0
   0359 F0                  921 	.db #0xf0	; 240
   035A 3F                  922 	.db #0x3f	; 63
   035B 3F                  923 	.db #0x3f	; 63
   035C 3F                  924 	.db #0x3f	; 63
   035D DA                  925 	.db #0xda	; 218
   035E A0                  926 	.db #0xa0	; 160
   035F 00                  927 	.db #0x00	; 0
   0360 00                  928 	.db #0x00	; 0
   0361 50                  929 	.db #0x50	; 80	'P'
   0362 B5                  930 	.db #0xb5	; 181
   0363 3F                  931 	.db #0x3f	; 63
   0364 6F                  932 	.db #0x6f	; 111	'o'
   0365 F0                  933 	.db #0xf0	; 240
   0366 00                  934 	.db #0x00	; 0
   0367 00                  935 	.db #0x00	; 0
   0368 00                  936 	.db #0x00	; 0
   0369 00                  937 	.db #0x00	; 0
   036A F0                  938 	.db #0xf0	; 240
   036B CF                  939 	.db #0xcf	; 207
   036C DA                  940 	.db #0xda	; 218
   036D A0                  941 	.db #0xa0	; 160
   036E 00                  942 	.db #0x00	; 0
   036F 00                  943 	.db #0x00	; 0
   0370 00                  944 	.db #0x00	; 0
   0371 00                  945 	.db #0x00	; 0
   0372 50                  946 	.db #0x50	; 80	'P'
   0373 F0                  947 	.db #0xf0	; 240
   0374 F0                  948 	.db #0xf0	; 240
   0375 00                  949 	.db #0x00	; 0
   0376 00                  950 	.db #0x00	; 0
   0377 00                  951 	.db #0x00	; 0
   0378 00                  952 	.db #0x00	; 0
   0379 00                  953 	.db #0x00	; 0
   037A 00                  954 	.db #0x00	; 0
   037B 00                  955 	.db #0x00	; 0
   037C 00                  956 	.db #0x00	; 0
   037D 00                  957 	.db #0x00	; 0
   037E 00                  958 	.db #0x00	; 0
   037F 00                  959 	.db #0x00	; 0
   0380 00                  960 	.db #0x00	; 0
   0381 00                  961 	.db #0x00	; 0
   0382 00                  962 	.db #0x00	; 0
   0383 00                  963 	.db #0x00	; 0
   0384 00                  964 	.db #0x00	; 0
   0385 00                  965 	.db #0x00	; 0
   0386 00                  966 	.db #0x00	; 0
   0387 00                  967 	.db #0x00	; 0
   0388 00                  968 	.db #0x00	; 0
   0389 00                  969 	.db #0x00	; 0
   038A 00                  970 	.db #0x00	; 0
   038B 00                  971 	.db #0x00	; 0
   038C 00                  972 	.db #0x00	; 0
   038D 00                  973 	.db #0x00	; 0
   038E 00                  974 	.db #0x00	; 0
   038F 00                  975 	.db #0x00	; 0
   0390                     976 _hero_sp_07:
   0390 00                  977 	.db #0x00	; 0
   0391 F0                  978 	.db #0xf0	; 240
   0392 F0                  979 	.db #0xf0	; 240
   0393 F0                  980 	.db #0xf0	; 240
   0394 F0                  981 	.db #0xf0	; 240
   0395 F0                  982 	.db #0xf0	; 240
   0396 A0                  983 	.db #0xa0	; 160
   0397 00                  984 	.db #0x00	; 0
   0398 50                  985 	.db #0x50	; 80	'P'
   0399 E5                  986 	.db #0xe5	; 229
   039A CF                  987 	.db #0xcf	; 207
   039B CF                  988 	.db #0xcf	; 207
   039C CF                  989 	.db #0xcf	; 207
   039D CF                  990 	.db #0xcf	; 207
   039E F0                  991 	.db #0xf0	; 240
   039F 00                  992 	.db #0x00	; 0
   03A0 50                  993 	.db #0x50	; 80	'P'
   03A1 CF                  994 	.db #0xcf	; 207
   03A2 CF                  995 	.db #0xcf	; 207
   03A3 CF                  996 	.db #0xcf	; 207
   03A4 CF                  997 	.db #0xcf	; 207
   03A5 CF                  998 	.db #0xcf	; 207
   03A6 DA                  999 	.db #0xda	; 218
   03A7 00                 1000 	.db #0x00	; 0
   03A8 50                 1001 	.db #0x50	; 80	'P'
   03A9 CF                 1002 	.db #0xcf	; 207
   03AA CF                 1003 	.db #0xcf	; 207
   03AB CF                 1004 	.db #0xcf	; 207
   03AC CF                 1005 	.db #0xcf	; 207
   03AD CF                 1006 	.db #0xcf	; 207
   03AE DA                 1007 	.db #0xda	; 218
   03AF 00                 1008 	.db #0x00	; 0
   03B0 50                 1009 	.db #0x50	; 80	'P'
   03B1 CF                 1010 	.db #0xcf	; 207
   03B2 CF                 1011 	.db #0xcf	; 207
   03B3 CF                 1012 	.db #0xcf	; 207
   03B4 CF                 1013 	.db #0xcf	; 207
   03B5 CF                 1014 	.db #0xcf	; 207
   03B6 DA                 1015 	.db #0xda	; 218
   03B7 00                 1016 	.db #0x00	; 0
   03B8 50                 1017 	.db #0x50	; 80	'P'
   03B9 CF                 1018 	.db #0xcf	; 207
   03BA CF                 1019 	.db #0xcf	; 207
   03BB CF                 1020 	.db #0xcf	; 207
   03BC CF                 1021 	.db #0xcf	; 207
   03BD CF                 1022 	.db #0xcf	; 207
   03BE DA                 1023 	.db #0xda	; 218
   03BF 00                 1024 	.db #0x00	; 0
   03C0 50                 1025 	.db #0x50	; 80	'P'
   03C1 CF                 1026 	.db #0xcf	; 207
   03C2 CF                 1027 	.db #0xcf	; 207
   03C3 CF                 1028 	.db #0xcf	; 207
   03C4 CF                 1029 	.db #0xcf	; 207
   03C5 CF                 1030 	.db #0xcf	; 207
   03C6 DA                 1031 	.db #0xda	; 218
   03C7 00                 1032 	.db #0x00	; 0
   03C8 50                 1033 	.db #0x50	; 80	'P'
   03C9 CF                 1034 	.db #0xcf	; 207
   03CA CF                 1035 	.db #0xcf	; 207
   03CB CF                 1036 	.db #0xcf	; 207
   03CC CF                 1037 	.db #0xcf	; 207
   03CD CF                 1038 	.db #0xcf	; 207
   03CE DA                 1039 	.db #0xda	; 218
   03CF 00                 1040 	.db #0x00	; 0
   03D0 50                 1041 	.db #0x50	; 80	'P'
   03D1 CF                 1042 	.db #0xcf	; 207
   03D2 CF                 1043 	.db #0xcf	; 207
   03D3 CF                 1044 	.db #0xcf	; 207
   03D4 E5                 1045 	.db #0xe5	; 229
   03D5 E5                 1046 	.db #0xe5	; 229
   03D6 DA                 1047 	.db #0xda	; 218
   03D7 00                 1048 	.db #0x00	; 0
   03D8 50                 1049 	.db #0x50	; 80	'P'
   03D9 CF                 1050 	.db #0xcf	; 207
   03DA 9F                 1051 	.db #0x9f	; 159
   03DB 3F                 1052 	.db #0x3f	; 63
   03DC B5                 1053 	.db #0xb5	; 181
   03DD E5                 1054 	.db #0xe5	; 229
   03DE DA                 1055 	.db #0xda	; 218
   03DF 00                 1056 	.db #0x00	; 0
   03E0 50                 1057 	.db #0x50	; 80	'P'
   03E1 B5                 1058 	.db #0xb5	; 181
   03E2 3F                 1059 	.db #0x3f	; 63
   03E3 3F                 1060 	.db #0x3f	; 63
   03E4 B5                 1061 	.db #0xb5	; 181
   03E5 E5                 1062 	.db #0xe5	; 229
   03E6 F0                 1063 	.db #0xf0	; 240
   03E7 00                 1064 	.db #0x00	; 0
   03E8 00                 1065 	.db #0x00	; 0
   03E9 F0                 1066 	.db #0xf0	; 240
   03EA 3F                 1067 	.db #0x3f	; 63
   03EB 3F                 1068 	.db #0x3f	; 63
   03EC 3F                 1069 	.db #0x3f	; 63
   03ED DA                 1070 	.db #0xda	; 218
   03EE A0                 1071 	.db #0xa0	; 160
   03EF 00                 1072 	.db #0x00	; 0
   03F0 00                 1073 	.db #0x00	; 0
   03F1 50                 1074 	.db #0x50	; 80	'P'
   03F2 B5                 1075 	.db #0xb5	; 181
   03F3 3F                 1076 	.db #0x3f	; 63
   03F4 6F                 1077 	.db #0x6f	; 111	'o'
   03F5 F0                 1078 	.db #0xf0	; 240
   03F6 00                 1079 	.db #0x00	; 0
   03F7 00                 1080 	.db #0x00	; 0
   03F8 00                 1081 	.db #0x00	; 0
   03F9 00                 1082 	.db #0x00	; 0
   03FA F0                 1083 	.db #0xf0	; 240
   03FB CF                 1084 	.db #0xcf	; 207
   03FC DA                 1085 	.db #0xda	; 218
   03FD A0                 1086 	.db #0xa0	; 160
   03FE 00                 1087 	.db #0x00	; 0
   03FF 00                 1088 	.db #0x00	; 0
   0400 00                 1089 	.db #0x00	; 0
   0401 00                 1090 	.db #0x00	; 0
   0402 50                 1091 	.db #0x50	; 80	'P'
   0403 E5                 1092 	.db #0xe5	; 229
   0404 F0                 1093 	.db #0xf0	; 240
   0405 00                 1094 	.db #0x00	; 0
   0406 00                 1095 	.db #0x00	; 0
   0407 00                 1096 	.db #0x00	; 0
   0408 00                 1097 	.db #0x00	; 0
   0409 00                 1098 	.db #0x00	; 0
   040A 00                 1099 	.db #0x00	; 0
   040B F0                 1100 	.db #0xf0	; 240
   040C A0                 1101 	.db #0xa0	; 160
   040D 00                 1102 	.db #0x00	; 0
   040E 00                 1103 	.db #0x00	; 0
   040F 00                 1104 	.db #0x00	; 0
   0410                    1105 _hero_sp_08:
   0410 00                 1106 	.db #0x00	; 0
   0411 00                 1107 	.db #0x00	; 0
   0412 00                 1108 	.db #0x00	; 0
   0413 00                 1109 	.db #0x00	; 0
   0414 00                 1110 	.db #0x00	; 0
   0415 00                 1111 	.db #0x00	; 0
   0416 00                 1112 	.db #0x00	; 0
   0417 00                 1113 	.db #0x00	; 0
   0418 00                 1114 	.db #0x00	; 0
   0419 00                 1115 	.db #0x00	; 0
   041A 00                 1116 	.db #0x00	; 0
   041B 00                 1117 	.db #0x00	; 0
   041C 00                 1118 	.db #0x00	; 0
   041D 00                 1119 	.db #0x00	; 0
   041E 00                 1120 	.db #0x00	; 0
   041F 00                 1121 	.db #0x00	; 0
   0420 00                 1122 	.db #0x00	; 0
   0421 00                 1123 	.db #0x00	; 0
   0422 00                 1124 	.db #0x00	; 0
   0423 00                 1125 	.db #0x00	; 0
   0424 00                 1126 	.db #0x00	; 0
   0425 00                 1127 	.db #0x00	; 0
   0426 00                 1128 	.db #0x00	; 0
   0427 00                 1129 	.db #0x00	; 0
   0428 00                 1130 	.db #0x00	; 0
   0429 00                 1131 	.db #0x00	; 0
   042A 00                 1132 	.db #0x00	; 0
   042B 00                 1133 	.db #0x00	; 0
   042C 00                 1134 	.db #0x00	; 0
   042D 00                 1135 	.db #0x00	; 0
   042E 00                 1136 	.db #0x00	; 0
   042F 00                 1137 	.db #0x00	; 0
   0430 00                 1138 	.db #0x00	; 0
   0431 00                 1139 	.db #0x00	; 0
   0432 00                 1140 	.db #0x00	; 0
   0433 00                 1141 	.db #0x00	; 0
   0434 00                 1142 	.db #0x00	; 0
   0435 00                 1143 	.db #0x00	; 0
   0436 00                 1144 	.db #0x00	; 0
   0437 00                 1145 	.db #0x00	; 0
   0438 00                 1146 	.db #0x00	; 0
   0439 00                 1147 	.db #0x00	; 0
   043A 00                 1148 	.db #0x00	; 0
   043B 00                 1149 	.db #0x00	; 0
   043C 00                 1150 	.db #0x00	; 0
   043D 00                 1151 	.db #0x00	; 0
   043E 00                 1152 	.db #0x00	; 0
   043F 00                 1153 	.db #0x00	; 0
   0440 00                 1154 	.db #0x00	; 0
   0441 00                 1155 	.db #0x00	; 0
   0442 00                 1156 	.db #0x00	; 0
   0443 00                 1157 	.db #0x00	; 0
   0444 00                 1158 	.db #0x00	; 0
   0445 00                 1159 	.db #0x00	; 0
   0446 00                 1160 	.db #0x00	; 0
   0447 00                 1161 	.db #0x00	; 0
   0448 00                 1162 	.db #0x00	; 0
   0449 00                 1163 	.db #0x00	; 0
   044A 00                 1164 	.db #0x00	; 0
   044B 00                 1165 	.db #0x00	; 0
   044C 00                 1166 	.db #0x00	; 0
   044D 00                 1167 	.db #0x00	; 0
   044E 00                 1168 	.db #0x00	; 0
   044F 00                 1169 	.db #0x00	; 0
   0450 00                 1170 	.db #0x00	; 0
   0451 00                 1171 	.db #0x00	; 0
   0452 00                 1172 	.db #0x00	; 0
   0453 00                 1173 	.db #0x00	; 0
   0454 00                 1174 	.db #0x00	; 0
   0455 00                 1175 	.db #0x00	; 0
   0456 00                 1176 	.db #0x00	; 0
   0457 00                 1177 	.db #0x00	; 0
   0458 00                 1178 	.db #0x00	; 0
   0459 00                 1179 	.db #0x00	; 0
   045A 00                 1180 	.db #0x00	; 0
   045B 00                 1181 	.db #0x00	; 0
   045C 00                 1182 	.db #0x00	; 0
   045D 00                 1183 	.db #0x00	; 0
   045E 00                 1184 	.db #0x00	; 0
   045F 00                 1185 	.db #0x00	; 0
   0460 00                 1186 	.db #0x00	; 0
   0461 00                 1187 	.db #0x00	; 0
   0462 00                 1188 	.db #0x00	; 0
   0463 00                 1189 	.db #0x00	; 0
   0464 00                 1190 	.db #0x00	; 0
   0465 00                 1191 	.db #0x00	; 0
   0466 00                 1192 	.db #0x00	; 0
   0467 00                 1193 	.db #0x00	; 0
   0468 00                 1194 	.db #0x00	; 0
   0469 00                 1195 	.db #0x00	; 0
   046A 00                 1196 	.db #0x00	; 0
   046B 00                 1197 	.db #0x00	; 0
   046C 00                 1198 	.db #0x00	; 0
   046D 00                 1199 	.db #0x00	; 0
   046E 00                 1200 	.db #0x00	; 0
   046F 00                 1201 	.db #0x00	; 0
   0470 00                 1202 	.db #0x00	; 0
   0471 00                 1203 	.db #0x00	; 0
   0472 00                 1204 	.db #0x00	; 0
   0473 00                 1205 	.db #0x00	; 0
   0474 00                 1206 	.db #0x00	; 0
   0475 00                 1207 	.db #0x00	; 0
   0476 00                 1208 	.db #0x00	; 0
   0477 00                 1209 	.db #0x00	; 0
   0478 00                 1210 	.db #0x00	; 0
   0479 00                 1211 	.db #0x00	; 0
   047A 00                 1212 	.db #0x00	; 0
   047B 00                 1213 	.db #0x00	; 0
   047C 00                 1214 	.db #0x00	; 0
   047D 00                 1215 	.db #0x00	; 0
   047E 00                 1216 	.db #0x00	; 0
   047F 00                 1217 	.db #0x00	; 0
   0480 00                 1218 	.db #0x00	; 0
   0481 00                 1219 	.db #0x00	; 0
   0482 00                 1220 	.db #0x00	; 0
   0483 00                 1221 	.db #0x00	; 0
   0484 00                 1222 	.db #0x00	; 0
   0485 00                 1223 	.db #0x00	; 0
   0486 00                 1224 	.db #0x00	; 0
   0487 00                 1225 	.db #0x00	; 0
   0488 00                 1226 	.db #0x00	; 0
   0489 00                 1227 	.db #0x00	; 0
   048A 00                 1228 	.db #0x00	; 0
   048B 00                 1229 	.db #0x00	; 0
   048C 00                 1230 	.db #0x00	; 0
   048D 00                 1231 	.db #0x00	; 0
   048E 00                 1232 	.db #0x00	; 0
   048F 00                 1233 	.db #0x00	; 0
   0490                    1234 _hero_sp_09:
   0490 00                 1235 	.db #0x00	; 0
   0491 00                 1236 	.db #0x00	; 0
   0492 00                 1237 	.db #0x00	; 0
   0493 00                 1238 	.db #0x00	; 0
   0494 00                 1239 	.db #0x00	; 0
   0495 00                 1240 	.db #0x00	; 0
   0496 00                 1241 	.db #0x00	; 0
   0497 00                 1242 	.db #0x00	; 0
   0498 00                 1243 	.db #0x00	; 0
   0499 00                 1244 	.db #0x00	; 0
   049A 00                 1245 	.db #0x00	; 0
   049B 00                 1246 	.db #0x00	; 0
   049C 00                 1247 	.db #0x00	; 0
   049D 00                 1248 	.db #0x00	; 0
   049E 00                 1249 	.db #0x00	; 0
   049F 00                 1250 	.db #0x00	; 0
   04A0 00                 1251 	.db #0x00	; 0
   04A1 00                 1252 	.db #0x00	; 0
   04A2 00                 1253 	.db #0x00	; 0
   04A3 00                 1254 	.db #0x00	; 0
   04A4 00                 1255 	.db #0x00	; 0
   04A5 00                 1256 	.db #0x00	; 0
   04A6 00                 1257 	.db #0x00	; 0
   04A7 00                 1258 	.db #0x00	; 0
   04A8 00                 1259 	.db #0x00	; 0
   04A9 00                 1260 	.db #0x00	; 0
   04AA 00                 1261 	.db #0x00	; 0
   04AB 00                 1262 	.db #0x00	; 0
   04AC 00                 1263 	.db #0x00	; 0
   04AD 00                 1264 	.db #0x00	; 0
   04AE 00                 1265 	.db #0x00	; 0
   04AF 00                 1266 	.db #0x00	; 0
   04B0 00                 1267 	.db #0x00	; 0
   04B1 00                 1268 	.db #0x00	; 0
   04B2 00                 1269 	.db #0x00	; 0
   04B3 00                 1270 	.db #0x00	; 0
   04B4 00                 1271 	.db #0x00	; 0
   04B5 00                 1272 	.db #0x00	; 0
   04B6 00                 1273 	.db #0x00	; 0
   04B7 00                 1274 	.db #0x00	; 0
   04B8 00                 1275 	.db #0x00	; 0
   04B9 00                 1276 	.db #0x00	; 0
   04BA 00                 1277 	.db #0x00	; 0
   04BB 00                 1278 	.db #0x00	; 0
   04BC 00                 1279 	.db #0x00	; 0
   04BD 00                 1280 	.db #0x00	; 0
   04BE 00                 1281 	.db #0x00	; 0
   04BF 00                 1282 	.db #0x00	; 0
   04C0 00                 1283 	.db #0x00	; 0
   04C1 00                 1284 	.db #0x00	; 0
   04C2 00                 1285 	.db #0x00	; 0
   04C3 00                 1286 	.db #0x00	; 0
   04C4 00                 1287 	.db #0x00	; 0
   04C5 00                 1288 	.db #0x00	; 0
   04C6 00                 1289 	.db #0x00	; 0
   04C7 00                 1290 	.db #0x00	; 0
   04C8 00                 1291 	.db #0x00	; 0
   04C9 00                 1292 	.db #0x00	; 0
   04CA 00                 1293 	.db #0x00	; 0
   04CB 00                 1294 	.db #0x00	; 0
   04CC 00                 1295 	.db #0x00	; 0
   04CD 00                 1296 	.db #0x00	; 0
   04CE 00                 1297 	.db #0x00	; 0
   04CF 00                 1298 	.db #0x00	; 0
   04D0 00                 1299 	.db #0x00	; 0
   04D1 00                 1300 	.db #0x00	; 0
   04D2 00                 1301 	.db #0x00	; 0
   04D3 00                 1302 	.db #0x00	; 0
   04D4 00                 1303 	.db #0x00	; 0
   04D5 00                 1304 	.db #0x00	; 0
   04D6 00                 1305 	.db #0x00	; 0
   04D7 00                 1306 	.db #0x00	; 0
   04D8 00                 1307 	.db #0x00	; 0
   04D9 00                 1308 	.db #0x00	; 0
   04DA 00                 1309 	.db #0x00	; 0
   04DB 00                 1310 	.db #0x00	; 0
   04DC 00                 1311 	.db #0x00	; 0
   04DD 00                 1312 	.db #0x00	; 0
   04DE 00                 1313 	.db #0x00	; 0
   04DF 00                 1314 	.db #0x00	; 0
   04E0 00                 1315 	.db #0x00	; 0
   04E1 00                 1316 	.db #0x00	; 0
   04E2 00                 1317 	.db #0x00	; 0
   04E3 00                 1318 	.db #0x00	; 0
   04E4 00                 1319 	.db #0x00	; 0
   04E5 00                 1320 	.db #0x00	; 0
   04E6 00                 1321 	.db #0x00	; 0
   04E7 00                 1322 	.db #0x00	; 0
   04E8 00                 1323 	.db #0x00	; 0
   04E9 00                 1324 	.db #0x00	; 0
   04EA 00                 1325 	.db #0x00	; 0
   04EB 00                 1326 	.db #0x00	; 0
   04EC 00                 1327 	.db #0x00	; 0
   04ED 00                 1328 	.db #0x00	; 0
   04EE 00                 1329 	.db #0x00	; 0
   04EF 00                 1330 	.db #0x00	; 0
   04F0 00                 1331 	.db #0x00	; 0
   04F1 00                 1332 	.db #0x00	; 0
   04F2 00                 1333 	.db #0x00	; 0
   04F3 00                 1334 	.db #0x00	; 0
   04F4 00                 1335 	.db #0x00	; 0
   04F5 00                 1336 	.db #0x00	; 0
   04F6 00                 1337 	.db #0x00	; 0
   04F7 00                 1338 	.db #0x00	; 0
   04F8 00                 1339 	.db #0x00	; 0
   04F9 00                 1340 	.db #0x00	; 0
   04FA 00                 1341 	.db #0x00	; 0
   04FB 00                 1342 	.db #0x00	; 0
   04FC 00                 1343 	.db #0x00	; 0
   04FD 00                 1344 	.db #0x00	; 0
   04FE 00                 1345 	.db #0x00	; 0
   04FF 00                 1346 	.db #0x00	; 0
   0500 00                 1347 	.db #0x00	; 0
   0501 00                 1348 	.db #0x00	; 0
   0502 00                 1349 	.db #0x00	; 0
   0503 00                 1350 	.db #0x00	; 0
   0504 00                 1351 	.db #0x00	; 0
   0505 00                 1352 	.db #0x00	; 0
   0506 00                 1353 	.db #0x00	; 0
   0507 00                 1354 	.db #0x00	; 0
   0508 00                 1355 	.db #0x00	; 0
   0509 00                 1356 	.db #0x00	; 0
   050A 00                 1357 	.db #0x00	; 0
   050B 00                 1358 	.db #0x00	; 0
   050C 00                 1359 	.db #0x00	; 0
   050D 00                 1360 	.db #0x00	; 0
   050E 00                 1361 	.db #0x00	; 0
   050F 00                 1362 	.db #0x00	; 0
   0510                    1363 _hero_sp_10:
   0510 00                 1364 	.db #0x00	; 0
   0511 00                 1365 	.db #0x00	; 0
   0512 00                 1366 	.db #0x00	; 0
   0513 00                 1367 	.db #0x00	; 0
   0514 00                 1368 	.db #0x00	; 0
   0515 00                 1369 	.db #0x00	; 0
   0516 00                 1370 	.db #0x00	; 0
   0517 00                 1371 	.db #0x00	; 0
   0518 00                 1372 	.db #0x00	; 0
   0519 00                 1373 	.db #0x00	; 0
   051A 00                 1374 	.db #0x00	; 0
   051B 00                 1375 	.db #0x00	; 0
   051C 00                 1376 	.db #0x00	; 0
   051D 00                 1377 	.db #0x00	; 0
   051E 00                 1378 	.db #0x00	; 0
   051F 00                 1379 	.db #0x00	; 0
   0520 00                 1380 	.db #0x00	; 0
   0521 00                 1381 	.db #0x00	; 0
   0522 00                 1382 	.db #0x00	; 0
   0523 00                 1383 	.db #0x00	; 0
   0524 00                 1384 	.db #0x00	; 0
   0525 00                 1385 	.db #0x00	; 0
   0526 00                 1386 	.db #0x00	; 0
   0527 00                 1387 	.db #0x00	; 0
   0528 00                 1388 	.db #0x00	; 0
   0529 00                 1389 	.db #0x00	; 0
   052A 00                 1390 	.db #0x00	; 0
   052B 00                 1391 	.db #0x00	; 0
   052C 00                 1392 	.db #0x00	; 0
   052D 00                 1393 	.db #0x00	; 0
   052E 00                 1394 	.db #0x00	; 0
   052F 00                 1395 	.db #0x00	; 0
   0530 00                 1396 	.db #0x00	; 0
   0531 00                 1397 	.db #0x00	; 0
   0532 00                 1398 	.db #0x00	; 0
   0533 00                 1399 	.db #0x00	; 0
   0534 00                 1400 	.db #0x00	; 0
   0535 00                 1401 	.db #0x00	; 0
   0536 00                 1402 	.db #0x00	; 0
   0537 00                 1403 	.db #0x00	; 0
   0538 00                 1404 	.db #0x00	; 0
   0539 00                 1405 	.db #0x00	; 0
   053A 00                 1406 	.db #0x00	; 0
   053B 00                 1407 	.db #0x00	; 0
   053C 00                 1408 	.db #0x00	; 0
   053D 00                 1409 	.db #0x00	; 0
   053E 00                 1410 	.db #0x00	; 0
   053F 00                 1411 	.db #0x00	; 0
   0540 00                 1412 	.db #0x00	; 0
   0541 00                 1413 	.db #0x00	; 0
   0542 00                 1414 	.db #0x00	; 0
   0543 00                 1415 	.db #0x00	; 0
   0544 00                 1416 	.db #0x00	; 0
   0545 00                 1417 	.db #0x00	; 0
   0546 00                 1418 	.db #0x00	; 0
   0547 00                 1419 	.db #0x00	; 0
   0548 00                 1420 	.db #0x00	; 0
   0549 00                 1421 	.db #0x00	; 0
   054A 00                 1422 	.db #0x00	; 0
   054B 00                 1423 	.db #0x00	; 0
   054C 00                 1424 	.db #0x00	; 0
   054D 00                 1425 	.db #0x00	; 0
   054E 00                 1426 	.db #0x00	; 0
   054F 00                 1427 	.db #0x00	; 0
   0550 00                 1428 	.db #0x00	; 0
   0551 00                 1429 	.db #0x00	; 0
   0552 00                 1430 	.db #0x00	; 0
   0553 00                 1431 	.db #0x00	; 0
   0554 00                 1432 	.db #0x00	; 0
   0555 00                 1433 	.db #0x00	; 0
   0556 00                 1434 	.db #0x00	; 0
   0557 00                 1435 	.db #0x00	; 0
   0558 00                 1436 	.db #0x00	; 0
   0559 00                 1437 	.db #0x00	; 0
   055A 00                 1438 	.db #0x00	; 0
   055B 00                 1439 	.db #0x00	; 0
   055C 00                 1440 	.db #0x00	; 0
   055D 00                 1441 	.db #0x00	; 0
   055E 00                 1442 	.db #0x00	; 0
   055F 00                 1443 	.db #0x00	; 0
   0560 00                 1444 	.db #0x00	; 0
   0561 00                 1445 	.db #0x00	; 0
   0562 00                 1446 	.db #0x00	; 0
   0563 00                 1447 	.db #0x00	; 0
   0564 00                 1448 	.db #0x00	; 0
   0565 00                 1449 	.db #0x00	; 0
   0566 00                 1450 	.db #0x00	; 0
   0567 00                 1451 	.db #0x00	; 0
   0568 00                 1452 	.db #0x00	; 0
   0569 00                 1453 	.db #0x00	; 0
   056A 00                 1454 	.db #0x00	; 0
   056B 00                 1455 	.db #0x00	; 0
   056C 00                 1456 	.db #0x00	; 0
   056D 00                 1457 	.db #0x00	; 0
   056E 00                 1458 	.db #0x00	; 0
   056F 00                 1459 	.db #0x00	; 0
   0570 00                 1460 	.db #0x00	; 0
   0571 00                 1461 	.db #0x00	; 0
   0572 00                 1462 	.db #0x00	; 0
   0573 00                 1463 	.db #0x00	; 0
   0574 00                 1464 	.db #0x00	; 0
   0575 00                 1465 	.db #0x00	; 0
   0576 00                 1466 	.db #0x00	; 0
   0577 00                 1467 	.db #0x00	; 0
   0578 00                 1468 	.db #0x00	; 0
   0579 00                 1469 	.db #0x00	; 0
   057A 00                 1470 	.db #0x00	; 0
   057B 00                 1471 	.db #0x00	; 0
   057C 00                 1472 	.db #0x00	; 0
   057D 00                 1473 	.db #0x00	; 0
   057E 00                 1474 	.db #0x00	; 0
   057F 00                 1475 	.db #0x00	; 0
   0580 00                 1476 	.db #0x00	; 0
   0581 00                 1477 	.db #0x00	; 0
   0582 00                 1478 	.db #0x00	; 0
   0583 00                 1479 	.db #0x00	; 0
   0584 00                 1480 	.db #0x00	; 0
   0585 00                 1481 	.db #0x00	; 0
   0586 00                 1482 	.db #0x00	; 0
   0587 00                 1483 	.db #0x00	; 0
   0588 00                 1484 	.db #0x00	; 0
   0589 00                 1485 	.db #0x00	; 0
   058A 00                 1486 	.db #0x00	; 0
   058B 00                 1487 	.db #0x00	; 0
   058C 00                 1488 	.db #0x00	; 0
   058D 00                 1489 	.db #0x00	; 0
   058E 00                 1490 	.db #0x00	; 0
   058F 00                 1491 	.db #0x00	; 0
   0590                    1492 _hero_sp_11:
   0590 00                 1493 	.db #0x00	; 0
   0591 00                 1494 	.db #0x00	; 0
   0592 00                 1495 	.db #0x00	; 0
   0593 00                 1496 	.db #0x00	; 0
   0594 00                 1497 	.db #0x00	; 0
   0595 00                 1498 	.db #0x00	; 0
   0596 00                 1499 	.db #0x00	; 0
   0597 00                 1500 	.db #0x00	; 0
   0598 00                 1501 	.db #0x00	; 0
   0599 00                 1502 	.db #0x00	; 0
   059A 00                 1503 	.db #0x00	; 0
   059B 00                 1504 	.db #0x00	; 0
   059C 00                 1505 	.db #0x00	; 0
   059D 00                 1506 	.db #0x00	; 0
   059E 00                 1507 	.db #0x00	; 0
   059F 00                 1508 	.db #0x00	; 0
   05A0 00                 1509 	.db #0x00	; 0
   05A1 00                 1510 	.db #0x00	; 0
   05A2 00                 1511 	.db #0x00	; 0
   05A3 00                 1512 	.db #0x00	; 0
   05A4 00                 1513 	.db #0x00	; 0
   05A5 00                 1514 	.db #0x00	; 0
   05A6 00                 1515 	.db #0x00	; 0
   05A7 00                 1516 	.db #0x00	; 0
   05A8 00                 1517 	.db #0x00	; 0
   05A9 00                 1518 	.db #0x00	; 0
   05AA 00                 1519 	.db #0x00	; 0
   05AB 00                 1520 	.db #0x00	; 0
   05AC 00                 1521 	.db #0x00	; 0
   05AD 00                 1522 	.db #0x00	; 0
   05AE 00                 1523 	.db #0x00	; 0
   05AF 00                 1524 	.db #0x00	; 0
   05B0 00                 1525 	.db #0x00	; 0
   05B1 00                 1526 	.db #0x00	; 0
   05B2 00                 1527 	.db #0x00	; 0
   05B3 00                 1528 	.db #0x00	; 0
   05B4 00                 1529 	.db #0x00	; 0
   05B5 00                 1530 	.db #0x00	; 0
   05B6 00                 1531 	.db #0x00	; 0
   05B7 00                 1532 	.db #0x00	; 0
   05B8 00                 1533 	.db #0x00	; 0
   05B9 00                 1534 	.db #0x00	; 0
   05BA 00                 1535 	.db #0x00	; 0
   05BB 00                 1536 	.db #0x00	; 0
   05BC 00                 1537 	.db #0x00	; 0
   05BD 00                 1538 	.db #0x00	; 0
   05BE 00                 1539 	.db #0x00	; 0
   05BF 00                 1540 	.db #0x00	; 0
   05C0 00                 1541 	.db #0x00	; 0
   05C1 00                 1542 	.db #0x00	; 0
   05C2 00                 1543 	.db #0x00	; 0
   05C3 00                 1544 	.db #0x00	; 0
   05C4 00                 1545 	.db #0x00	; 0
   05C5 00                 1546 	.db #0x00	; 0
   05C6 00                 1547 	.db #0x00	; 0
   05C7 00                 1548 	.db #0x00	; 0
   05C8 00                 1549 	.db #0x00	; 0
   05C9 00                 1550 	.db #0x00	; 0
   05CA 00                 1551 	.db #0x00	; 0
   05CB 00                 1552 	.db #0x00	; 0
   05CC 00                 1553 	.db #0x00	; 0
   05CD 00                 1554 	.db #0x00	; 0
   05CE 00                 1555 	.db #0x00	; 0
   05CF 00                 1556 	.db #0x00	; 0
   05D0 00                 1557 	.db #0x00	; 0
   05D1 00                 1558 	.db #0x00	; 0
   05D2 00                 1559 	.db #0x00	; 0
   05D3 00                 1560 	.db #0x00	; 0
   05D4 00                 1561 	.db #0x00	; 0
   05D5 00                 1562 	.db #0x00	; 0
   05D6 00                 1563 	.db #0x00	; 0
   05D7 00                 1564 	.db #0x00	; 0
   05D8 00                 1565 	.db #0x00	; 0
   05D9 00                 1566 	.db #0x00	; 0
   05DA 00                 1567 	.db #0x00	; 0
   05DB 00                 1568 	.db #0x00	; 0
   05DC 00                 1569 	.db #0x00	; 0
   05DD 00                 1570 	.db #0x00	; 0
   05DE 00                 1571 	.db #0x00	; 0
   05DF 00                 1572 	.db #0x00	; 0
   05E0 00                 1573 	.db #0x00	; 0
   05E1 00                 1574 	.db #0x00	; 0
   05E2 00                 1575 	.db #0x00	; 0
   05E3 00                 1576 	.db #0x00	; 0
   05E4 00                 1577 	.db #0x00	; 0
   05E5 00                 1578 	.db #0x00	; 0
   05E6 00                 1579 	.db #0x00	; 0
   05E7 00                 1580 	.db #0x00	; 0
   05E8 00                 1581 	.db #0x00	; 0
   05E9 00                 1582 	.db #0x00	; 0
   05EA 00                 1583 	.db #0x00	; 0
   05EB 00                 1584 	.db #0x00	; 0
   05EC 00                 1585 	.db #0x00	; 0
   05ED 00                 1586 	.db #0x00	; 0
   05EE 00                 1587 	.db #0x00	; 0
   05EF 00                 1588 	.db #0x00	; 0
   05F0 00                 1589 	.db #0x00	; 0
   05F1 00                 1590 	.db #0x00	; 0
   05F2 00                 1591 	.db #0x00	; 0
   05F3 00                 1592 	.db #0x00	; 0
   05F4 00                 1593 	.db #0x00	; 0
   05F5 00                 1594 	.db #0x00	; 0
   05F6 00                 1595 	.db #0x00	; 0
   05F7 00                 1596 	.db #0x00	; 0
   05F8 00                 1597 	.db #0x00	; 0
   05F9 00                 1598 	.db #0x00	; 0
   05FA 00                 1599 	.db #0x00	; 0
   05FB 00                 1600 	.db #0x00	; 0
   05FC 00                 1601 	.db #0x00	; 0
   05FD 00                 1602 	.db #0x00	; 0
   05FE 00                 1603 	.db #0x00	; 0
   05FF 00                 1604 	.db #0x00	; 0
   0600 00                 1605 	.db #0x00	; 0
   0601 00                 1606 	.db #0x00	; 0
   0602 00                 1607 	.db #0x00	; 0
   0603 00                 1608 	.db #0x00	; 0
   0604 00                 1609 	.db #0x00	; 0
   0605 00                 1610 	.db #0x00	; 0
   0606 00                 1611 	.db #0x00	; 0
   0607 00                 1612 	.db #0x00	; 0
   0608 00                 1613 	.db #0x00	; 0
   0609 00                 1614 	.db #0x00	; 0
   060A 00                 1615 	.db #0x00	; 0
   060B 00                 1616 	.db #0x00	; 0
   060C 00                 1617 	.db #0x00	; 0
   060D 00                 1618 	.db #0x00	; 0
   060E 00                 1619 	.db #0x00	; 0
   060F 00                 1620 	.db #0x00	; 0
                           1621 	.area _INITIALIZER
                           1622 	.area _CABS (ABS)
