ASxxxx Assembler V02.00 + NoICE + SDCC mods  (Zilog Z80 / Hitachi HD64180), page 1.
Hexadecimal [16-Bits]



                              1 ;; File 'src/sprites/menu_z.s' generated using cpct_pack
                              2 ;; Compresor used:   zx7b
                              3 ;; Files compressed: [ 'src/sprites/MenuInit.bin' ]
                              4 ;; Uncompressed:     16384 bytes
                              5 ;; Compressed:       2088 bytes
                              6 ;; Space saved:      14296 bytes
                              7 ;;
                              8 
                              9 ;; Data array definition
   0000                      10 _menu_z::
   0000 AC AA 00 2E 8A C0    11    .db  0xac, 0xaa, 0x00, 0x2e, 0x8a, 0xc0, 0xab, 0x57, 0x70, 0x7d, 0xa3, 0x18, 0x89, 0x53, 0x14, 0x8f
        AB 57 70 7D A3 18
        89 53 14 8F
   0010 04 4F 80 1C A7 EA    12    .db  0x04, 0x4f, 0x80, 0x1c, 0xa7, 0xea, 0x50, 0xff, 0x9e, 0x8a, 0x00, 0xff, 0x7b, 0x08, 0xd5, 0xff
        50 FF 9E 8A 00 FF
        7B 08 D5 FF
   0020 F2 40 C3 FF F9 82    13    .db  0xf2, 0x40, 0xc3, 0xff, 0xf9, 0x82, 0x3c, 0x21, 0xda, 0x07, 0x7c, 0xe0, 0x87, 0x82, 0x3e, 0xaf
        3C 21 DA 07 7C E0
        87 82 3E AF
   0030 3A 38 2A 5C 17 3F    14    .db  0x3a, 0x38, 0x2a, 0x5c, 0x17, 0x3f, 0x0f, 0x09, 0xff, 0x7d, 0x41, 0xd1, 0x08, 0xdb, 0x7b, 0xd4
        0F 09 FF 7D 41 D1
        08 DB 7B D4
   0040 FF 53 15 2A DC 00    15    .db  0xff, 0x53, 0x15, 0x2a, 0xdc, 0x00, 0x30, 0x3f, 0x7d, 0xdd, 0x6b, 0x74, 0xff, 0xf5, 0x00, 0x0b
        30 3F 7D DD 6B 74
        FF F5 00 0B
   0050 D3 FF 13 20 57 FF    16    .db  0xd3, 0xff, 0x13, 0x20, 0x57, 0xff, 0x5f, 0x42, 0x4f, 0xa5, 0xa4, 0x8f, 0x15, 0x8e, 0x7a, 0xff
        5F 42 4F A5 A4 8F
        15 8E 7A FF
   0060 1F 05 40 05 5C 01    17    .db  0x1f, 0x05, 0x40, 0x05, 0x5c, 0x01, 0x52, 0x94, 0x99, 0x81, 0xfa, 0xca, 0xed, 0xeb, 0xff, 0x83
        52 94 99 81 FA CA
        ED EB FF 83
   0070 9C 1E 9A F6 10 9A    18    .db  0x9c, 0x1e, 0x9a, 0xf6, 0x10, 0x9a, 0xf3, 0x3e, 0x0a, 0x72, 0xff, 0x4f, 0x14, 0x5d, 0x01, 0x85
        F3 3E 0A 72 FF 4F
        14 5D 01 85
   0080 B4 E9 F7 FF FA A2    19    .db  0xb4, 0xe9, 0xf7, 0xff, 0xfa, 0xa2, 0x00, 0xb4, 0x72, 0x05, 0x4f, 0x07, 0x04, 0x75, 0xb5, 0xff
        00 B4 72 05 4F 07
        04 75 B5 FF
   0090 F9 AA 08 9C 0B E8    20    .db  0xf9, 0xaa, 0x08, 0x9c, 0x0b, 0xe8, 0xaf, 0xa3, 0xff, 0x3e, 0xa8, 0x05, 0x0d, 0xf4, 0x2f, 0xf1
        AF A3 FF 3E A8 05
        0D F4 2F F1
   00A0 5F D1 E5 2D 4F 50    21    .db  0x5f, 0xd1, 0xe5, 0x2d, 0x4f, 0x50, 0xe5, 0xff, 0x09, 0x50, 0xf4, 0x88, 0xff, 0x87, 0xa0, 0x26
        E5 FF 09 50 F4 88
        FF 87 A0 26
   00B0 26 FF FA A2 F8 9F    22    .db  0x26, 0xff, 0xfa, 0xa2, 0xf8, 0x9f, 0x55, 0x0b, 0x68, 0x63, 0x1c, 0xdc, 0x7f, 0x68, 0xdf, 0xef
        55 0B 68 63 1C DC
        7F 68 DF EF
   00C0 14 D4 FF 57 D3 7B    23    .db  0x14, 0xd4, 0xff, 0x57, 0xd3, 0x7b, 0xc9, 0x3b, 0xd2, 0xed, 0xd0, 0xb2, 0x5e, 0xff, 0x7d, 0x11
        C9 3B D2 ED D0 B2
        5E FF 7D 11
   00D0 00 71 FF DA 5F DA    24    .db  0x00, 0x71, 0xff, 0xda, 0x5f, 0xda, 0xcf, 0x88, 0x68, 0x0a, 0x4f, 0xb8, 0x56, 0xfc, 0xff, 0xf8
        CF 88 68 0A 4F B8
        56 FC FF F8
   00E0 8A 04 B8 19 02 31    25    .db  0x8a, 0x04, 0xb8, 0x19, 0x02, 0x31, 0xa1, 0x13, 0xd0, 0x72, 0x75, 0x04, 0x43, 0xe3, 0x10, 0x7f
        A1 13 D0 72 75 04
        43 E3 10 7F
ASxxxx Assembler V02.00 + NoICE + SDCC mods  (Zilog Z80 / Hitachi HD64180), page 2.
Hexadecimal [16-Bits]



   00F0 FF F5 10 03 91 FF    26    .db  0xff, 0xf5, 0x10, 0x03, 0x91, 0xff, 0x27, 0x0a, 0x76, 0x06, 0x0d, 0x9a, 0x80, 0x03, 0x4b, 0xda
        27 0A 76 06 0D 9A
        80 03 4B DA
   0100 41 AF 23 FF 7D 08    27    .db  0x41, 0xaf, 0x23, 0xff, 0x7d, 0x08, 0xc4, 0xff, 0xf4, 0xc3, 0x44, 0x84, 0xb1, 0xc3, 0x28, 0x12
        C4 FF F4 C3 44 84
        B1 C3 28 12
   0110 A3 42 FF 5F 50 9F    28    .db  0xa3, 0x42, 0xff, 0x5f, 0x50, 0x9f, 0x4f, 0x87, 0xf5, 0xcd, 0x7f, 0xff, 0x3d, 0xc7, 0x8c, 0x08
        4F 87 F5 CD 7F FF
        3D C7 8C 08
   0120 EA 57 B8 9D 00 02    29    .db  0xea, 0x57, 0xb8, 0x9d, 0x00, 0x02, 0x20, 0x41, 0x82, 0x1f, 0x8c, 0xb1, 0x70, 0x8d, 0xef, 0xff
        20 41 82 1F 8C B1
        70 8D EF FF
   0130 29 BF EA 42 0A D1    30    .db  0x29, 0xbf, 0xea, 0x42, 0x0a, 0xd1, 0x40, 0x56, 0xf7, 0x3c, 0xe8, 0x83, 0xa3, 0xce, 0x90, 0x01
        40 56 F7 3C E8 83
        A3 CE 90 01
   0140 FF F2 54 CF 7F 40    31    .db  0xff, 0xf2, 0x54, 0xcf, 0x7f, 0x40, 0x15, 0xe8, 0xaf, 0xff, 0xbe, 0xa4, 0x72, 0x30, 0x10, 0x20
        15 E8 AF FF BE A4
        72 30 10 20
   0150 51 88 02 95 FF 87    32    .db  0x51, 0x88, 0x02, 0x95, 0xff, 0x87, 0x3f, 0x02, 0xe2, 0xff, 0xcb, 0x83, 0x0f, 0x27, 0xc1, 0xea
        3F 02 E2 FF CB 83
        0F 27 C1 EA
   0160 45 EA 51 76 74 36    33    .db  0x45, 0xea, 0x51, 0x76, 0x74, 0x36, 0xff, 0xf4, 0x05, 0x11, 0x73, 0xa7, 0xb3, 0xad, 0x97, 0xfd
        FF F4 05 11 73 A7
        B3 AD 97 FD
   0170 53 FF 1F 51 A2 0A    34    .db  0x53, 0xff, 0x1f, 0x51, 0xa2, 0x0a, 0x91, 0x10, 0x0f, 0xd5, 0x19, 0xa3, 0xc6, 0x1d, 0xfd, 0x88
        91 10 0F D5 19 A3
        C6 1D FD 88
   0180 CF BD FF 27 82 9C    35    .db  0xcf, 0xbd, 0xff, 0x27, 0x82, 0x9c, 0x90, 0xa0, 0xff, 0xf2, 0x04, 0xf9, 0xf4, 0xff, 0xf5, 0x55
        90 A0 FF F2 04 F9
        F4 FF F5 55
   0190 2C 4F 7D 11 F0 0D    36    .db  0x2c, 0x4f, 0x7d, 0x11, 0xf0, 0x0d, 0xa5, 0xaf, 0x9e, 0x00, 0x8e, 0xf0, 0xff, 0x7c, 0x54, 0xf0
        A5 AF 9E 00 8E F0
        FF 7C 54 F0
   01A0 19 AD 13 8B 10 AB    37    .db  0x19, 0xad, 0x13, 0x8b, 0x10, 0xab, 0xff, 0xaf, 0xa8, 0x23, 0x4a, 0xa0, 0x40, 0xff, 0x3e, 0x80
        FF AF A8 23 4A A0
        40 FF 3E 80
   01B0 0A 19 7A A2 FF 8F    38    .db  0x0a, 0x19, 0x7a, 0xa2, 0xff, 0x8f, 0x02, 0xe0, 0x7c, 0xf7, 0xfb, 0x5f, 0xba, 0xff, 0x8f, 0x8a
        02 E0 7C F7 FB 5F
        BA FF 8F 8A
   01C0 00 3C 26 BF E8 FF    39    .db  0x00, 0x3c, 0x26, 0xbf, 0xe8, 0xff, 0x08, 0x6b, 0x1c, 0xae, 0xff, 0xaf, 0x0a, 0x00, 0xe1, 0xff
        08 6B 1C AE FF AF
        0A 00 E1 FF
   01D0 CA E1 D3 C7 C7 FA    40    .db  0xca, 0xe1, 0xd3, 0xc7, 0xc7, 0xfa, 0xd9, 0xff, 0x03, 0x00, 0xa9, 0xe4, 0xff, 0xa3, 0x0e, 0xe2
        D9 FF 03 00 A9 E4
        FF A3 0E E2
   01E0 10 1B 0C EF 12 09    41    .db  0x10, 0x1b, 0x0c, 0xef, 0x12, 0x09, 0xee, 0x24, 0x09, 0xfa, 0xea, 0xff, 0x62, 0x69, 0xff, 0xfa
        EE 24 09 FA EA FF
        62 69 FF FA
   01F0 2A 00 60 A2 E8 FF    42    .db  0x2a, 0x00, 0x60, 0xa2, 0xe8, 0xff, 0xab, 0xcb, 0xff, 0x76, 0xc7, 0x05, 0xac, 0x3d, 0x80, 0xc0
        AB CB FF 76 C7 05
        AC 3D 80 C0
   0200 C5 FF 57 53 4D 5F    43    .db  0xc5, 0xff, 0x57, 0x53, 0x4d, 0x5f, 0x57, 0x42, 0xda, 0xf5, 0x0a, 0xba, 0xff, 0x2f, 0x4d, 0x4f
        57 42 DA F5 0A BA
        FF 2F 4D 4F
   0210 6E A2 16 A1 FF AF    44    .db  0x6e, 0xa2, 0x16, 0xa1, 0xff, 0xaf, 0x3f, 0x0f, 0x1a, 0xda, 0x44, 0xff, 0x1f, 0x5d, 0xd0, 0x29
ASxxxx Assembler V02.00 + NoICE + SDCC mods  (Zilog Z80 / Hitachi HD64180), page 3.
Hexadecimal [16-Bits]



        3F 0F 1A DA 44 FF
        1F 5D D0 29
   0220 4D AF 5F FF F4 01    45    .db  0x4d, 0xaf, 0x5f, 0xff, 0xf4, 0x01, 0xd1, 0x61, 0x30, 0x52, 0x95, 0xb6, 0xbc, 0x81, 0xff, 0xf2
        D1 61 30 52 95 B6
        BC 81 FF F2
   0230 1E C4 41 FF 0F A4    46    .db  0x1e, 0xc4, 0x41, 0xff, 0x0f, 0xa4, 0x85, 0xde, 0xed, 0x6c, 0x35, 0x30, 0x74, 0x30, 0x20, 0xc4
        85 DE ED 6C 35 30
        74 30 20 C4
   0240 FF 13 87 7D C4 3B    47    .db  0xff, 0x13, 0x87, 0x7d, 0xc4, 0x3b, 0x81, 0x7d, 0xa3, 0x4e, 0xff, 0x5f, 0xf2, 0xc5, 0x2a, 0x4d
        81 7D A3 4E FF 5F
        F2 C5 2A 4D
   0250 12 1C D0 FF 03 35    48    .db  0x12, 0x1c, 0xd0, 0xff, 0x03, 0x35, 0x71, 0xe8, 0xf5, 0x9c, 0xf5, 0xff, 0x7d, 0x44, 0xe9, 0x7b
        71 E8 F5 9C F5 FF
        7D 44 E9 7B
   0260 FF 0F 05 30 DC EC    49    .db  0xff, 0x0f, 0x05, 0x30, 0xdc, 0xec, 0x53, 0xff, 0x4f, 0x50, 0x55, 0xff, 0x1e, 0x00, 0xf0, 0xa8
        53 FF 4F 50 55 FF
        1E 00 F0 A8
   0270 88 FF AF EA DD 81    50    .db  0x88, 0xff, 0xaf, 0xea, 0xdd, 0x81, 0xf0, 0x00, 0x16, 0x00, 0x27, 0x12, 0x3c, 0xaa, 0x94, 0xff
        F0 00 16 00 27 12
        3C AA 94 FF
   0280 87 03 E0 0A EB FF    51    .db  0x87, 0x03, 0xe0, 0x0a, 0xeb, 0xff, 0x0b, 0x55, 0x2a, 0xff, 0x0f, 0xf9, 0xf5, 0xb0, 0xc0, 0x0f
        0B 55 2A FF 0F F9
        F5 B0 C0 0F
   0290 D3 D2 7B 95 D4 D7    52    .db  0xd3, 0xd2, 0x7b, 0x95, 0xd4, 0xd7, 0xff, 0x00, 0xd3, 0x14, 0x44, 0xb8, 0xe5, 0x5a, 0x00, 0xcf
        FF 00 D3 14 44 B8
        E5 5A 00 CF
   02A0 CB FF 13 11 02 FF    53    .db  0xcb, 0xff, 0x13, 0x11, 0x02, 0xff, 0xf7, 0x44, 0x03, 0xd5, 0x80, 0x87, 0xff, 0x9e, 0x0a, 0xea
        F7 44 03 D5 80 87
        FF 9E 0A EA
   02B0 00 5A 7C 4D D5 00    54    .db  0x00, 0x5a, 0x7c, 0x4d, 0xd5, 0x00, 0xb4, 0x82, 0xff, 0xbe, 0x57, 0xff, 0x3c, 0x04, 0x80, 0xf7
        B4 82 FF BE 57 FF
        3C 04 80 F7
   02C0 F5 A0 AF 91 FF BE    55    .db  0xf5, 0xa0, 0xaf, 0x91, 0xff, 0xbe, 0xc0, 0xff, 0xf2, 0x10, 0x16, 0x09, 0x2e, 0x04, 0xff, 0xff
        C0 FF F2 10 16 09
        2E 04 FF FF
   02D0 7D C3 85 83 F5 4B    56    .db  0x7d, 0xc3, 0x85, 0x83, 0xf5, 0x4b, 0x4d, 0x13, 0x71, 0x20, 0x63, 0x73, 0xeb, 0x5f, 0xff, 0xf5
        4D 13 71 20 63 73
        EB 5F FF F5
   02E0 4D D5 4F 1D 9E 00    57    .db  0x4d, 0xd5, 0x4f, 0x1d, 0x9e, 0x00, 0xc6, 0x40, 0xff, 0x3d, 0x29, 0x34, 0xff, 0x7d, 0x2e, 0xc0
        C6 40 FF 3D 29 34
        FF 7D 2E C0
   02F0 3F 70 FF 1F 00 71    58    .db  0x3f, 0x70, 0xff, 0x1f, 0x00, 0x71, 0x63, 0x00, 0xdd, 0xff, 0x7d, 0x5e, 0x1b, 0xc7, 0x1a, 0xff
        63 00 DD FF 7D 5E
        1B C7 1A FF
   0300 F7 11 CF 7F FF F5    59    .db  0xf7, 0x11, 0xcf, 0x7f, 0xff, 0xf5, 0x11, 0x0c, 0xff, 0xf7, 0x51, 0xd6, 0x4f, 0xff, 0x4f, 0x1a
        11 0C FF F7 51 D6
        4F FF 4F 1A
   0310 34 55 C1 13 FF F4    60    .db  0x34, 0x55, 0xc1, 0x13, 0xff, 0xf4, 0x55, 0x0a, 0xff, 0xf7, 0x52, 0x5d, 0xff, 0x4f, 0x05, 0x40
        55 0A FF F7 52 5D
        FF 4F 05 40
   0320 0F FF FB AA F6 85    61    .db  0x0f, 0xff, 0xfb, 0xaa, 0xf6, 0x85, 0x02, 0x00, 0x6a, 0x54, 0xff, 0x7d, 0x31, 0xd5, 0x23, 0xd0
        02 00 6A 54 FF 7D
        31 D5 23 D0
   0330 F1 A6 7A A0 4F 97    62    .db  0xf1, 0xa6, 0x7a, 0xa0, 0x4f, 0x97, 0x04, 0xff, 0xf4, 0x15, 0xa8, 0x45, 0xc6, 0xb3, 0x00, 0x1a
        04 FF F4 15 A8 45
ASxxxx Assembler V02.00 + NoICE + SDCC mods  (Zilog Z80 / Hitachi HD64180), page 4.
Hexadecimal [16-Bits]



        C6 B3 00 1A
   0340 A0 36 B8 62 8E 4F    63    .db  0xa0, 0x36, 0xb8, 0x62, 0x8e, 0x4f, 0x20, 0xee, 0xff, 0x7a, 0x1e, 0xea, 0xfa, 0xe8, 0x83, 0x0b
        20 EE FF 7A 1E EA
        FA E8 83 0B
   0350 FB F5 48 1B ED 7E    64    .db  0xfb, 0xf5, 0x48, 0x1b, 0xed, 0x7e, 0x0c, 0xa6, 0xb1, 0x1a, 0xf0, 0xa0, 0xff, 0x8f, 0x6b, 0x1a
        0C A6 B1 1A F0 A0
        FF 8F 6B 1A
   0360 05 BA FF A7 8F 76    65    .db  0x05, 0xba, 0xff, 0xa7, 0x8f, 0x76, 0x02, 0x03, 0xba, 0xff, 0x87, 0x02, 0xe0, 0xff, 0x9e, 0x88
        02 03 BA FF 87 02
        E0 FF 9E 88
   0370 50 E0 BA FF F5 44    66    .db  0x50, 0xe0, 0xba, 0xff, 0xf5, 0x44, 0x00, 0x30, 0xcf, 0xda, 0xff, 0xf1, 0x45, 0x00, 0x70, 0x55
        00 30 CF DA FF F1
        45 00 70 55
   0380 FF 7D 01 55 FF 9E    67    .db  0xff, 0x7d, 0x01, 0x55, 0xff, 0x9e, 0xa8, 0x56, 0xfe, 0xf2, 0xd0, 0xff, 0x57, 0x14, 0xc5, 0xde
        A8 56 FE F2 D0 FF
        57 14 C5 DE
   0390 61 0F 57 4A 13 03    68    .db  0x61, 0x0f, 0x57, 0x4a, 0x13, 0x03, 0x81, 0x81, 0x02, 0x04, 0xff, 0x1f, 0x3f, 0x75, 0xff, 0x7d
        81 81 02 04 FF 1F
        3F 75 FF 7D
   03A0 03 71 EF 61 4A 47    69    .db  0x03, 0x71, 0xef, 0x61, 0x4a, 0x47, 0xaf, 0x7d, 0xd4, 0xff, 0x36, 0x0f, 0x5f, 0xfd, 0xd0, 0x2b
        AF 7D D4 FF 36 0F
        5F FD D0 2B
   03B0 37 34 84 3F 96 FF    70    .db  0x37, 0x34, 0x84, 0x3f, 0x96, 0xff, 0x87, 0xea, 0x41, 0x28, 0x62, 0x74, 0xff, 0xf4, 0x05, 0x1a
        87 EA 41 28 62 74
        FF F4 05 1A
   03C0 80 53 C0 40 80 FF    71    .db  0x80, 0x53, 0xc0, 0x40, 0x80, 0xff, 0xf0, 0x4f, 0x75, 0xff, 0x1f, 0x4c, 0x1f, 0xf5, 0xff, 0xf5
        F0 4F 75 FF 1F 4C
        1F F5 FF F5
   03D0 14 9B 7D BD 84 C3    72    .db  0x14, 0x9b, 0x7d, 0xbd, 0x84, 0xc3, 0x83, 0x4d, 0x95, 0x42, 0x6e, 0x20, 0xf5, 0xff, 0xfa, 0x80
        83 4D 95 42 6E 20
        F5 FF FA 80
   03E0 42 82 7A FF 7D B5    73    .db  0x42, 0x82, 0x7a, 0xff, 0x7d, 0xb5, 0xd0, 0x80, 0x80, 0x17, 0xa4, 0x11, 0xcf, 0x4f, 0x0c, 0x2c
        D0 80 80 17 A4 11
        CF 4F 0C 2C
   03F0 FF F7 6C 35 10 1C    74    .db  0xff, 0xf7, 0x6c, 0x35, 0x10, 0x1c, 0xb8, 0x52, 0xff, 0x5f, 0x57, 0x05, 0x3f, 0x73, 0xc4, 0x9d
        B8 52 FF 5F 57 05
        3F 73 C4 9D
   0400 17 91 3C FF 3D DE    75    .db  0x17, 0x91, 0x3c, 0xff, 0x3d, 0xde, 0xf5, 0x75, 0xbf, 0xd7, 0xaf, 0xf7, 0xc6, 0x57, 0xff, 0x1f
        F5 75 BF D7 AF F7
        C6 57 FF 1F
   0410 05 30 04 30 B7 BB    76    .db  0x05, 0x30, 0x04, 0x30, 0xb7, 0xbb, 0x46, 0x3e, 0x05, 0x41, 0x05, 0x0f, 0xff, 0xf8, 0x20, 0xe8
        46 3E 05 41 05 0F
        FF F8 20 E8
   0420 35 E0 01 02 BE FF    77    .db  0x35, 0xe0, 0x01, 0x02, 0xbe, 0xff, 0x8f, 0x30, 0xfd, 0x38, 0xff, 0x7d, 0x41, 0xc7, 0x7d, 0x9f
        8F 30 FD 38 FF 7D
        41 C7 7D 9F
   0430 48 1D 71 24 43 04    78    .db  0x48, 0x1d, 0x71, 0x24, 0x43, 0x04, 0x17, 0x81, 0x06, 0xc6, 0x05, 0x4d, 0x50, 0x6d, 0xb4, 0xff
        17 81 06 C6 05 4D
        50 6D B4 FF
   0440 87 7E EA 31 36 BE    79    .db  0x87, 0x7e, 0xea, 0x31, 0x36, 0xbe, 0x7f, 0xab, 0xff, 0x87, 0x00, 0x9a, 0xf0, 0xff, 0xf2, 0x14
        7F AB FF 87 00 9A
        F0 FF F2 14
   0450 50 45 A0 FF 7C 40    80    .db  0x50, 0x45, 0xa0, 0xff, 0x7c, 0x40, 0xaa, 0x94, 0xff, 0x8f, 0xaa, 0x20, 0xff, 0x5f, 0x5e, 0x34
        AA 94 FF 8F AA 20
        FF 5F 5E 34
ASxxxx Assembler V02.00 + NoICE + SDCC mods  (Zilog Z80 / Hitachi HD64180), page 5.
Hexadecimal [16-Bits]



   0460 CF 7F 00 95 FF 2F    81    .db  0xcf, 0x7f, 0x00, 0x95, 0xff, 0x2f, 0xf8, 0xcf, 0xa1, 0x0e, 0xaa, 0x60, 0xa9, 0xd1, 0xaf, 0x57
        F8 CF A1 0E AA 60
        A9 D1 AF 57
   0470 27 47 03 9A F7 FF    82    .db  0x27, 0x47, 0x03, 0x9a, 0xf7, 0xff, 0xf5, 0x41, 0x35, 0x99, 0x3d, 0xb0, 0x8f, 0x57, 0xf4, 0x87
        F5 41 35 99 3D B0
        8F 57 F4 87
   0480 01 77 07 BD C1 C7    83    .db  0x01, 0x77, 0x07, 0xbd, 0xc1, 0xc7, 0xe2, 0x0e, 0xff, 0xf5, 0x44, 0x4e, 0xf4, 0xe6, 0x50, 0xcb
        E2 0E FF F5 44 4E
        F4 E6 50 CB
   0490 04 B0 AB 00 D6 F0    84    .db  0x04, 0xb0, 0xab, 0x00, 0xd6, 0xf0, 0xa0, 0x90, 0xb8, 0x5c, 0x00, 0x4f, 0x57, 0x00, 0x19, 0xad
        A0 90 B8 5C 00 4F
        57 00 19 AD
   04A0 B0 B5 0C 59 EB 13    85    .db  0xb0, 0xb5, 0x0c, 0x59, 0xeb, 0x13, 0xb8, 0x00, 0x04, 0x42, 0x01, 0x80, 0xcd, 0xff, 0x7a, 0x08
        B8 00 04 42 01 80
        CD FF 7A 08
   04B0 01 EE FF 89 01 AA    86    .db  0x01, 0xee, 0xff, 0x89, 0x01, 0xaa, 0x94, 0x47, 0xfc, 0x15, 0xd1, 0xfc, 0xaf, 0x8a, 0x49, 0xff
        94 47 FC 15 D1 FC
        AF 8A 49 FF
   04C0 3D 44 C0 FF F9 8A    87    .db  0x3d, 0x44, 0xc0, 0xff, 0xf9, 0x8a, 0xd5, 0x08, 0xa6, 0xea, 0x05, 0xd3, 0x81, 0x2c, 0xa0, 0x41
        D5 08 A6 EA 05 D3
        81 2C A0 41
   04D0 FF 4F D5 91 FF A7    88    .db  0xff, 0x4f, 0xd5, 0x91, 0xff, 0xa7, 0x1e, 0x12, 0xf8, 0xea, 0x20, 0xff, 0x4f, 0x0f, 0x95, 0xff
        1E 12 F8 EA 20 FF
        4F 0F 95 FF
   04E0 8F 00 CA FF 00 D7    89    .db  0x8f, 0x00, 0xca, 0xff, 0x00, 0xd7, 0xff, 0x7d, 0xd5, 0x40, 0xff, 0xbe, 0x1a, 0x91, 0x29, 0xde
        FF 7D D5 40 FF BE
        1A 91 29 DE
   04F0 27 0A CE E9 FF 21    90    .db  0x27, 0x0a, 0xce, 0xe9, 0xff, 0x21, 0xef, 0xf6, 0xff, 0x9e, 0xfc, 0x3f, 0xe8, 0xb1, 0x6a, 0xb9
        EF F6 FF 9E FC 3F
        E8 B1 6A B9
   0500 FF 9E 0A 9A FF 1E    91    .db  0xff, 0x9e, 0x0a, 0x9a, 0xff, 0x1e, 0x1b, 0xe2, 0x0f, 0xff, 0x7b, 0x80, 0x12, 0xcf, 0xff, 0xaa
        1B E2 0F FF 7B 80
        12 CF FF AA
   0510 FF 8F C2 FA 81 80    92    .db  0xff, 0x8f, 0xc2, 0xfa, 0x81, 0x80, 0xff, 0x78, 0xaa, 0xd6, 0xa7, 0xff, 0xa7, 0x2a, 0xb8, 0x93
        FF 78 AA D6 A7 FF
        A7 2A B8 93
   0520 9D FF 3E 10 20 20    93    .db  0x9d, 0xff, 0x3e, 0x10, 0x20, 0x20, 0xff, 0x9e, 0x12, 0x62, 0x45, 0xae, 0xb8, 0xfa, 0xff, 0xfa
        FF 9E 12 62 45 AE
        B8 FA FF FA
   0530 20 51 0F DA FF 57    94    .db  0x20, 0x51, 0x0f, 0xda, 0xff, 0x57, 0x30, 0x75, 0x50, 0xff, 0xf9, 0x22, 0x03, 0x0d, 0xf8, 0x31
        30 75 50 FF F9 22
        03 0D F8 31
   0540 72 BB 38 F0 CE FF    95    .db  0x72, 0xbb, 0x38, 0xf0, 0xce, 0xff, 0x03, 0xd1, 0x8f, 0x5e, 0x00, 0x4d, 0x05, 0xaf, 0xf7, 0x44
        03 D1 8F 5E 00 4D
        05 AF F7 44
   0550 FF 7D 40 08 C0 FF    96    .db  0xff, 0x7d, 0x40, 0x08, 0xc0, 0xff, 0x3d, 0x04, 0x02, 0xff, 0xf7, 0x41, 0x3e, 0xff, 0x11, 0x57
        3D 04 02 FF F7 41
        3E FF 11 57
   0560 FF 28 A8 00 5D 62    97    .db  0xff, 0x28, 0xa8, 0x00, 0x5d, 0x62, 0xdd, 0xe8, 0x5f, 0x56, 0x4b, 0xdd, 0x4a, 0xaf, 0xf7, 0x4f
        DD E8 5F 56 4B DD
        4A AF F7 4F
   0570 34 51 FF 4F 4F 75    98    .db  0x34, 0x51, 0xff, 0x4f, 0x4f, 0x75, 0x03, 0xdd, 0xa1, 0xcf, 0xa2, 0xcf, 0x8f, 0x1e, 0x31, 0x71
        03 DD A1 CF A2 CF
        8F 1E 31 71
   0580 AA 07 35 00 55 CE    99    .db  0xaa, 0x07, 0x35, 0x00, 0x55, 0xce, 0xff, 0x47, 0x03, 0xdc, 0xaf, 0x57, 0xff, 0x1f, 0x40, 0x50
ASxxxx Assembler V02.00 + NoICE + SDCC mods  (Zilog Z80 / Hitachi HD64180), page 6.
Hexadecimal [16-Bits]



        FF 47 03 DC AF 57
        FF 1F 40 50
   0590 C8 5D 6F C9 CA FF   100    .db  0xc8, 0x5d, 0x6f, 0xc9, 0xca, 0xff, 0x3d, 0x14, 0xa9, 0xe4, 0xff, 0x8b, 0x88, 0x1f, 0xab, 0xac
        3D 14 A9 E4 FF 8B
        88 1F AB AC
   05A0 AF FF FA 10 E2 EA   101    .db  0xaf, 0xff, 0xfa, 0x10, 0xe2, 0xea, 0xff, 0x09, 0x82, 0xd5, 0x27, 0x16, 0x81, 0x7b, 0x50, 0x4f
        FF 09 82 D5 27 16
        81 7B 50 4F
   05B0 EA 8A 66 A1 FD 99   102    .db  0xea, 0x8a, 0x66, 0xa1, 0xfd, 0x99, 0x5f, 0x6b, 0xb1, 0x1b, 0x6c, 0x0a, 0x7a, 0x86, 0xac, 0xff
        5F 6B B1 1B 6C 0A
        7A 86 AC FF
   05C0 BE A2 00 13 AF FF   103    .db  0xbe, 0xa2, 0x00, 0x13, 0xaf, 0xff, 0x2f, 0xc0, 0xc8, 0xff, 0x13, 0x41, 0x1c, 0x01, 0x79, 0xb5
        2F C0 C8 FF 13 41
        1C 01 79 B5
   05D0 DB 57 FD 3A 83 F6   104    .db  0xdb, 0x57, 0xfd, 0x3a, 0x83, 0xf6, 0xbd, 0xff, 0x2f, 0x4d, 0xb8, 0xff, 0x87, 0x08, 0xe2, 0x80
        BD FF 2F 4D B8 FF
        87 08 E2 80
   05E0 FF 7C 05 F3 FF F9   105    .db  0xff, 0x7c, 0x05, 0xf3, 0xff, 0xf9, 0x00, 0x3a, 0x72, 0xb8, 0x4f, 0x40, 0x40, 0x34, 0x33, 0x86
        00 3A 72 B8 4F 40
        40 34 33 86
   05F0 C2 FF 7A 02 2A FF   106    .db  0xc2, 0xff, 0x7a, 0x02, 0x2a, 0xff, 0xc0, 0x5f, 0xff, 0x9e, 0x98, 0xa1, 0x21, 0xb8, 0xac, 0x53
        C0 5F FF 9E 98 A1
        21 B8 AC 53
   0600 AE FF AF D4 BB E8   107    .db  0xae, 0xff, 0xaf, 0xd4, 0xbb, 0xe8, 0xbe, 0x50, 0xba, 0xff, 0x27, 0xc1, 0xf6, 0x0f, 0x04, 0x0f
        BE 50 BA FF 27 C1
        F6 0F 04 0F
   0610 68 0A FF 7B 82 51   108    .db  0x68, 0x0a, 0xff, 0x7b, 0x82, 0x51, 0x51, 0xf3, 0xff, 0xf0, 0xc5, 0xe9, 0xde, 0xff, 0x47, 0xed
        51 F3 FF F0 C5 E9
        DE FF 47 ED
   0620 EC E5 3D 02 01 57   109    .db  0xec, 0xe5, 0x3d, 0x02, 0x01, 0x57, 0xb3, 0xae, 0xa2, 0xc7, 0xef, 0xff, 0x03, 0xa0, 0x2b, 0x6a
        B3 AE A2 C7 EF FF
        03 A0 2B 6A
   0630 FF 1F 00 C5 4F 35   110    .db  0xff, 0x1f, 0x00, 0xc5, 0x4f, 0x35, 0xb5, 0x45, 0x03, 0x36, 0xaf, 0xa5, 0x3e, 0xff, 0xfa, 0x28
        B5 45 03 36 AF A5
        3E FF FA 28
   0640 00 7A DF 0F 00 AE   111    .db  0x00, 0x7a, 0xdf, 0x0f, 0x00, 0xae, 0x05, 0x04, 0xa7, 0xc4, 0x9d, 0x08, 0xab, 0xe2, 0xaf, 0xa0
        05 04 A7 C4 9D 08
        AB E2 AF A0
   0650 FF 7C 40 AA 40 B5   112    .db  0xff, 0x7c, 0x40, 0xaa, 0x40, 0xb5, 0x90, 0x28, 0xae, 0xff, 0x27, 0xaa, 0xca, 0xff, 0x53, 0x07
        90 28 AE FF 27 AA
        CA FF 53 07
   0660 D4 FF 7D AA 08 D0   113    .db  0xd4, 0xff, 0x7d, 0xaa, 0x08, 0xd0, 0x42, 0xb8, 0xff, 0xaf, 0x06, 0xae, 0xff, 0x0f, 0xda, 0x8f
        42 B8 FF AF 06 AE
        FF 0F DA 8F
   0670 25 BB 04 21 FA 07   114    .db  0x25, 0xbb, 0x04, 0x21, 0xfa, 0x07, 0x1e, 0x99, 0xac, 0x3d, 0x1b, 0x2e, 0xc8, 0xee, 0xc9, 0xea
        1E 99 AC 3D 1B 2E
        C8 EE C9 EA
   0680 E9 AF 03 F0 3F 28   115    .db  0xe9, 0xaf, 0x03, 0xf0, 0x3f, 0x28, 0xff, 0x9e, 0xda, 0xff, 0x7c, 0x10, 0x56, 0xe4, 0xff, 0x23
        FF 9E DA FF 7C 10
        56 E4 FF 23
   0690 88 3F AB AF 8F 20   116    .db  0x88, 0x3f, 0xab, 0xaf, 0x8f, 0x20, 0x17, 0xeb, 0x09, 0x0e, 0xee, 0x08, 0x1a, 0xbe, 0x04, 0x4e
        17 EB 09 0E EE 08
        1A BE 04 4E
   06A0 8B E1 E1 AC FF 9E   117    .db  0x8b, 0xe1, 0xe1, 0xac, 0xff, 0x9e, 0x08, 0x00, 0xb8, 0x4f, 0x8b, 0x23, 0x81, 0x81, 0x28, 0x4a
        08 00 B8 4F 8B 23
ASxxxx Assembler V02.00 + NoICE + SDCC mods  (Zilog Z80 / Hitachi HD64180), page 7.
Hexadecimal [16-Bits]



        81 81 28 4A
   06B0 80 53 0D 07 BA 77   118    .db  0x80, 0x53, 0x0d, 0x07, 0xba, 0x77, 0xc3, 0x53, 0x1b, 0xd5, 0xff, 0xea, 0x5f, 0xc4, 0x0a, 0xc9
        C3 53 1B D5 FF EA
        5F C4 0A C9
   06C0 89 09 81 3D 4C DB   119    .db  0x89, 0x09, 0x81, 0x3d, 0x4c, 0xdb, 0x38, 0x28, 0x1f, 0xef, 0x00, 0xd6, 0x14, 0x04, 0x15, 0x26
        38 28 1F EF 00 D6
        14 04 15 26
   06D0 DF 7D 0C C3 7C 15   120    .db  0xdf, 0x7d, 0x0c, 0xc3, 0x7c, 0x15, 0x0a, 0x8b, 0x2a, 0x83, 0x2c, 0xbb, 0x4f, 0xf3, 0x4d, 0x01
        0A 8B 2A 83 2C BB
        4F F3 4D 01
   06E0 4F A7 49 A1 D5 41   121    .db  0x4f, 0xa7, 0x49, 0xa1, 0xd5, 0x41, 0xd6, 0x87, 0x43, 0x82, 0x15, 0x18, 0x0e, 0x40, 0x27, 0xa3
        D6 87 43 82 15 18
        0E 40 27 A3
   06F0 17 3F 2B 94 4F 30   122    .db  0x17, 0x3f, 0x2b, 0x94, 0x4f, 0x30, 0x7a, 0x3b, 0xd3, 0x7a, 0x42, 0x74, 0x3f, 0x00, 0xe3, 0x4d
        7A 3B D3 7A 42 74
        3F 00 E3 4D
   0700 60 00 BA 0E 0E CE   123    .db  0x60, 0x00, 0xba, 0x0e, 0x0e, 0xce, 0x69, 0x82, 0x8c, 0x2a, 0x2d, 0xe1, 0x17, 0x2b, 0x3f, 0x2c
        69 82 8C 2A 2D E1
        17 2B 3F 2C
   0710 88 BC 85 3F 40 2B   124    .db  0x88, 0xbc, 0x85, 0x3f, 0x40, 0x2b, 0x93, 0x36, 0x40, 0x00, 0xd4, 0x20, 0x0a, 0x7b, 0x96, 0xae
        93 36 40 00 D4 20
        0A 7B 96 AE
   0720 51 10 80 30 6F 30   125    .db  0x51, 0x10, 0x80, 0x30, 0x6f, 0x30, 0x20, 0x1b, 0x3f, 0xe4, 0x50, 0x4f, 0x33, 0x54, 0x17, 0x41
        20 1B 3F E4 50 4F
        33 54 17 41
   0730 77 C3 03 4D 44 40   126    .db  0x77, 0xc3, 0x03, 0x4d, 0x44, 0x40, 0x80, 0x3c, 0x4f, 0x81, 0x91, 0x9b, 0x68, 0x84, 0xa6, 0x01
        80 3C 4F 81 91 9B
        68 84 A6 01
   0740 42 C0 C0 34 B0 10   127    .db  0x42, 0xc0, 0xc0, 0x34, 0xb0, 0x10, 0x98, 0xc0, 0x81, 0xc0, 0x02, 0x2c, 0xb0, 0x50, 0xae, 0x83
        98 C0 81 C0 02 2C
        B0 50 AE 83
   0750 05 E1 F3 3E 51 3D   128    .db  0x05, 0xe1, 0xf3, 0x3e, 0x51, 0x3d, 0xd2, 0x09, 0x05, 0x0a, 0x2b, 0x19, 0x09, 0xb4, 0xe2, 0x0f
        D2 09 05 0A 2B 19
        09 B4 E2 0F
   0760 0A 1F 92 01 A0 C1   129    .db  0x0a, 0x1f, 0x92, 0x01, 0xa0, 0xc1, 0xf3, 0x5c, 0xa2, 0x05, 0x02, 0x01, 0x00, 0x96, 0x54, 0x18
        F3 5C A2 05 02 01
        00 96 54 18
   0770 00 DD 14 9F 56 5E   130    .db  0x00, 0xdd, 0x14, 0x9f, 0x56, 0x5e, 0x07, 0xcc, 0x05, 0x0c, 0x9c, 0x84, 0x55, 0x18, 0x00, 0x77
        07 CC 05 0C 9C 84
        55 18 00 77
   0780 F0 4F B4 22 80 36   131    .db  0xf0, 0x4f, 0xb4, 0x22, 0x80, 0x36, 0xbc, 0x3a, 0x39, 0xee, 0x9c, 0x10, 0x82, 0x04, 0x21, 0xbb
        BC 3A 39 EE 9C 10
        82 04 21 BB
   0790 04 98 B5 F8 A2 08   132    .db  0x04, 0x98, 0xb5, 0xf8, 0xa2, 0x08, 0x43, 0x50, 0x3f, 0x3f, 0x41, 0xea, 0xa9, 0x1e, 0x0d, 0xbe
        43 50 3F 3F 41 EA
        A9 1E 0D BE
   07A0 20 0C 27 12 35 3E   133    .db  0x20, 0x0c, 0x27, 0x12, 0x35, 0x3e, 0xf0, 0x07, 0x68, 0xf0, 0xf4, 0xa8, 0x23, 0xc4, 0xa8, 0x23
        F0 07 68 F0 F4 A8
        23 C4 A8 23
   07B0 6A 00 50 F4 00 09   134    .db  0x6a, 0x00, 0x50, 0xf4, 0x00, 0x09, 0x15, 0x9f, 0x85, 0x55, 0xcc, 0x58, 0xa2, 0x00, 0xe1, 0xff
        15 9F 85 55 CC 58
        A2 00 E1 FF
   07C0 2E 85 1D 8E 55 68   135    .db  0x2e, 0x85, 0x1d, 0x8e, 0x55, 0x68, 0x4a, 0x06, 0x6d, 0x77, 0x9a, 0x84, 0x40, 0x55, 0x1a, 0xd1
        4A 06 6D 77 9A 84
        40 55 1A D1
ASxxxx Assembler V02.00 + NoICE + SDCC mods  (Zilog Z80 / Hitachi HD64180), page 8.
Hexadecimal [16-Bits]



   07D0 26 2E 05 09 03 7E   136    .db  0x26, 0x2e, 0x05, 0x09, 0x03, 0x7e, 0x08, 0x1c, 0xee, 0xaa, 0xaa, 0x55, 0x0c, 0x62, 0x18, 0x5c
        08 1C EE AA AA 55
        0C 62 18 5C
   07E0 02 06 7C 55 04 AD   137    .db  0x02, 0x06, 0x7c, 0x55, 0x04, 0xad, 0xaa, 0x00, 0x06, 0x11, 0x00, 0xe5, 0xcf, 0x3f, 0x7a, 0x7a
        AA 00 06 11 00 E5
        CF 3F 7A 7A
   07F0 CF 01 A0 BD 62 05   138    .db  0xcf, 0x01, 0xa0, 0xbd, 0x62, 0x05, 0x4f, 0x00, 0xfc, 0x7c, 0x00, 0x23, 0x4f, 0xba, 0x09, 0xea
        4F 00 FC 7C 00 23
        4F BA 09 EA
   0800 0C 04 F8 02 31 46   139    .db  0x0c, 0x04, 0xf8, 0x02, 0x31, 0x46, 0x24, 0x04, 0xd7, 0x01, 0x04, 0xd5, 0x10, 0x00, 0xbb, 0x4f
        24 04 D7 01 04 D5
        10 00 BB 4F
   0810 86 01 00 4A 03 55   140    .db  0x86, 0x01, 0x00, 0x4a, 0x03, 0x55, 0x56, 0xfc, 0x00, 0xa4, 0x03, 0x02, 0x00, 0x4d, 0x3c, 0x31
        56 FC 00 A4 03 02
        00 4D 3C 31
   0820 EA 2A 03 03 00 92   141    .db  0xea, 0x2a, 0x03, 0x03, 0x00, 0x92, 0x8a, 0x00
        8A 00
                            142 ;; Address of the latest byte of the compressed array (for unpacking purposes)
                     0827   143 _menu_z_end == . - 1
                            144 
