                              1 ;--------------------------------------------------------
                              2 ; File Created by SDCC : free open source ANSI-C Compiler
                              3 ; Version 3.6.8 #9946 (Linux)
                              4 ;--------------------------------------------------------
                              5 	.module Obstacle
                              6 	.optsdcc -mz80
                              7 	
                              8 ;--------------------------------------------------------
                              9 ; Public variables in this module
                             10 ;--------------------------------------------------------
                             11 	.globl _obstacle_sp_1
                             12 	.globl _obstacle_sp_0
                             13 ;--------------------------------------------------------
                             14 ; special function registers
                             15 ;--------------------------------------------------------
                             16 ;--------------------------------------------------------
                             17 ; ram data
                             18 ;--------------------------------------------------------
                             19 	.area _DATA
                             20 ;--------------------------------------------------------
                             21 ; ram data
                             22 ;--------------------------------------------------------
                             23 	.area _INITIALIZED
                             24 ;--------------------------------------------------------
                             25 ; absolute external ram data
                             26 ;--------------------------------------------------------
                             27 	.area _DABS (ABS)
                             28 ;--------------------------------------------------------
                             29 ; global & static initialisations
                             30 ;--------------------------------------------------------
                             31 	.area _HOME
                             32 	.area _GSINIT
                             33 	.area _GSFINAL
                             34 	.area _GSINIT
                             35 ;--------------------------------------------------------
                             36 ; Home
                             37 ;--------------------------------------------------------
                             38 	.area _HOME
                             39 	.area _HOME
                             40 ;--------------------------------------------------------
                             41 ; code
                             42 ;--------------------------------------------------------
                             43 	.area _CODE
                             44 	.area _CODE
   0000                      45 _obstacle_sp_0:
   0000 00                   46 	.db #0x00	; 0
   0001 00                   47 	.db #0x00	; 0
   0002 40                   48 	.db #0x40	; 64
   0003 C0                   49 	.db #0xc0	; 192
   0004 00                   50 	.db #0x00	; 0
   0005 00                   51 	.db #0x00	; 0
   0006 00                   52 	.db #0x00	; 0
   0007 00                   53 	.db #0x00	; 0
   0008 00                   54 	.db #0x00	; 0
   0009 40                   55 	.db #0x40	; 64
   000A 91                   56 	.db #0x91	; 145
   000B 33                   57 	.db #0x33	; 51	'3'
   000C C0                   58 	.db #0xc0	; 192
   000D 00                   59 	.db #0x00	; 0
   000E 00                   60 	.db #0x00	; 0
   000F 00                   61 	.db #0x00	; 0
   0010 00                   62 	.db #0x00	; 0
   0011 91                   63 	.db #0x91	; 145
   0012 33                   64 	.db #0x33	; 51	'3'
   0013 33                   65 	.db #0x33	; 51	'3'
   0014 33                   66 	.db #0x33	; 51	'3'
   0015 C0                   67 	.db #0xc0	; 192
   0016 00                   68 	.db #0x00	; 0
   0017 00                   69 	.db #0x00	; 0
   0018 40                   70 	.db #0x40	; 64
   0019 33                   71 	.db #0x33	; 51	'3'
   001A BB                   72 	.db #0xbb	; 187
   001B 33                   73 	.db #0x33	; 51	'3'
   001C 33                   74 	.db #0x33	; 51	'3'
   001D 33                   75 	.db #0x33	; 51	'3'
   001E 80                   76 	.db #0x80	; 128
   001F 00                   77 	.db #0x00	; 0
   0020 91                   78 	.db #0x91	; 145
   0021 77                   79 	.db #0x77	; 119	'w'
   0022 33                   80 	.db #0x33	; 51	'3'
   0023 33                   81 	.db #0x33	; 51	'3'
   0024 33                   82 	.db #0x33	; 51	'3'
   0025 33                   83 	.db #0x33	; 51	'3'
   0026 62                   84 	.db #0x62	; 98	'b'
   0027 80                   85 	.db #0x80	; 128
   0028 91                   86 	.db #0x91	; 145
   0029 77                   87 	.db #0x77	; 119	'w'
   002A 33                   88 	.db #0x33	; 51	'3'
   002B 33                   89 	.db #0x33	; 51	'3'
   002C 33                   90 	.db #0x33	; 51	'3'
   002D 33                   91 	.db #0x33	; 51	'3'
   002E 33                   92 	.db #0x33	; 51	'3'
   002F 62                   93 	.db #0x62	; 98	'b'
   0030 91                   94 	.db #0x91	; 145
   0031 33                   95 	.db #0x33	; 51	'3'
   0032 BB                   96 	.db #0xbb	; 187
   0033 33                   97 	.db #0x33	; 51	'3'
   0034 33                   98 	.db #0x33	; 51	'3'
   0035 33                   99 	.db #0x33	; 51	'3'
   0036 33                  100 	.db #0x33	; 51	'3'
   0037 80                  101 	.db #0x80	; 128
   0038 91                  102 	.db #0x91	; 145
   0039 33                  103 	.db #0x33	; 51	'3'
   003A 33                  104 	.db #0x33	; 51	'3'
   003B 33                  105 	.db #0x33	; 51	'3'
   003C 33                  106 	.db #0x33	; 51	'3'
   003D 33                  107 	.db #0x33	; 51	'3'
   003E 62                  108 	.db #0x62	; 98	'b'
   003F 00                  109 	.db #0x00	; 0
   0040 40                  110 	.db #0x40	; 64
   0041 33                  111 	.db #0x33	; 51	'3'
   0042 33                  112 	.db #0x33	; 51	'3'
   0043 33                  113 	.db #0x33	; 51	'3'
   0044 33                  114 	.db #0x33	; 51	'3'
   0045 33                  115 	.db #0x33	; 51	'3'
   0046 80                  116 	.db #0x80	; 128
   0047 00                  117 	.db #0x00	; 0
   0048 00                  118 	.db #0x00	; 0
   0049 91                  119 	.db #0x91	; 145
   004A 33                  120 	.db #0x33	; 51	'3'
   004B 33                  121 	.db #0x33	; 51	'3'
   004C 33                  122 	.db #0x33	; 51	'3'
   004D C0                  123 	.db #0xc0	; 192
   004E 00                  124 	.db #0x00	; 0
   004F 00                  125 	.db #0x00	; 0
   0050 00                  126 	.db #0x00	; 0
   0051 40                  127 	.db #0x40	; 64
   0052 91                  128 	.db #0x91	; 145
   0053 33                  129 	.db #0x33	; 51	'3'
   0054 C0                  130 	.db #0xc0	; 192
   0055 00                  131 	.db #0x00	; 0
   0056 00                  132 	.db #0x00	; 0
   0057 00                  133 	.db #0x00	; 0
   0058 00                  134 	.db #0x00	; 0
   0059 00                  135 	.db #0x00	; 0
   005A 40                  136 	.db #0x40	; 64
   005B C0                  137 	.db #0xc0	; 192
   005C 00                  138 	.db #0x00	; 0
   005D 00                  139 	.db #0x00	; 0
   005E 00                  140 	.db #0x00	; 0
   005F 00                  141 	.db #0x00	; 0
   0060                     142 _obstacle_sp_1:
   0060 00                  143 	.db #0x00	; 0
   0061 00                  144 	.db #0x00	; 0
   0062 50                  145 	.db #0x50	; 80	'P'
   0063 F0                  146 	.db #0xf0	; 240
   0064 00                  147 	.db #0x00	; 0
   0065 00                  148 	.db #0x00	; 0
   0066 00                  149 	.db #0x00	; 0
   0067 00                  150 	.db #0x00	; 0
   0068 00                  151 	.db #0x00	; 0
   0069 50                  152 	.db #0x50	; 80	'P'
   006A E5                  153 	.db #0xe5	; 229
   006B CF                  154 	.db #0xcf	; 207
   006C F0                  155 	.db #0xf0	; 240
   006D 00                  156 	.db #0x00	; 0
   006E 00                  157 	.db #0x00	; 0
   006F 00                  158 	.db #0x00	; 0
   0070 00                  159 	.db #0x00	; 0
   0071 E5                  160 	.db #0xe5	; 229
   0072 CF                  161 	.db #0xcf	; 207
   0073 CF                  162 	.db #0xcf	; 207
   0074 CF                  163 	.db #0xcf	; 207
   0075 F0                  164 	.db #0xf0	; 240
   0076 00                  165 	.db #0x00	; 0
   0077 00                  166 	.db #0x00	; 0
   0078 50                  167 	.db #0x50	; 80	'P'
   0079 CF                  168 	.db #0xcf	; 207
   007A ED                  169 	.db #0xed	; 237
   007B CF                  170 	.db #0xcf	; 207
   007C CF                  171 	.db #0xcf	; 207
   007D CF                  172 	.db #0xcf	; 207
   007E A0                  173 	.db #0xa0	; 160
   007F 00                  174 	.db #0x00	; 0
   0080 E5                  175 	.db #0xe5	; 229
   0081 DE                  176 	.db #0xde	; 222
   0082 CF                  177 	.db #0xcf	; 207
   0083 CF                  178 	.db #0xcf	; 207
   0084 CF                  179 	.db #0xcf	; 207
   0085 CF                  180 	.db #0xcf	; 207
   0086 DA                  181 	.db #0xda	; 218
   0087 A0                  182 	.db #0xa0	; 160
   0088 E5                  183 	.db #0xe5	; 229
   0089 DE                  184 	.db #0xde	; 222
   008A CF                  185 	.db #0xcf	; 207
   008B CF                  186 	.db #0xcf	; 207
   008C CF                  187 	.db #0xcf	; 207
   008D CF                  188 	.db #0xcf	; 207
   008E CF                  189 	.db #0xcf	; 207
   008F DA                  190 	.db #0xda	; 218
   0090 E5                  191 	.db #0xe5	; 229
   0091 CF                  192 	.db #0xcf	; 207
   0092 ED                  193 	.db #0xed	; 237
   0093 CF                  194 	.db #0xcf	; 207
   0094 CF                  195 	.db #0xcf	; 207
   0095 CF                  196 	.db #0xcf	; 207
   0096 CF                  197 	.db #0xcf	; 207
   0097 A0                  198 	.db #0xa0	; 160
   0098 E5                  199 	.db #0xe5	; 229
   0099 CF                  200 	.db #0xcf	; 207
   009A CF                  201 	.db #0xcf	; 207
   009B CF                  202 	.db #0xcf	; 207
   009C CF                  203 	.db #0xcf	; 207
   009D CF                  204 	.db #0xcf	; 207
   009E DA                  205 	.db #0xda	; 218
   009F 00                  206 	.db #0x00	; 0
   00A0 50                  207 	.db #0x50	; 80	'P'
   00A1 CF                  208 	.db #0xcf	; 207
   00A2 CF                  209 	.db #0xcf	; 207
   00A3 CF                  210 	.db #0xcf	; 207
   00A4 CF                  211 	.db #0xcf	; 207
   00A5 CF                  212 	.db #0xcf	; 207
   00A6 A0                  213 	.db #0xa0	; 160
   00A7 00                  214 	.db #0x00	; 0
   00A8 00                  215 	.db #0x00	; 0
   00A9 E5                  216 	.db #0xe5	; 229
   00AA CF                  217 	.db #0xcf	; 207
   00AB CF                  218 	.db #0xcf	; 207
   00AC CF                  219 	.db #0xcf	; 207
   00AD F0                  220 	.db #0xf0	; 240
   00AE 00                  221 	.db #0x00	; 0
   00AF 00                  222 	.db #0x00	; 0
   00B0 00                  223 	.db #0x00	; 0
   00B1 50                  224 	.db #0x50	; 80	'P'
   00B2 E5                  225 	.db #0xe5	; 229
   00B3 CF                  226 	.db #0xcf	; 207
   00B4 F0                  227 	.db #0xf0	; 240
   00B5 00                  228 	.db #0x00	; 0
   00B6 00                  229 	.db #0x00	; 0
   00B7 00                  230 	.db #0x00	; 0
   00B8 00                  231 	.db #0x00	; 0
   00B9 00                  232 	.db #0x00	; 0
   00BA 50                  233 	.db #0x50	; 80	'P'
   00BB F0                  234 	.db #0xf0	; 240
   00BC 00                  235 	.db #0x00	; 0
   00BD 00                  236 	.db #0x00	; 0
   00BE 00                  237 	.db #0x00	; 0
   00BF 00                  238 	.db #0x00	; 0
                            239 	.area _INITIALIZER
                            240 	.area _CABS (ABS)
