ASxxxx Assembler V02.00 + NoICE + SDCC mods  (Zilog Z80 / Hitachi HD64180), page 1.
Hexadecimal [16-Bits]



                              1 ;; File 'src/sprites/win_z.s' generated using cpct_pack
                              2 ;; Compresor used:   zx7b
                              3 ;; Files compressed: [ 'src/sprites/Win.bin' ]
                              4 ;; Uncompressed:     16384 bytes
                              5 ;; Compressed:       409 bytes
                              6 ;; Space saved:      15975 bytes
                              7 ;;
                              8 
                              9 ;; Data array definition
   0000                      10 _win_z::
   0000 80 55 55 FF 4F 15    11    .db  0x80, 0x55, 0x55, 0xff, 0x4f, 0x15, 0x00, 0x74, 0xff, 0x4f, 0x2b, 0xc4, 0xff, 0x3d, 0x00, 0xd5
        00 74 FF 4F 2B C4
        FF 3D 00 D5
   0010 8F 5E 55 FF 5F 55    12    .db  0x8f, 0x5e, 0x55, 0xff, 0x5f, 0x55, 0xff, 0xff, 0x79, 0x0a, 0x04, 0xba, 0x8d, 0xc2, 0xff, 0x9e
        FF FF 79 0A 04 BA
        8D C2 FF 9E
   0020 7A BA FF 27 A8 0E    13    .db  0x7a, 0xba, 0xff, 0x27, 0xa8, 0x0e, 0xa1, 0xc7, 0xb1, 0x1a, 0xb8, 0x2b, 0x9f, 0x84, 0x05, 0xe8
        A1 C7 B1 1A B8 2B
        9F 84 05 E8
   0030 FF 3E 22 16 B8 07    14    .db  0xff, 0x3e, 0x22, 0x16, 0xb8, 0x07, 0xae, 0x87, 0xbd, 0xa0, 0xff, 0x27, 0xa8, 0x20, 0xef, 0xac
        AE 87 BD A0 FF 27
        A8 20 EF AC
   0040 AA FF 0F 08 82 18    15    .db  0xaa, 0xff, 0x0f, 0x08, 0x82, 0x18, 0xff, 0xfb, 0x8a, 0x00, 0x83, 0xa8, 0xff, 0xa7, 0xaa, 0x2a
        FF FB 8A 00 83 A8
        FF A7 AA 2A
   0050 B4 AF EA FF 29 00    16    .db  0xb4, 0xaf, 0xea, 0xff, 0x29, 0x00, 0x06, 0x07, 0xf8, 0x4f, 0xae, 0x06, 0xb8, 0x30, 0x4f, 0x1e
        06 07 F8 4F AE 06
        B8 30 4F 1E
   0060 22 BA FF 8F EA AF    17    .db  0x22, 0xba, 0xff, 0x8f, 0xea, 0xaf, 0xa3, 0xff, 0xbe, 0x82, 0x70, 0xff, 0x7b, 0x20, 0x28, 0xde
        A3 FF BE 82 70 FF
        7B 20 28 DE
   0070 EF FF 09 A8 16 29    18    .db  0xef, 0xff, 0x09, 0xa8, 0x16, 0x29, 0xce, 0x8f, 0xdf, 0x76, 0x80, 0xff, 0xbe, 0x00, 0xaa, 0xe0
        CE 8F DF 76 80 FF
        BE 00 AA E0
   0080 BB AA FF 2F 22 01    19    .db  0xbb, 0xaa, 0xff, 0x2f, 0x22, 0x01, 0x60, 0x12, 0xae, 0xaf, 0x87, 0xcb, 0x7a, 0xff, 0x7a, 0x2a
        60 12 AE AF 87 CB
        7A FF 7A 2A
   0090 28 B0 8F E4 3E A0    20    .db  0x28, 0xb0, 0x8f, 0xe4, 0x3e, 0xa0, 0xff, 0x2f, 0xa8, 0xaf, 0xbe, 0x0b, 0xea, 0xcc, 0xee, 0xa0
        FF 2F A8 AF BE 0B
        EA CC EE A0
   00A0 FA 2F 00 00 E2 28    21    .db  0xfa, 0x2f, 0x00, 0x00, 0xe2, 0x28, 0xff, 0x7a, 0x88, 0xa2, 0x4f, 0x6a, 0x00, 0xe1, 0x7b, 0xd5
        FF 7A 88 A2 4F 6A
        00 E1 7B D5
   00B0 A8 57 D5 FF 07 45    22    .db  0xa8, 0x57, 0xd5, 0xff, 0x07, 0x45, 0x00, 0x4d, 0x54, 0x31, 0xd7, 0xff, 0x47, 0x00, 0x00, 0x13
        00 4D 54 31 D7 FF
        47 00 00 13
   00C0 51 B3 5E F7 85 31    23    .db  0x51, 0xb3, 0x5e, 0xf7, 0x85, 0x31, 0xd4, 0x45, 0xff, 0x4f, 0x51, 0xdd, 0x40, 0x3e, 0xc5, 0xdf
        D4 45 FF 4F 51 DD
        40 3E C5 DF
   00D0 5E D4 D7 0E D1 FF    24    .db  0x5e, 0xd4, 0xd7, 0x0e, 0xd1, 0xff, 0x07, 0x04, 0xd4, 0xaf, 0x57, 0xd5, 0xff, 0x47, 0x51, 0x56
        07 04 D4 AF 57 D5
        FF 47 51 56
   00E0 71 FF 3D 05 D0 0C    25    .db  0x71, 0xff, 0x3d, 0x05, 0xd0, 0x0c, 0x75, 0xff, 0x0f, 0x1c, 0x4f, 0xcd, 0x41, 0x55, 0x10, 0x25
        75 FF 0F 1C 4F CD
        41 55 10 25
ASxxxx Assembler V02.00 + NoICE + SDCC mods  (Zilog Z80 / Hitachi HD64180), page 2.
Hexadecimal [16-Bits]



   00F0 AB 8C AA FF F2 04    26    .db  0xab, 0x8c, 0xaa, 0xff, 0xf2, 0x04, 0x00, 0x5d, 0x55, 0xff, 0x5f, 0x55, 0x07, 0xff, 0xf7, 0x41
        00 5D 55 FF 5F 55
        07 FF F7 41
   0100 01 51 54 A8 A6 A2    27    .db  0x01, 0x51, 0x54, 0xa8, 0xa6, 0xa2, 0xff, 0xf2, 0x45, 0x05, 0x08, 0xf5, 0xff, 0x7d, 0x11, 0x55
        FF F2 45 05 08 F5
        FF 7D 11 55
   0110 0D 59 75 38 38 07    28    .db  0x0d, 0x59, 0x75, 0x38, 0x38, 0x07, 0xae, 0xb3, 0x3d, 0xff, 0x7a, 0xa2, 0x4f, 0xe2, 0x55, 0xaa
        AE B3 3D FF 7A A2
        4F E2 55 AA
   0120 DF 4E D1 FF 13 05    29    .db  0xdf, 0x4e, 0xd1, 0xff, 0x13, 0x05, 0x80, 0xed, 0x41, 0x40, 0x51, 0x4f, 0x37, 0x05, 0x4d, 0x51
        80 ED 41 40 51 4F
        37 05 4D 51
   0130 77 01 A2 48 A5 56    30    .db  0x77, 0x01, 0xa2, 0x48, 0xa5, 0x56, 0xab, 0x51, 0x25, 0x58, 0xca, 0x45, 0x46, 0x5d, 0x00, 0xd5
        AB 51 25 58 CA 45
        46 5D 00 D5
   0140 4D 1D 05 00 17 F3    31    .db  0x4d, 0x1d, 0x05, 0x00, 0x17, 0xf3, 0x4f, 0x94, 0xa0, 0x00, 0xe0, 0xf3, 0x00, 0x0a, 0x55, 0x1e
        4F 94 A0 00 E0 F3
        00 0A 55 1E
   0150 02 D7 22 4F C7 01    32    .db  0x02, 0xd7, 0x22, 0x4f, 0xc7, 0x01, 0x1b, 0x10, 0xd7, 0x2c, 0x1d, 0xd7, 0x03, 0xd6, 0x4f, 0x4c
        1B 10 D7 2C 1D D7
        03 D6 4F 4C
   0160 55 AA 14 9B 19 27    33    .db  0x55, 0xaa, 0x14, 0x9b, 0x19, 0x27, 0x1d, 0x04, 0x5d, 0x94, 0x12, 0xa0, 0x61, 0x04, 0xdc, 0xef
        1D 04 5D 94 12 A0
        61 04 DC EF
   0170 18 00 13 4F C0 44    34    .db  0x18, 0x00, 0x13, 0x4f, 0xc0, 0x44, 0x0e, 0x35, 0x55, 0x45, 0x00, 0x0b, 0x90, 0x00, 0xbb, 0xeb
        0E 35 55 45 00 0B
        90 00 BB EB
   0180 B0 A8 16 86 02 4F    35    .db  0xb0, 0xa8, 0x16, 0x86, 0x02, 0x4f, 0x1e, 0x02, 0x02, 0x16, 0xee, 0x07, 0xba, 0x02, 0xff, 0xaa
        1E 02 02 16 EE 07
        BA 02 FF AA
   0190 06 4B 55 FF 00 48    36    .db  0x06, 0x4b, 0x55, 0xff, 0x00, 0x48, 0x20, 0xa0, 0x00
        20 A0 00
                             37 ;; Address of the latest byte of the compressed array (for unpacking purposes)
                     0198    38 _win_z_end == . - 1
                             39 
